[2025-10-22T04:20:27.499Z] [INFO] === Starting Chiang Mai WebSocket Client ===
[2025-10-22T04:20:27.537Z] [INFO] [เชียงใหม่] เชื่อมต่อกับ WebSocket สำเร็จ
[2025-10-22T04:20:27.538Z] [INFO] [เชียงใหม่] ส่งข้อมูลชุด ID 0 (Sending data ID 0)
[2025-10-22T04:20:28.540Z] [DEBUG] [เชียงใหม่] Data sent: ID 0
[2025-10-22T04:20:42.045Z] [INFO] [เชียงใหม่] USID received: af887e52-97cb-4754-9dea-e861549d5bef
[2025-10-22T04:20:42.047Z] [INFO] [เชียงใหม่] ส่งข้อมูลชุด ID 1 (Sending data ID 1)
[2025-10-22T04:20:43.049Z] [DEBUG] [เชียงใหม่] Data sent: ID 1
[2025-10-22T04:20:43.088Z] [INFO] [เชียงใหม่] ID 1 result: true
[2025-10-22T04:20:43.089Z] [INFO] [เชียงใหม่] ส่งข้อมูลชุด ID 2 (Sending data ID 2)
[2025-10-22T04:20:44.091Z] [DEBUG] [เชียงใหม่] Data sent: ID 2
[2025-10-22T04:20:44.177Z] [INFO] [เชียงใหม่] ID 2 result: true
[2025-10-22T04:20:44.178Z] [INFO] [เชียงใหม่] ส่งข้อมูลชุด ID 3 (Sending data ID 3)
[2025-10-22T04:20:45.180Z] [DEBUG] [เชียงใหม่] Data sent: ID 3
[2025-10-22T04:20:45.322Z] [INFO] [เชียงใหม่] ID 3 cached: true
[2025-10-22T04:20:45.323Z] [INFO] [เชียงใหม่] ส่งข้อมูลชุด ID 4 (Sending data ID 4)
[2025-10-22T04:20:46.326Z] [DEBUG] [เชียงใหม่] Data sent: ID 4
[2025-10-22T04:20:46.511Z] [INFO] [เชียงใหม่] ID 4 cached: true
[2025-10-22T04:20:46.512Z] [INFO] [เชียงใหม่] ส่งข้อมูลชุด ID 5 (Sending data ID 5)
[2025-10-22T04:20:47.513Z] [DEBUG] [เชียงใหม่] Data sent: ID 5
[2025-10-22T04:20:47.637Z] [INFO] [เชียงใหม่] ID 5 cached: true
[2025-10-22T04:20:47.637Z] [INFO] [เชียงใหม่] ส่งข้อมูลชุด ID 6 (Sending data ID 6)
[2025-10-22T04:20:48.639Z] [DEBUG] [เชียงใหม่] Data sent: ID 6
[2025-10-22T04:20:48.702Z] [INFO] [เชียงใหม่] ID 6 cached: true
[2025-10-22T04:20:48.703Z] [INFO] [เชียงใหม่] ส่งข้อมูลชุด ID 7 (Sending data ID 7)
[2025-10-22T04:20:49.705Z] [DEBUG] [เชียงใหม่] Data sent: ID 7
[2025-10-22T04:20:49.736Z] [INFO] [เชียงใหม่] ID 7 result: true
[2025-10-22T04:20:49.737Z] [INFO] [เชียงใหม่] Listening for notifications...
[2025-10-22T04:20:49.738Z] [INFO] Session established successfully
[2025-10-22T04:20:49.888Z] [DATA] [เชียงใหม่] Meter data updated: {"8684":14356.6,"8685":0,"8686":null,"8687":6069.900000000001,"8688":null,"18069":1334894.5,"18070":3498.3,"73909":null,"73910":559381}
[2025-10-22T04:20:52.812Z] [DATA] [เชียงใหม่] Meter data updated: {"8684":14324.800000000001,"8685":0,"8686":null,"8687":6069.900000000001,"8688":null,"18069":1334894.5,"18070":3498.3,"73909":null,"73910":559381}
[2025-10-22T04:20:58.860Z] [DATA] [เชียงใหม่] Meter data updated: {"8684":14324.800000000001,"8685":0,"8686":null,"8687":6068.1,"8688":null,"18069":1334894.5,"18070":3498.3,"73909":null,"73910":559381}
[2025-10-22T04:21:07.903Z] [DATA] [เชียงใหม่] Meter data updated: {"8684":14368.800000000001,"8685":0,"8686":null,"8687":6069.3,"8688":null,"18069":1334894.6,"18070":3498.3,"73909":null,"73910":559381}
[2025-10-22T04:21:10.915Z] [DATA] [เชียงใหม่] Meter data updated: {"8684":14353.2,"8685":0,"8686":null,"8687":6069.3,"8688":null,"18069":1334894.6,"18070":3498.3,"73909":null,"73910":559381}
[2025-10-22T04:21:13.948Z] [DATA] [เชียงใหม่] Meter data updated: {"8684":14331.1,"8685":0,"8686":null,"8687":6039,"8688":null,"18069":1334894.6,"18070":3498.3,"73909":null,"73910":559381}
[2025-10-22T04:21:16.962Z] [DATA] [เชียงใหม่] Meter data updated: {"8684":14331.1,"8685":0,"8686":null,"8687":6040.8,"8688":null,"18069":1334894.6,"18070":3498.3,"73909":null,"73910":559381}
[2025-10-22T04:21:17.744Z] [INFO] Received SIGINT, shutting down...
[2025-10-22T04:21:17.745Z] [INFO] [เชียงใหม่] Disconnecting WebSocket...
[2025-10-22T04:21:17.767Z] [INFO] [เชียงใหม่] WebSocket connection closed
[2025-10-22T04:21:17.768Z] [INFO] [เชียงใหม่] Attempting to reconnect (1/10)...
