[2025-10-24T04:26:21.811Z] [INFO] === Starting Chiang Mai WebSocket Client ===
[2025-10-24T04:26:21.811Z] [INFO] [เชียงใหม่] Initializing database connection...
[2025-10-24T04:26:21.816Z] [INFO] [เชียงใหม่] Database station initialized: cmh1htzuq0000663wkea8qjx6
[2025-10-24T04:26:21.853Z] [INFO] [เชียงใหม่] เชื่อมต่อกับ WebSocket สำเร็จ
[2025-10-24T04:26:21.855Z] [INFO] [เชียงใหม่] Loaded 6 station-specific monitored objects: [8684, 8686, 8687, 18069, 73909, 73910]
[2025-10-24T04:26:21.855Z] [INFO] [เชียงใหม่] Initialized meter data for 6 objects
[2025-10-24T04:26:21.855Z] [INFO] [เชียงใหม่] ส่งข้อมูลชุด ID 0 (Sending data ID 0)
[2025-10-24T04:26:22.859Z] [DEBUG] [เชียงใหม่] Data sent: ID 0
[2025-10-24T04:26:39.696Z] [INFO] [เชียงใหม่] USID received: 6112e8de-b329-443d-9404-369fec0c3581
[2025-10-24T04:26:39.697Z] [INFO] [เชียงใหม่] ส่งข้อมูลชุด ID 1 (Sending data ID 1)
[2025-10-24T04:26:40.699Z] [DEBUG] [เชียงใหม่] Data sent: ID 1
[2025-10-24T04:26:40.729Z] [INFO] [เชียงใหม่] ID 1 result: true
[2025-10-24T04:26:40.730Z] [INFO] [เชียงใหม่] ส่งข้อมูลชุด ID 2 (Sending data ID 2)
[2025-10-24T04:26:41.732Z] [DEBUG] [เชียงใหม่] Data sent: ID 2
[2025-10-24T04:26:41.756Z] [INFO] [เชียงใหม่] ID 2 result: true
[2025-10-24T04:26:41.757Z] [INFO] [เชียงใหม่] ส่งข้อมูลชุด ID 3 (Sending data ID 3)
[2025-10-24T04:26:42.759Z] [DEBUG] [เชียงใหม่] Data sent: ID 3
[2025-10-24T04:26:42.932Z] [INFO] [เชียงใหม่] ID 3 cached: true
[2025-10-24T04:26:42.933Z] [INFO] [เชียงใหม่] ส่งข้อมูลชุด ID 4 (Sending data ID 4)
[2025-10-24T04:26:43.934Z] [DEBUG] [เชียงใหม่] Data sent: ID 4
[2025-10-24T04:26:44.024Z] [INFO] [เชียงใหม่] ID 4 cached: true
[2025-10-24T04:26:44.025Z] [INFO] [เชียงใหม่] ส่งข้อมูลชุด ID 5 (Sending data ID 5)
[2025-10-24T04:26:45.027Z] [DEBUG] [เชียงใหม่] Data sent: ID 5
[2025-10-24T04:26:45.437Z] [INFO] [เชียงใหม่] ID 5 cached: true
[2025-10-24T04:26:45.437Z] [INFO] [เชียงใหม่] ส่งข้อมูลชุด ID 6 (Sending data ID 6)
[2025-10-24T04:26:46.440Z] [DEBUG] [เชียงใหม่] Data sent: ID 6
[2025-10-24T04:26:46.578Z] [INFO] [เชียงใหม่] ID 6 cached: true
[2025-10-24T04:26:46.579Z] [INFO] [เชียงใหม่] ส่งข้อมูลชุด ID 7 (Sending data ID 7)
[2025-10-24T04:26:47.580Z] [DEBUG] [เชียงใหม่] Data sent: ID 7
[2025-10-24T04:26:47.609Z] [INFO] [เชียงใหม่] ID 7 result: true
[2025-10-24T04:26:47.610Z] [INFO] [เชียงใหม่] Listening for notifications...
[2025-10-24T04:26:47.610Z] [INFO] Session established successfully
[2025-10-24T04:26:47.800Z] [DATA] [เชียงใหม่] Meter data updated: {"8684":14243.800000000001,"8686":7906.700000000001,"8687":6021.5,"18069":1335583.6,"73909":612169.2000000001,"73910":559670.8}
[2025-10-24T04:26:50.674Z] [DATA] [เชียงใหม่] Meter data updated: {"8684":14243.800000000001,"8686":7906.700000000001,"8687":6005.200000000001,"18069":1335583.6,"73909":612169.2000000001,"73910":559670.8}
[2025-10-24T04:26:53.694Z] [DATA] [เชียงใหม่] Meter data updated: {"8684":14262.900000000001,"8686":7901.700000000001,"8687":6007.700000000001,"18069":1335583.6,"73909":612169.2000000001,"73910":559670.8}
[2025-10-24T04:26:56.727Z] [DATA] [เชียงใหม่] Meter data updated: {"8684":14242.1,"8686":7901.700000000001,"8687":6007.700000000001,"18069":1335583.7000000002,"73909":612169.2000000001,"73910":559670.8}
[2025-10-24T04:27:02.777Z] [DATA] [เชียงใหม่] Meter data updated: {"8684":14242.1,"8686":7907.5,"8687":6017.700000000001,"18069":1335583.7000000002,"73909":612169.3,"73910":559670.8}
[2025-10-24T04:27:11.814Z] [DATA] [เชียงใหม่] Meter data updated: {"8684":14287,"8686":7897.5,"8687":6017.700000000001,"18069":1335583.7000000002,"73909":612169.3,"73910":559670.8}
[2025-10-24T04:27:14.840Z] [DATA] [เชียงใหม่] Meter data updated: {"8684":14275.800000000001,"8686":7897.5,"8687":6018.5,"18069":1335583.7000000002,"73909":612169.3,"73910":559670.9}
[2025-10-24T04:27:17.849Z] [DATA] [เชียงใหม่] Meter data updated: {"8684":14275.800000000001,"8686":7873.700000000001,"8687":6019.1,"18069":1335583.7000000002,"73909":612169.3,"73910":559670.9}
[2025-10-24T04:27:20.865Z] [DATA] [เชียงใหม่] Meter data updated: {"8684":14240,"8686":7894,"8687":6002.8,"18069":1335583.7000000002,"73909":612169.3,"73910":559670.9}
[2025-10-24T04:27:23.943Z] [DATA] [เชียงใหม่] Meter data updated: {"8684":14249.900000000001,"8686":7894,"8687":6002.8,"18069":1335583.8,"73909":612169.3,"73910":559670.9}
[2025-10-24T04:27:26.895Z] [DATA] [เชียงใหม่] Meter data updated: {"8684":14249.900000000001,"8686":7888.6,"8687":6009,"18069":1335583.8,"73909":612169.3,"73910":559670.9}
[2025-10-24T04:27:29.982Z] [DATA] [เชียงใหม่] Meter data updated: {"8684":14234.6,"8686":7897,"8687":6034.1,"18069":1335583.8,"73909":612169.3,"73910":559670.9}
[2025-10-24T04:27:32.921Z] [DATA] [เชียงใหม่] Meter data updated: {"8684":14255.800000000001,"8686":7899.900000000001,"8687":6034.1,"18069":1335583.8,"73909":612169.3,"73910":559670.9}
[2025-10-24T04:27:35.955Z] [DATA] [เชียงใหม่] Meter data updated: {"8684":14255.800000000001,"8686":7899.900000000001,"8687":6006.8,"18069":1335583.8,"73909":612169.3,"73910":559670.9}
[2025-10-24T04:27:38.969Z] [DATA] [เชียงใหม่] Meter data updated: {"8684":14254.5,"8686":7899.900000000001,"8687":6006.8,"18069":1335583.8,"73909":612169.3,"73910":559670.9}
[2025-10-24T04:27:45.045Z] [DATA] [เชียงใหม่] Meter data updated: {"8684":14254.5,"8686":7889.5,"8687":5995.400000000001,"18069":1335583.8,"73909":612169.4,"73910":559670.9}
[2025-10-24T04:27:51.047Z] [DATA] [เชียงใหม่] Meter data updated: {"8684":14213.5,"8686":7889.5,"8687":5995.400000000001,"18069":1335583.9000000001,"73909":612169.4,"73910":559670.9}
[2025-10-24T04:27:54.066Z] [DATA] [เชียงใหม่] Meter data updated: {"8684":14213.5,"8686":7889,"8687":6012.900000000001,"18069":1335583.9000000001,"73909":612169.4,"73910":559670.9}
[2025-10-24T04:27:57.103Z] [DATA] [เชียงใหม่] Meter data updated: {"8684":14239.7,"8686":7911.200000000001,"8687":6045.400000000001,"18069":1335583.9000000001,"73909":612169.4,"73910":559670.9}
[2025-10-24T04:27:58.000Z] [INFO] Received SIGINT, shutting down...
[2025-10-24T04:27:58.000Z] [INFO] [เชียงใหม่] Disconnecting WebSocket...
[2025-10-24T04:27:58.002Z] [INFO] Received SIGTERM, shutting down...
[2025-10-24T04:27:58.020Z] [INFO] [เชียงใหม่] WebSocket connection closed
[2025-10-24T04:27:58.021Z] [INFO] [เชียงใหม่] Attempting to reconnect (1/10)...
