[2025-10-24T03:25:36.577Z] [INFO] === Starting Chiang Mai WebSocket Client ===
[2025-10-24T03:25:36.577Z] [INFO] [เชียงใหม่] Initializing database connection...
[2025-10-24T03:25:36.582Z] [INFO] [เชียงใหม่] Database station initialized: cmh1htzuq0000663wkea8qjx6
[2025-10-24T03:25:36.625Z] [INFO] [เชียงใหม่] เชื่อมต่อกับ WebSocket สำเร็จ
[2025-10-24T03:25:36.627Z] [INFO] [เชียงใหม่] Loaded 6 station-specific monitored objects: [8684, 8686, 8687, 18069, 73909, 73910]
[2025-10-24T03:25:36.628Z] [INFO] [เชียงใหม่] Initialized meter data for 6 objects
[2025-10-24T03:25:36.628Z] [INFO] [เชียงใหม่] ส่งข้อมูลชุด ID 0 (Sending data ID 0)
[2025-10-24T03:25:37.631Z] [DEBUG] [เชียงใหม่] Data sent: ID 0
[2025-10-24T03:25:55.113Z] [INFO] [เชียงใหม่] USID received: 02ef7fe5-c02b-4f85-9ea1-5274cdb9534d
[2025-10-24T03:25:55.114Z] [INFO] [เชียงใหม่] ส่งข้อมูลชุด ID 1 (Sending data ID 1)
[2025-10-24T03:25:56.117Z] [DEBUG] [เชียงใหม่] Data sent: ID 1
[2025-10-24T03:25:56.156Z] [INFO] [เชียงใหม่] ID 1 result: true
[2025-10-24T03:25:56.157Z] [INFO] [เชียงใหม่] ส่งข้อมูลชุด ID 2 (Sending data ID 2)
[2025-10-24T03:25:57.158Z] [DEBUG] [เชียงใหม่] Data sent: ID 2
[2025-10-24T03:25:57.183Z] [INFO] [เชียงใหม่] ID 2 result: true
[2025-10-24T03:25:57.184Z] [INFO] [เชียงใหม่] ส่งข้อมูลชุด ID 3 (Sending data ID 3)
[2025-10-24T03:25:58.186Z] [DEBUG] [เชียงใหม่] Data sent: ID 3
[2025-10-24T03:25:58.350Z] [INFO] [เชียงใหม่] ID 3 cached: true
[2025-10-24T03:25:58.351Z] [INFO] [เชียงใหม่] ส่งข้อมูลชุด ID 4 (Sending data ID 4)
[2025-10-24T03:25:59.353Z] [DEBUG] [เชียงใหม่] Data sent: ID 4
[2025-10-24T03:25:59.382Z] [INFO] [เชียงใหม่] ID 4 cached: true
[2025-10-24T03:25:59.383Z] [INFO] [เชียงใหม่] ส่งข้อมูลชุด ID 5 (Sending data ID 5)
[2025-10-24T03:26:00.384Z] [DEBUG] [เชียงใหม่] Data sent: ID 5
[2025-10-24T03:26:00.545Z] [INFO] [เชียงใหม่] ID 5 cached: true
[2025-10-24T03:26:00.546Z] [INFO] [เชียงใหม่] ส่งข้อมูลชุด ID 6 (Sending data ID 6)
[2025-10-24T03:26:01.549Z] [DEBUG] [เชียงใหม่] Data sent: ID 6
[2025-10-24T03:26:01.610Z] [INFO] [เชียงใหม่] ID 6 cached: true
[2025-10-24T03:26:01.611Z] [INFO] [เชียงใหม่] ส่งข้อมูลชุด ID 7 (Sending data ID 7)
[2025-10-24T03:26:02.612Z] [DEBUG] [เชียงใหม่] Data sent: ID 7
[2025-10-24T03:26:02.724Z] [INFO] [เชียงใหม่] ID 7 result: true
[2025-10-24T03:26:02.724Z] [INFO] [เชียงใหม่] Listening for notifications...
[2025-10-24T03:26:02.725Z] [INFO] Session established successfully
[2025-10-24T03:26:02.937Z] [DATA] [เชียงใหม่] Meter data updated: {"8684":14230.6,"8686":7905.900000000001,"8687":6040.6,"18069":1335569.1,"73909":612161.2000000001,"73910":559664.7000000001}
[2025-10-24T03:26:05.862Z] [DATA] [เชียงใหม่] Meter data updated: {"8684":14273.300000000001,"8686":7905.900000000001,"8687":6040.6,"18069":1335569.2000000002,"73909":612161.2000000001,"73910":559664.7000000001}
[2025-10-24T03:26:08.788Z] [DATA] [เชียงใหม่] Meter data updated: {"8684":14273.300000000001,"8686":7887.8,"8687":6009.900000000001,"18069":1335569.2000000002,"73909":612161.2000000001,"73910":559664.7000000001}
[2025-10-24T03:26:11.808Z] [DATA] [เชียงใหม่] Meter data updated: {"8684":14272,"8686":7891.1,"8687":6039.3,"18069":1335569.2000000002,"73909":612161.3,"73910":559664.7000000001}
[2025-10-24T03:26:14.840Z] [DATA] [เชียงใหม่] Meter data updated: {"8684":14259.2,"8686":7896.1,"8687":6039.3,"18069":1335569.2000000002,"73909":612161.3,"73910":559664.7000000001}
[2025-10-24T03:26:17.837Z] [DATA] [เชียงใหม่] Meter data updated: {"8684":14276.900000000001,"8686":7896.1,"8687":6045.5,"18069":1335569.2000000002,"73909":612161.3,"73910":559664.7000000001}
[2025-10-24T03:26:26.884Z] [DATA] [เชียงใหม่] Meter data updated: {"8684":14276.900000000001,"8686":7910.900000000001,"8687":6021.6,"18069":1335569.2000000002,"73909":612161.3,"73910":559664.8}
[2025-10-24T03:26:32.904Z] [DATA] [เชียงใหม่] Meter data updated: {"8684":14318.1,"8686":7910.900000000001,"8687":6021.6,"18069":1335569.2000000002,"73909":612161.3,"73910":559664.8}
[2025-10-24T03:26:35.917Z] [DATA] [เชียงใหม่] Meter data updated: {"8684":14318.1,"8686":7881.400000000001,"8687":6003,"18069":1335569.3,"73909":612161.3,"73910":559664.8}
[2025-10-24T03:26:38.969Z] [DATA] [เชียงใหม่] Meter data updated: {"8684":14273.7,"8686":7905.200000000001,"8687":6031.8,"18069":1335569.3,"73909":612161.3,"73910":559664.8}
[2025-10-24T03:26:42.010Z] [DATA] [เชียงใหม่] Meter data updated: {"8684":14316.400000000001,"8686":7905.200000000001,"8687":6031.8,"18069":1335569.3,"73909":612161.3,"73910":559664.8}
[2025-10-24T03:26:45.082Z] [DATA] [เชียงใหม่] Meter data updated: {"8684":14316.400000000001,"8686":7905.8,"8687":6000.900000000001,"18069":1335569.3,"73909":612161.3,"73910":559664.8}
[2025-10-24T03:26:48.052Z] [DATA] [เชียงใหม่] Meter data updated: {"8684":14274.400000000001,"8686":7896.200000000001,"8687":5999.1,"18069":1335569.3,"73909":612161.3,"73910":559664.8}
[2025-10-24T03:26:51.050Z] [DATA] [เชียงใหม่] Meter data updated: {"8684":14251.5,"8686":7896.400000000001,"8687":5999.1,"18069":1335569.3,"73909":612161.3,"73910":559664.8}
[2025-10-24T03:26:54.083Z] [DATA] [เชียงใหม่] Meter data updated: {"8684":14301.900000000001,"8686":7896.400000000001,"8687":6026.200000000001,"18069":1335569.3,"73909":612161.3,"73910":559664.8}
[2025-10-24T03:26:57.102Z] [DATA] [เชียงใหม่] Meter data updated: {"8684":14301.900000000001,"8686":7891.200000000001,"8687":6013.200000000001,"18069":1335569.4000000001,"73909":612161.4,"73910":559664.8}
[2025-10-24T03:27:00.119Z] [DATA] [เชียงใหม่] Meter data updated: {"8684":14251.6,"8686":7892.3,"8687":6026.200000000001,"18069":1335569.4000000001,"73909":612161.4,"73910":559664.8}
[2025-10-24T03:27:03.152Z] [DATA] [เชียงใหม่] Meter data updated: {"8684":14301.7,"8686":7892.3,"8687":6026.200000000001,"18069":1335569.4000000001,"73909":612161.4,"73910":559664.8}
[2025-10-24T03:27:06.169Z] [DATA] [เชียงใหม่] Meter data updated: {"8684":14301.7,"8686":7900.1,"8687":6028.900000000001,"18069":1335569.4000000001,"73909":612161.4,"73910":559664.8}
[2025-10-24T03:27:09.194Z] [DATA] [เชียงใหม่] Meter data updated: {"8684":14272.5,"8686":7911,"8687":6004.3,"18069":1335569.4000000001,"73909":612161.4,"73910":559664.8}
[2025-10-24T03:27:12.218Z] [DATA] [เชียงใหม่] Meter data updated: {"8684":14289.7,"8686":7911,"8687":6004.3,"18069":1335569.4000000001,"73909":612161.4,"73910":559664.8}
[2025-10-24T03:27:15.198Z] [DATA] [เชียงใหม่] Meter data updated: {"8684":14289.7,"8686":7898.6,"8687":6002.8,"18069":1335569.4000000001,"73909":612161.4,"73910":559664.8}
[2025-10-24T03:27:15.203Z] [INFO] [เชียงใหม่] Data saved to database
[2025-10-24T03:27:18.272Z] [DATA] [เชียงใหม่] Meter data updated: {"8684":14285,"8686":7900,"8687":6021.8,"18069":1335569.4000000001,"73909":612161.4,"73910":559664.8}
[2025-10-24T03:27:21.256Z] [DATA] [เชียงใหม่] Meter data updated: {"8684":14293.400000000001,"8686":7909,"8687":6021.8,"18069":1335569.5,"73909":612161.4,"73910":559664.8}
[2025-10-24T03:27:24.286Z] [DATA] [เชียงใหม่] Meter data updated: {"8684":14263.400000000001,"8686":7909,"8687":6056.1,"18069":1335569.5,"73909":612161.4,"73910":559664.8}
[2025-10-24T03:27:27.310Z] [DATA] [เชียงใหม่] Meter data updated: {"8684":14263.400000000001,"8686":7891.8,"8687":6010.8,"18069":1335569.5,"73909":612161.4,"73910":559664.9}
[2025-10-24T03:27:30.321Z] [DATA] [เชียงใหม่] Meter data updated: {"8684":14261.7,"8686":7888,"8687":6005.700000000001,"18069":1335569.5,"73909":612161.4,"73910":559664.9}
[2025-10-24T03:27:33.383Z] [DATA] [เชียงใหม่] Meter data updated: {"8684":14252.7,"8686":7888,"8687":6005.700000000001,"18069":1335569.5,"73909":612161.4,"73910":559664.9}
[2025-10-24T03:27:36.362Z] [DATA] [เชียงใหม่] Meter data updated: {"8684":14252.7,"8686":7895,"8687":6031.3,"18069":1335569.5,"73909":612161.4,"73910":559664.9}
[2025-10-24T03:27:39.387Z] [DATA] [เชียงใหม่] Meter data updated: {"8684":14273.6,"8686":7884.700000000001,"8687":6048,"18069":1335569.5,"73909":612161.5,"73910":559664.9}
[2025-10-24T03:27:42.400Z] [DATA] [เชียงใหม่] Meter data updated: {"8684":14261.5,"8686":7884.700000000001,"8687":6048,"18069":1335569.6,"73909":612161.5,"73910":559664.9}
[2025-10-24T03:27:45.500Z] [DATA] [เชียงใหม่] Meter data updated: {"8684":14261.5,"8686":7895.700000000001,"8687":6017,"18069":1335569.6,"73909":612161.5,"73910":559664.9}
[2025-10-24T03:27:48.680Z] [DATA] [เชียงใหม่] Meter data updated: {"8684":14243.5,"8686":7901,"8687":6039.1,"18069":1335569.6,"73909":612161.5,"73910":559664.9}
[2025-10-24T03:27:51.457Z] [DATA] [เชียงใหม่] Meter data updated: {"8684":14277.300000000001,"8686":7887.200000000001,"8687":6039.1,"18069":1335569.6,"73909":612161.5,"73910":559664.9}
[2025-10-24T03:27:54.493Z] [DATA] [เชียงใหม่] Meter data updated: {"8684":14317.1,"8686":7887.200000000001,"8687":6017.8,"18069":1335569.6,"73909":612161.5,"73910":559664.9}
[2025-10-24T03:27:57.581Z] [DATA] [เชียงใหม่] Meter data updated: {"8684":14317.1,"8686":7890.5,"8687":6021.6,"18069":1335569.6,"73909":612161.5,"73910":559664.9}
[2025-10-24T03:28:00.501Z] [DATA] [เชียงใหม่] Meter data updated: {"8684":14257.7,"8686":7901,"8687":6021.1,"18069":1335569.6,"73909":612161.5,"73910":559664.9}
[2025-10-24T03:28:03.623Z] [DATA] [เชียงใหม่] Meter data updated: {"8684":14281.7,"8686":7901,"8687":6021.1,"18069":1335569.6,"73909":612161.5,"73910":559664.9}
[2025-10-24T03:28:06.593Z] [DATA] [เชียงใหม่] Meter data updated: {"8684":14281.7,"8686":7893.3,"8687":6030.1,"18069":1335569.6,"73909":612161.5,"73910":559664.9}
[2025-10-24T03:28:09.666Z] [DATA] [เชียงใหม่] Meter data updated: {"8684":14245,"8686":7891.5,"8687":6050,"18069":1335569.7000000002,"73909":612161.5,"73910":559664.9}
[2025-10-24T03:28:12.634Z] [DATA] [เชียงใหม่] Meter data updated: {"8684":14268.900000000001,"8686":7891.5,"8687":6050,"18069":1335569.7000000002,"73909":612161.5,"73910":559664.9}
[2025-10-24T03:28:15.707Z] [DATA] [เชียงใหม่] Meter data updated: {"8684":14268.900000000001,"8686":7905.6,"8687":6050.200000000001,"18069":1335569.7000000002,"73909":612161.5,"73910":559664.9}
[2025-10-24T03:28:18.684Z] [DATA] [เชียงใหม่] Meter data updated: {"8684":14294.400000000001,"8686":7894.200000000001,"8687":6056,"18069":1335569.7000000002,"73909":612161.5,"73910":559664.9}
[2025-10-24T03:28:21.679Z] [DATA] [เชียงใหม่] Meter data updated: {"8684":14287.400000000001,"8686":7884.6,"8687":6056,"18069":1335569.7000000002,"73909":612161.5,"73910":559664.9}
[2025-10-24T03:28:24.940Z] [DATA] [เชียงใหม่] Meter data updated: {"8684":14274.900000000001,"8686":7884.6,"8687":6051.3,"18069":1335569.7000000002,"73909":612161.5,"73910":559665}
[2025-10-24T03:28:33.831Z] [DATA] [เชียงใหม่] Meter data updated: {"8684":14274.900000000001,"8686":7909.200000000001,"8687":6047.3,"18069":1335569.7000000002,"73909":612161.6,"73910":559665}
[2025-10-24T03:28:39.757Z] [DATA] [เชียงใหม่] Meter data updated: {"8684":14254.800000000001,"8686":7909.200000000001,"8687":6047.3,"18069":1335569.7000000002,"73909":612161.6,"73910":559665}
[2025-10-24T03:28:42.781Z] [DATA] [เชียงใหม่] Meter data updated: {"8684":14254.800000000001,"8686":7904.400000000001,"8687":6055,"18069":1335569.8,"73909":612161.6,"73910":559665}
[2025-10-24T03:28:45.789Z] [DATA] [เชียงใหม่] Meter data updated: {"8684":14261.6,"8686":7896.5,"8687":6042.8,"18069":1335569.8,"73909":612161.6,"73910":559665}
[2025-10-24T03:28:48.874Z] [DATA] [เชียงใหม่] Meter data updated: {"8684":14260.6,"8686":7896.5,"8687":6042.8,"18069":1335569.8,"73909":612161.6,"73910":559665}
[2025-10-24T03:28:51.854Z] [DATA] [เชียงใหม่] Meter data updated: {"8684":14260.6,"8686":7885.900000000001,"8687":6027.8,"18069":1335569.8,"73909":612161.6,"73910":559665}
[2025-10-24T03:28:54.842Z] [DATA] [เชียงใหม่] Meter data updated: {"8684":14261.7,"8686":7895.400000000001,"8687":6008.8,"18069":1335569.8,"73909":612161.6,"73910":559665}
[2025-10-24T03:28:57.875Z] [DATA] [เชียงใหม่] Meter data updated: {"8684":14244.300000000001,"8686":7895.400000000001,"8687":6008.8,"18069":1335569.8,"73909":612161.6,"73910":559665}
[2025-10-24T03:29:00.938Z] [DATA] [เชียงใหม่] Meter data updated: {"8684":14244.300000000001,"8686":7900.1,"8687":6032.8,"18069":1335569.8,"73909":612161.6,"73910":559665}
[2025-10-24T03:29:03.939Z] [DATA] [เชียงใหม่] Meter data updated: {"8684":14240.900000000001,"8686":7894.5,"8687":6040.8,"18069":1335569.9000000001,"73909":612161.6,"73910":559665}
[2025-10-24T03:29:06.922Z] [DATA] [เชียงใหม่] Meter data updated: {"8684":14235.7,"8686":7915.400000000001,"8687":6040.8,"18069":1335569.9000000001,"73909":612161.6,"73910":559665}
[2025-10-24T03:29:09.944Z] [DATA] [เชียงใหม่] Meter data updated: {"8684":14235.7,"8686":7915.400000000001,"8687":6033.200000000001,"18069":1335569.9000000001,"73909":612161.6,"73910":559665}
[2025-10-24T03:29:12.972Z] [DATA] [เชียงใหม่] Meter data updated: {"8684":14251.2,"8686":7915.400000000001,"8687":6033.200000000001,"18069":1335569.9000000001,"73909":612161.6,"73910":559665}
[2025-10-24T03:29:19.140Z] [DATA] [เชียงใหม่] Meter data updated: {"8684":14251.2,"8686":7895.700000000001,"8687":6014.1,"18069":1335569.9000000001,"73909":612161.7000000001,"73910":559665}
[2025-10-24T03:29:25.009Z] [DATA] [เชียงใหม่] Meter data updated: {"8684":14240.400000000001,"8686":7895.700000000001,"8687":6014.1,"18069":1335569.9000000001,"73909":612161.7000000001,"73910":559665}
[2025-10-24T03:29:28.107Z] [DATA] [เชียงใหม่] Meter data updated: {"8684":14240.400000000001,"8686":7909.200000000001,"8687":6040.6,"18069":1335570,"73909":612161.7000000001,"73910":559665.1}
[2025-10-24T03:29:31.087Z] [DATA] [เชียงใหม่] Meter data updated: {"8684":14211,"8686":7883.900000000001,"8687":6034.3,"18069":1335570,"73909":612161.7000000001,"73910":559665.1}
[2025-10-24T03:29:31.512Z] [INFO] Received SIGINT, shutting down...
[2025-10-24T03:29:31.512Z] [INFO] [เชียงใหม่] Disconnecting WebSocket...
[2025-10-24T03:29:31.513Z] [INFO] Received SIGTERM, shutting down...
[2025-10-24T03:29:31.533Z] [INFO] [เชียงใหม่] WebSocket connection closed
[2025-10-24T03:29:31.534Z] [INFO] [เชียงใหม่] Attempting to reconnect (1/10)...
