[2025-10-22T04:30:56.985Z] [INFO] === Starting Chiang Mai WebSocket Client ===
[2025-10-22T04:30:56.986Z] [INFO] [เชียงใหม่] Initializing database connection...
[2025-10-22T04:30:56.991Z] [INFO] [เชียงใหม่] Database station initialized: cmh1htzuq0000663wkea8qjx6
[2025-10-22T04:30:57.041Z] [INFO] [เชียงใหม่] เชื่อมต่อกับ WebSocket สำเร็จ
[2025-10-22T04:30:57.041Z] [INFO] [เชียงใหม่] ส่งข้อมูลชุด ID 0 (Sending data ID 0)
[2025-10-22T04:30:58.044Z] [DEBUG] [เชียงใหม่] Data sent: ID 0
[2025-10-22T04:31:14.873Z] [INFO] [เชียงใหม่] USID received: a3378d28-8381-4445-bf76-462b9629465d
[2025-10-22T04:31:14.874Z] [INFO] [เชียงใหม่] ส่งข้อมูลชุด ID 1 (Sending data ID 1)
[2025-10-22T04:31:15.876Z] [DEBUG] [เชียงใหม่] Data sent: ID 1
[2025-10-22T04:31:15.901Z] [INFO] [เชียงใหม่] ID 1 result: true
[2025-10-22T04:31:15.902Z] [INFO] [เชียงใหม่] ส่งข้อมูลชุด ID 2 (Sending data ID 2)
[2025-10-22T04:31:16.904Z] [DEBUG] [เชียงใหม่] Data sent: ID 2
[2025-10-22T04:31:16.927Z] [INFO] [เชียงใหม่] ID 2 result: true
[2025-10-22T04:31:16.927Z] [INFO] [เชียงใหม่] ส่งข้อมูลชุด ID 3 (Sending data ID 3)
[2025-10-22T04:31:17.929Z] [DEBUG] [เชียงใหม่] Data sent: ID 3
[2025-10-22T04:31:18.096Z] [INFO] [เชียงใหม่] ID 3 cached: true
[2025-10-22T04:31:18.097Z] [INFO] [เชียงใหม่] ส่งข้อมูลชุด ID 4 (Sending data ID 4)
[2025-10-22T04:31:19.098Z] [DEBUG] [เชียงใหม่] Data sent: ID 4
[2025-10-22T04:31:19.121Z] [INFO] [เชียงใหม่] ID 4 cached: true
[2025-10-22T04:31:19.122Z] [INFO] [เชียงใหม่] ส่งข้อมูลชุด ID 5 (Sending data ID 5)
[2025-10-22T04:31:20.123Z] [DEBUG] [เชียงใหม่] Data sent: ID 5
[2025-10-22T04:31:20.249Z] [INFO] [เชียงใหม่] ID 5 cached: true
[2025-10-22T04:31:20.250Z] [INFO] [เชียงใหม่] ส่งข้อมูลชุด ID 6 (Sending data ID 6)
[2025-10-22T04:31:21.252Z] [DEBUG] [เชียงใหม่] Data sent: ID 6
[2025-10-22T04:31:21.311Z] [INFO] [เชียงใหม่] ID 6 cached: true
[2025-10-22T04:31:21.311Z] [INFO] [เชียงใหม่] ส่งข้อมูลชุด ID 7 (Sending data ID 7)
[2025-10-22T04:31:22.314Z] [DEBUG] [เชียงใหม่] Data sent: ID 7
[2025-10-22T04:31:22.406Z] [INFO] [เชียงใหม่] ID 7 result: true
[2025-10-22T04:31:22.406Z] [INFO] [เชียงใหม่] Listening for notifications...
[2025-10-22T04:31:22.407Z] [INFO] Session established successfully
[2025-10-22T04:31:22.563Z] [DATA] [เชียงใหม่] Meter data updated: {"8684":14323.6,"8685":0,"8686":null,"8687":6061.200000000001,"8688":null,"8689":null,"18069":1334897,"18070":3498.3,"73909":null,"73910":559382.1,"75428":null,"75429":null}
[2025-10-22T04:31:28.436Z] [DATA] [เชียงใหม่] Meter data updated: {"8684":14425.2,"8685":0,"8686":null,"8687":6066.3,"8688":null,"8689":null,"18069":1334897.1,"18070":3498.3,"73909":null,"73910":559382.1,"75428":null,"75429":null}
[2025-10-22T04:31:31.667Z] [DATA] [เชียงใหม่] Meter data updated: {"8684":14456.300000000001,"8685":0,"8686":null,"8687":6066.3,"8688":null,"8689":null,"18069":1334897.1,"18070":3498.3,"73909":null,"73910":559382.1,"75428":null,"75429":null}
[2025-10-22T04:31:32.203Z] [INFO] [เชียงใหม่] WebSocket connection closed
[2025-10-22T04:31:32.204Z] [INFO] [เชียงใหม่] Attempting to reconnect (1/10)...
[2025-10-22T04:31:37.241Z] [INFO] [เชียงใหม่] เชื่อมต่อกับ WebSocket สำเร็จ
[2025-10-22T04:31:37.241Z] [INFO] [เชียงใหม่] ส่งข้อมูลชุด ID 0 (Sending data ID 0)
[2025-10-22T04:31:38.244Z] [DEBUG] [เชียงใหม่] Data sent: ID 0
[2025-10-22T04:32:16.824Z] [INFO] [เชียงใหม่] USID received: 9445af6b-f83e-40a0-80f5-d66eb511ed79
[2025-10-22T04:32:16.824Z] [INFO] [เชียงใหม่] ส่งข้อมูลชุด ID 1 (Sending data ID 1)
[2025-10-22T04:32:17.826Z] [DEBUG] [เชียงใหม่] Data sent: ID 1
[2025-10-22T04:32:18.462Z] [INFO] [เชียงใหม่] ID 1 result: true
[2025-10-22T04:32:18.463Z] [INFO] [เชียงใหม่] ส่งข้อมูลชุด ID 2 (Sending data ID 2)
[2025-10-22T04:32:19.466Z] [DEBUG] [เชียงใหม่] Data sent: ID 2
[2025-10-22T04:32:19.582Z] [INFO] [เชียงใหม่] ID 2 result: true
[2025-10-22T04:32:19.582Z] [INFO] [เชียงใหม่] ส่งข้อมูลชุด ID 3 (Sending data ID 3)
[2025-10-22T04:32:20.584Z] [DEBUG] [เชียงใหม่] Data sent: ID 3
[2025-10-22T04:32:20.745Z] [INFO] [เชียงใหม่] ID 3 cached: true
[2025-10-22T04:32:20.745Z] [INFO] [เชียงใหม่] ส่งข้อมูลชุด ID 4 (Sending data ID 4)
[2025-10-22T04:32:21.747Z] [DEBUG] [เชียงใหม่] Data sent: ID 4
[2025-10-22T04:32:21.788Z] [INFO] [เชียงใหม่] ID 4 cached: true
[2025-10-22T04:32:21.789Z] [INFO] [เชียงใหม่] ส่งข้อมูลชุด ID 5 (Sending data ID 5)
[2025-10-22T04:32:22.791Z] [DEBUG] [เชียงใหม่] Data sent: ID 5
[2025-10-22T04:32:23.276Z] [INFO] [เชียงใหม่] ID 5 cached: true
[2025-10-22T04:32:23.277Z] [INFO] [เชียงใหม่] ส่งข้อมูลชุด ID 6 (Sending data ID 6)
[2025-10-22T04:32:24.279Z] [DEBUG] [เชียงใหม่] Data sent: ID 6
[2025-10-22T04:32:24.429Z] [INFO] [เชียงใหม่] ID 6 cached: true
[2025-10-22T04:32:24.430Z] [INFO] [เชียงใหม่] ส่งข้อมูลชุด ID 7 (Sending data ID 7)
[2025-10-22T04:32:25.431Z] [DEBUG] [เชียงใหม่] Data sent: ID 7
[2025-10-22T04:32:25.524Z] [INFO] [เชียงใหม่] ID 7 result: true
[2025-10-22T04:32:25.525Z] [INFO] [เชียงใหม่] Listening for notifications...
[2025-10-22T04:32:27.260Z] [DATA] [เชียงใหม่] Meter data updated: {"8684":14408.2,"8685":0,"8686":null,"8687":6080.6,"8688":null,"8689":null,"18069":1334897.3,"18070":3498.3,"73909":null,"73910":559382.2000000001,"75428":null,"75429":null}
[2025-10-22T04:32:28.806Z] [DATA] [เชียงใหม่] Meter data updated: {"8684":14399.900000000001,"8685":0,"8686":null,"8687":6080.6,"8688":null,"8689":null,"18069":1334897.3,"18070":3498.3,"73909":null,"73910":559382.2000000001,"75428":null,"75429":null}
[2025-10-22T04:32:31.981Z] [DATA] [เชียงใหม่] Meter data updated: {"8684":14399.900000000001,"8685":0,"8686":null,"8687":6068.1,"8688":null,"8689":null,"18069":1334897.3,"18070":3498.3,"73909":null,"73910":559382.2000000001,"75428":null,"75429":null}
[2025-10-22T04:32:34.796Z] [DATA] [เชียงใหม่] Meter data updated: {"8684":14411.300000000001,"8685":0,"8686":null,"8687":6062.200000000001,"8688":null,"8689":null,"18069":1334897.3,"18070":3498.3,"73909":null,"73910":559382.2000000001,"75428":null,"75429":null}
[2025-10-22T04:32:38.123Z] [DATA] [เชียงใหม่] Meter data updated: {"8684":14393.300000000001,"8685":0,"8686":null,"8687":6062.200000000001,"8688":null,"8689":null,"18069":1334897.4000000001,"18070":3498.3,"73909":null,"73910":559382.2000000001,"75428":null,"75429":null}
[2025-10-22T04:32:41.098Z] [DATA] [เชียงใหม่] Meter data updated: {"8684":14393.300000000001,"8685":0,"8686":null,"8687":6073.400000000001,"8688":null,"8689":null,"18069":1334897.4000000001,"18070":3498.3,"73909":null,"73910":559382.2000000001,"75428":null,"75429":null}
[2025-10-22T04:32:45.251Z] [DATA] [เชียงใหม่] Meter data updated: {"8684":14401.800000000001,"8685":0,"8686":null,"8687":6065,"8688":null,"8689":null,"18069":1334897.4000000001,"18070":3498.3,"73909":null,"73910":559382.2000000001,"75428":null,"75429":null}
[2025-10-22T04:32:50.353Z] [DATA] [เชียงใหม่] Meter data updated: {"8684":14405.2,"8685":0,"8686":null,"8687":6065,"8688":null,"8689":null,"18069":1334897.4000000001,"18070":3498.3,"73909":null,"73910":559382.2000000001,"75428":null,"75429":null}
[2025-10-22T04:32:50.359Z] [INFO] [เชียงใหม่] Data saved to database
[2025-10-22T04:32:55.712Z] [DATA] [เชียงใหม่] Meter data updated: {"8684":14390.400000000001,"8685":0,"8686":null,"8687":6074.400000000001,"8688":null,"8689":null,"18069":1334897.4000000001,"18070":3498.3,"73909":null,"73910":559382.2000000001,"75428":null,"75429":null}
[2025-10-22T04:32:57.257Z] [DATA] [เชียงใหม่] Meter data updated: {"8684":14390.400000000001,"8685":0,"8686":null,"8687":6081.6,"8688":null,"8689":null,"18069":1334897.4000000001,"18070":3498.3,"73909":null,"73910":559382.2000000001,"75428":null,"75429":null}
[2025-10-22T04:32:58.201Z] [DATA] [เชียงใหม่] Meter data updated: {"8684":14413.7,"8685":0,"8686":null,"8687":6042.900000000001,"8688":null,"8689":null,"18069":1334897.4000000001,"18070":3498.3,"73909":null,"73910":559382.2000000001,"75428":null,"75429":null}
[2025-10-22T04:33:08.814Z] [DATA] [เชียงใหม่] Meter data updated: {"8684":548.5,"8685":0,"8686":null,"8687":8.6,"8688":null,"8689":null,"18069":1334897.4000000001,"18070":3498.3,"73909":null,"73910":559382.2000000001,"75428":null,"75429":null}
[2025-10-22T04:33:20.144Z] [DATA] [เชียงใหม่] Meter data updated: {"8684":16160.800000000001,"8685":0,"8686":null,"8687":6038.3,"8688":null,"8689":null,"18069":1334897.5,"18070":3498.3,"73909":null,"73910":559382.2000000001,"75428":null,"75429":null}
[2025-10-22T04:33:23.180Z] [DATA] [เชียงใหม่] Meter data updated: {"8684":16160.5,"8685":0,"8686":null,"8687":6038.3,"8688":null,"8689":null,"18069":1334897.5,"18070":3498.3,"73909":null,"73910":559382.2000000001,"75428":null,"75429":null}
[2025-10-22T04:33:26.159Z] [DATA] [เชียงใหม่] Meter data updated: {"8684":16160.5,"8685":0,"8686":null,"8687":6061.8,"8688":null,"8689":null,"18069":1334897.5,"18070":3498.3,"73909":null,"73910":559382.2000000001,"75428":null,"75429":null}
[2025-10-22T04:33:29.203Z] [DATA] [เชียงใหม่] Meter data updated: {"8684":16188.1,"8685":0,"8686":null,"8687":6059.900000000001,"8688":null,"8689":null,"18069":1334897.5,"18070":3498.3,"73909":null,"73910":559382.3,"75428":null,"75429":null}
[2025-10-22T04:33:32.295Z] [DATA] [เชียงใหม่] Meter data updated: {"8684":16165.1,"8685":0,"8686":null,"8687":6059.900000000001,"8688":null,"8689":null,"18069":1334897.5,"18070":3498.3,"73909":null,"73910":559382.3,"75428":null,"75429":null}
[2025-10-22T04:33:38.243Z] [DATA] [เชียงใหม่] Meter data updated: {"8684":16165.1,"8685":0,"8686":null,"8687":8436,"8688":null,"8689":null,"18069":1334897.5,"18070":3498.3,"73909":null,"73910":559382.3,"75428":null,"75429":null}
[2025-10-22T04:33:47.311Z] [DATA] [เชียงใหม่] Meter data updated: {"8684":16173.1,"8685":0,"8686":null,"8687":7799.6,"8688":null,"8689":null,"18069":1334897.6,"18070":3498.3,"73909":null,"73910":559382.3,"75428":null,"75429":null}
[2025-10-22T04:33:50.345Z] [DATA] [เชียงใหม่] Meter data updated: {"8684":16189.2,"8685":0,"8686":null,"8687":7799.6,"8688":null,"8689":null,"18069":1334897.6,"18070":3498.3,"73909":null,"73910":559382.3,"75428":null,"75429":null}
[2025-10-22T04:33:59.734Z] [DATA] [เชียงใหม่] Meter data updated: {"8684":16189.2,"8685":0,"8686":null,"8687":7290.700000000001,"8688":null,"8689":null,"18069":1334897.6,"18070":3498.3,"73909":null,"73910":559382.3,"75428":null,"75429":null}
[2025-10-22T04:34:01.082Z] [INFO] Received SIGINT, shutting down...
[2025-10-22T04:34:01.082Z] [INFO] [เชียงใหม่] Disconnecting WebSocket...
[2025-10-22T04:34:01.084Z] [INFO] Received SIGTERM, shutting down...
[2025-10-22T04:34:01.103Z] [INFO] [เชียงใหม่] WebSocket connection closed
[2025-10-22T04:34:01.103Z] [INFO] [เชียงใหม่] Attempting to reconnect (1/10)...
