[2025-10-24T04:12:06.081Z] [INFO] === Starting Chiang Mai WebSocket Client ===
[2025-10-24T04:12:06.082Z] [INFO] [เชียงใหม่] Initializing database connection...
[2025-10-24T04:12:06.086Z] [INFO] [เชียงใหม่] Database station initialized: cmh1htzuq0000663wkea8qjx6
[2025-10-24T04:12:06.121Z] [INFO] [เชียงใหม่] เชื่อมต่อกับ WebSocket สำเร็จ
[2025-10-24T04:12:06.122Z] [INFO] [เชียงใหม่] Loaded 6 station-specific monitored objects: [8684, 8686, 8687, 18069, 73909, 73910]
[2025-10-24T04:12:06.123Z] [INFO] [เชียงใหม่] Initialized meter data for 6 objects
[2025-10-24T04:12:06.123Z] [INFO] [เชียงใหม่] ส่งข้อมูลชุด ID 0 (Sending data ID 0)
[2025-10-24T04:12:07.126Z] [DEBUG] [เชียงใหม่] Data sent: ID 0
[2025-10-24T04:12:23.866Z] [INFO] [เชียงใหม่] USID received: 95fc74ad-4282-4772-9d55-86d15886fcca
[2025-10-24T04:12:23.866Z] [INFO] [เชียงใหม่] ส่งข้อมูลชุด ID 1 (Sending data ID 1)
[2025-10-24T04:12:24.869Z] [DEBUG] [เชียงใหม่] Data sent: ID 1
[2025-10-24T04:12:24.903Z] [INFO] [เชียงใหม่] ID 1 result: true
[2025-10-24T04:12:24.903Z] [INFO] [เชียงใหม่] ส่งข้อมูลชุด ID 2 (Sending data ID 2)
[2025-10-24T04:12:25.905Z] [DEBUG] [เชียงใหม่] Data sent: ID 2
[2025-10-24T04:12:25.932Z] [INFO] [เชียงใหม่] ID 2 result: true
[2025-10-24T04:12:25.933Z] [INFO] [เชียงใหม่] ส่งข้อมูลชุด ID 3 (Sending data ID 3)
[2025-10-24T04:12:26.935Z] [DEBUG] [เชียงใหม่] Data sent: ID 3
[2025-10-24T04:12:27.113Z] [INFO] [เชียงใหม่] ID 3 cached: true
[2025-10-24T04:12:27.114Z] [INFO] [เชียงใหม่] ส่งข้อมูลชุด ID 4 (Sending data ID 4)
[2025-10-24T04:12:28.115Z] [DEBUG] [เชียงใหม่] Data sent: ID 4
[2025-10-24T04:12:28.140Z] [INFO] [เชียงใหม่] ID 4 cached: true
[2025-10-24T04:12:28.141Z] [INFO] [เชียงใหม่] ส่งข้อมูลชุด ID 5 (Sending data ID 5)
[2025-10-24T04:12:29.142Z] [DEBUG] [เชียงใหม่] Data sent: ID 5
[2025-10-24T04:12:29.300Z] [INFO] [เชียงใหม่] ID 5 cached: true
[2025-10-24T04:12:29.301Z] [INFO] [เชียงใหม่] ส่งข้อมูลชุด ID 6 (Sending data ID 6)
[2025-10-24T04:12:30.303Z] [DEBUG] [เชียงใหม่] Data sent: ID 6
[2025-10-24T04:12:30.358Z] [INFO] [เชียงใหม่] ID 6 cached: true
[2025-10-24T04:12:30.359Z] [INFO] [เชียงใหม่] ส่งข้อมูลชุด ID 7 (Sending data ID 7)
[2025-10-24T04:12:31.360Z] [DEBUG] [เชียงใหม่] Data sent: ID 7
[2025-10-24T04:12:31.387Z] [INFO] [เชียงใหม่] ID 7 result: true
[2025-10-24T04:12:31.387Z] [INFO] [เชียงใหม่] Listening for notifications...
[2025-10-24T04:12:31.388Z] [INFO] Session established successfully
[2025-10-24T04:12:31.560Z] [DATA] [เชียงใหม่] Meter data updated: {"8684":14249.300000000001,"8686":7908.8,"8687":6031,"18069":1335580.2000000002,"73909":612167.3,"73910":559669.4}
[2025-10-24T04:12:37.469Z] [DATA] [เชียงใหม่] Meter data updated: {"8684":14272.400000000001,"8686":7889.6,"8687":6031,"18069":1335580.2000000002,"73909":612167.4,"73910":559669.4}
[2025-10-24T04:12:43.501Z] [DATA] [เชียงใหม่] Meter data updated: {"8684":14272.400000000001,"8686":7889.6,"8687":6017.400000000001,"18069":1335580.2000000002,"73909":612167.4,"73910":559669.4}
[2025-10-24T04:12:52.621Z] [DATA] [เชียงใหม่] Meter data updated: {"8684":14266.2,"8686":7890.900000000001,"8687":6015.900000000001,"18069":1335580.3,"73909":612167.4,"73910":559669.4}
[2025-10-24T04:12:55.580Z] [DATA] [เชียงใหม่] Meter data updated: {"8684":14269.7,"8686":7890.900000000001,"8687":6015.900000000001,"18069":1335580.3,"73909":612167.4,"73910":559669.4}
[2025-10-24T04:13:04.609Z] [DATA] [เชียงใหม่] Meter data updated: {"8684":14269.7,"8686":7896,"8687":6029.3,"18069":1335580.3,"73909":612167.4,"73910":559669.4}
[2025-10-24T04:13:09.993Z] [INFO] Received SIGINT, shutting down...
[2025-10-24T04:13:09.994Z] [INFO] [เชียงใหม่] Disconnecting WebSocket...
[2025-10-24T04:13:09.996Z] [INFO] Received SIGTERM, shutting down...
[2025-10-24T04:13:10.013Z] [INFO] [เชียงใหม่] WebSocket connection closed
[2025-10-24T04:13:10.014Z] [INFO] [เชียงใหม่] Attempting to reconnect (1/10)...
