[2025-10-22T04:21:21.731Z] [INFO] === Starting Chiang Mai WebSocket Client ===
[2025-10-22T04:21:21.774Z] [INFO] [เชียงใหม่] เชื่อมต่อกับ WebSocket สำเร็จ
[2025-10-22T04:21:21.774Z] [INFO] [เชียงใหม่] ส่งข้อมูลชุด ID 0 (Sending data ID 0)
[2025-10-22T04:21:22.778Z] [DEBUG] [เชียงใหม่] Data sent: ID 0
[2025-10-22T04:21:29.799Z] [INFO] [เชียงใหม่] USID received: 9175019b-1ffc-4cfa-b596-08a2d9e293ed
[2025-10-22T04:21:29.800Z] [INFO] [เชียงใหม่] ส่งข้อมูลชุด ID 1 (Sending data ID 1)
[2025-10-22T04:21:30.802Z] [DEBUG] [เชียงใหม่] Data sent: ID 1
[2025-10-22T04:21:30.835Z] [INFO] [เชียงใหม่] ID 1 result: true
[2025-10-22T04:21:30.836Z] [INFO] [เชียงใหม่] ส่งข้อมูลชุด ID 2 (Sending data ID 2)
[2025-10-22T04:21:31.839Z] [DEBUG] [เชียงใหม่] Data sent: ID 2
[2025-10-22T04:21:31.870Z] [INFO] [เชียงใหม่] ID 2 result: true
[2025-10-22T04:21:31.871Z] [INFO] [เชียงใหม่] ส่งข้อมูลชุด ID 3 (Sending data ID 3)
[2025-10-22T04:21:32.873Z] [DEBUG] [เชียงใหม่] Data sent: ID 3
[2025-10-22T04:21:33.052Z] [INFO] [เชียงใหม่] ID 3 cached: true
[2025-10-22T04:21:33.053Z] [INFO] [เชียงใหม่] ส่งข้อมูลชุด ID 4 (Sending data ID 4)
[2025-10-22T04:21:34.055Z] [DEBUG] [เชียงใหม่] Data sent: ID 4
[2025-10-22T04:21:34.084Z] [INFO] [เชียงใหม่] ID 4 cached: true
[2025-10-22T04:21:34.084Z] [INFO] [เชียงใหม่] ส่งข้อมูลชุด ID 5 (Sending data ID 5)
[2025-10-22T04:21:35.086Z] [DEBUG] [เชียงใหม่] Data sent: ID 5
[2025-10-22T04:21:35.312Z] [INFO] [เชียงใหม่] ID 5 cached: true
[2025-10-22T04:21:35.313Z] [INFO] [เชียงใหม่] ส่งข้อมูลชุด ID 6 (Sending data ID 6)
[2025-10-22T04:21:36.316Z] [DEBUG] [เชียงใหม่] Data sent: ID 6
[2025-10-22T04:21:36.392Z] [INFO] [เชียงใหม่] ID 6 cached: true
[2025-10-22T04:21:36.393Z] [INFO] [เชียงใหม่] ส่งข้อมูลชุด ID 7 (Sending data ID 7)
[2025-10-22T04:21:37.395Z] [DEBUG] [เชียงใหม่] Data sent: ID 7
[2025-10-22T04:21:37.429Z] [INFO] [เชียงใหม่] ID 7 result: true
[2025-10-22T04:21:37.430Z] [INFO] [เชียงใหม่] Listening for notifications...
[2025-10-22T04:21:37.431Z] [INFO] Session established successfully
[2025-10-22T04:21:37.571Z] [DATA] [เชียงใหม่] Meter data updated: {"8684":14320.7,"8685":0,"8686":null,"8687":6065.8,"8688":null,"18069":1334894.7000000002,"18070":3498.3,"73909":null,"73910":559381.1}
[2025-10-22T04:21:43.513Z] [DATA] [เชียงใหม่] Meter data updated: {"8684":14359,"8685":0,"8686":null,"8687":6065.8,"8688":null,"18069":1334894.8,"18070":3498.3,"73909":null,"73910":559381.1}
[2025-10-22T04:21:49.521Z] [INFO] Received SIGINT, shutting down...
[2025-10-22T04:21:49.522Z] [INFO] [เชียงใหม่] Disconnecting WebSocket...
[2025-10-22T04:21:49.543Z] [DATA] [เชียงใหม่] Meter data updated: {"8684":14359,"8685":0,"8686":null,"8687":6056.8,"8688":null,"18069":1334894.8,"18070":3498.3,"73909":null,"73910":559381.1}
[2025-10-22T04:21:49.545Z] [INFO] [เชียงใหม่] WebSocket connection closed
[2025-10-22T04:21:49.545Z] [INFO] [เชียงใหม่] Attempting to reconnect (1/10)...
