[2025-10-24T09:57:43.728Z] [INFO] === Starting Chiang Mai WebSocket Client ===
[2025-10-24T09:57:43.728Z] [INFO] [เชียงใหม่] Initializing database connection...
[2025-10-24T09:57:43.733Z] [INFO] [เชียงใหม่] Database station initialized: cmh1htzuq0000663wkea8qjx6
[2025-10-24T09:57:43.769Z] [INFO] [เชียงใหม่] เชื่อมต่อกับ WebSocket สำเร็จ
[2025-10-24T09:57:43.770Z] [INFO] [เชียงใหม่] Loaded 6 station-specific monitored objects: [8684, 8686, 8687, 18069, 73909, 73910]
[2025-10-24T09:57:43.770Z] [INFO] [เชียงใหม่] Initialized meter data for 6 objects
[2025-10-24T09:57:43.770Z] [INFO] [เชียงใหม่] ส่งข้อมูลชุด ID 0 (Sending data ID 0)
[2025-10-24T09:57:44.773Z] [DEBUG] [เชียงใหม่] Data sent: ID 0
[2025-10-24T09:58:01.386Z] [INFO] [เชียงใหม่] USID received: 853a8245-bce8-466e-acb1-8ed28bfa443c
[2025-10-24T09:58:01.386Z] [INFO] [เชียงใหม่] ส่งข้อมูลชุด ID 1 (Sending data ID 1)
[2025-10-24T09:58:02.388Z] [DEBUG] [เชียงใหม่] Data sent: ID 1
[2025-10-24T09:58:02.418Z] [INFO] [เชียงใหม่] ID 1 result: true
[2025-10-24T09:58:02.418Z] [INFO] [เชียงใหม่] ส่งข้อมูลชุด ID 2 (Sending data ID 2)
[2025-10-24T09:58:03.419Z] [DEBUG] [เชียงใหม่] Data sent: ID 2
[2025-10-24T09:58:03.446Z] [INFO] [เชียงใหม่] ID 2 result: true
[2025-10-24T09:58:03.447Z] [INFO] [เชียงใหม่] ส่งข้อมูลชุด ID 3 (Sending data ID 3)
[2025-10-24T09:58:04.449Z] [DEBUG] [เชียงใหม่] Data sent: ID 3
[2025-10-24T09:58:04.543Z] [INFO] [เชียงใหม่] ID 3 cached: true
[2025-10-24T09:58:04.543Z] [INFO] [เชียงใหม่] ส่งข้อมูลชุด ID 4 (Sending data ID 4)
[2025-10-24T09:58:05.545Z] [DEBUG] [เชียงใหม่] Data sent: ID 4
[2025-10-24T09:58:05.579Z] [INFO] [เชียงใหม่] ID 4 cached: true
[2025-10-24T09:58:05.580Z] [INFO] [เชียงใหม่] ส่งข้อมูลชุด ID 5 (Sending data ID 5)
[2025-10-24T09:58:06.582Z] [DEBUG] [เชียงใหม่] Data sent: ID 5
[2025-10-24T09:58:06.694Z] [INFO] [เชียงใหม่] ID 5 cached: true
[2025-10-24T09:58:06.695Z] [INFO] [เชียงใหม่] ส่งข้อมูลชุด ID 6 (Sending data ID 6)
[2025-10-24T09:58:07.697Z] [DEBUG] [เชียงใหม่] Data sent: ID 6
[2025-10-24T09:58:07.747Z] [INFO] [เชียงใหม่] ID 6 cached: true
[2025-10-24T09:58:07.748Z] [INFO] [เชียงใหม่] ส่งข้อมูลชุด ID 7 (Sending data ID 7)
[2025-10-24T09:58:08.750Z] [DEBUG] [เชียงใหม่] Data sent: ID 7
[2025-10-24T09:58:08.776Z] [INFO] [เชียงใหม่] ID 7 result: true
[2025-10-24T09:58:08.777Z] [INFO] [เชียงใหม่] Listening for notifications...
[2025-10-24T09:58:08.777Z] [INFO] Session established successfully
[2025-10-24T09:58:08.955Z] [DATA] [เชียงใหม่] Meter data updated: {"8684":14292.5,"8686":7925.200000000001,"8687":6032.400000000001,"18069":1335662.6,"73909":612212.9,"73910":559704.1}
[2025-10-24T09:58:14.858Z] [DATA] [เชียงใหม่] Meter data updated: {"8684":14282.800000000001,"8686":7903.3,"8687":6011,"18069":1335662.6,"73909":612212.9,"73910":559704.1}
[2025-10-24T09:58:17.877Z] [DATA] [เชียงใหม่] Meter data updated: {"8684":14335.7,"8686":7903.3,"8687":6011,"18069":1335662.6,"73909":612212.9,"73910":559704.1}
[2025-10-24T09:58:20.887Z] [DATA] [เชียงใหม่] Meter data updated: {"8684":14335.7,"8686":7908.700000000001,"8687":6007.400000000001,"18069":1335662.6,"73909":612212.9,"73910":559704.1}
[2025-10-24T09:58:23.901Z] [DATA] [เชียงใหม่] Meter data updated: {"8684":14306.300000000001,"8686":7901.6,"8687":5996.400000000001,"18069":1335662.6,"73909":612212.9,"73910":559704.1}
[2025-10-24T09:58:26.922Z] [DATA] [เชียงใหม่] Meter data updated: {"8684":14294.300000000001,"8686":7908.900000000001,"8687":5996.400000000001,"18069":1335662.7000000002,"73909":612212.9,"73910":559704.1}
[2025-10-24T09:58:29.959Z] [DATA] [เชียงใหม่] Meter data updated: {"8684":14302.5,"8686":7908.900000000001,"8687":6002.6,"18069":1335662.7000000002,"73909":612212.9,"73910":559704.1}
[2025-10-24T09:58:33.074Z] [DATA] [เชียงใหม่] Meter data updated: {"8684":14302.5,"8686":7910.900000000001,"8687":6016.700000000001,"18069":1335662.7000000002,"73909":612212.9,"73910":559704.1}
[2025-10-24T09:58:36.002Z] [DATA] [เชียงใหม่] Meter data updated: {"8684":14332.6,"8686":7910.900000000001,"8687":6016.700000000001,"18069":1335662.7000000002,"73909":612212.9,"73910":559704.1}
[2025-10-24T09:58:42.060Z] [DATA] [เชียงใหม่] Meter data updated: {"8684":14332.6,"8686":7894.700000000001,"8687":6002.3,"18069":1335662.7000000002,"73909":612212.9,"73910":559704.1}
[2025-10-24T09:58:51.140Z] [DATA] [เชียงใหม่] Meter data updated: {"8684":14302.7,"8686":7911.3,"8687":6058.1,"18069":1335662.8,"73909":612213,"73910":559704.2000000001}
[2025-10-24T09:58:54.130Z] [DATA] [เชียงใหม่] Meter data updated: {"8684":14270.1,"8686":7909.3,"8687":6058.1,"18069":1335662.8,"73909":612213,"73910":559704.2000000001}
[2025-10-24T09:58:57.165Z] [DATA] [เชียงใหม่] Meter data updated: {"8684":14303.900000000001,"8686":7909.3,"8687":6036,"18069":1335662.8,"73909":612213,"73910":559704.2000000001}
[2025-10-24T09:59:00.172Z] [DATA] [เชียงใหม่] Meter data updated: {"8684":14303.900000000001,"8686":7900.6,"8687":6030.6,"18069":1335662.8,"73909":612213,"73910":559704.2000000001}
[2025-10-24T09:59:03.183Z] [DATA] [เชียงใหม่] Meter data updated: {"8684":14322.7,"8686":7903.700000000001,"8687":6055.700000000001,"18069":1335662.8,"73909":612213,"73910":559704.2000000001}
[2025-10-24T09:59:06.250Z] [DATA] [เชียงใหม่] Meter data updated: {"8684":14345,"8686":7903.700000000001,"8687":6055.700000000001,"18069":1335662.8,"73909":612213,"73910":559704.2000000001}
[2025-10-24T09:59:09.322Z] [DATA] [เชียงใหม่] Meter data updated: {"8684":14345,"8686":7907.900000000001,"8687":6025,"18069":1335662.8,"73909":612213,"73910":559704.2000000001}
[2025-10-24T09:59:12.244Z] [DATA] [เชียงใหม่] Meter data updated: {"8684":14352,"8686":7907.900000000001,"8687":6025,"18069":1335662.8,"73909":612213,"73910":559704.2000000001}
[2025-10-24T09:59:18.333Z] [DATA] [เชียงใหม่] Meter data updated: {"8684":14352,"8686":7907.8,"8687":6036.5,"18069":1335662.8,"73909":612213,"73910":559704.2000000001}
[2025-10-24T09:59:27.346Z] [DATA] [เชียงใหม่] Meter data updated: {"8684":14314.800000000001,"8686":7907.8,"8687":6036.5,"18069":1335662.9000000001,"73909":612213,"73910":559704.2000000001}
[2025-10-24T09:59:33.315Z] [DATA] [เชียงใหม่] Meter data updated: {"8684":14314.800000000001,"8686":7907.1,"8687":6030.900000000001,"18069":1335662.9000000001,"73909":612213.1,"73910":559704.2000000001}
[2025-10-24T09:59:39.346Z] [DATA] [เชียงใหม่] Meter data updated: {"8684":14321.5,"8686":7907.1,"8687":6030.900000000001,"18069":1335662.9000000001,"73909":612213.1,"73910":559704.2000000001}
[2025-10-24T09:59:42.361Z] [DATA] [เชียงใหม่] Meter data updated: {"8684":14321.5,"8686":7897.5,"8687":6035.700000000001,"18069":1335663,"73909":612213.1,"73910":559704.2000000001}
[2025-10-24T09:59:45.469Z] [DATA] [เชียงใหม่] Meter data updated: {"8684":14317.800000000001,"8686":7902.8,"8687":6035.200000000001,"18069":1335663,"73909":612213.1,"73910":559704.2000000001}
[2025-10-24T09:59:45.474Z] [INFO] [เชียงใหม่] Data saved to database
[2025-10-24T09:59:48.439Z] [DATA] [เชียงใหม่] Meter data updated: {"8684":14303.5,"8686":7902.8,"8687":6035.200000000001,"18069":1335663,"73909":612213.1,"73910":559704.3}
[2025-10-24T09:59:51.426Z] [DATA] [เชียงใหม่] Meter data updated: {"8684":14303.5,"8686":7890.6,"8687":6035.200000000001,"18069":1335663,"73909":612213.1,"73910":559704.3}
[2025-10-24T09:59:54.784Z] [DATA] [เชียงใหม่] Meter data updated: {"8684":14303.5,"8686":7890.6,"8687":6007.8,"18069":1335663,"73909":612213.1,"73910":559704.3}
[2025-10-24T10:00:03.548Z] [DATA] [เชียงใหม่] Meter data updated: {"8684":14300.5,"8686":7904.900000000001,"8687":6007.8,"18069":1335663,"73909":612213.1,"73910":559704.3}
[2025-10-24T10:00:06.547Z] [DATA] [เชียงใหม่] Meter data updated: {"8684":14315.7,"8686":7904.900000000001,"8687":6010.3,"18069":1335663,"73909":612213.1,"73910":559704.3}
[2025-10-24T10:00:09.634Z] [DATA] [เชียงใหม่] Meter data updated: {"8684":14315.7,"8686":7913.700000000001,"8687":6026.8,"18069":1335663.1,"73909":612213.1,"73910":559704.3}
[2025-10-24T10:00:12.579Z] [DATA] [เชียงใหม่] Meter data updated: {"8684":14299.300000000001,"8686":7896,"8687":6023.700000000001,"18069":1335663.1,"73909":612213.1,"73910":559704.3}
[2025-10-24T10:00:15.594Z] [DATA] [เชียงใหม่] Meter data updated: {"8684":14317.800000000001,"8686":7896,"8687":6023.700000000001,"18069":1335663.1,"73909":612213.1,"73910":559704.3}
[2025-10-24T10:00:18.617Z] [DATA] [เชียงใหม่] Meter data updated: {"8684":14317.800000000001,"8686":7890.1,"8687":6036.1,"18069":1335663.1,"73909":612213.2000000001,"73910":559704.3}
[2025-10-24T10:00:21.668Z] [DATA] [เชียงใหม่] Meter data updated: {"8684":14320.900000000001,"8686":7906.400000000001,"8687":6025.8,"18069":1335663.1,"73909":612213.2000000001,"73910":559704.3}
[2025-10-24T10:00:24.689Z] [DATA] [เชียงใหม่] Meter data updated: {"8684":14280.5,"8686":7906.400000000001,"8687":6025.8,"18069":1335663.1,"73909":612213.2000000001,"73910":559704.3}
[2025-10-24T10:00:27.682Z] [DATA] [เชียงใหม่] Meter data updated: {"8684":14280.5,"8686":7917.5,"8687":6051.3,"18069":1335663.1,"73909":612213.2000000001,"73910":559704.3}
[2025-10-24T10:00:30.699Z] [DATA] [เชียงใหม่] Meter data updated: {"8684":14346.5,"8686":7916.8,"8687":6017.1,"18069":1335663.1,"73909":612213.2000000001,"73910":559704.3}
[2025-10-24T10:00:33.784Z] [DATA] [เชียงใหม่] Meter data updated: {"8684":14317.2,"8686":7891.200000000001,"8687":6017.1,"18069":1335663.2000000002,"73909":612213.2000000001,"73910":559704.3}
[2025-10-24T10:00:36.725Z] [DATA] [เชียงใหม่] Meter data updated: {"8684":14293.5,"8686":7891.200000000001,"8687":6041.700000000001,"18069":1335663.2000000002,"73909":612213.2000000001,"73910":559704.3}
[2025-10-24T10:00:39.744Z] [DATA] [เชียงใหม่] Meter data updated: {"8684":14293.5,"8686":7895.200000000001,"8687":6030.200000000001,"18069":1335663.2000000002,"73909":612213.2000000001,"73910":559704.3}
[2025-10-24T10:00:42.759Z] [DATA] [เชียงใหม่] Meter data updated: {"8684":14316,"8686":7896.900000000001,"8687":6020.1,"18069":1335663.2000000002,"73909":612213.2000000001,"73910":559704.3}
[2025-10-24T10:00:45.794Z] [DATA] [เชียงใหม่] Meter data updated: {"8684":14261.5,"8686":7896.900000000001,"8687":6020.1,"18069":1335663.2000000002,"73909":612213.2000000001,"73910":559704.3}
[2025-10-24T10:00:48.813Z] [DATA] [เชียงใหม่] Meter data updated: {"8684":14261.5,"8686":7916.900000000001,"8687":6020.1,"18069":1335663.2000000002,"73909":612213.2000000001,"73910":559704.3}
[2025-10-24T10:00:54.819Z] [DATA] [เชียงใหม่] Meter data updated: {"8684":14261.5,"8686":7916.900000000001,"8687":6014,"18069":1335663.2000000002,"73909":612213.2000000001,"73910":559704.4}
[2025-10-24T10:01:00.938Z] [DATA] [เชียงใหม่] Meter data updated: {"8684":14307.900000000001,"8686":7916.900000000001,"8687":6014,"18069":1335663.3,"73909":612213.2000000001,"73910":559704.4}
[2025-10-24T10:01:09.949Z] [DATA] [เชียงใหม่] Meter data updated: {"8684":14307.900000000001,"8686":7890.5,"8687":6010.3,"18069":1335663.3,"73909":612213.3,"73910":559704.4}
[2025-10-24T10:01:15.971Z] [DATA] [เชียงใหม่] Meter data updated: {"8684":14314.1,"8686":7890.5,"8687":6010.3,"18069":1335663.3,"73909":612213.3,"73910":559704.4}
[2025-10-24T10:01:19.008Z] [DATA] [เชียงใหม่] Meter data updated: {"8684":14314.1,"8686":7908,"8687":6016.8,"18069":1335663.3,"73909":612213.3,"73910":559704.4}
[2025-10-24T10:01:22.035Z] [DATA] [เชียงใหม่] Meter data updated: {"8684":14302,"8686":7910.900000000001,"8687":6005,"18069":1335663.4000000001,"73909":612213.3,"73910":559704.4}
[2025-10-24T10:01:25.106Z] [DATA] [เชียงใหม่] Meter data updated: {"8684":14311.5,"8686":7926.200000000001,"8687":6005,"18069":1335663.4000000001,"73909":612213.3,"73910":559704.4}
[2025-10-24T10:01:28.069Z] [DATA] [เชียงใหม่] Meter data updated: {"8684":14294.5,"8686":7926.200000000001,"8687":5997.3,"18069":1335663.4000000001,"73909":612213.3,"73910":559704.4}
[2025-10-24T10:01:31.069Z] [DATA] [เชียงใหม่] Meter data updated: {"8684":14294.5,"8686":7905.900000000001,"8687":6035.200000000001,"18069":1335663.4000000001,"73909":612213.3,"73910":559704.4}
[2025-10-24T10:01:35.779Z] [DATA] [เชียงใหม่] Meter data updated: {"8684":14278.900000000001,"8686":7915.700000000001,"8687":6037.700000000001,"18069":1335663.4000000001,"73909":612213.3,"73910":559704.4}
[2025-10-24T10:01:35.785Z] [INFO] [เชียงใหม่] Data saved to database
[2025-10-24T10:01:37.155Z] [DATA] [เชียงใหม่] Meter data updated: {"8684":14269.5,"8686":7915.700000000001,"8687":6037.700000000001,"18069":1335663.4000000001,"73909":612213.3,"73910":559704.4}
[2025-10-24T10:01:40.106Z] [DATA] [เชียงใหม่] Meter data updated: {"8684":14269.5,"8686":7912.200000000001,"8687":6026.900000000001,"18069":1335663.4000000001,"73909":612213.3,"73910":559704.4}
[2025-10-24T10:01:43.118Z] [DATA] [เชียงใหม่] Meter data updated: {"8684":14321.7,"8686":7915.200000000001,"8687":6026.900000000001,"18069":1335663.4000000001,"73909":612213.3,"73910":559704.4}
[2025-10-24T10:01:49.167Z] [DATA] [เชียงใหม่] Meter data updated: {"8684":14321.7,"8686":7915.200000000001,"8687":6029.5,"18069":1335663.4000000001,"73909":612213.3,"73910":559704.5}
[2025-10-24T10:01:55.196Z] [DATA] [เชียงใหม่] Meter data updated: {"8684":14276.5,"8686":7915.200000000001,"8687":6029.5,"18069":1335663.4000000001,"73909":612213.3,"73910":559704.5}
[2025-10-24T10:01:58.221Z] [DATA] [เชียงใหม่] Meter data updated: {"8684":14276.5,"8686":7913.900000000001,"8687":6016.6,"18069":1335663.5,"73909":612213.4,"73910":559704.5}
[2025-10-24T10:02:01.352Z] [DATA] [เชียงใหม่] Meter data updated: {"8684":14286.5,"8686":7913.900000000001,"8687":6016.6,"18069":1335663.5,"73909":612213.4,"73910":559704.5}
[2025-10-24T10:02:07.251Z] [DATA] [เชียงใหม่] Meter data updated: {"8684":14286.5,"8686":7892.6,"8687":6016.900000000001,"18069":1335663.5,"73909":612213.4,"73910":559704.5}
[2025-10-24T10:02:16.341Z] [DATA] [เชียงใหม่] Meter data updated: {"8684":14331.800000000001,"8686":7904.3,"8687":6038.1,"18069":1335663.6,"73909":612213.4,"73910":559704.5}
[2025-10-24T10:02:19.378Z] [DATA] [เชียงใหม่] Meter data updated: {"8684":14264.5,"8686":7904.3,"8687":6038.1,"18069":1335663.6,"73909":612213.4,"73910":559704.5}
[2025-10-24T10:02:22.371Z] [DATA] [เชียงใหม่] Meter data updated: {"8684":14264.5,"8686":7896.8,"8687":6032,"18069":1335663.6,"73909":612213.4,"73910":559704.5}
[2025-10-24T10:02:25.419Z] [DATA] [เชียงใหม่] Meter data updated: {"8684":14280.400000000001,"8686":7891.900000000001,"8687":6033,"18069":1335663.6,"73909":612213.4,"73910":559704.5}
[2025-10-24T10:02:28.399Z] [DATA] [เชียงใหม่] Meter data updated: {"8684":14279.1,"8686":7891.900000000001,"8687":6033,"18069":1335663.6,"73909":612213.4,"73910":559704.5}
[2025-10-24T10:02:31.558Z] [DATA] [เชียงใหม่] Meter data updated: {"8684":14279.1,"8686":7898.200000000001,"8687":6018.6,"18069":1335663.6,"73909":612213.4,"73910":559704.5}
[2025-10-24T10:02:34.433Z] [DATA] [เชียงใหม่] Meter data updated: {"8684":14280.400000000001,"8686":7899.6,"8687":6009.200000000001,"18069":1335663.6,"73909":612213.5,"73910":559704.5}
[2025-10-24T10:02:37.464Z] [DATA] [เชียงใหม่] Meter data updated: {"8684":14281.5,"8686":7899.6,"8687":6009.200000000001,"18069":1335663.7000000002,"73909":612213.5,"73910":559704.5}
[2025-10-24T10:02:43.544Z] [DATA] [เชียงใหม่] Meter data updated: {"8684":14281.5,"8686":7900,"8687":6009.200000000001,"18069":1335663.7000000002,"73909":612213.5,"73910":559704.5}
[2025-10-24T10:02:46.504Z] [DATA] [เชียงใหม่] Meter data updated: {"8684":14281.5,"8686":7900,"8687":6007.700000000001,"18069":1335663.7000000002,"73909":612213.5,"73910":559704.5}
[2025-10-24T10:02:52.544Z] [DATA] [เชียงใหม่] Meter data updated: {"8684":14267.2,"8686":7908.6,"8687":6007.700000000001,"18069":1335663.7000000002,"73909":612213.5,"73910":559704.5}
[2025-10-24T10:02:55.627Z] [DATA] [เชียงใหม่] Meter data updated: {"8684":14284.900000000001,"8686":7908.6,"8687":6003.5,"18069":1335663.7000000002,"73909":612213.5,"73910":559704.6}
[2025-10-24T10:02:58.579Z] [DATA] [เชียงใหม่] Meter data updated: {"8684":14284.900000000001,"8686":7900.6,"8687":6036.400000000001,"18069":1335663.7000000002,"73909":612213.5,"73910":559704.6}
[2025-10-24T10:03:01.572Z] [DATA] [เชียงใหม่] Meter data updated: {"8684":14295,"8686":7896.6,"8687":6030.1,"18069":1335663.8,"73909":612213.5,"73910":559704.6}
[2025-10-24T10:03:04.637Z] [DATA] [เชียงใหม่] Meter data updated: {"8684":14318,"8686":7896.6,"8687":6030.1,"18069":1335663.8,"73909":612213.5,"73910":559704.6}
[2025-10-24T10:03:07.615Z] [DATA] [เชียงใหม่] Meter data updated: {"8684":14318,"8686":7899.900000000001,"8687":6017.5,"18069":1335663.8,"73909":612213.5,"73910":559704.6}
[2025-10-24T10:03:10.638Z] [DATA] [เชียงใหม่] Meter data updated: {"8684":14326.7,"8686":7906,"8687":6050.400000000001,"18069":1335663.8,"73909":612213.5,"73910":559704.6}
[2025-10-24T10:03:13.752Z] [DATA] [เชียงใหม่] Meter data updated: {"8684":14308.400000000001,"8686":7906,"8687":6050.400000000001,"18069":1335663.8,"73909":612213.5,"73910":559704.6}
[2025-10-24T10:03:16.676Z] [DATA] [เชียงใหม่] Meter data updated: {"8684":14308.400000000001,"8686":7890.900000000001,"8687":6018.1,"18069":1335663.8,"73909":612213.5,"73910":559704.6}
[2025-10-24T10:03:19.693Z] [DATA] [เชียงใหม่] Meter data updated: {"8684":14274.5,"8686":7907.1,"8687":6023.400000000001,"18069":1335663.8,"73909":612213.6,"73910":559704.6}
[2025-10-24T10:03:22.730Z] [DATA] [เชียงใหม่] Meter data updated: {"8684":14249.900000000001,"8686":7907.1,"8687":6023.400000000001,"18069":1335663.8,"73909":612213.6,"73910":559704.6}
[2025-10-24T10:03:28.743Z] [DATA] [เชียงใหม่] Meter data updated: {"8684":14249.900000000001,"8686":7899.3,"8687":6030.8,"18069":1335663.8,"73909":612213.6,"73910":559704.6}
[2025-10-24T10:03:34.272Z] [INFO] Received SIGINT, shutting down...
[2025-10-24T10:03:34.272Z] [INFO] [เชียงใหม่] Disconnecting WebSocket...
[2025-10-24T10:03:34.274Z] [INFO] Received SIGTERM, shutting down...
[2025-10-24T10:03:34.445Z] [INFO] [เชียงใหม่] WebSocket connection closed
[2025-10-24T10:03:34.445Z] [INFO] [เชียงใหม่] Attempting to reconnect (1/10)...
