[2025-10-24T03:03:09.158Z] [INFO] === Starting Chiang Mai WebSocket Client ===
[2025-10-24T03:03:09.158Z] [INFO] [เชียงใหม่] Initializing database connection...
[2025-10-24T03:03:09.163Z] [INFO] [เชียงใหม่] Database station initialized: cmh1htzuq0000663wkea8qjx6
[2025-10-24T03:03:09.203Z] [INFO] [เชียงใหม่] เชื่อมต่อกับ WebSocket สำเร็จ
[2025-10-24T03:03:09.203Z] [INFO] [เชียงใหม่] ส่งข้อมูลชุด ID 0 (Sending data ID 0)
[2025-10-24T03:03:10.206Z] [DEBUG] [เชียงใหม่] Data sent: ID 0
[2025-10-24T03:03:27.285Z] [INFO] [เชียงใหม่] USID received: 2decca3b-c902-4994-9a19-6bfbd2e1fec6
[2025-10-24T03:03:27.286Z] [INFO] [เชียงใหม่] ส่งข้อมูลชุด ID 1 (Sending data ID 1)
[2025-10-24T03:03:28.288Z] [DEBUG] [เชียงใหม่] Data sent: ID 1
[2025-10-24T03:03:28.316Z] [INFO] [เชียงใหม่] ID 1 result: true
[2025-10-24T03:03:28.317Z] [INFO] [เชียงใหม่] ส่งข้อมูลชุด ID 2 (Sending data ID 2)
[2025-10-24T03:03:29.318Z] [DEBUG] [เชียงใหม่] Data sent: ID 2
[2025-10-24T03:03:29.343Z] [INFO] [เชียงใหม่] ID 2 result: true
[2025-10-24T03:03:29.344Z] [INFO] [เชียงใหม่] ส่งข้อมูลชุด ID 3 (Sending data ID 3)
[2025-10-24T03:03:30.346Z] [DEBUG] [เชียงใหม่] Data sent: ID 3
[2025-10-24T03:03:30.457Z] [INFO] [เชียงใหม่] ID 3 cached: true
[2025-10-24T03:03:30.458Z] [INFO] [เชียงใหม่] ส่งข้อมูลชุด ID 4 (Sending data ID 4)
[2025-10-24T03:03:31.460Z] [DEBUG] [เชียงใหม่] Data sent: ID 4
[2025-10-24T03:03:31.484Z] [INFO] [เชียงใหม่] ID 4 cached: true
[2025-10-24T03:03:31.484Z] [INFO] [เชียงใหม่] ส่งข้อมูลชุด ID 5 (Sending data ID 5)
[2025-10-24T03:03:32.486Z] [DEBUG] [เชียงใหม่] Data sent: ID 5
[2025-10-24T03:03:32.643Z] [INFO] [เชียงใหม่] ID 5 cached: true
[2025-10-24T03:03:32.644Z] [INFO] [เชียงใหม่] ส่งข้อมูลชุด ID 6 (Sending data ID 6)
[2025-10-24T03:03:33.646Z] [DEBUG] [เชียงใหม่] Data sent: ID 6
[2025-10-24T03:03:33.720Z] [INFO] [เชียงใหม่] ID 6 cached: true
[2025-10-24T03:03:33.721Z] [INFO] [เชียงใหม่] ส่งข้อมูลชุด ID 7 (Sending data ID 7)
[2025-10-24T03:03:34.724Z] [DEBUG] [เชียงใหม่] Data sent: ID 7
[2025-10-24T03:03:34.757Z] [INFO] [เชียงใหม่] ID 7 result: true
[2025-10-24T03:03:34.757Z] [INFO] [เชียงใหม่] Listening for notifications...
[2025-10-24T03:03:34.758Z] [INFO] Session established successfully
[2025-10-24T03:03:34.953Z] [DATA] [เชียงใหม่] Meter data updated: {"8684":14336.7,"8685":0,"8686":null,"8687":6017.900000000001,"8688":null,"8689":null,"18069":1335563.8,"18070":3498.3,"73909":null,"73910":559662.5,"75428":null,"75429":null}
[2025-10-24T03:03:37.854Z] [DATA] [เชียงใหม่] Meter data updated: {"8684":14307,"8685":0,"8686":null,"8687":6017.900000000001,"8688":null,"8689":null,"18069":1335563.8,"18070":3498.3,"73909":null,"73910":559662.5,"75428":null,"75429":null}
[2025-10-24T03:03:40.904Z] [DATA] [เชียงใหม่] Meter data updated: {"8684":14310.900000000001,"8685":0,"8686":null,"8687":6019.200000000001,"8688":null,"8689":null,"18069":1335563.8,"18070":3498.3,"73909":null,"73910":559662.5,"75428":null,"75429":null}
[2025-10-24T03:03:43.888Z] [DATA] [เชียงใหม่] Meter data updated: {"8684":14310.900000000001,"8685":0,"8686":null,"8687":6029.5,"8688":null,"8689":null,"18069":1335563.8,"18070":3498.3,"73909":null,"73910":559662.5,"75428":null,"75429":null}
[2025-10-24T03:03:46.914Z] [DATA] [เชียงใหม่] Meter data updated: {"8684":14311.300000000001,"8685":0,"8686":null,"8687":6026.200000000001,"8688":null,"8689":null,"18069":1335563.8,"18070":3498.3,"73909":null,"73910":559662.5,"75428":null,"75429":null}
[2025-10-24T03:03:49.927Z] [DATA] [เชียงใหม่] Meter data updated: {"8684":14316.2,"8685":0,"8686":null,"8687":6026.200000000001,"8688":null,"8689":null,"18069":1335563.9000000001,"18070":3498.3,"73909":null,"73910":559662.5,"75428":null,"75429":null}
[2025-10-24T03:03:52.945Z] [DATA] [เชียงใหม่] Meter data updated: {"8684":14316.2,"8685":0,"8686":null,"8687":6007.900000000001,"8688":null,"8689":null,"18069":1335563.9000000001,"18070":3498.3,"73909":null,"73910":559662.5,"75428":null,"75429":null}
[2025-10-24T03:03:55.956Z] [DATA] [เชียงใหม่] Meter data updated: {"8684":14327.400000000001,"8685":0,"8686":null,"8687":6013,"8688":null,"8689":null,"18069":1335563.9000000001,"18070":3498.3,"73909":null,"73910":559662.5,"75428":null,"75429":null}
[2025-10-24T03:03:58.974Z] [DATA] [เชียงใหม่] Meter data updated: {"8684":14337.800000000001,"8685":0,"8686":null,"8687":6013,"8688":null,"8689":null,"18069":1335563.9000000001,"18070":3498.3,"73909":null,"73910":559662.5,"75428":null,"75429":null}
[2025-10-24T03:04:01.967Z] [DATA] [เชียงใหม่] Meter data updated: {"8684":14337.800000000001,"8685":0,"8686":null,"8687":6018.700000000001,"8688":null,"8689":null,"18069":1335563.9000000001,"18070":3498.3,"73909":null,"73910":559662.5,"75428":null,"75429":null}
[2025-10-24T03:04:04.994Z] [DATA] [เชียงใหม่] Meter data updated: {"8684":14307.400000000001,"8685":0,"8686":null,"8687":6037.1,"8688":null,"8689":null,"18069":1335563.9000000001,"18070":3498.3,"73909":null,"73910":559662.5,"75428":null,"75429":null}
[2025-10-24T03:04:08.034Z] [DATA] [เชียงใหม่] Meter data updated: {"8684":14305,"8685":0,"8686":null,"8687":6037.1,"8688":null,"8689":null,"18069":1335563.9000000001,"18070":3498.3,"73909":null,"73910":559662.5,"75428":null,"75429":null}
[2025-10-24T03:04:14.076Z] [DATA] [เชียงใหม่] Meter data updated: {"8684":14305,"8685":0,"8686":null,"8687":6031.400000000001,"8688":null,"8689":null,"18069":1335563.9000000001,"18070":3498.3,"73909":null,"73910":559662.5,"75428":null,"75429":null}
[2025-10-24T03:04:23.194Z] [DATA] [เชียงใหม่] Meter data updated: {"8684":14308.2,"8685":0,"8686":null,"8687":6052.400000000001,"8688":null,"8689":null,"18069":1335564,"18070":3498.3,"73909":null,"73910":559662.5,"75428":null,"75429":null}
[2025-10-24T03:04:26.267Z] [DATA] [เชียงใหม่] Meter data updated: {"8684":14337.900000000001,"8685":0,"8686":null,"8687":6052.400000000001,"8688":null,"8689":null,"18069":1335564,"18070":3498.3,"73909":null,"73910":559662.5,"75428":null,"75429":null}
[2025-10-24T03:04:29.216Z] [DATA] [เชียงใหม่] Meter data updated: {"8684":14337.900000000001,"8685":0,"8686":null,"8687":6026.900000000001,"8688":null,"8689":null,"18069":1335564,"18070":3498.3,"73909":null,"73910":559662.5,"75428":null,"75429":null}
[2025-10-24T03:04:32.514Z] [DATA] [เชียงใหม่] Meter data updated: {"8684":14290.7,"8685":0,"8686":null,"8687":6043.900000000001,"8688":null,"8689":null,"18069":1335564,"18070":3498.3,"73909":null,"73910":559662.6,"75428":null,"75429":null}
[2025-10-24T03:04:35.278Z] [DATA] [เชียงใหม่] Meter data updated: {"8684":14290.1,"8685":0,"8686":null,"8687":6043.900000000001,"8688":null,"8689":null,"18069":1335564,"18070":3498.3,"73909":null,"73910":559662.6,"75428":null,"75429":null}
[2025-10-24T03:04:38.248Z] [DATA] [เชียงใหม่] Meter data updated: {"8684":14290.1,"8685":0,"8686":null,"8687":6032.3,"8688":null,"8689":null,"18069":1335564,"18070":3498.3,"73909":null,"73910":559662.6,"75428":null,"75429":null}
[2025-10-24T03:04:38.251Z] [INFO] [เชียงใหม่] Data saved to database
[2025-10-24T03:04:41.319Z] [DATA] [เชียงใหม่] Meter data updated: {"8684":14281,"8685":0,"8686":null,"8687":6028.1,"8688":null,"8689":null,"18069":1335564.1,"18070":3498.3,"73909":null,"73910":559662.6,"75428":null,"75429":null}
[2025-10-24T03:04:44.290Z] [DATA] [เชียงใหม่] Meter data updated: {"8684":14285.7,"8685":0,"8686":null,"8687":6028.1,"8688":null,"8689":null,"18069":1335564.1,"18070":3498.3,"73909":null,"73910":559662.6,"75428":null,"75429":null}
[2025-10-24T03:04:50.307Z] [DATA] [เชียงใหม่] Meter data updated: {"8684":14285.7,"8685":0,"8686":null,"8687":6054,"8688":null,"8689":null,"18069":1335564.1,"18070":3498.3,"73909":null,"73910":559662.6,"75428":null,"75429":null}
[2025-10-24T03:04:50.314Z] [INFO] [เชียงใหม่] Data saved to database
[2025-10-24T03:04:54.553Z] [INFO] Received SIGINT, shutting down...
[2025-10-24T03:04:54.554Z] [INFO] [เชียงใหม่] Disconnecting WebSocket...
[2025-10-24T03:04:54.556Z] [INFO] Received SIGTERM, shutting down...
[2025-10-24T03:04:54.577Z] [INFO] [เชียงใหม่] WebSocket connection closed
[2025-10-24T03:04:54.578Z] [INFO] [เชียงใหม่] Attempting to reconnect (1/10)...
