[2025-10-24T03:31:47.520Z] [INFO] === Starting Chiang Mai WebSocket Client ===
[2025-10-24T03:31:47.521Z] [INFO] [เชียงใหม่] Initializing database connection...
[2025-10-24T03:31:47.526Z] [INFO] [เชียงใหม่] Database station initialized: cmh1htzuq0000663wkea8qjx6
[2025-10-24T03:31:47.562Z] [INFO] [เชียงใหม่] เชื่อมต่อกับ WebSocket สำเร็จ
[2025-10-24T03:31:47.565Z] [INFO] [เชียงใหม่] Loaded 6 station-specific monitored objects: [8684, 8686, 8687, 18069, 73909, 73910]
[2025-10-24T03:31:47.565Z] [INFO] [เชียงใหม่] Initialized meter data for 6 objects
[2025-10-24T03:31:47.565Z] [INFO] [เชียงใหม่] ส่งข้อมูลชุด ID 0 (Sending data ID 0)
[2025-10-24T03:31:48.572Z] [DEBUG] [เชียงใหม่] Data sent: ID 0
[2025-10-24T03:32:06.628Z] [INFO] [เชียงใหม่] USID received: b0489ae6-0fcb-4556-8252-e31ee7b0e62a
[2025-10-24T03:32:06.630Z] [INFO] [เชียงใหม่] ส่งข้อมูลชุด ID 1 (Sending data ID 1)
[2025-10-24T03:32:07.631Z] [DEBUG] [เชียงใหม่] Data sent: ID 1
[2025-10-24T03:32:07.659Z] [INFO] [เชียงใหม่] ID 1 result: true
[2025-10-24T03:32:07.660Z] [INFO] [เชียงใหม่] ส่งข้อมูลชุด ID 2 (Sending data ID 2)
[2025-10-24T03:32:08.662Z] [DEBUG] [เชียงใหม่] Data sent: ID 2
[2025-10-24T03:32:08.687Z] [INFO] [เชียงใหม่] ID 2 result: true
[2025-10-24T03:32:08.688Z] [INFO] [เชียงใหม่] ส่งข้อมูลชุด ID 3 (Sending data ID 3)
[2025-10-24T03:32:09.690Z] [DEBUG] [เชียงใหม่] Data sent: ID 3
[2025-10-24T03:32:09.855Z] [INFO] [เชียงใหม่] ID 3 cached: true
[2025-10-24T03:32:09.856Z] [INFO] [เชียงใหม่] ส่งข้อมูลชุด ID 4 (Sending data ID 4)
[2025-10-24T03:32:10.856Z] [DEBUG] [เชียงใหม่] Data sent: ID 4
[2025-10-24T03:32:10.886Z] [INFO] [เชียงใหม่] ID 4 cached: true
[2025-10-24T03:32:10.887Z] [INFO] [เชียงใหม่] ส่งข้อมูลชุด ID 5 (Sending data ID 5)
[2025-10-24T03:32:11.889Z] [DEBUG] [เชียงใหม่] Data sent: ID 5
[2025-10-24T03:32:12.293Z] [INFO] [เชียงใหม่] ID 5 cached: true
[2025-10-24T03:32:12.294Z] [INFO] [เชียงใหม่] ส่งข้อมูลชุด ID 6 (Sending data ID 6)
[2025-10-24T03:32:13.296Z] [DEBUG] [เชียงใหม่] Data sent: ID 6
[2025-10-24T03:32:13.408Z] [INFO] [เชียงใหม่] ID 6 cached: true
[2025-10-24T03:32:13.408Z] [INFO] [เชียงใหม่] ส่งข้อมูลชุด ID 7 (Sending data ID 7)
[2025-10-24T03:32:14.410Z] [DEBUG] [เชียงใหม่] Data sent: ID 7
[2025-10-24T03:32:14.437Z] [INFO] [เชียงใหม่] ID 7 result: true
[2025-10-24T03:32:14.438Z] [INFO] [เชียงใหม่] Listening for notifications...
[2025-10-24T03:32:14.439Z] [INFO] Session established successfully
[2025-10-24T03:32:14.617Z] [DATA] [เชียงใหม่] Meter data updated: {"8684":14307.7,"8686":7897.1,"8687":6014.6,"18069":1335570.6,"73909":612162.1,"73910":559665.3}
[2025-10-24T03:32:17.500Z] [DATA] [เชียงใหม่] Meter data updated: {"8684":14263.400000000001,"8686":7896.200000000001,"8687":6014.6,"18069":1335570.6,"73909":612162.1,"73910":559665.3}
[2025-10-24T03:32:20.539Z] [DATA] [เชียงใหม่] Meter data updated: {"8684":14263.400000000001,"8686":7896.200000000001,"8687":6028.6,"18069":1335570.6,"73909":612162.1,"73910":559665.3}
[2025-10-24T03:32:23.550Z] [DATA] [เชียงใหม่] Meter data updated: {"8684":14263.900000000001,"8686":7896.200000000001,"8687":6028.6,"18069":1335570.7000000002,"73909":612162.1,"73910":559665.3}
[2025-10-24T03:32:29.623Z] [DATA] [เชียงใหม่] Meter data updated: {"8684":14263.900000000001,"8686":7895.400000000001,"8687":6008.6,"18069":1335570.7000000002,"73909":612162.1,"73910":559665.4}
[2025-10-24T03:32:35.662Z] [DATA] [เชียงใหม่] Meter data updated: {"8684":14292.5,"8686":7895.400000000001,"8687":6008.6,"18069":1335570.7000000002,"73909":612162.1,"73910":559665.4}
[2025-10-24T03:32:38.674Z] [DATA] [เชียงใหม่] Meter data updated: {"8684":14292.5,"8686":7893.200000000001,"8687":6014.900000000001,"18069":1335570.7000000002,"73909":612162.1,"73910":559665.4}
[2025-10-24T03:32:41.693Z] [DATA] [เชียงใหม่] Meter data updated: {"8684":14249.7,"8686":7890.400000000001,"8687":6022.700000000001,"18069":1335570.7000000002,"73909":612162.1,"73910":559665.4}
[2025-10-24T03:32:44.706Z] [DATA] [เชียงใหม่] Meter data updated: {"8684":14268.900000000001,"8686":7890.400000000001,"8687":6022.700000000001,"18069":1335570.7000000002,"73909":612162.1,"73910":559665.4}
[2025-10-24T03:32:47.712Z] [DATA] [เชียงใหม่] Meter data updated: {"8684":14268.900000000001,"8686":7912.5,"8687":6022.1,"18069":1335570.7000000002,"73909":612162.1,"73910":559665.4}
[2025-10-24T03:32:50.742Z] [DATA] [เชียงใหม่] Meter data updated: {"8684":14254.7,"8686":7893,"8687":5994,"18069":1335570.8,"73909":612162.1,"73910":559665.4}
[2025-10-24T03:32:53.755Z] [DATA] [เชียงใหม่] Meter data updated: {"8684":14284,"8686":7889.400000000001,"8687":5994,"18069":1335570.8,"73909":612162.1,"73910":559665.4}
[2025-10-24T03:32:53.760Z] [INFO] [เชียงใหม่] Data saved to database
[2025-10-24T03:32:56.768Z] [DATA] [เชียงใหม่] Meter data updated: {"8684":14273.5,"8686":7889.400000000001,"8687":6006,"18069":1335570.8,"73909":612162.1,"73910":559665.4}
[2025-10-24T03:32:59.763Z] [DATA] [เชียงใหม่] Meter data updated: {"8684":14273.5,"8686":7897.1,"8687":6034.900000000001,"18069":1335570.8,"73909":612162.2000000001,"73910":559665.4}
[2025-10-24T03:33:02.800Z] [DATA] [เชียงใหม่] Meter data updated: {"8684":14275.2,"8686":7915.3,"8687":6017.6,"18069":1335570.8,"73909":612162.2000000001,"73910":559665.4}
[2025-10-24T03:33:05.792Z] [DATA] [เชียงใหม่] Meter data updated: {"8684":14250.5,"8686":7915.3,"8687":6017.6,"18069":1335570.8,"73909":612162.2000000001,"73910":559665.4}
[2025-10-24T03:33:08.806Z] [DATA] [เชียงใหม่] Meter data updated: {"8684":14250.5,"8686":7902,"8687":6017.6,"18069":1335570.8,"73909":612162.2000000001,"73910":559665.4}
[2025-10-24T03:33:11.841Z] [DATA] [เชียงใหม่] Meter data updated: {"8684":14312.6,"8686":7895,"8687":6011.8,"18069":1335570.9000000001,"73909":612162.2000000001,"73910":559665.4}
[2025-10-24T03:33:14.860Z] [DATA] [เชียงใหม่] Meter data updated: {"8684":14261.900000000001,"8686":7895,"8687":6011.8,"18069":1335570.9000000001,"73909":612162.2000000001,"73910":559665.4}
[2025-10-24T03:33:17.872Z] [DATA] [เชียงใหม่] Meter data updated: {"8684":14261.900000000001,"8686":7876.6,"8687":6002.900000000001,"18069":1335570.9000000001,"73909":612162.2000000001,"73910":559665.4}
[2025-10-24T03:33:20.892Z] [DATA] [เชียงใหม่] Meter data updated: {"8684":14262.2,"8686":7891.200000000001,"8687":6002.900000000001,"18069":1335570.9000000001,"73909":612162.2000000001,"73910":559665.4}
[2025-10-24T03:33:26.919Z] [DATA] [เชียงใหม่] Meter data updated: {"8684":14262.2,"8686":7891.200000000001,"8687":6030.400000000001,"18069":1335570.9000000001,"73909":612162.2000000001,"73910":559665.5}
[2025-10-24T03:33:32.962Z] [DATA] [เชียงใหม่] Meter data updated: {"8684":14278.800000000001,"8686":7891.200000000001,"8687":6030.400000000001,"18069":1335570.9000000001,"73909":612162.2000000001,"73910":559665.5}
[2025-10-24T03:33:35.987Z] [DATA] [เชียงใหม่] Meter data updated: {"8684":14278.800000000001,"8686":7890.900000000001,"8687":6028.1,"18069":1335570.9000000001,"73909":612162.2000000001,"73910":559665.5}
[2025-10-24T03:33:38.984Z] [DATA] [เชียงใหม่] Meter data updated: {"8684":14287,"8686":7890.900000000001,"8687":6028.1,"18069":1335571,"73909":612162.2000000001,"73910":559665.5}
[2025-10-24T03:33:45.059Z] [DATA] [เชียงใหม่] Meter data updated: {"8684":14287,"8686":7880.5,"8687":6037.5,"18069":1335571,"73909":612162.3,"73910":559665.5}
[2025-10-24T03:33:54.144Z] [DATA] [เชียงใหม่] Meter data updated: {"8684":14301.7,"8686":7903.700000000001,"8687":6016,"18069":1335571,"73909":612162.3,"73910":559665.5}
[2025-10-24T03:33:57.176Z] [DATA] [เชียงใหม่] Meter data updated: {"8684":14317.1,"8686":7896.200000000001,"8687":6016,"18069":1335571,"73909":612162.3,"73910":559665.5}
[2025-10-24T03:34:00.178Z] [DATA] [เชียงใหม่] Meter data updated: {"8684":14317.1,"8686":7896.200000000001,"8687":6022.3,"18069":1335571,"73909":612162.3,"73910":559665.5}
[2025-10-24T03:34:03.225Z] [DATA] [เชียงใหม่] Meter data updated: {"8684":14263.800000000001,"8686":7893.700000000001,"8687":6007.6,"18069":1335571.1,"73909":612162.3,"73910":559665.5}
[2025-10-24T03:34:06.247Z] [DATA] [เชียงใหม่] Meter data updated: {"8684":14271.300000000001,"8686":7897.5,"8687":6007.6,"18069":1335571.1,"73909":612162.3,"73910":559665.5}
[2025-10-24T03:34:12.280Z] [DATA] [เชียงใหม่] Meter data updated: {"8684":14271.300000000001,"8686":7897.5,"8687":6024.400000000001,"18069":1335571.1,"73909":612162.3,"73910":559665.5}
[2025-10-24T03:34:21.320Z] [DATA] [เชียงใหม่] Meter data updated: {"8684":14269.900000000001,"8686":7890.5,"8687":6053.3,"18069":1335571.1,"73909":612162.3,"73910":559665.5}
[2025-10-24T03:34:24.331Z] [DATA] [เชียงใหม่] Meter data updated: {"8684":14274.800000000001,"8686":7890.5,"8687":6053.3,"18069":1335571.1,"73909":612162.3,"73910":559665.6}
[2025-10-24T03:34:27.337Z] [DATA] [เชียงใหม่] Meter data updated: {"8684":14274.800000000001,"8686":7904.400000000001,"8687":6044.5,"18069":1335571.1,"73909":612162.3,"73910":559665.6}
[2025-10-24T03:34:30.353Z] [DATA] [เชียงใหม่] Meter data updated: {"8684":14278.6,"8686":7896.5,"8687":6044,"18069":1335571.2000000002,"73909":612162.4,"73910":559665.6}
[2025-10-24T03:34:33.386Z] [DATA] [เชียงใหม่] Meter data updated: {"8684":14280.6,"8686":7896.5,"8687":6044,"18069":1335571.2000000002,"73909":612162.4,"73910":559665.6}
[2025-10-24T03:34:36.396Z] [DATA] [เชียงใหม่] Meter data updated: {"8684":14280.6,"8686":7887,"8687":6018.400000000001,"18069":1335571.2000000002,"73909":612162.4,"73910":559665.6}
[2025-10-24T03:34:39.413Z] [DATA] [เชียงใหม่] Meter data updated: {"8684":14305,"8686":7898.8,"8687":6052.400000000001,"18069":1335571.2000000002,"73909":612162.4,"73910":559665.6}
[2025-10-24T03:34:42.447Z] [DATA] [เชียงใหม่] Meter data updated: {"8684":14283.5,"8686":7890.8,"8687":6052.400000000001,"18069":1335571.2000000002,"73909":612162.4,"73910":559665.6}
[2025-10-24T03:34:45.461Z] [DATA] [เชียงใหม่] Meter data updated: {"8684":14273.6,"8686":7890.8,"8687":6014.6,"18069":1335571.2000000002,"73909":612162.4,"73910":559665.6}
[2025-10-24T03:34:48.477Z] [DATA] [เชียงใหม่] Meter data updated: {"8684":14273.6,"8686":7897.8,"8687":6002.3,"18069":1335571.2000000002,"73909":612162.4,"73910":559665.6}
[2025-10-24T03:34:51.515Z] [DATA] [เชียงใหม่] Meter data updated: {"8684":14264.2,"8686":7910,"8687":6009.1,"18069":1335571.2000000002,"73909":612162.4,"73910":559665.6}
[2025-10-24T03:34:54.531Z] [DATA] [เชียงใหม่] Meter data updated: {"8684":14280.800000000001,"8686":7910,"8687":6009.1,"18069":1335571.3,"73909":612162.4,"73910":559665.6}
[2025-10-24T03:35:03.560Z] [DATA] [เชียงใหม่] Meter data updated: {"8684":14280.800000000001,"8686":7891.3,"8687":6028,"18069":1335571.3,"73909":612162.4,"73910":559665.6}
[2025-10-24T03:35:09.614Z] [DATA] [เชียงใหม่] Meter data updated: {"8684":14298.2,"8686":7891.3,"8687":6028,"18069":1335571.3,"73909":612162.4,"73910":559665.6}
[2025-10-24T03:35:12.618Z] [DATA] [เชียงใหม่] Meter data updated: {"8684":14298.2,"8686":7888.200000000001,"8687":6028,"18069":1335571.3,"73909":612162.4,"73910":559665.6}
[2025-10-24T03:35:18.647Z] [DATA] [เชียงใหม่] Meter data updated: {"8684":14321.400000000001,"8686":7888.200000000001,"8687":6028,"18069":1335571.4000000001,"73909":612162.4,"73910":559665.6}
[2025-10-24T03:35:24.704Z] [DATA] [เชียงใหม่] Meter data updated: {"8684":14321.400000000001,"8686":7889.1,"8687":6028,"18069":1335571.4000000001,"73909":612162.4,"73910":559665.6}
[2025-10-24T03:35:27.717Z] [DATA] [เชียงใหม่] Meter data updated: {"8684":14321.400000000001,"8686":7889.1,"8687":6035.200000000001,"18069":1335571.4000000001,"73909":612162.5,"73910":559665.7000000001}
[2025-10-24T03:35:33.745Z] [DATA] [เชียงใหม่] Meter data updated: {"8684":14299.300000000001,"8686":7889.1,"8687":6035.200000000001,"18069":1335571.4000000001,"73909":612162.5,"73910":559665.7000000001}
[2025-10-24T03:35:36.777Z] [DATA] [เชียงใหม่] Meter data updated: {"8684":14299.300000000001,"8686":7901.700000000001,"8687":6044.5,"18069":1335571.4000000001,"73909":612162.5,"73910":559665.7000000001}
[2025-10-24T03:35:39.794Z] [DATA] [เชียงใหม่] Meter data updated: {"8684":14357.1,"8686":7905.900000000001,"8687":6025.6,"18069":1335571.4000000001,"73909":612162.5,"73910":559665.7000000001}
[2025-10-24T03:35:42.829Z] [DATA] [เชียงใหม่] Meter data updated: {"8684":14295.1,"8686":7905.900000000001,"8687":6025.6,"18069":1335571.5,"73909":612162.5,"73910":559665.7000000001}
[2025-10-24T03:35:48.898Z] [DATA] [เชียงใหม่] Meter data updated: {"8684":14295.1,"8686":7896.8,"8687":6023.1,"18069":1335571.5,"73909":612162.5,"73910":559665.7000000001}
[2025-10-24T03:35:57.929Z] [DATA] [เชียงใหม่] Meter data updated: {"8684":14248.7,"8686":7882.400000000001,"8687":6012.900000000001,"18069":1335571.5,"73909":612162.5,"73910":559665.7000000001}
[2025-10-24T03:36:00.940Z] [DATA] [เชียงใหม่] Meter data updated: {"8684":14278,"8686":7882.400000000001,"8687":6012.900000000001,"18069":1335571.5,"73909":612162.5,"73910":559665.7000000001}
[2025-10-24T03:36:03.977Z] [DATA] [เชียงใหม่] Meter data updated: {"8684":14278,"8686":7892.700000000001,"8687":6012.700000000001,"18069":1335571.5,"73909":612162.6,"73910":559665.7000000001}
[2025-10-24T03:36:07.002Z] [DATA] [เชียงใหม่] Meter data updated: {"8684":14320.6,"8686":7891.700000000001,"8687":6010.5,"18069":1335571.5,"73909":612162.6,"73910":559665.7000000001}
[2025-10-24T03:36:09.997Z] [DATA] [เชียงใหม่] Meter data updated: {"8684":14274.1,"8686":7891.700000000001,"8687":6010.5,"18069":1335571.6,"73909":612162.6,"73910":559665.7000000001}
[2025-10-24T03:36:16.084Z] [DATA] [เชียงใหม่] Meter data updated: {"8684":14274.1,"8686":7886.6,"8687":6030.1,"18069":1335571.6,"73909":612162.6,"73910":559665.7000000001}
[2025-10-24T03:36:16.089Z] [INFO] [เชียงใหม่] Data saved to database
[2025-10-24T03:36:25.148Z] [DATA] [เชียงใหม่] Meter data updated: {"8684":14317.1,"8686":7886.6,"8687":6030.1,"18069":1335571.6,"73909":612162.6,"73910":559665.7000000001}
[2025-10-24T03:36:31.162Z] [DATA] [เชียงใหม่] Meter data updated: {"8684":14317.1,"8686":7898.900000000001,"8687":6048.700000000001,"18069":1335571.6,"73909":612162.6,"73910":559665.7000000001}
[2025-10-24T03:36:34.176Z] [DATA] [เชียงใหม่] Meter data updated: {"8684":14317.1,"8686":7898.900000000001,"8687":6048.700000000001,"18069":1335571.6,"73909":612162.6,"73910":559665.8}
[2025-10-24T03:36:40.232Z] [DATA] [เชียงใหม่] Meter data updated: {"8684":14297.6,"8686":7899.700000000001,"8687":6048.700000000001,"18069":1335571.7000000002,"73909":612162.6,"73910":559665.8}
[2025-10-24T03:36:43.273Z] [DATA] [เชียงใหม่] Meter data updated: {"8684":14323.7,"8686":7899.700000000001,"8687":6026.8,"18069":1335571.7000000002,"73909":612162.6,"73910":559665.8}
[2025-10-24T03:36:46.274Z] [DATA] [เชียงใหม่] Meter data updated: {"8684":14323.7,"8686":7910.700000000001,"8687":6045.3,"18069":1335571.7000000002,"73909":612162.6,"73910":559665.8}
[2025-10-24T03:36:49.288Z] [DATA] [เชียงใหม่] Meter data updated: {"8684":14309.6,"8686":7901.3,"8687":6021.1,"18069":1335571.7000000002,"73909":612162.7000000001,"73910":559665.8}
[2025-10-24T03:36:52.308Z] [DATA] [เชียงใหม่] Meter data updated: {"8684":14317.1,"8686":7901.3,"8687":6021.1,"18069":1335571.7000000002,"73909":612162.7000000001,"73910":559665.8}
[2025-10-24T03:36:55.341Z] [DATA] [เชียงใหม่] Meter data updated: {"8684":14317.1,"8686":7899.8,"8687":6029,"18069":1335571.7000000002,"73909":612162.7000000001,"73910":559665.8}
[2025-10-24T03:36:58.357Z] [DATA] [เชียงใหม่] Meter data updated: {"8684":14309.2,"8686":7901.900000000001,"8687":6001.8,"18069":1335571.7000000002,"73909":612162.7000000001,"73910":559665.8}
[2025-10-24T03:37:01.370Z] [DATA] [เชียงใหม่] Meter data updated: {"8684":14299.1,"8686":7890.400000000001,"8687":6001.8,"18069":1335571.8,"73909":612162.7000000001,"73910":559665.8}
[2025-10-24T03:37:04.402Z] [DATA] [เชียงใหม่] Meter data updated: {"8684":14340.900000000001,"8686":7890.400000000001,"8687":6020.5,"18069":1335571.8,"73909":612162.7000000001,"73910":559665.8}
[2025-10-24T03:37:13.482Z] [DATA] [เชียงใหม่] Meter data updated: {"8684":14340.900000000001,"8686":7894.1,"8687":6036.700000000001,"18069":1335571.8,"73909":612162.7000000001,"73910":559665.8}
[2025-10-24T03:37:19.486Z] [DATA] [เชียงใหม่] Meter data updated: {"8684":14325,"8686":7894.1,"8687":6036.700000000001,"18069":1335571.8,"73909":612162.7000000001,"73910":559665.8}
[2025-10-24T03:37:22.511Z] [DATA] [เชียงใหม่] Meter data updated: {"8684":14325,"8686":7877.3,"8687":6018.6,"18069":1335571.8,"73909":612162.7000000001,"73910":559665.9}
[2025-10-24T03:37:25.542Z] [DATA] [เชียงใหม่] Meter data updated: {"8684":14309.6,"8686":7902.700000000001,"8687":6011.5,"18069":1335571.9000000001,"73909":612162.7000000001,"73910":559665.9}
[2025-10-24T03:37:28.550Z] [DATA] [เชียงใหม่] Meter data updated: {"8684":14323.800000000001,"8686":7902.700000000001,"8687":6011.5,"18069":1335571.9000000001,"73909":612162.7000000001,"73910":559665.9}
[2025-10-24T03:37:31.567Z] [DATA] [เชียงใหม่] Meter data updated: {"8684":14323.800000000001,"8686":7899.6,"8687":6003.3,"18069":1335571.9000000001,"73909":612162.7000000001,"73910":559665.9}
[2025-10-24T03:37:34.582Z] [DATA] [เชียงใหม่] Meter data updated: {"8684":14325.900000000001,"8686":7889.900000000001,"8687":6011.400000000001,"18069":1335571.9000000001,"73909":612162.8,"73910":559665.9}
[2025-10-24T03:37:36.384Z] [INFO] Received SIGINT, shutting down...
[2025-10-24T03:37:36.384Z] [INFO] [เชียงใหม่] Disconnecting WebSocket...
[2025-10-24T03:37:36.386Z] [INFO] Received SIGTERM, shutting down...
[2025-10-24T03:37:36.403Z] [INFO] [เชียงใหม่] WebSocket connection closed
[2025-10-24T03:37:36.403Z] [INFO] [เชียงใหม่] Attempting to reconnect (1/10)...
