[2025-10-24T06:40:18.719Z] [INFO] === Starting Chiang Mai WebSocket Client ===
[2025-10-24T06:40:18.720Z] [INFO] [เชียงใหม่] Initializing database connection...
[2025-10-24T06:40:18.724Z] [INFO] [เชียงใหม่] Database station initialized: cmh1htzuq0000663wkea8qjx6
[2025-10-24T06:40:18.821Z] [INFO] [เชียงใหม่] เชื่อมต่อกับ WebSocket สำเร็จ
[2025-10-24T06:40:18.823Z] [INFO] [เชียงใหม่] Loaded 6 station-specific monitored objects: [8684, 8686, 8687, 18069, 73909, 73910]
[2025-10-24T06:40:18.823Z] [INFO] [เชียงใหม่] Initialized meter data for 6 objects
[2025-10-24T06:40:18.823Z] [INFO] [เชียงใหม่] ส่งข้อมูลชุด ID 0 (Sending data ID 0)
[2025-10-24T06:40:19.827Z] [DEBUG] [เชียงใหม่] Data sent: ID 0
[2025-10-24T06:40:36.772Z] [INFO] [เชียงใหม่] USID received: bcc0be37-cafa-448c-8b2a-5493764df3b9
[2025-10-24T06:40:36.773Z] [INFO] [เชียงใหม่] ส่งข้อมูลชุด ID 1 (Sending data ID 1)
[2025-10-24T06:40:37.774Z] [DEBUG] [เชียงใหม่] Data sent: ID 1
[2025-10-24T06:40:37.801Z] [INFO] [เชียงใหม่] ID 1 result: true
[2025-10-24T06:40:37.802Z] [INFO] [เชียงใหม่] ส่งข้อมูลชุด ID 2 (Sending data ID 2)
[2025-10-24T06:40:38.802Z] [DEBUG] [เชียงใหม่] Data sent: ID 2
[2025-10-24T06:40:38.824Z] [INFO] [เชียงใหม่] ID 2 result: true
[2025-10-24T06:40:38.825Z] [INFO] [เชียงใหม่] ส่งข้อมูลชุด ID 3 (Sending data ID 3)
[2025-10-24T06:40:39.827Z] [DEBUG] [เชียงใหม่] Data sent: ID 3
[2025-10-24T06:40:39.949Z] [INFO] [เชียงใหม่] ID 3 cached: true
[2025-10-24T06:40:39.949Z] [INFO] [เชียงใหม่] ส่งข้อมูลชุด ID 4 (Sending data ID 4)
[2025-10-24T06:40:40.951Z] [DEBUG] [เชียงใหม่] Data sent: ID 4
[2025-10-24T06:40:40.977Z] [INFO] [เชียงใหม่] ID 4 cached: true
[2025-10-24T06:40:40.977Z] [INFO] [เชียงใหม่] ส่งข้อมูลชุด ID 5 (Sending data ID 5)
[2025-10-24T06:40:41.991Z] [DEBUG] [เชียงใหม่] Data sent: ID 5
[2025-10-24T06:40:42.151Z] [INFO] [เชียงใหม่] ID 5 cached: true
[2025-10-24T06:40:42.152Z] [INFO] [เชียงใหม่] ส่งข้อมูลชุด ID 6 (Sending data ID 6)
[2025-10-24T06:40:43.154Z] [DEBUG] [เชียงใหม่] Data sent: ID 6
[2025-10-24T06:40:43.207Z] [INFO] [เชียงใหม่] ID 6 cached: true
[2025-10-24T06:40:43.208Z] [INFO] [เชียงใหม่] ส่งข้อมูลชุด ID 7 (Sending data ID 7)
[2025-10-24T06:40:44.210Z] [DEBUG] [เชียงใหม่] Data sent: ID 7
[2025-10-24T06:40:44.253Z] [INFO] [เชียงใหม่] ID 7 result: true
[2025-10-24T06:40:44.254Z] [INFO] [เชียงใหม่] Listening for notifications...
[2025-10-24T06:40:44.255Z] [INFO] Session established successfully
[2025-10-24T06:40:44.439Z] [DATA] [เชียงใหม่] Meter data updated: {"8684":14305.1,"8686":7897.400000000001,"8687":6024.900000000001,"18069":1335615.5,"73909":612186.9,"73910":559684.3}
[2025-10-24T06:40:47.402Z] [DATA] [เชียงใหม่] Meter data updated: {"8684":14289.2,"8686":7992.6,"8687":6024.900000000001,"18069":1335615.5,"73909":612186.9,"73910":559684.3}
[2025-10-24T06:40:50.338Z] [DATA] [เชียงใหม่] Meter data updated: {"8684":14321.800000000001,"8686":7992.6,"8687":6033.900000000001,"18069":1335615.5,"73909":612186.9,"73910":559684.3}
[2025-10-24T06:40:53.443Z] [DATA] [เชียงใหม่] Meter data updated: {"8684":14321.800000000001,"8686":7896.400000000001,"8687":6014.6,"18069":1335615.5,"73909":612186.9,"73910":559684.3}
[2025-10-24T06:40:56.379Z] [DATA] [เชียงใหม่] Meter data updated: {"8684":14281.900000000001,"8686":7896.400000000001,"8687":6014.6,"18069":1335615.6,"73909":612186.9,"73910":559684.3}
[2025-10-24T06:41:02.453Z] [DATA] [เชียงใหม่] Meter data updated: {"8684":14281.900000000001,"8686":7887.900000000001,"8687":6033.5,"18069":1335615.6,"73909":612186.9,"73910":559684.3}
[2025-10-24T06:41:11.476Z] [DATA] [เชียงใหม่] Meter data updated: {"8684":14295.6,"8686":7888.700000000001,"8687":6047.400000000001,"18069":1335615.6,"73909":612186.9,"73910":559684.3}
[2025-10-24T06:41:14.537Z] [DATA] [เชียงใหม่] Meter data updated: {"8684":14320.7,"8686":7888.700000000001,"8687":6047.400000000001,"18069":1335615.6,"73909":612186.9,"73910":559684.3}
[2025-10-24T06:41:17.490Z] [DATA] [เชียงใหม่] Meter data updated: {"8684":14320.7,"8686":7888.6,"8687":6049.400000000001,"18069":1335615.6,"73909":612186.9,"73910":559684.3}
[2025-10-24T06:41:20.509Z] [DATA] [เชียงใหม่] Meter data updated: {"8684":14268.5,"8686":7899.6,"8687":6021.200000000001,"18069":1335615.6,"73909":612186.9,"73910":559684.3}
[2025-10-24T06:41:23.527Z] [DATA] [เชียงใหม่] Meter data updated: {"8684":14274.800000000001,"8686":7891.700000000001,"8687":6021.200000000001,"18069":1335615.7000000002,"73909":612186.9,"73910":559684.3}
[2025-10-24T06:41:26.621Z] [DATA] [เชียงใหม่] Meter data updated: {"8684":14265.800000000001,"8686":7891.700000000001,"8687":6052.8,"18069":1335615.7000000002,"73909":612187,"73910":559684.3}
[2025-10-24T06:41:29.594Z] [DATA] [เชียงใหม่] Meter data updated: {"8684":14265.800000000001,"8686":7894.1,"8687":6026.1,"18069":1335615.7000000002,"73909":612187,"73910":559684.3}
[2025-10-24T06:41:32.604Z] [DATA] [เชียงใหม่] Meter data updated: {"8684":14290.900000000001,"8686":7899.5,"8687":6041.700000000001,"18069":1335615.7000000002,"73909":612187,"73910":559684.3}
[2025-10-24T06:41:35.641Z] [DATA] [เชียงใหม่] Meter data updated: {"8684":14301,"8686":7899.5,"8687":6041.700000000001,"18069":1335615.7000000002,"73909":612187,"73910":559684.3}
[2025-10-24T06:41:38.627Z] [DATA] [เชียงใหม่] Meter data updated: {"8684":14301,"8686":7899.5,"8687":6052.3,"18069":1335615.7000000002,"73909":612187,"73910":559684.4}
[2025-10-24T06:41:41.663Z] [DATA] [เชียงใหม่] Meter data updated: {"8684":14292.1,"8686":7909.6,"8687":6028.6,"18069":1335615.7000000002,"73909":612187,"73910":559684.4}
[2025-10-24T06:41:44.745Z] [DATA] [เชียงใหม่] Meter data updated: {"8684":14335.400000000001,"8686":7909.6,"8687":6028.6,"18069":1335615.8,"73909":612187,"73910":559684.4}
[2025-10-24T06:41:47.690Z] [DATA] [เชียงใหม่] Meter data updated: {"8684":14335.400000000001,"8686":7906.1,"8687":6053.6,"18069":1335615.8,"73909":612187,"73910":559684.4}
[2025-10-24T06:41:50.787Z] [DATA] [เชียงใหม่] Meter data updated: {"8684":14281.7,"8686":7892.200000000001,"8687":6047.6,"18069":1335615.8,"73909":612187,"73910":559684.4}
[2025-10-24T06:41:53.746Z] [DATA] [เชียงใหม่] Meter data updated: {"8684":14316.5,"8686":7915.900000000001,"8687":6047.6,"18069":1335615.8,"73909":612187,"73910":559684.4}
[2025-10-24T06:41:56.829Z] [DATA] [เชียงใหม่] Meter data updated: {"8684":14329.1,"8686":7915.900000000001,"8687":6020.3,"18069":1335615.8,"73909":612187,"73910":559684.4}
[2025-10-24T06:41:59.779Z] [DATA] [เชียงใหม่] Meter data updated: {"8684":14329.1,"8686":7891.5,"8687":6034.6,"18069":1335615.8,"73909":612187,"73910":559684.4}
[2025-10-24T06:42:02.773Z] [DATA] [เชียงใหม่] Meter data updated: {"8684":14309.1,"8686":7912.900000000001,"8687":6027.8,"18069":1335615.8,"73909":612187,"73910":559684.4}
[2025-10-24T06:42:05.800Z] [DATA] [เชียงใหม่] Meter data updated: {"8684":14293.2,"8686":7912.900000000001,"8687":6027.8,"18069":1335615.8,"73909":612187,"73910":559684.4}
[2025-10-24T06:42:08.813Z] [DATA] [เชียงใหม่] Meter data updated: {"8684":14293.2,"8686":7909.3,"8687":6034.900000000001,"18069":1335615.8,"73909":612187,"73910":559684.4}
[2025-10-24T06:42:11.882Z] [DATA] [เชียงใหม่] Meter data updated: {"8684":14315.2,"8686":7893.3,"8687":6034.900000000001,"18069":1335615.9000000001,"73909":612187.1,"73910":559684.4}
[2025-10-24T06:42:17.923Z] [DATA] [เชียงใหม่] Meter data updated: {"8684":14315.2,"8686":7893.3,"8687":6056.1,"18069":1335615.9000000001,"73909":612187.1,"73910":559684.4}
[2025-10-24T06:42:26.910Z] [DATA] [เชียงใหม่] Meter data updated: {"8684":14331,"8686":7917.3,"8687":6005.3,"18069":1335615.9000000001,"73909":612187.1,"73910":559684.4}
[2025-10-24T06:42:29.926Z] [DATA] [เชียงใหม่] Meter data updated: {"8684":14322,"8686":7917.3,"8687":6005.3,"18069":1335615.9000000001,"73909":612187.1,"73910":559684.4}
[2025-10-24T06:42:32.940Z] [DATA] [เชียงใหม่] Meter data updated: {"8684":14322,"8686":7884.200000000001,"8687":6022.900000000001,"18069":1335615.9000000001,"73909":612187.1,"73910":559684.4}
[2025-10-24T06:42:35.980Z] [DATA] [เชียงใหม่] Meter data updated: {"8684":14318.2,"8686":7895.200000000001,"8687":6027.5,"18069":1335615.9000000001,"73909":612187.1,"73910":559684.5}
[2025-10-24T06:42:38.989Z] [DATA] [เชียงใหม่] Meter data updated: {"8684":14297.300000000001,"8686":7905.8,"8687":6027.5,"18069":1335616,"73909":612187.1,"73910":559684.5}
[2025-10-24T06:42:42.020Z] [DATA] [เชียงใหม่] Meter data updated: {"8684":14337.400000000001,"8686":7905.8,"8687":6029.200000000001,"18069":1335616,"73909":612187.1,"73910":559684.5}
[2025-10-24T06:42:45.017Z] [DATA] [เชียงใหม่] Meter data updated: {"8684":14337.400000000001,"8686":7918,"8687":6009.1,"18069":1335616,"73909":612187.1,"73910":559684.5}
[2025-10-24T06:42:48.053Z] [DATA] [เชียงใหม่] Meter data updated: {"8684":14328.300000000001,"8686":7915.3,"8687":6009.1,"18069":1335616,"73909":612187.1,"73910":559684.5}
[2025-10-24T06:42:54.097Z] [DATA] [เชียงใหม่] Meter data updated: {"8684":14328.300000000001,"8686":7915.3,"8687":6019.6,"18069":1335616,"73909":612187.1,"73910":559684.5}
[2025-10-24T06:43:03.185Z] [DATA] [เชียงใหม่] Meter data updated: {"8684":14305.1,"8686":7886.8,"8687":6040.8,"18069":1335616.1,"73909":612187.2000000001,"73910":559684.5}
[2025-10-24T06:43:06.155Z] [DATA] [เชียงใหม่] Meter data updated: {"8684":14301.2,"8686":7886.8,"8687":6040.8,"18069":1335616.1,"73909":612187.2000000001,"73910":559684.5}
[2025-10-24T06:43:09.173Z] [DATA] [เชียงใหม่] Meter data updated: {"8684":14301.2,"8686":7913.8,"8687":6032.5,"18069":1335616.1,"73909":612187.2000000001,"73910":559684.5}
[2025-10-24T06:43:12.187Z] [DATA] [เชียงใหม่] Meter data updated: {"8684":14344.300000000001,"8686":7909.6,"8687":6015.3,"18069":1335616.1,"73909":612187.2000000001,"73910":559684.5}
[2025-10-24T06:43:15.207Z] [DATA] [เชียงใหม่] Meter data updated: {"8684":14311.2,"8686":7909.6,"8687":6015.3,"18069":1335616.1,"73909":612187.2000000001,"73910":559684.5}
[2025-10-24T06:43:21.238Z] [DATA] [เชียงใหม่] Meter data updated: {"8684":14311.2,"8686":7902.200000000001,"8687":6015.3,"18069":1335616.1,"73909":612187.2000000001,"73910":559684.5}
[2025-10-24T06:43:24.277Z] [DATA] [เชียงใหม่] Meter data updated: {"8684":14311.2,"8686":7902.200000000001,"8687":6021.700000000001,"18069":1335616.1,"73909":612187.2000000001,"73910":559684.5}
[2025-10-24T06:43:30.304Z] [DATA] [เชียงใหม่] Meter data updated: {"8684":14321.1,"8686":7884.8,"8687":6021.700000000001,"18069":1335616.2000000002,"73909":612187.2000000001,"73910":559684.5}
[2025-10-24T06:43:33.344Z] [DATA] [เชียงใหม่] Meter data updated: {"8684":14316.2,"8686":7884.8,"8687":6017.8,"18069":1335616.2000000002,"73909":612187.2000000001,"73910":559684.5}
[2025-10-24T06:43:36.354Z] [DATA] [เชียงใหม่] Meter data updated: {"8684":14316.2,"8686":7894.3,"8687":6007.1,"18069":1335616.2000000002,"73909":612187.2000000001,"73910":559684.6}
[2025-10-24T06:43:39.373Z] [DATA] [เชียงใหม่] Meter data updated: {"8684":14309.1,"8686":7892.700000000001,"8687":6058.5,"18069":1335616.2000000002,"73909":612187.2000000001,"73910":559684.6}
[2025-10-24T06:43:42.404Z] [DATA] [เชียงใหม่] Meter data updated: {"8684":14331.1,"8686":7892.700000000001,"8687":6058.5,"18069":1335616.2000000002,"73909":612187.2000000001,"73910":559684.6}
[2025-10-24T06:43:45.398Z] [DATA] [เชียงใหม่] Meter data updated: {"8684":14331.1,"8686":7894.1,"8687":6056.700000000001,"18069":1335616.2000000002,"73909":612187.3,"73910":559684.6}
[2025-10-24T06:43:48.445Z] [DATA] [เชียงใหม่] Meter data updated: {"8684":14322.900000000001,"8686":7889.5,"8687":6009.6,"18069":1335616.2000000002,"73909":612187.3,"73910":559684.6}
[2025-10-24T06:43:51.436Z] [DATA] [เชียงใหม่] Meter data updated: {"8684":14303.6,"8686":7889.5,"8687":6009.6,"18069":1335616.3,"73909":612187.3,"73910":559684.6}
[2025-10-24T06:43:54.447Z] [DATA] [เชียงใหม่] Meter data updated: {"8684":14303.6,"8686":7904.400000000001,"8687":6030.8,"18069":1335616.3,"73909":612187.3,"73910":559684.6}
[2025-10-24T06:43:57.480Z] [DATA] [เชียงใหม่] Meter data updated: {"8684":14305.7,"8686":7898.400000000001,"8687":6014.3,"18069":1335616.3,"73909":612187.3,"73910":559684.6}
[2025-10-24T06:44:00.498Z] [DATA] [เชียงใหม่] Meter data updated: {"8684":14288.900000000001,"8686":7903.6,"8687":6014.3,"18069":1335616.3,"73909":612187.3,"73910":559684.6}
[2025-10-24T06:44:03.536Z] [DATA] [เชียงใหม่] Meter data updated: {"8684":14308.900000000001,"8686":7903.6,"8687":6016.8,"18069":1335616.3,"73909":612187.3,"73910":559684.6}
[2025-10-24T06:44:06.571Z] [DATA] [เชียงใหม่] Meter data updated: {"8684":14308.900000000001,"8686":7901,"8687":6035.1,"18069":1335616.3,"73909":612187.3,"73910":559684.6}
[2025-10-24T06:44:09.578Z] [DATA] [เชียงใหม่] Meter data updated: {"8684":14302.6,"8686":7896.6,"8687":6024.3,"18069":1335616.3,"73909":612187.3,"73910":559684.6}
[2025-10-24T06:44:09.581Z] [INFO] [เชียงใหม่] Data saved to database
[2025-10-24T06:44:12.612Z] [DATA] [เชียงใหม่] Meter data updated: {"8684":14334.5,"8686":7896.6,"8687":6024.3,"18069":1335616.3,"73909":612187.3,"73910":559684.6}
[2025-10-24T06:44:15.629Z] [DATA] [เชียงใหม่] Meter data updated: {"8684":14334.5,"8686":7900.700000000001,"8687":6031.1,"18069":1335616.3,"73909":612187.3,"73910":559684.6}
[2025-10-24T06:44:18.647Z] [DATA] [เชียงใหม่] Meter data updated: {"8684":14333.900000000001,"8686":7906.6,"8687":6039,"18069":1335616.4000000001,"73909":612187.3,"73910":559684.6}
[2025-10-24T06:44:21.726Z] [DATA] [เชียงใหม่] Meter data updated: {"8684":14315.7,"8686":7906.6,"8687":6039,"18069":1335616.4000000001,"73909":612187.3,"73910":559684.6}
[2025-10-24T06:44:24.695Z] [DATA] [เชียงใหม่] Meter data updated: {"8684":14315.7,"8686":7889.700000000001,"8687":6028.400000000001,"18069":1335616.4000000001,"73909":612187.3,"73910":559684.6}
[2025-10-24T06:44:27.768Z] [DATA] [เชียงใหม่] Meter data updated: {"8684":14304,"8686":7895.400000000001,"8687":6013.900000000001,"18069":1335616.4000000001,"73909":612187.4,"73910":559684.6}
[2025-10-24T06:44:30.740Z] [DATA] [เชียงใหม่] Meter data updated: {"8684":14341.300000000001,"8686":7907.900000000001,"8687":6013.900000000001,"18069":1335616.4000000001,"73909":612187.4,"73910":559684.6}
[2025-10-24T06:44:33.771Z] [DATA] [เชียงใหม่] Meter data updated: {"8684":14337.400000000001,"8686":7907.900000000001,"8687":6030.400000000001,"18069":1335616.4000000001,"73909":612187.4,"73910":559684.6}
[2025-10-24T06:44:36.779Z] [DATA] [เชียงใหม่] Meter data updated: {"8684":14337.400000000001,"8686":7888.900000000001,"8687":6016.1,"18069":1335616.4000000001,"73909":612187.4,"73910":559684.7000000001}
[2025-10-24T06:44:39.792Z] [DATA] [เชียงใหม่] Meter data updated: {"8684":14338.1,"8686":7894.5,"8687":6031.200000000001,"18069":1335616.4000000001,"73909":612187.4,"73910":559684.7000000001}
[2025-10-24T06:44:42.825Z] [DATA] [เชียงใหม่] Meter data updated: {"8684":14342,"8686":7894.5,"8687":6031.200000000001,"18069":1335616.5,"73909":612187.4,"73910":559684.7000000001}
[2025-10-24T06:44:45.839Z] [DATA] [เชียงใหม่] Meter data updated: {"8684":14342,"8686":7910.700000000001,"8687":6040,"18069":1335616.5,"73909":612187.4,"73910":559684.7000000001}
[2025-10-24T06:44:48.855Z] [DATA] [เชียงใหม่] Meter data updated: {"8684":14319,"8686":7912.700000000001,"8687":6008.8,"18069":1335616.5,"73909":612187.4,"73910":559684.7000000001}
[2025-10-24T06:44:51.935Z] [DATA] [เชียงใหม่] Meter data updated: {"8684":14304.5,"8686":7887.3,"8687":6008.8,"18069":1335616.5,"73909":612187.4,"73910":559684.7000000001}
[2025-10-24T06:44:54.864Z] [DATA] [เชียงใหม่] Meter data updated: {"8684":14304.5,"8686":7887.3,"8687":6005.8,"18069":1335616.5,"73909":612187.4,"73910":559684.7000000001}
[2025-10-24T06:44:57.976Z] [DATA] [เชียงใหม่] Meter data updated: {"8684":14335.2,"8686":7899.5,"8687":6005.8,"18069":1335616.5,"73909":612187.4,"73910":559684.7000000001}
[2025-10-24T06:45:03.906Z] [DATA] [เชียงใหม่] Meter data updated: {"8684":14335.2,"8686":7899.5,"8687":6024.6,"18069":1335616.5,"73909":612187.4,"73910":559684.7000000001}
[2025-10-24T06:45:09.957Z] [DATA] [เชียงใหม่] Meter data updated: {"8684":14299.2,"8686":7899.5,"8687":6024.6,"18069":1335616.5,"73909":612187.4,"73910":559684.7000000001}
[2025-10-24T06:45:12.955Z] [DATA] [เชียงใหม่] Meter data updated: {"8684":14299.2,"8686":7899.5,"8687":6024.6,"18069":1335616.6,"73909":612187.4,"73910":559684.7000000001}
[2025-10-24T06:45:18.978Z] [DATA] [เชียงใหม่] Meter data updated: {"8684":14299.2,"8686":7895.3,"8687":6031.5,"18069":1335616.6,"73909":612187.5,"73910":559684.7000000001}
[2025-10-24T06:45:25.111Z] [DATA] [เชียงใหม่] Meter data updated: {"8684":14281.300000000001,"8686":7895.3,"8687":6031.5,"18069":1335616.6,"73909":612187.5,"73910":559684.7000000001}
[2025-10-24T06:45:28.022Z] [DATA] [เชียงใหม่] Meter data updated: {"8684":14281.300000000001,"8686":7902.8,"8687":6028.900000000001,"18069":1335616.6,"73909":612187.5,"73910":559684.7000000001}
[2025-10-24T06:45:31.051Z] [DATA] [เชียงใหม่] Meter data updated: {"8684":14293.6,"8686":7893.900000000001,"8687":6000.6,"18069":1335616.6,"73909":612187.5,"73910":559684.7000000001}
[2025-10-24T06:45:34.049Z] [DATA] [เชียงใหม่] Meter data updated: {"8684":14294.2,"8686":7893.900000000001,"8687":6000.6,"18069":1335616.7000000002,"73909":612187.5,"73910":559684.7000000001}
[2025-10-24T06:45:37.093Z] [DATA] [เชียงใหม่] Meter data updated: {"8684":14294.2,"8686":7924.6,"8687":6012.8,"18069":1335616.7000000002,"73909":612187.5,"73910":559684.8}
[2025-10-24T06:45:37.098Z] [INFO] [เชียงใหม่] Data saved to database
[2025-10-24T06:45:40.101Z] [DATA] [เชียงใหม่] Meter data updated: {"8684":14300.2,"8686":7897.3,"8687":6052.400000000001,"18069":1335616.7000000002,"73909":612187.5,"73910":559684.8}
[2025-10-24T06:45:43.123Z] [DATA] [เชียงใหม่] Meter data updated: {"8684":14297.900000000001,"8686":7901.200000000001,"8687":6052.400000000001,"18069":1335616.7000000002,"73909":612187.5,"73910":559684.8}
[2025-10-24T06:45:46.208Z] [DATA] [เชียงใหม่] Meter data updated: {"8684":14323.1,"8686":7901.200000000001,"8687":6009.5,"18069":1335616.7000000002,"73909":612187.5,"73910":559684.8}
[2025-10-24T06:45:49.162Z] [DATA] [เชียงใหม่] Meter data updated: {"8684":14323.1,"8686":7894.3,"8687":6032.200000000001,"18069":1335616.7000000002,"73909":612187.5,"73910":559684.8}
[2025-10-24T06:45:52.158Z] [DATA] [เชียงใหม่] Meter data updated: {"8684":14283.7,"8686":7899.900000000001,"8687":6023.200000000001,"18069":1335616.7000000002,"73909":612187.5,"73910":559684.8}
[2025-10-24T06:45:55.186Z] [DATA] [เชียงใหม่] Meter data updated: {"8684":14315.1,"8686":7899.900000000001,"8687":6023.200000000001,"18069":1335616.7000000002,"73909":612187.5,"73910":559684.8}
[2025-10-24T06:45:58.289Z] [DATA] [เชียงใหม่] Meter data updated: {"8684":14315.1,"8686":7886.1,"8687":5999.900000000001,"18069":1335616.7000000002,"73909":612187.5,"73910":559684.8}
[2025-10-24T06:46:01.241Z] [DATA] [เชียงใหม่] Meter data updated: {"8684":14332.400000000001,"8686":7908,"8687":6004.8,"18069":1335616.8,"73909":612187.6,"73910":559684.8}
[2025-10-24T06:46:01.245Z] [INFO] [เชียงใหม่] Data saved to database
[2025-10-24T06:46:04.259Z] [DATA] [เชียงใหม่] Meter data updated: {"8684":14339.300000000001,"8686":7900.200000000001,"8687":6004.8,"18069":1335616.8,"73909":612187.6,"73910":559684.8}
[2025-10-24T06:46:07.292Z] [DATA] [เชียงใหม่] Meter data updated: {"8684":14283.400000000001,"8686":7900.200000000001,"8687":6042.200000000001,"18069":1335616.8,"73909":612187.6,"73910":559684.8}
[2025-10-24T06:46:10.259Z] [DATA] [เชียงใหม่] Meter data updated: {"8684":14283.400000000001,"8686":7903.900000000001,"8687":6020,"18069":1335616.8,"73909":612187.6,"73910":559684.8}
[2025-10-24T06:46:13.272Z] [DATA] [เชียงใหม่] Meter data updated: {"8684":14298.2,"8686":7911.700000000001,"8687":6029.6,"18069":1335616.8,"73909":612187.6,"73910":559684.8}
[2025-10-24T06:46:16.316Z] [DATA] [เชียงใหม่] Meter data updated: {"8684":14333.900000000001,"8686":7911.700000000001,"8687":6029.6,"18069":1335616.8,"73909":612187.6,"73910":559684.8}
[2025-10-24T06:46:19.317Z] [DATA] [เชียงใหม่] Meter data updated: {"8684":14333.900000000001,"8686":7878.8,"8687":6009.1,"18069":1335616.8,"73909":612187.6,"73910":559684.8}
[2025-10-24T06:46:22.341Z] [DATA] [เชียงใหม่] Meter data updated: {"8684":14304.400000000001,"8686":7913.900000000001,"8687":6015.1,"18069":1335616.8,"73909":612187.6,"73910":559684.8}
[2025-10-24T06:46:25.620Z] [DATA] [เชียงใหม่] Meter data updated: {"8684":14297.900000000001,"8686":7913.900000000001,"8687":6015.1,"18069":1335616.9000000001,"73909":612187.6,"73910":559684.8}
[2025-10-24T06:46:28.367Z] [DATA] [เชียงใหม่] Meter data updated: {"8684":14297.900000000001,"8686":7891.3,"8687":6029.700000000001,"18069":1335616.9000000001,"73909":612187.6,"73910":559684.8}
[2025-10-24T06:46:31.469Z] [DATA] [เชียงใหม่] Meter data updated: {"8684":14308.400000000001,"8686":7898.200000000001,"8687":6035.200000000001,"18069":1335616.9000000001,"73909":612187.6,"73910":559684.8}
[2025-10-24T06:46:34.435Z] [DATA] [เชียงใหม่] Meter data updated: {"8684":14353.5,"8686":7924.3,"8687":6035.200000000001,"18069":1335616.9000000001,"73909":612187.6,"73910":559684.8}
[2025-10-24T06:46:37.429Z] [DATA] [เชียงใหม่] Meter data updated: {"8684":14334,"8686":7924.3,"8687":6005.700000000001,"18069":1335616.9000000001,"73909":612187.6,"73910":559684.9}
[2025-10-24T06:46:40.446Z] [DATA] [เชียงใหม่] Meter data updated: {"8684":14334,"8686":7898,"8687":6005.700000000001,"18069":1335616.9000000001,"73909":612187.6,"73910":559684.9}
[2025-10-24T06:46:46.492Z] [DATA] [เชียงใหม่] Meter data updated: {"8684":14334,"8686":7898,"8687":6030,"18069":1335616.9000000001,"73909":612187.6,"73910":559684.9}
[2025-10-24T06:46:52.498Z] [DATA] [เชียงใหม่] Meter data updated: {"8684":14308.7,"8686":7898,"8687":6030,"18069":1335617,"73909":612187.6,"73910":559684.9}
[2025-10-24T06:46:52.501Z] [INFO] [เชียงใหม่] Data saved to database
[2025-10-24T06:46:55.595Z] [DATA] [เชียงใหม่] Meter data updated: {"8684":14308.7,"8686":7899.700000000001,"8687":5999.200000000001,"18069":1335617,"73909":612187.7000000001,"73910":559684.9}
[2025-10-24T06:46:58.550Z] [DATA] [เชียงใหม่] Meter data updated: {"8684":14315.6,"8686":7907,"8687":6009.5,"18069":1335617,"73909":612187.7000000001,"73910":559684.9}
[2025-10-24T06:47:01.676Z] [DATA] [เชียงใหม่] Meter data updated: {"8684":14350.1,"8686":7905.200000000001,"8687":6009.5,"18069":1335617,"73909":612187.7000000001,"73910":559684.9}
[2025-10-24T06:47:04.592Z] [DATA] [เชียงใหม่] Meter data updated: {"8684":14350.1,"8686":7905.200000000001,"8687":6052.5,"18069":1335617,"73909":612187.7000000001,"73910":559684.9}
[2025-10-24T06:47:07.671Z] [DATA] [เชียงใหม่] Meter data updated: {"8684":14294.2,"8686":7894.6,"8687":6043.8,"18069":1335617,"73909":612187.7000000001,"73910":559684.9}
[2025-10-24T06:47:10.645Z] [DATA] [เชียงใหม่] Meter data updated: {"8684":14303,"8686":7895.5,"8687":6043.8,"18069":1335617,"73909":612187.7000000001,"73910":559684.9}
[2025-10-24T06:47:13.678Z] [DATA] [เชียงใหม่] Meter data updated: {"8684":14313.800000000001,"8686":7895.5,"8687":6053.5,"18069":1335617,"73909":612187.7000000001,"73910":559684.9}
[2025-10-24T06:47:16.664Z] [DATA] [เชียงใหม่] Meter data updated: {"8684":14313.800000000001,"8686":7887.1,"8687":6028.6,"18069":1335617.1,"73909":612187.7000000001,"73910":559684.9}
[2025-10-24T06:47:19.703Z] [DATA] [เชียงใหม่] Meter data updated: {"8684":14340,"8686":7899.3,"8687":6010.1,"18069":1335617.1,"73909":612187.7000000001,"73910":559684.9}
[2025-10-24T06:47:22.716Z] [DATA] [เชียงใหม่] Meter data updated: {"8684":14316.300000000001,"8686":7899.3,"8687":6010.1,"18069":1335617.1,"73909":612187.7000000001,"73910":559684.9}
[2025-10-24T06:47:28.780Z] [DATA] [เชียงใหม่] Meter data updated: {"8684":14316.300000000001,"8686":7907,"8687":6010.1,"18069":1335617.1,"73909":612187.7000000001,"73910":559684.9}
[2025-10-24T06:47:31.782Z] [DATA] [เชียงใหม่] Meter data updated: {"8684":14316.300000000001,"8686":7907,"8687":6039.400000000001,"18069":1335617.1,"73909":612187.8,"73910":559684.9}
[2025-10-24T06:47:37.799Z] [DATA] [เชียงใหม่] Meter data updated: {"8684":14320.2,"8686":7907,"8687":6039.400000000001,"18069":1335617.2000000002,"73909":612187.8,"73910":559684.9}
[2025-10-24T06:47:40.819Z] [DATA] [เชียงใหม่] Meter data updated: {"8684":14320.2,"8686":7883.900000000001,"8687":6010.6,"18069":1335617.2000000002,"73909":612187.8,"73910":559685}
[2025-10-24T06:47:40.825Z] [INFO] [เชียงใหม่] Data saved to database
[2025-10-24T06:47:43.852Z] [DATA] [เชียงใหม่] Meter data updated: {"8684":14325.5,"8686":7894,"8687":6056.1,"18069":1335617.2000000002,"73909":612187.8,"73910":559685}
[2025-10-24T06:47:46.859Z] [DATA] [เชียงใหม่] Meter data updated: {"8684":14299.7,"8686":7902.1,"8687":6056.1,"18069":1335617.2000000002,"73909":612187.8,"73910":559685}
[2025-10-24T06:47:49.891Z] [DATA] [เชียงใหม่] Meter data updated: {"8684":14289.900000000001,"8686":7902.1,"8687":6010.5,"18069":1335617.2000000002,"73909":612187.8,"73910":559685}
[2025-10-24T06:47:52.904Z] [DATA] [เชียงใหม่] Meter data updated: {"8684":14289.900000000001,"8686":7902.400000000001,"8687":6035.6,"18069":1335617.2000000002,"73909":612187.8,"73910":559685}
[2025-10-24T06:47:55.936Z] [DATA] [เชียงใหม่] Meter data updated: {"8684":14298.1,"8686":7895,"8687":6024.1,"18069":1335617.2000000002,"73909":612187.8,"73910":559685}
[2025-10-24T06:47:58.946Z] [DATA] [เชียงใหม่] Meter data updated: {"8684":14302.900000000001,"8686":7895,"8687":6024.1,"18069":1335617.2000000002,"73909":612187.8,"73910":559685}
[2025-10-24T06:48:01.160Z] [INFO] Received SIGINT, shutting down...
[2025-10-24T06:48:01.161Z] [INFO] [เชียงใหม่] Disconnecting WebSocket...
[2025-10-24T06:48:01.162Z] [INFO] Received SIGTERM, shutting down...
[2025-10-24T06:48:01.199Z] [INFO] [เชียงใหม่] WebSocket connection closed
[2025-10-24T06:48:01.199Z] [INFO] [เชียงใหม่] Attempting to reconnect (1/10)...
