[2025-10-22T04:34:02.786Z] [INFO] === Starting Chiang Mai WebSocket Client ===
[2025-10-22T04:34:02.786Z] [INFO] [เชียงใหม่] Initializing database connection...
[2025-10-22T04:34:02.791Z] [INFO] [เชียงใหม่] Database station initialized: cmh1htzuq0000663wkea8qjx6
[2025-10-22T04:34:02.827Z] [INFO] [เชียงใหม่] เชื่อมต่อกับ WebSocket สำเร็จ
[2025-10-22T04:34:02.828Z] [INFO] [เชียงใหม่] ส่งข้อมูลชุด ID 0 (Sending data ID 0)
[2025-10-22T04:34:03.830Z] [DEBUG] [เชียงใหม่] Data sent: ID 0
[2025-10-22T04:34:20.841Z] [INFO] [เชียงใหม่] USID received: 107c0a68-3f8c-4209-b82c-cbd9c03643ef
[2025-10-22T04:34:20.842Z] [INFO] [เชียงใหม่] ส่งข้อมูลชุด ID 1 (Sending data ID 1)
[2025-10-22T04:34:21.844Z] [DEBUG] [เชียงใหม่] Data sent: ID 1
[2025-10-22T04:34:21.874Z] [INFO] [เชียงใหม่] ID 1 result: true
[2025-10-22T04:34:21.874Z] [INFO] [เชียงใหม่] ส่งข้อมูลชุด ID 2 (Sending data ID 2)
[2025-10-22T04:34:22.875Z] [DEBUG] [เชียงใหม่] Data sent: ID 2
[2025-10-22T04:34:22.900Z] [INFO] [เชียงใหม่] ID 2 result: true
[2025-10-22T04:34:22.901Z] [INFO] [เชียงใหม่] ส่งข้อมูลชุด ID 3 (Sending data ID 3)
[2025-10-22T04:34:23.903Z] [DEBUG] [เชียงใหม่] Data sent: ID 3
[2025-10-22T04:34:24.053Z] [INFO] [เชียงใหม่] ID 3 cached: true
[2025-10-22T04:34:24.054Z] [INFO] [เชียงใหม่] ส่งข้อมูลชุด ID 4 (Sending data ID 4)
[2025-10-22T04:34:25.056Z] [DEBUG] [เชียงใหม่] Data sent: ID 4
[2025-10-22T04:34:25.083Z] [INFO] [เชียงใหม่] ID 4 cached: true
[2025-10-22T04:34:25.084Z] [INFO] [เชียงใหม่] ส่งข้อมูลชุด ID 5 (Sending data ID 5)
[2025-10-22T04:34:26.086Z] [DEBUG] [เชียงใหม่] Data sent: ID 5
[2025-10-22T04:34:26.217Z] [INFO] [เชียงใหม่] ID 5 cached: true
[2025-10-22T04:34:26.218Z] [INFO] [เชียงใหม่] ส่งข้อมูลชุด ID 6 (Sending data ID 6)
[2025-10-22T04:34:27.220Z] [DEBUG] [เชียงใหม่] Data sent: ID 6
[2025-10-22T04:34:27.268Z] [INFO] [เชียงใหม่] ID 6 cached: true
[2025-10-22T04:34:27.268Z] [INFO] [เชียงใหม่] ส่งข้อมูลชุด ID 7 (Sending data ID 7)
[2025-10-22T04:34:28.270Z] [DEBUG] [เชียงใหม่] Data sent: ID 7
[2025-10-22T04:34:28.301Z] [INFO] [เชียงใหม่] ID 7 result: true
[2025-10-22T04:34:28.301Z] [INFO] [เชียงใหม่] Listening for notifications...
[2025-10-22T04:34:28.302Z] [INFO] Session established successfully
[2025-10-22T04:34:28.490Z] [DATA] [เชียงใหม่] Meter data updated: {"8684":16121.1,"8685":0,"8686":null,"8687":6400,"8688":null,"8689":null,"18069":1334897.8,"18070":3498.3,"73909":null,"73910":559382.4,"75428":null,"75429":null}
[2025-10-22T04:34:31.386Z] [DATA] [เชียงใหม่] Meter data updated: {"8684":15867.7,"8685":0,"8686":null,"8687":6400,"8688":null,"8689":null,"18069":1334897.8,"18070":3498.3,"73909":null,"73910":559382.4,"75428":null,"75429":null}
[2025-10-22T04:34:34.386Z] [DATA] [เชียงใหม่] Meter data updated: {"8684":15867.7,"8685":0,"8686":null,"8687":6340.400000000001,"8688":null,"8689":null,"18069":1334897.8,"18070":3498.3,"73909":null,"73910":559382.4,"75428":null,"75429":null}
[2025-10-22T04:34:37.405Z] [DATA] [เชียงใหม่] Meter data updated: {"8684":15607.6,"8685":0,"8686":null,"8687":6303.900000000001,"8688":null,"8689":null,"18069":1334897.8,"18070":3498.3,"73909":null,"73910":559382.4,"75428":null,"75429":null}
[2025-10-22T04:34:40.401Z] [DATA] [เชียงใหม่] Meter data updated: {"8684":15419.5,"8685":0,"8686":null,"8687":6303.900000000001,"8688":null,"8689":null,"18069":1334897.9000000001,"18070":3498.3,"73909":null,"73910":559382.4,"75428":null,"75429":null}
[2025-10-22T04:34:46.449Z] [DATA] [เชียงใหม่] Meter data updated: {"8684":15419.5,"8685":0,"8686":null,"8687":6219.3,"8688":null,"8689":null,"18069":1334897.9000000001,"18070":3498.3,"73909":null,"73910":559382.4,"75428":null,"75429":null}
[2025-10-22T04:34:55.506Z] [DATA] [เชียงใหม่] Meter data updated: {"8684":14933.900000000001,"8685":0,"8686":null,"8687":6144,"8688":null,"8689":null,"18069":1334897.9000000001,"18070":3498.3,"73909":null,"73910":559382.4,"75428":null,"75429":null}
[2025-10-22T04:34:58.616Z] [DATA] [เชียงใหม่] Meter data updated: {"8684":14860.7,"8685":0,"8686":null,"8687":6144,"8688":null,"8689":null,"18069":1334897.9000000001,"18070":3498.3,"73909":null,"73910":559382.4,"75428":null,"75429":null}
[2025-10-22T04:35:01.553Z] [DATA] [เชียงใหม่] Meter data updated: {"8684":14860.7,"8685":0,"8686":null,"8687":6135.3,"8688":null,"8689":null,"18069":1334897.9000000001,"18070":3498.3,"73909":null,"73910":559382.4,"75428":null,"75429":null}
[2025-10-22T04:35:04.618Z] [DATA] [เชียงใหม่] Meter data updated: {"8684":14712.7,"8685":0,"8686":null,"8687":6102.700000000001,"8688":null,"8689":null,"18069":1334897.9000000001,"18070":3498.3,"73909":null,"73910":559382.4,"75428":null,"75429":null}
[2025-10-22T04:35:07.811Z] [DATA] [เชียงใหม่] Meter data updated: {"8684":14637.6,"8685":0,"8686":null,"8687":6102.700000000001,"8688":null,"8689":null,"18069":1334898,"18070":3498.3,"73909":null,"73910":559382.4,"75428":null,"75429":null}
[2025-10-22T04:35:10.614Z] [DATA] [เชียงใหม่] Meter data updated: {"8684":14637.6,"8685":0,"8686":null,"8687":6080.8,"8688":null,"8689":null,"18069":1334898,"18070":3498.3,"73909":null,"73910":559382.4,"75428":null,"75429":null}
[2025-10-22T04:35:13.627Z] [DATA] [เชียงใหม่] Meter data updated: {"8684":14532,"8685":0,"8686":null,"8687":6076.400000000001,"8688":null,"8689":null,"18069":1334898,"18070":3498.3,"73909":null,"73910":559382.4,"75428":null,"75429":null}
[2025-10-22T04:35:16.656Z] [DATA] [เชียงใหม่] Meter data updated: {"8684":14470.800000000001,"8685":0,"8686":null,"8687":6076.400000000001,"8688":null,"8689":null,"18069":1334898,"18070":3498.3,"73909":null,"73910":559382.4,"75428":null,"75429":null}
[2025-10-22T04:35:19.676Z] [DATA] [เชียงใหม่] Meter data updated: {"8684":14395.7,"8685":0,"8686":null,"8687":6070.8,"8688":null,"8689":null,"18069":1334898,"18070":3498.3,"73909":null,"73910":559382.5,"75428":null,"75429":null}
[2025-10-22T04:35:22.782Z] [DATA] [เชียงใหม่] Meter data updated: {"8684":14395.7,"8685":0,"8686":null,"8687":6075.400000000001,"8688":null,"8689":null,"18069":1334898,"18070":3498.3,"73909":null,"73910":559382.5,"75428":null,"75429":null}
[2025-10-22T04:35:25.723Z] [DATA] [เชียงใหม่] Meter data updated: {"8684":14383.300000000001,"8685":0,"8686":null,"8687":6079.700000000001,"8688":null,"8689":null,"18069":1334898,"18070":3498.3,"73909":null,"73910":559382.5,"75428":null,"75429":null}
[2025-10-22T04:35:28.740Z] [DATA] [เชียงใหม่] Meter data updated: {"8684":14340.2,"8685":0,"8686":null,"8687":6079.700000000001,"8688":null,"8689":null,"18069":1334898.1,"18070":3498.3,"73909":null,"73910":559382.5,"75428":null,"75429":null}
[2025-10-22T04:35:31.793Z] [DATA] [เชียงใหม่] Meter data updated: {"8684":14340.2,"8685":0,"8686":null,"8687":6080.400000000001,"8688":null,"8689":null,"18069":1334898.1,"18070":3498.3,"73909":null,"73910":559382.5,"75428":null,"75429":null}
[2025-10-22T04:35:34.865Z] [DATA] [เชียงใหม่] Meter data updated: {"8684":14355.400000000001,"8685":0,"8686":null,"8687":6073.900000000001,"8688":null,"8689":null,"18069":1334898.1,"18070":3498.3,"73909":null,"73910":559382.5,"75428":null,"75429":null}
[2025-10-22T04:35:37.835Z] [DATA] [เชียงใหม่] Meter data updated: {"8684":14352,"8685":0,"8686":null,"8687":6073.900000000001,"8688":null,"8689":null,"18069":1334898.1,"18070":3498.3,"73909":null,"73910":559382.5,"75428":null,"75429":null}
[2025-10-22T04:35:40.823Z] [DATA] [เชียงใหม่] Meter data updated: {"8684":14346.2,"8685":0,"8686":null,"8687":6065.5,"8688":null,"8689":null,"18069":1334898.1,"18070":3498.3,"73909":null,"73910":559382.5,"75428":null,"75429":null}
[2025-10-22T04:35:43.841Z] [DATA] [เชียงใหม่] Meter data updated: {"8684":14346.2,"8685":0,"8686":null,"8687":6068.3,"8688":null,"8689":null,"18069":1334898.1,"18070":3498.3,"73909":null,"73910":559382.5,"75428":null,"75429":null}
[2025-10-22T04:35:46.846Z] [DATA] [เชียงใหม่] Meter data updated: {"8684":14354.6,"8685":0,"8686":null,"8687":6068.3,"8688":null,"8689":null,"18069":1334898.1,"18070":3498.3,"73909":null,"73910":559382.5,"75428":null,"75429":null}
[2025-10-22T04:35:52.892Z] [DATA] [เชียงใหม่] Meter data updated: {"8684":14354.6,"8685":0,"8686":null,"8687":6037.1,"8688":null,"8689":null,"18069":1334898.1,"18070":3498.3,"73909":null,"73910":559382.5,"75428":null,"75429":null}
[2025-10-22T04:36:02.001Z] [DATA] [เชียงใหม่] Meter data updated: {"8684":14292,"8685":0,"8686":null,"8687":6037.1,"8688":null,"8689":null,"18069":1334898.2000000002,"18070":3498.3,"73909":null,"73910":559382.5,"75428":null,"75429":null}
[2025-10-22T04:36:08.043Z] [DATA] [เชียงใหม่] Meter data updated: {"8684":14292,"8685":0,"8686":null,"8687":6050.200000000001,"8688":null,"8689":null,"18069":1334898.2000000002,"18070":3498.3,"73909":null,"73910":559382.5,"75428":null,"75429":null}
[2025-10-22T04:36:17.114Z] [DATA] [เชียงใหม่] Meter data updated: {"8684":14268.400000000001,"8685":0,"8686":null,"8687":6037.700000000001,"8688":null,"8689":null,"18069":1334898.2000000002,"18070":3498.3,"73909":null,"73910":559382.5,"75428":null,"75429":null}
[2025-10-22T04:36:17.120Z] [INFO] [เชียงใหม่] Data saved to database
[2025-10-22T04:36:20.138Z] [DATA] [เชียงใหม่] Meter data updated: {"8684":14264,"8685":0,"8686":null,"8687":6037.700000000001,"8688":null,"8689":null,"18069":1334898.3,"18070":3498.3,"73909":null,"73910":559382.6,"75428":null,"75429":null}
[2025-10-22T04:36:23.152Z] [DATA] [เชียงใหม่] Meter data updated: {"8684":14264,"8685":0,"8686":null,"8687":6068.1,"8688":null,"8689":null,"18069":1334898.3,"18070":3498.3,"73909":null,"73910":559382.6,"75428":null,"75429":null}
[2025-10-22T04:36:26.270Z] [DATA] [เชียงใหม่] Meter data updated: {"8684":14265.400000000001,"8685":0,"8686":null,"8687":6040.6,"8688":null,"8689":null,"18069":1334898.3,"18070":3498.3,"73909":null,"73910":559382.6,"75428":null,"75429":null}
[2025-10-22T04:36:29.206Z] [DATA] [เชียงใหม่] Meter data updated: {"8684":14289.6,"8685":0,"8686":null,"8687":6040.6,"8688":null,"8689":null,"18069":1334898.3,"18070":3498.3,"73909":null,"73910":559382.6,"75428":null,"75429":null}
[2025-10-22T04:36:32.243Z] [DATA] [เชียงใหม่] Meter data updated: {"8684":14251.6,"8685":0,"8686":null,"8687":6047.5,"8688":null,"8689":null,"18069":1334898.3,"18070":3498.3,"73909":null,"73910":559382.6,"75428":null,"75429":null}
[2025-10-22T04:36:35.384Z] [DATA] [เชียงใหม่] Meter data updated: {"8684":14251.6,"8685":0,"8686":null,"8687":6061.700000000001,"8688":null,"8689":null,"18069":1334898.3,"18070":3498.3,"73909":null,"73910":559382.6,"75428":null,"75429":null}
[2025-10-22T04:36:38.269Z] [DATA] [เชียงใหม่] Meter data updated: {"8684":14288.6,"8685":0,"8686":null,"8687":6048.900000000001,"8688":null,"8689":null,"18069":1334898.3,"18070":3498.3,"73909":null,"73910":559382.6,"75428":null,"75429":null}
[2025-10-22T04:36:41.284Z] [DATA] [เชียงใหม่] Meter data updated: {"8684":14270.800000000001,"8685":0,"8686":null,"8687":6048.900000000001,"8688":null,"8689":null,"18069":1334898.3,"18070":3498.3,"73909":null,"73910":559382.6,"75428":null,"75429":null}
[2025-10-22T04:36:44.394Z] [DATA] [เชียงใหม่] Meter data updated: {"8684":14270.800000000001,"8685":0,"8686":null,"8687":6052.3,"8688":null,"8689":null,"18069":1334898.3,"18070":3498.3,"73909":null,"73910":559382.6,"75428":null,"75429":null}
[2025-10-22T04:36:47.320Z] [DATA] [เชียงใหม่] Meter data updated: {"8684":14306.6,"8685":0,"8686":null,"8687":6050.700000000001,"8688":null,"8689":null,"18069":1334898.4000000001,"18070":3498.3,"73909":null,"73910":559382.6,"75428":null,"75429":null}
[2025-10-22T04:36:50.334Z] [DATA] [เชียงใหม่] Meter data updated: {"8684":14270,"8685":0,"8686":null,"8687":6050.700000000001,"8688":null,"8689":null,"18069":1334898.4000000001,"18070":3498.3,"73909":null,"73910":559382.6,"75428":null,"75429":null}
[2025-10-22T04:36:53.324Z] [DATA] [เชียงใหม่] Meter data updated: {"8684":14270,"8685":0,"8686":null,"8687":6056.200000000001,"8688":null,"8689":null,"18069":1334898.4000000001,"18070":3498.3,"73909":null,"73910":559382.6,"75428":null,"75429":null}
[2025-10-22T04:36:56.375Z] [DATA] [เชียงใหม่] Meter data updated: {"8684":14298.1,"8685":0,"8686":null,"8687":6045.900000000001,"8688":null,"8689":null,"18069":1334898.4000000001,"18070":3498.3,"73909":null,"73910":559382.6,"75428":null,"75429":null}
[2025-10-22T04:36:59.384Z] [DATA] [เชียงใหม่] Meter data updated: {"8684":14250.2,"8685":0,"8686":null,"8687":6045.900000000001,"8688":null,"8689":null,"18069":1334898.4000000001,"18070":3498.3,"73909":null,"73910":559382.6,"75428":null,"75429":null}
[2025-10-22T04:37:02.723Z] [DATA] [เชียงใหม่] Meter data updated: {"8684":14250.2,"8685":0,"8686":null,"8687":6037.900000000001,"8688":null,"8689":null,"18069":1334898.4000000001,"18070":3498.3,"73909":null,"73910":559382.6,"75428":null,"75429":null}
[2025-10-22T04:37:05.489Z] [DATA] [เชียงใหม่] Meter data updated: {"8684":14294.400000000001,"8685":0,"8686":null,"8687":6056,"8688":null,"8689":null,"18069":1334898.4000000001,"18070":3498.3,"73909":null,"73910":559382.6,"75428":null,"75429":null}
[2025-10-22T04:37:08.440Z] [DATA] [เชียงใหม่] Meter data updated: {"8684":14316.1,"8685":0,"8686":null,"8687":6056,"8688":null,"8689":null,"18069":1334898.4000000001,"18070":3498.3,"73909":null,"73910":559382.6,"75428":null,"75429":null}
[2025-10-22T04:37:11.530Z] [DATA] [เชียงใหม่] Meter data updated: {"8684":14278.2,"8685":0,"8686":null,"8687":6048,"8688":null,"8689":null,"18069":1334898.4000000001,"18070":3498.3,"73909":null,"73910":559382.6,"75428":null,"75429":null}
[2025-10-22T04:37:14.469Z] [DATA] [เชียงใหม่] Meter data updated: {"8684":14278.2,"8685":0,"8686":null,"8687":6063.700000000001,"8688":null,"8689":null,"18069":1334898.5,"18070":3498.3,"73909":null,"73910":559382.7000000001,"75428":null,"75429":null}
[2025-10-22T04:37:17.481Z] [DATA] [เชียงใหม่] Meter data updated: {"8684":14301.800000000001,"8685":0,"8686":null,"8687":6063.700000000001,"8688":null,"8689":null,"18069":1334898.5,"18070":3498.3,"73909":null,"73910":559382.7000000001,"75428":null,"75429":null}
[2025-10-22T04:37:23.526Z] [DATA] [เชียงใหม่] Meter data updated: {"8684":14301.800000000001,"8685":0,"8686":null,"8687":6055.900000000001,"8688":null,"8689":null,"18069":1334898.5,"18070":3498.3,"73909":null,"73910":559382.7000000001,"75428":null,"75429":null}
[2025-10-22T04:37:32.592Z] [DATA] [เชียงใหม่] Meter data updated: {"8684":14304.2,"8685":0,"8686":null,"8687":6032.5,"8688":null,"8689":null,"18069":1334898.5,"18070":3498.3,"73909":null,"73910":559382.7000000001,"75428":null,"75429":null}
[2025-10-22T04:37:35.588Z] [DATA] [เชียงใหม่] Meter data updated: {"8684":14305.7,"8685":0,"8686":null,"8687":6032.5,"8688":null,"8689":null,"18069":1334898.6,"18070":3498.3,"73909":null,"73910":559382.7000000001,"75428":null,"75429":null}
[2025-10-22T04:37:44.707Z] [DATA] [เชียงใหม่] Meter data updated: {"8684":14305.7,"8685":0,"8686":null,"8687":6038.900000000001,"8688":null,"8689":null,"18069":1334898.6,"18070":3498.3,"73909":null,"73910":559382.7000000001,"75428":null,"75429":null}
[2025-10-22T04:37:45.804Z] [INFO] Received SIGINT, shutting down...
[2025-10-22T04:37:45.804Z] [INFO] [เชียงใหม่] Disconnecting WebSocket...
[2025-10-22T04:37:45.806Z] [INFO] Received SIGTERM, shutting down...
[2025-10-22T04:37:45.824Z] [INFO] [เชียงใหม่] WebSocket connection closed
[2025-10-22T04:37:45.825Z] [INFO] [เชียงใหม่] Attempting to reconnect (1/10)...
