[2025-10-22T04:13:22.478Z] [INFO] === Starting Chiang Mai WebSocket Client ===
[2025-10-22T04:13:22.518Z] [INFO] [เชียงใหม่] เชื่อมต่อกับ WebSocket สำเร็จ
[2025-10-22T04:13:22.519Z] [INFO] [เชียงใหม่] ส่งข้อมูลชุด ID 0 (Sending data ID 0)
[2025-10-22T04:13:23.523Z] [DEBUG] [เชียงใหม่] Data sent: ID 0
[2025-10-22T04:13:30.664Z] [INFO] [เชียงใหม่] USID received: 7d4e8e92-a781-4a13-b822-84fe303837c2
[2025-10-22T04:13:30.666Z] [INFO] [เชียงใหม่] ส่งข้อมูลชุด ID 1 (Sending data ID 1)
[2025-10-22T04:13:31.669Z] [DEBUG] [เชียงใหม่] Data sent: ID 1
[2025-10-22T04:13:31.698Z] [INFO] [เชียงใหม่] ID 1 result: true
[2025-10-22T04:13:31.698Z] [INFO] [เชียงใหม่] ส่งข้อมูลชุด ID 2 (Sending data ID 2)
[2025-10-22T04:13:32.700Z] [DEBUG] [เชียงใหม่] Data sent: ID 2
[2025-10-22T04:13:32.728Z] [INFO] [เชียงใหม่] ID 2 result: true
[2025-10-22T04:13:32.729Z] [INFO] [เชียงใหม่] ส่งข้อมูลชุด ID 3 (Sending data ID 3)
[2025-10-22T04:13:33.731Z] [DEBUG] [เชียงใหม่] Data sent: ID 3
[2025-10-22T04:13:33.977Z] [INFO] [เชียงใหม่] ID 3 cached: true
[2025-10-22T04:13:33.978Z] [INFO] [เชียงใหม่] ส่งข้อมูลชุด ID 4 (Sending data ID 4)
[2025-10-22T04:13:34.980Z] [DEBUG] [เชียงใหม่] Data sent: ID 4
[2025-10-22T04:13:35.008Z] [INFO] [เชียงใหม่] ID 4 cached: true
[2025-10-22T04:13:35.009Z] [INFO] [เชียงใหม่] ส่งข้อมูลชุด ID 5 (Sending data ID 5)
[2025-10-22T04:13:36.015Z] [DEBUG] [เชียงใหม่] Data sent: ID 5
[2025-10-22T04:13:36.209Z] [INFO] [เชียงใหม่] ID 5 cached: true
[2025-10-22T04:13:36.210Z] [INFO] [เชียงใหม่] ส่งข้อมูลชุด ID 6 (Sending data ID 6)
[2025-10-22T04:13:37.212Z] [DEBUG] [เชียงใหม่] Data sent: ID 6
[2025-10-22T04:13:37.274Z] [INFO] [เชียงใหม่] ID 6 cached: true
[2025-10-22T04:13:37.275Z] [INFO] [เชียงใหม่] ส่งข้อมูลชุด ID 7 (Sending data ID 7)
[2025-10-22T04:13:38.276Z] [DEBUG] [เชียงใหม่] Data sent: ID 7
[2025-10-22T04:13:38.309Z] [INFO] [เชียงใหม่] ID 7 result: true
[2025-10-22T04:13:38.309Z] [INFO] [เชียงใหม่] Listening for notifications...
[2025-10-22T04:13:38.309Z] [INFO] Session established successfully
[2025-10-22T04:13:38.456Z] [DATA] [เชียงใหม่] Meter data updated: {"8684":14318.6,"8685":0,"8686":null,"8687":6047.200000000001,"8688":null,"18069":1334892.8,"18070":3498.3,"73909":null,"73910":559380.3}
[2025-10-22T04:13:41.411Z] [DATA] [เชียงใหม่] Meter data updated: {"8684":14299.300000000001,"8685":0,"8686":null,"8687":6043.700000000001,"8688":null,"18069":1334892.8,"18070":3498.3,"73909":null,"73910":559380.3}
[2025-10-22T04:13:44.392Z] [DATA] [เชียงใหม่] Meter data updated: {"8684":14312.800000000001,"8685":0,"8686":null,"8687":6043.700000000001,"8688":null,"18069":1334892.9000000001,"18070":3498.3,"73909":null,"73910":559380.3}
[2025-10-22T04:13:47.452Z] [DATA] [เชียงใหม่] Meter data updated: {"8684":14312.800000000001,"8685":0,"8686":null,"8687":6046.8,"8688":null,"18069":1334892.9000000001,"18070":3498.3,"73909":null,"73910":559380.3}
[2025-10-22T04:13:50.448Z] [DATA] [เชียงใหม่] Meter data updated: {"8684":14297.400000000001,"8685":0,"8686":null,"8687":6049.1,"8688":null,"18069":1334892.9000000001,"18070":3498.3,"73909":null,"73910":559380.3}
[2025-10-22T04:13:53.494Z] [DATA] [เชียงใหม่] Meter data updated: {"8684":14301.7,"8685":0,"8686":null,"8687":6049.1,"8688":null,"18069":1334892.9000000001,"18070":3498.3,"73909":null,"73910":559380.3}
[2025-10-22T04:13:56.467Z] [DATA] [เชียงใหม่] Meter data updated: {"8684":14301.7,"8685":0,"8686":null,"8687":6030.5,"8688":null,"18069":1334892.9000000001,"18070":3498.3,"73909":null,"73910":559380.3}
[2025-10-22T04:13:59.536Z] [DATA] [เชียงใหม่] Meter data updated: {"8684":14327.300000000001,"8685":0,"8686":null,"8687":6030.5,"8688":null,"18069":1334892.9000000001,"18070":3498.3,"73909":null,"73910":559380.3}
[2025-10-22T04:14:05.577Z] [DATA] [เชียงใหม่] Meter data updated: {"8684":14327.300000000001,"8685":0,"8686":null,"8687":6063.5,"8688":null,"18069":1334892.9000000001,"18070":3498.3,"73909":null,"73910":559380.3}
[2025-10-22T04:14:11.590Z] [DATA] [เชียงใหม่] Meter data updated: {"8684":14322.400000000001,"8685":0,"8686":null,"8687":6063.5,"8688":null,"18069":1334892.9000000001,"18070":3498.3,"73909":null,"73910":559380.3}
[2025-10-22T04:14:14.591Z] [DATA] [เชียงใหม่] Meter data updated: {"8684":14322.400000000001,"8685":0,"8686":null,"8687":6037.1,"8688":null,"18069":1334893,"18070":3498.3,"73909":null,"73910":559380.3}
[2025-10-22T04:14:17.609Z] [DATA] [เชียงใหม่] Meter data updated: {"8684":14292.900000000001,"8685":0,"8686":null,"8687":6052.8,"8688":null,"18069":1334893,"18070":3498.3,"73909":null,"73910":559380.3}
[2025-10-22T04:14:20.734Z] [DATA] [เชียงใหม่] Meter data updated: {"8684":14330.800000000001,"8685":0,"8686":null,"8687":6052.8,"8688":null,"18069":1334893,"18070":3498.3,"73909":null,"73910":559380.3}
[2025-10-22T04:14:23.689Z] [INFO] Received SIGINT, shutting down...
[2025-10-22T04:14:23.689Z] [INFO] [เชียงใหม่] Disconnecting WebSocket...
[2025-10-22T04:14:23.696Z] [DATA] [เชียงใหม่] Meter data updated: {"8684":14330.800000000001,"8685":0,"8686":null,"8687":6047.8,"8688":null,"18069":1334893,"18070":3498.3,"73909":null,"73910":559380.3}
[2025-10-22T04:14:23.711Z] [INFO] [เชียงใหม่] WebSocket connection closed
[2025-10-22T04:14:23.712Z] [INFO] [เชียงใหม่] Attempting to reconnect (1/10)...
