[2025-10-24T07:52:53.989Z] [INFO] === Starting Chiang Mai WebSocket Client ===
[2025-10-24T07:52:53.989Z] [INFO] [เชียงใหม่] Initializing database connection...
[2025-10-24T07:52:53.994Z] [INFO] [เชียงใหม่] Database station initialized: cmh1htzuq0000663wkea8qjx6
[2025-10-24T07:52:54.040Z] [INFO] [เชียงใหม่] เชื่อมต่อกับ WebSocket สำเร็จ
[2025-10-24T07:52:54.041Z] [INFO] [เชียงใหม่] Loaded 6 station-specific monitored objects: [8684, 8686, 8687, 18069, 73909, 73910]
[2025-10-24T07:52:54.041Z] [INFO] [เชียงใหม่] Initialized meter data for 6 objects
[2025-10-24T07:52:54.041Z] [INFO] [เชียงใหม่] ส่งข้อมูลชุด ID 0 (Sending data ID 0)
[2025-10-24T07:52:55.044Z] [DEBUG] [เชียงใหม่] Data sent: ID 0
[2025-10-24T07:53:11.668Z] [INFO] [เชียงใหม่] USID received: f374fee4-cb67-4b05-bd9d-e97c9e528392
[2025-10-24T07:53:11.670Z] [INFO] [เชียงใหม่] ส่งข้อมูลชุด ID 1 (Sending data ID 1)
[2025-10-24T07:53:12.672Z] [DEBUG] [เชียงใหม่] Data sent: ID 1
[2025-10-24T07:53:12.697Z] [INFO] [เชียงใหม่] ID 1 result: true
[2025-10-24T07:53:12.697Z] [INFO] [เชียงใหม่] ส่งข้อมูลชุด ID 2 (Sending data ID 2)
[2025-10-24T07:53:13.699Z] [DEBUG] [เชียงใหม่] Data sent: ID 2
[2025-10-24T07:53:13.724Z] [INFO] [เชียงใหม่] ID 2 result: true
[2025-10-24T07:53:13.725Z] [INFO] [เชียงใหม่] ส่งข้อมูลชุด ID 3 (Sending data ID 3)
[2025-10-24T07:53:14.727Z] [DEBUG] [เชียงใหม่] Data sent: ID 3
[2025-10-24T07:53:14.981Z] [INFO] [เชียงใหม่] ID 3 cached: true
[2025-10-24T07:53:14.981Z] [INFO] [เชียงใหม่] ส่งข้อมูลชุด ID 4 (Sending data ID 4)
[2025-10-24T07:53:15.983Z] [DEBUG] [เชียงใหม่] Data sent: ID 4
[2025-10-24T07:53:16.012Z] [INFO] [เชียงใหม่] ID 4 cached: true
[2025-10-24T07:53:16.012Z] [INFO] [เชียงใหม่] ส่งข้อมูลชุด ID 5 (Sending data ID 5)
[2025-10-24T07:53:17.013Z] [DEBUG] [เชียงใหม่] Data sent: ID 5
[2025-10-24T07:53:17.267Z] [INFO] [เชียงใหม่] ID 5 cached: true
[2025-10-24T07:53:17.267Z] [INFO] [เชียงใหม่] ส่งข้อมูลชุด ID 6 (Sending data ID 6)
[2025-10-24T07:53:18.270Z] [DEBUG] [เชียงใหม่] Data sent: ID 6
[2025-10-24T07:53:18.336Z] [INFO] [เชียงใหม่] ID 6 cached: true
[2025-10-24T07:53:18.337Z] [INFO] [เชียงใหม่] ส่งข้อมูลชุด ID 7 (Sending data ID 7)
[2025-10-24T07:53:19.339Z] [DEBUG] [เชียงใหม่] Data sent: ID 7
[2025-10-24T07:53:19.374Z] [INFO] [เชียงใหม่] ID 7 result: true
[2025-10-24T07:53:19.375Z] [INFO] [เชียงใหม่] Listening for notifications...
[2025-10-24T07:53:19.375Z] [INFO] Session established successfully
[2025-10-24T07:53:19.562Z] [DATA] [เชียงใหม่] Meter data updated: {"8684":14312.1,"8686":7906.900000000001,"8687":6006,"18069":1335632.8,"73909":612196.4,"73910":559691.5}
[2025-10-24T07:53:19.569Z] [INFO] [เชียงใหม่] Data saved to database
[2025-10-24T07:53:22.436Z] [DATA] [เชียงใหม่] Meter data updated: {"8684":14322.2,"8686":7906.900000000001,"8687":6006,"18069":1335632.8,"73909":612196.4,"73910":559691.6}
[2025-10-24T07:53:25.447Z] [DATA] [เชียงใหม่] Meter data updated: {"8684":14322.2,"8686":7914.900000000001,"8687":6044.200000000001,"18069":1335632.8,"73909":612196.4,"73910":559691.6}
[2025-10-24T07:53:28.457Z] [DATA] [เชียงใหม่] Meter data updated: {"8684":14294.2,"8686":7894.400000000001,"8687":6017.8,"18069":1335632.9000000001,"73909":612196.4,"73910":559691.6}
[2025-10-24T07:53:31.476Z] [DATA] [เชียงใหม่] Meter data updated: {"8684":14309.900000000001,"8686":7894.400000000001,"8687":6017.8,"18069":1335632.9000000001,"73909":612196.4,"73910":559691.6}
[2025-10-24T07:53:34.495Z] [DATA] [เชียงใหม่] Meter data updated: {"8684":14309.900000000001,"8686":7906.400000000001,"8687":6033.900000000001,"18069":1335632.9000000001,"73909":612196.5,"73910":559691.6}
[2025-10-24T07:53:37.511Z] [DATA] [เชียงใหม่] Meter data updated: {"8684":14335,"8686":7901.3,"8687":6035,"18069":1335632.9000000001,"73909":612196.5,"73910":559691.6}
[2025-10-24T07:53:40.541Z] [DATA] [เชียงใหม่] Meter data updated: {"8684":14347.6,"8686":7912.8,"8687":6035,"18069":1335632.9000000001,"73909":612196.5,"73910":559691.6}
[2025-10-24T07:53:43.551Z] [DATA] [เชียงใหม่] Meter data updated: {"8684":14291.6,"8686":7912.8,"8687":6050.1,"18069":1335632.9000000001,"73909":612196.5,"73910":559691.6}
[2025-10-24T07:53:46.577Z] [DATA] [เชียงใหม่] Meter data updated: {"8684":14291.6,"8686":7904.5,"8687":6042.1,"18069":1335632.9000000001,"73909":612196.5,"73910":559691.6}
[2025-10-24T07:53:49.584Z] [DATA] [เชียงใหม่] Meter data updated: {"8684":14333.900000000001,"8686":7927.1,"8687":6047.1,"18069":1335632.9000000001,"73909":612196.5,"73910":559691.6}
[2025-10-24T07:53:52.621Z] [DATA] [เชียงใหม่] Meter data updated: {"8684":14332.2,"8686":7927.1,"8687":6047.1,"18069":1335633,"73909":612196.5,"73910":559691.6}
[2025-10-24T07:53:55.637Z] [DATA] [เชียงใหม่] Meter data updated: {"8684":14332.2,"8686":7901.1,"8687":6029.5,"18069":1335633,"73909":612196.5,"73910":559691.6}
[2025-10-24T07:53:58.646Z] [DATA] [เชียงใหม่] Meter data updated: {"8684":14305.7,"8686":7902.200000000001,"8687":6030.700000000001,"18069":1335633,"73909":612196.5,"73910":559691.6}
[2025-10-24T07:54:01.684Z] [DATA] [เชียงใหม่] Meter data updated: {"8684":14319.6,"8686":7902.200000000001,"8687":6030.700000000001,"18069":1335633,"73909":612196.5,"73910":559691.6}
[2025-10-24T07:54:04.746Z] [DATA] [เชียงใหม่] Meter data updated: {"8684":14319.6,"8686":7905,"8687":6024.5,"18069":1335633,"73909":612196.5,"73910":559691.6}
[2025-10-24T07:54:07.709Z] [DATA] [เชียงใหม่] Meter data updated: {"8684":14322.400000000001,"8686":7901.1,"8687":6035.3,"18069":1335633,"73909":612196.5,"73910":559691.6}
[2025-10-24T07:54:07.715Z] [INFO] [เชียงใหม่] Data saved to database
[2025-10-24T07:54:10.721Z] [DATA] [เชียงใหม่] Meter data updated: {"8684":14316.2,"8686":7916.5,"8687":6035.3,"18069":1335633,"73909":612196.5,"73910":559691.6}
[2025-10-24T07:54:13.740Z] [DATA] [เชียงใหม่] Meter data updated: {"8684":14314.300000000001,"8686":7916.5,"8687":6049.3,"18069":1335633,"73909":612196.5,"73910":559691.6}
[2025-10-24T07:54:16.777Z] [DATA] [เชียงใหม่] Meter data updated: {"8684":14314.300000000001,"8686":7907.900000000001,"8687":6022.700000000001,"18069":1335633,"73909":612196.5,"73910":559691.7000000001}
[2025-10-24T07:54:19.809Z] [DATA] [เชียงใหม่] Meter data updated: {"8684":14357.6,"8686":7907.6,"8687":6049.200000000001,"18069":1335633.1,"73909":612196.6,"73910":559691.7000000001}
[2025-10-24T07:54:22.820Z] [DATA] [เชียงใหม่] Meter data updated: {"8684":14312.900000000001,"8686":7907.6,"8687":6049.200000000001,"18069":1335633.1,"73909":612196.6,"73910":559691.7000000001}
[2025-10-24T07:54:25.838Z] [DATA] [เชียงใหม่] Meter data updated: {"8684":14312.900000000001,"8686":7904.200000000001,"8687":6025.1,"18069":1335633.1,"73909":612196.6,"73910":559691.7000000001}
[2025-10-24T07:54:28.869Z] [DATA] [เชียงใหม่] Meter data updated: {"8684":14294.2,"8686":7914.900000000001,"8687":6033.400000000001,"18069":1335633.1,"73909":612196.6,"73910":559691.7000000001}
[2025-10-24T07:54:31.906Z] [DATA] [เชียงใหม่] Meter data updated: {"8684":14300.5,"8686":7902.400000000001,"8687":6033.400000000001,"18069":1335633.1,"73909":612196.6,"73910":559691.7000000001}
[2025-10-24T07:54:34.900Z] [DATA] [เชียงใหม่] Meter data updated: {"8684":14300.5,"8686":7902.400000000001,"8687":6044.5,"18069":1335633.1,"73909":612196.6,"73910":559691.7000000001}
[2025-10-24T07:54:37.931Z] [DATA] [เชียงใหม่] Meter data updated: {"8684":14339.6,"8686":7919.900000000001,"8687":6024.6,"18069":1335633.1,"73909":612196.6,"73910":559691.7000000001}
[2025-10-24T07:54:40.945Z] [DATA] [เชียงใหม่] Meter data updated: {"8684":14299.5,"8686":7913.6,"8687":6026.200000000001,"18069":1335633.1,"73909":612196.6,"73910":559691.7000000001}
[2025-10-24T07:54:43.961Z] [DATA] [เชียงใหม่] Meter data updated: {"8684":14333.5,"8686":7913.6,"8687":6026.200000000001,"18069":1335633.1,"73909":612196.6,"73910":559691.7000000001}
[2025-10-24T07:54:46.982Z] [DATA] [เชียงใหม่] Meter data updated: {"8684":14333.5,"8686":7911.3,"8687":6031.5,"18069":1335633.2000000002,"73909":612196.6,"73910":559691.7000000001}
[2025-10-24T07:54:49.994Z] [DATA] [เชียงใหม่] Meter data updated: {"8684":14527.800000000001,"8686":7892.6,"8687":6046.1,"18069":1335633.2000000002,"73909":612196.6,"73910":559691.7000000001}
[2025-10-24T07:54:53.010Z] [DATA] [เชียงใหม่] Meter data updated: {"8684":14405.300000000001,"8686":7892.6,"8687":6046.1,"18069":1335633.2000000002,"73909":612196.6,"73910":559691.7000000001}
[2025-10-24T07:54:56.024Z] [DATA] [เชียงใหม่] Meter data updated: {"8684":14405.300000000001,"8686":7916.900000000001,"8687":6041.400000000001,"18069":1335633.2000000002,"73909":612196.6,"73910":559691.7000000001}
[2025-10-24T07:54:56.026Z] [INFO] [เชียงใหม่] Data saved to database
[2025-10-24T07:54:59.036Z] [DATA] [เชียงใหม่] Meter data updated: {"8684":14402.2,"8686":7908.400000000001,"8687":6041.900000000001,"18069":1335633.2000000002,"73909":612196.6,"73910":559691.7000000001}
[2025-10-24T07:55:02.071Z] [DATA] [เชียงใหม่] Meter data updated: {"8684":14458,"8686":7907.400000000001,"8687":6041.900000000001,"18069":1335633.2000000002,"73909":612196.6,"73910":559691.7000000001}
[2025-10-24T07:55:05.087Z] [DATA] [เชียงใหม่] Meter data updated: {"8684":14436.300000000001,"8686":7907.400000000001,"8687":6018.900000000001,"18069":1335633.2000000002,"73909":612196.7000000001,"73910":559691.7000000001}
[2025-10-24T07:55:08.130Z] [DATA] [เชียงใหม่] Meter data updated: {"8684":14436.300000000001,"8686":7891.900000000001,"8687":6002.1,"18069":1335633.2000000002,"73909":612196.7000000001,"73910":559691.7000000001}
[2025-10-24T07:55:11.133Z] [DATA] [เชียงใหม่] Meter data updated: {"8684":14404.2,"8686":7891.900000000001,"8687":6002.1,"18069":1335633.3,"73909":612196.7000000001,"73910":559691.7000000001}
[2025-10-24T07:55:17.171Z] [DATA] [เชียงใหม่] Meter data updated: {"8684":14404.2,"8686":7900.200000000001,"8687":6032.1,"18069":1335633.3,"73909":612196.7000000001,"73910":559691.8}
[2025-10-24T07:55:26.233Z] [DATA] [เชียงใหม่] Meter data updated: {"8684":14450.5,"8686":7900.200000000001,"8687":6032.1,"18069":1335633.3,"73909":612196.7000000001,"73910":559691.8}
[2025-10-24T07:55:32.258Z] [DATA] [เชียงใหม่] Meter data updated: {"8684":14450.5,"8686":7909.200000000001,"8687":6038.6,"18069":1335633.3,"73909":612196.7000000001,"73910":559691.8}
[2025-10-24T07:55:41.346Z] [DATA] [เชียงใหม่] Meter data updated: {"8684":14439.1,"8686":7916.6,"8687":6036.400000000001,"18069":1335633.4000000001,"73909":612196.7000000001,"73910":559691.8}
[2025-10-24T07:55:44.344Z] [DATA] [เชียงใหม่] Meter data updated: {"8684":14404.5,"8686":7901.400000000001,"8687":6036.400000000001,"18069":1335633.4000000001,"73909":612196.7000000001,"73910":559691.8}
[2025-10-24T07:55:47.372Z] [DATA] [เชียงใหม่] Meter data updated: {"8684":14396.900000000001,"8686":7901.400000000001,"8687":6033.3,"18069":1335633.4000000001,"73909":612196.7000000001,"73910":559691.8}
[2025-10-24T07:55:50.383Z] [DATA] [เชียงใหม่] Meter data updated: {"8684":14396.900000000001,"8686":7919.1,"8687":6000.700000000001,"18069":1335633.4000000001,"73909":612196.8,"73910":559691.8}
[2025-10-24T07:55:53.425Z] [DATA] [เชียงใหม่] Meter data updated: {"8684":14374,"8686":7919.1,"8687":6000.700000000001,"18069":1335633.4000000001,"73909":612196.8,"73910":559691.8}
[2025-10-24T07:55:59.448Z] [DATA] [เชียงใหม่] Meter data updated: {"8684":14374,"8686":7913.6,"8687":5998.900000000001,"18069":1335633.4000000001,"73909":612196.8,"73910":559691.8}
[2025-10-24T07:56:08.508Z] [DATA] [เชียงใหม่] Meter data updated: {"8684":14392.7,"8686":7908.900000000001,"8687":6001.1,"18069":1335633.5,"73909":612196.8,"73910":559691.8}
[2025-10-24T07:56:11.525Z] [DATA] [เชียงใหม่] Meter data updated: {"8684":14406.6,"8686":7908.900000000001,"8687":6001.1,"18069":1335633.5,"73909":612196.8,"73910":559691.8}
[2025-10-24T07:56:14.524Z] [DATA] [เชียงใหม่] Meter data updated: {"8684":14406.6,"8686":7908.6,"8687":6025.900000000001,"18069":1335633.5,"73909":612196.8,"73910":559691.8}
[2025-10-24T07:56:17.535Z] [DATA] [เชียงใหม่] Meter data updated: {"8684":14365.900000000001,"8686":7908.6,"8687":6025.900000000001,"18069":1335633.5,"73909":612196.8,"73910":559691.8}
[2025-10-24T07:56:23.580Z] [DATA] [เชียงใหม่] Meter data updated: {"8684":14365.900000000001,"8686":7917.3,"8687":6025.900000000001,"18069":1335633.5,"73909":612196.8,"73910":559691.8}
[2025-10-24T07:56:29.633Z] [DATA] [เชียงใหม่] Meter data updated: {"8684":14365.900000000001,"8686":7917.3,"8687":6039.700000000001,"18069":1335633.5,"73909":612196.8,"73910":559691.9}
[2025-10-24T07:56:35.661Z] [DATA] [เชียงใหม่] Meter data updated: {"8684":14403.6,"8686":7915.200000000001,"8687":6039.700000000001,"18069":1335633.6,"73909":612196.8,"73910":559691.9}
[2025-10-24T07:56:38.671Z] [DATA] [เชียงใหม่] Meter data updated: {"8684":14403.6,"8686":7915.200000000001,"8687":6022.5,"18069":1335633.6,"73909":612196.9,"73910":559691.9}
[2025-10-24T07:56:41.688Z] [DATA] [เชียงใหม่] Meter data updated: {"8684":14369.2,"8686":7905.900000000001,"8687":6027.400000000001,"18069":1335633.6,"73909":612196.9,"73910":559691.9}
[2025-10-24T07:56:44.726Z] [DATA] [เชียงใหม่] Meter data updated: {"8684":14395.7,"8686":7913.400000000001,"8687":6027.400000000001,"18069":1335633.6,"73909":612196.9,"73910":559691.9}
[2025-10-24T07:56:47.749Z] [DATA] [เชียงใหม่] Meter data updated: {"8684":14398.300000000001,"8686":7913.400000000001,"8687":6007.200000000001,"18069":1335633.6,"73909":612196.9,"73910":559691.9}
[2025-10-24T07:56:50.765Z] [DATA] [เชียงใหม่] Meter data updated: {"8684":14398.300000000001,"8686":7907.3,"8687":6016.5,"18069":1335633.7000000002,"73909":612196.9,"73910":559691.9}
[2025-10-24T07:56:53.783Z] [DATA] [เชียงใหม่] Meter data updated: {"8684":14372.7,"8686":7902.1,"8687":6038.8,"18069":1335633.7000000002,"73909":612196.9,"73910":559691.9}
[2025-10-24T07:56:56.796Z] [DATA] [เชียงใหม่] Meter data updated: {"8684":14391.1,"8686":7902.1,"8687":6038.8,"18069":1335633.7000000002,"73909":612196.9,"73910":559691.9}
[2025-10-24T07:57:05.862Z] [DATA] [เชียงใหม่] Meter data updated: {"8684":14391.1,"8686":7909.200000000001,"8687":5994.400000000001,"18069":1335633.7000000002,"73909":612196.9,"73910":559691.9}
[2025-10-24T07:57:11.884Z] [DATA] [เชียงใหม่] Meter data updated: {"8684":14391.7,"8686":7909.200000000001,"8687":5994.400000000001,"18069":1335633.7000000002,"73909":612196.9,"73910":559691.9}
[2025-10-24T07:57:14.903Z] [DATA] [เชียงใหม่] Meter data updated: {"8684":14391.7,"8686":7894.400000000001,"8687":6011.700000000001,"18069":1335633.7000000002,"73909":612196.9,"73910":559691.9}
[2025-10-24T07:57:17.933Z] [DATA] [เชียงใหม่] Meter data updated: {"8684":14416.6,"8686":7910.1,"8687":6024.8,"18069":1335633.8,"73909":612196.9,"73910":559692}
[2025-10-24T07:57:20.942Z] [DATA] [เชียงใหม่] Meter data updated: {"8684":14362.7,"8686":7904.1,"8687":6024.8,"18069":1335633.8,"73909":612196.9,"73910":559692}
[2025-10-24T07:57:23.968Z] [DATA] [เชียงใหม่] Meter data updated: {"8684":14372.6,"8686":7904.1,"8687":6032.6,"18069":1335633.8,"73909":612197,"73910":559692}
[2025-10-24T07:57:27.005Z] [DATA] [เชียงใหม่] Meter data updated: {"8684":14372.6,"8686":7907.3,"8687":6036.1,"18069":1335633.8,"73909":612197,"73910":559692}
[2025-10-24T07:57:27.942Z] [INFO] Received SIGINT, shutting down...
[2025-10-24T07:57:27.943Z] [INFO] [เชียงใหม่] Disconnecting WebSocket...
[2025-10-24T07:57:27.945Z] [INFO] Received SIGTERM, shutting down...
[2025-10-24T07:57:27.963Z] [INFO] [เชียงใหม่] WebSocket connection closed
[2025-10-24T07:57:27.963Z] [INFO] [เชียงใหม่] Attempting to reconnect (1/10)...
