[2025-10-24T03:54:19.675Z] [INFO] === Starting Chiang Mai WebSocket Client ===
[2025-10-24T03:54:19.675Z] [INFO] [เชียงใหม่] Initializing database connection...
[2025-10-24T03:54:19.680Z] [INFO] [เชียงใหม่] Database station initialized: cmh1htzuq0000663wkea8qjx6
[2025-10-24T03:54:19.723Z] [INFO] [เชียงใหม่] เชื่อมต่อกับ WebSocket สำเร็จ
[2025-10-24T03:54:19.724Z] [INFO] [เชียงใหม่] Loaded 6 station-specific monitored objects: [8684, 8686, 8687, 18069, 73909, 73910]
[2025-10-24T03:54:19.724Z] [INFO] [เชียงใหม่] Initialized meter data for 6 objects
[2025-10-24T03:54:19.724Z] [INFO] [เชียงใหม่] ส่งข้อมูลชุด ID 0 (Sending data ID 0)
[2025-10-24T03:54:20.727Z] [DEBUG] [เชียงใหม่] Data sent: ID 0
[2025-10-24T03:54:36.991Z] [INFO] [เชียงใหม่] USID received: cb7eda3f-9c1c-4983-9b6f-63ad7efe7b29
[2025-10-24T03:54:36.992Z] [INFO] [เชียงใหม่] ส่งข้อมูลชุด ID 1 (Sending data ID 1)
[2025-10-24T03:54:37.994Z] [DEBUG] [เชียงใหม่] Data sent: ID 1
[2025-10-24T03:54:38.020Z] [INFO] [เชียงใหม่] ID 1 result: true
[2025-10-24T03:54:38.021Z] [INFO] [เชียงใหม่] ส่งข้อมูลชุด ID 2 (Sending data ID 2)
[2025-10-24T03:54:39.022Z] [DEBUG] [เชียงใหม่] Data sent: ID 2
[2025-10-24T03:54:39.048Z] [INFO] [เชียงใหม่] ID 2 result: true
[2025-10-24T03:54:39.048Z] [INFO] [เชียงใหม่] ส่งข้อมูลชุด ID 3 (Sending data ID 3)
[2025-10-24T03:54:40.050Z] [DEBUG] [เชียงใหม่] Data sent: ID 3
[2025-10-24T03:54:40.193Z] [INFO] [เชียงใหม่] ID 3 cached: true
[2025-10-24T03:54:40.194Z] [INFO] [เชียงใหม่] ส่งข้อมูลชุด ID 4 (Sending data ID 4)
[2025-10-24T03:54:41.196Z] [DEBUG] [เชียงใหม่] Data sent: ID 4
[2025-10-24T03:54:41.221Z] [INFO] [เชียงใหม่] ID 4 cached: true
[2025-10-24T03:54:41.222Z] [INFO] [เชียงใหม่] ส่งข้อมูลชุด ID 5 (Sending data ID 5)
[2025-10-24T03:54:42.223Z] [DEBUG] [เชียงใหม่] Data sent: ID 5
[2025-10-24T03:54:42.354Z] [INFO] [เชียงใหม่] ID 5 cached: true
[2025-10-24T03:54:42.355Z] [INFO] [เชียงใหม่] ส่งข้อมูลชุด ID 6 (Sending data ID 6)
[2025-10-24T03:54:43.357Z] [DEBUG] [เชียงใหม่] Data sent: ID 6
[2025-10-24T03:54:43.402Z] [INFO] [เชียงใหม่] ID 6 cached: true
[2025-10-24T03:54:43.403Z] [INFO] [เชียงใหม่] ส่งข้อมูลชุด ID 7 (Sending data ID 7)
[2025-10-24T03:54:44.405Z] [DEBUG] [เชียงใหม่] Data sent: ID 7
[2025-10-24T03:54:44.434Z] [INFO] [เชียงใหม่] ID 7 result: true
[2025-10-24T03:54:44.435Z] [INFO] [เชียงใหม่] Listening for notifications...
[2025-10-24T03:54:44.435Z] [INFO] Session established successfully
[2025-10-24T03:54:44.662Z] [DATA] [เชียงใหม่] Meter data updated: {"8684":14243.7,"8686":7910,"8687":6014.5,"18069":1335576,"73909":612165,"73910":559667.6}
[2025-10-24T03:54:53.570Z] [DATA] [เชียงใหม่] Meter data updated: {"8684":14243.7,"8686":7897.400000000001,"8687":6024.900000000001,"18069":1335576,"73909":612165,"73910":559667.6}
[2025-10-24T03:54:59.597Z] [DATA] [เชียงใหม่] Meter data updated: {"8684":14280.1,"8686":7897.400000000001,"8687":6024.900000000001,"18069":1335576.1,"73909":612165,"73910":559667.6}
[2025-10-24T03:55:02.633Z] [DATA] [เชียงใหม่] Meter data updated: {"8684":14280.1,"8686":7895.700000000001,"8687":6054.400000000001,"18069":1335576.1,"73909":612165.1,"73910":559667.6}
[2025-10-24T03:55:05.643Z] [DATA] [เชียงใหม่] Meter data updated: {"8684":14305.1,"8686":7888.400000000001,"8687":6006.6,"18069":1335576.1,"73909":612165.1,"73910":559667.6}
[2025-10-24T03:55:08.677Z] [DATA] [เชียงใหม่] Meter data updated: {"8684":14270.400000000001,"8686":7888.400000000001,"8687":6006.6,"18069":1335576.1,"73909":612165.1,"73910":559667.6}
[2025-10-24T03:55:11.694Z] [DATA] [เชียงใหม่] Meter data updated: {"8684":14270.400000000001,"8686":7896.400000000001,"8687":6041.400000000001,"18069":1335576.1,"73909":612165.1,"73910":559667.6}
[2025-10-24T03:55:14.707Z] [DATA] [เชียงใหม่] Meter data updated: {"8684":14267.800000000001,"8686":7891.6,"8687":6020.3,"18069":1335576.1,"73909":612165.1,"73910":559667.6}
[2025-10-24T03:55:17.719Z] [DATA] [เชียงใหม่] Meter data updated: {"8684":14278.2,"8686":7922.3,"8687":6018.8,"18069":1335576.1,"73909":612165.1,"73910":559667.6}
[2025-10-24T03:55:20.758Z] [DATA] [เชียงใหม่] Meter data updated: {"8684":14271.5,"8686":7922.3,"8687":6018.8,"18069":1335576.1,"73909":612165.1,"73910":559667.7000000001}
[2025-10-24T03:55:23.775Z] [DATA] [เชียงใหม่] Meter data updated: {"8684":14271.5,"8686":7902.3,"8687":6042,"18069":1335576.1,"73909":612165.1,"73910":559667.7000000001}
[2025-10-24T03:55:26.784Z] [DATA] [เชียงใหม่] Meter data updated: {"8684":14278.900000000001,"8686":7897.200000000001,"8687":6037.3,"18069":1335576.2000000002,"73909":612165.1,"73910":559667.7000000001}
[2025-10-24T03:55:29.780Z] [DATA] [เชียงใหม่] Meter data updated: {"8684":14264.6,"8686":7897.200000000001,"8687":6037.3,"18069":1335576.2000000002,"73909":612165.1,"73910":559667.7000000001}
[2025-10-24T03:55:32.815Z] [DATA] [เชียงใหม่] Meter data updated: {"8684":14264.6,"8686":7880,"8687":6007.400000000001,"18069":1335576.2000000002,"73909":612165.1,"73910":559667.7000000001}
[2025-10-24T03:55:35.828Z] [DATA] [เชียงใหม่] Meter data updated: {"8684":14286.400000000001,"8686":7896.200000000001,"8687":5998.6,"18069":1335576.2000000002,"73909":612165.1,"73910":559667.7000000001}
[2025-10-24T03:55:38.848Z] [DATA] [เชียงใหม่] Meter data updated: {"8684":14273.6,"8686":7912.5,"8687":5998.6,"18069":1335576.2000000002,"73909":612165.1,"73910":559667.7000000001}
[2025-10-24T03:55:41.878Z] [DATA] [เชียงใหม่] Meter data updated: {"8684":14326.300000000001,"8686":7912.5,"8687":6027.900000000001,"18069":1335576.2000000002,"73909":612165.1,"73910":559667.7000000001}
[2025-10-24T03:55:50.917Z] [DATA] [เชียงใหม่] Meter data updated: {"8684":14326.300000000001,"8686":7889.3,"8687":6039.8,"18069":1335576.2000000002,"73909":612165.2000000001,"73910":559667.7000000001}
[2025-10-24T03:55:56.944Z] [DATA] [เชียงใหม่] Meter data updated: {"8684":14289.900000000001,"8686":7889.3,"8687":6039.8,"18069":1335576.2000000002,"73909":612165.2000000001,"73910":559667.7000000001}
[2025-10-24T03:55:59.976Z] [DATA] [เชียงใหม่] Meter data updated: {"8684":14289.900000000001,"8686":7900.8,"8687":6033.200000000001,"18069":1335576.3,"73909":612165.2000000001,"73910":559667.7000000001}
[2025-10-24T03:56:02.991Z] [DATA] [เชียงใหม่] Meter data updated: {"8684":14277.6,"8686":7905.200000000001,"8687":6048.400000000001,"18069":1335576.3,"73909":612165.2000000001,"73910":559667.7000000001}
[2025-10-24T03:56:06.000Z] [DATA] [เชียงใหม่] Meter data updated: {"8684":14302.900000000001,"8686":7905.200000000001,"8687":6048.400000000001,"18069":1335576.3,"73909":612165.2000000001,"73910":559667.7000000001}
[2025-10-24T03:56:09.035Z] [DATA] [เชียงใหม่] Meter data updated: {"8684":14302.900000000001,"8686":7899.700000000001,"8687":6056.3,"18069":1335576.3,"73909":612165.2000000001,"73910":559667.7000000001}
[2025-10-24T03:56:12.120Z] [DATA] [เชียงใหม่] Meter data updated: {"8684":14247.400000000001,"8686":7890.200000000001,"8687":6047.700000000001,"18069":1335576.3,"73909":612165.2000000001,"73910":559667.7000000001}
[2025-10-24T03:56:15.083Z] [DATA] [เชียงใหม่] Meter data updated: {"8684":14304.7,"8686":7887.5,"8687":6047.700000000001,"18069":1335576.3,"73909":612165.2000000001,"73910":559667.7000000001}
[2025-10-24T03:56:18.073Z] [DATA] [เชียงใหม่] Meter data updated: {"8684":14316.300000000001,"8686":7887.5,"8687":6036.900000000001,"18069":1335576.3,"73909":612165.2000000001,"73910":559667.8}
[2025-10-24T03:56:21.110Z] [DATA] [เชียงใหม่] Meter data updated: {"8684":14316.300000000001,"8686":7899.700000000001,"8687":6024.8,"18069":1335576.4000000001,"73909":612165.2000000001,"73910":559667.8}
[2025-10-24T03:56:24.147Z] [DATA] [เชียงใหม่] Meter data updated: {"8684":14293.800000000001,"8686":7895.3,"8687":6023.400000000001,"18069":1335576.4000000001,"73909":612165.2000000001,"73910":559667.8}
[2025-10-24T03:56:27.187Z] [DATA] [เชียงใหม่] Meter data updated: {"8684":14290.2,"8686":7895.3,"8687":6023.400000000001,"18069":1335576.4000000001,"73909":612165.2000000001,"73910":559667.8}
[2025-10-24T03:56:30.196Z] [DATA] [เชียงใหม่] Meter data updated: {"8684":14290.2,"8686":7904.3,"8687":6040.6,"18069":1335576.4000000001,"73909":612165.2000000001,"73910":559667.8}
[2025-10-24T03:56:33.317Z] [DATA] [เชียงใหม่] Meter data updated: {"8684":14291.400000000001,"8686":7901.900000000001,"8687":6040.6,"18069":1335576.4000000001,"73909":612165.3,"73910":559667.8}
[2025-10-24T03:56:39.258Z] [DATA] [เชียงใหม่] Meter data updated: {"8684":14291.400000000001,"8686":7901.900000000001,"8687":6032.3,"18069":1335576.4000000001,"73909":612165.3,"73910":559667.8}
[2025-10-24T03:56:48.320Z] [DATA] [เชียงใหม่] Meter data updated: {"8684":14283.900000000001,"8686":7891.3,"8687":6015.700000000001,"18069":1335576.5,"73909":612165.3,"73910":559667.8}
[2025-10-24T03:56:51.332Z] [DATA] [เชียงใหม่] Meter data updated: {"8684":14290,"8686":7892.200000000001,"8687":6032.5,"18069":1335576.5,"73909":612165.3,"73910":559667.8}
[2025-10-24T03:56:54.346Z] [DATA] [เชียงใหม่] Meter data updated: {"8684":14310.900000000001,"8686":7892.200000000001,"8687":6032.5,"18069":1335576.5,"73909":612165.3,"73910":559667.8}
[2025-10-24T03:56:57.384Z] [DATA] [เชียงใหม่] Meter data updated: {"8684":14310.900000000001,"8686":7883.400000000001,"8687":6027.6,"18069":1335576.5,"73909":612165.3,"73910":559667.8}
[2025-10-24T03:57:00.419Z] [DATA] [เชียงใหม่] Meter data updated: {"8684":14309,"8686":7880.400000000001,"8687":6004.1,"18069":1335576.5,"73909":612165.3,"73910":559667.8}
[2025-10-24T03:57:03.432Z] [DATA] [เชียงใหม่] Meter data updated: {"8684":14277.400000000001,"8686":7880.400000000001,"8687":6004.1,"18069":1335576.5,"73909":612165.3,"73910":559667.8}
[2025-10-24T03:57:06.453Z] [DATA] [เชียงใหม่] Meter data updated: {"8684":14277.400000000001,"8686":7881.200000000001,"8687":6011.400000000001,"18069":1335576.5,"73909":612165.3,"73910":559667.8}
[2025-10-24T03:57:09.472Z] [DATA] [เชียงใหม่] Meter data updated: {"8684":14302.6,"8686":7891.5,"8687":6024.400000000001,"18069":1335576.6,"73909":612165.3,"73910":559667.8}
[2025-10-24T03:57:12.480Z] [DATA] [เชียงใหม่] Meter data updated: {"8684":14267.2,"8686":7887.8,"8687":6024.400000000001,"18069":1335576.6,"73909":612165.3,"73910":559667.8}
[2025-10-24T03:57:15.491Z] [DATA] [เชียงใหม่] Meter data updated: {"8684":14309.300000000001,"8686":7887.8,"8687":6023.400000000001,"18069":1335576.6,"73909":612165.3,"73910":559667.8}
[2025-10-24T03:57:18.524Z] [DATA] [เชียงใหม่] Meter data updated: {"8684":14309.300000000001,"8686":7887.200000000001,"8687":6045.900000000001,"18069":1335576.6,"73909":612165.4,"73910":559667.9}
[2025-10-24T03:57:21.520Z] [DATA] [เชียงใหม่] Meter data updated: {"8684":14227.2,"8686":7887.1,"8687":6020.400000000001,"18069":1335576.6,"73909":612165.4,"73910":559667.9}
[2025-10-24T03:57:24.551Z] [DATA] [เชียงใหม่] Meter data updated: {"8684":14287.5,"8686":7887.1,"8687":6020.400000000001,"18069":1335576.6,"73909":612165.4,"73910":559667.9}
[2025-10-24T03:57:27.564Z] [DATA] [เชียงใหม่] Meter data updated: {"8684":14287.5,"8686":7895.3,"8687":6017,"18069":1335576.6,"73909":612165.4,"73910":559667.9}
[2025-10-24T03:57:27.569Z] [INFO] [เชียงใหม่] Data saved to database
[2025-10-24T03:57:30.576Z] [DATA] [เชียงใหม่] Meter data updated: {"8684":14266.300000000001,"8686":7910,"8687":6019.700000000001,"18069":1335576.6,"73909":612165.4,"73910":559667.9}
[2025-10-24T03:57:33.593Z] [DATA] [เชียงใหม่] Meter data updated: {"8684":14281.300000000001,"8686":7910,"8687":6019.700000000001,"18069":1335576.7000000002,"73909":612165.4,"73910":559667.9}
[2025-10-24T03:57:36.627Z] [DATA] [เชียงใหม่] Meter data updated: {"8684":14281.300000000001,"8686":7872.6,"8687":6007.400000000001,"18069":1335576.7000000002,"73909":612165.4,"73910":559667.9}
[2025-10-24T03:57:39.643Z] [DATA] [เชียงใหม่] Meter data updated: {"8684":14323.5,"8686":7890.1,"8687":6024.5,"18069":1335576.7000000002,"73909":612165.4,"73910":559667.9}
[2025-10-24T03:57:42.685Z] [DATA] [เชียงใหม่] Meter data updated: {"8684":14277.5,"8686":7896.1,"8687":6001.900000000001,"18069":1335576.7000000002,"73909":612165.4,"73910":559667.9}
[2025-10-24T03:57:45.717Z] [DATA] [เชียงใหม่] Meter data updated: {"8684":14278.2,"8686":7896.1,"8687":6001.900000000001,"18069":1335576.7000000002,"73909":612165.4,"73910":559667.9}
[2025-10-24T03:57:48.752Z] [DATA] [เชียงใหม่] Meter data updated: {"8684":14278.2,"8686":7893.200000000001,"8687":6016.5,"18069":1335576.7000000002,"73909":612165.4,"73910":559667.9}
[2025-10-24T03:57:51.773Z] [DATA] [เชียงใหม่] Meter data updated: {"8684":14281.6,"8686":7887.200000000001,"8687":6016.900000000001,"18069":1335576.7000000002,"73909":612165.4,"73910":559667.9}
[2025-10-24T03:57:54.778Z] [DATA] [เชียงใหม่] Meter data updated: {"8684":14284,"8686":7887.200000000001,"8687":6016.900000000001,"18069":1335576.7000000002,"73909":612165.4,"73910":559667.9}
[2025-10-24T03:57:57.791Z] [DATA] [เชียงใหม่] Meter data updated: {"8684":14284,"8686":7885.8,"8687":6050.5,"18069":1335576.7000000002,"73909":612165.4,"73910":559667.9}
[2025-10-24T03:58:00.818Z] [DATA] [เชียงใหม่] Meter data updated: {"8684":14297.7,"8686":7884.3,"8687":6008.200000000001,"18069":1335576.8,"73909":612165.4,"73910":559667.9}
[2025-10-24T03:58:03.849Z] [DATA] [เชียงใหม่] Meter data updated: {"8684":14245.400000000001,"8686":7891.8,"8687":6008.200000000001,"18069":1335576.8,"73909":612165.4,"73910":559667.9}
[2025-10-24T03:58:06.855Z] [DATA] [เชียงใหม่] Meter data updated: {"8684":14252.400000000001,"8686":7891.8,"8687":6026.700000000001,"18069":1335576.8,"73909":612165.5,"73910":559667.9}
[2025-10-24T03:58:09.869Z] [DATA] [เชียงใหม่] Meter data updated: {"8684":14252.400000000001,"8686":7910.3,"8687":6026.700000000001,"18069":1335576.8,"73909":612165.5,"73910":559667.9}
[2025-10-24T03:58:15.923Z] [DATA] [เชียงใหม่] Meter data updated: {"8684":14252.400000000001,"8686":7910.3,"8687":6003.3,"18069":1335576.8,"73909":612165.5,"73910":559667.9}
[2025-10-24T03:58:15.929Z] [INFO] [เชียงใหม่] Data saved to database
[2025-10-24T03:58:21.966Z] [DATA] [เชียงใหม่] Meter data updated: {"8684":14275,"8686":7910.3,"8687":6003.3,"18069":1335576.9000000001,"73909":612165.5,"73910":559667.9}
[2025-10-24T03:58:25.196Z] [DATA] [เชียงใหม่] Meter data updated: {"8684":14275,"8686":7906.900000000001,"8687":6040.1,"18069":1335576.9000000001,"73909":612165.5,"73910":559668}
[2025-10-24T03:58:27.989Z] [DATA] [เชียงใหม่] Meter data updated: {"8684":14251.7,"8686":7890.1,"8687":6018.8,"18069":1335576.9000000001,"73909":612165.5,"73910":559668}
[2025-10-24T03:58:31.007Z] [DATA] [เชียงใหม่] Meter data updated: {"8684":14292.6,"8686":7890.1,"8687":6018.8,"18069":1335576.9000000001,"73909":612165.5,"73910":559668}
[2025-10-24T03:58:34.022Z] [DATA] [เชียงใหม่] Meter data updated: {"8684":14292.6,"8686":7889.900000000001,"8687":6018.8,"18069":1335576.9000000001,"73909":612165.5,"73910":559668}
[2025-10-24T03:58:37.033Z] [DATA] [เชียงใหม่] Meter data updated: {"8684":14292.6,"8686":7889.900000000001,"8687":6007.400000000001,"18069":1335576.9000000001,"73909":612165.5,"73910":559668}
[2025-10-24T03:58:46.114Z] [DATA] [เชียงใหม่] Meter data updated: {"8684":14261.400000000001,"8686":7892.200000000001,"8687":6017.5,"18069":1335576.9000000001,"73909":612165.5,"73910":559668}
[2025-10-24T03:58:49.125Z] [DATA] [เชียงใหม่] Meter data updated: {"8684":14273.900000000001,"8686":7892.200000000001,"8687":6017.5,"18069":1335577,"73909":612165.5,"73910":559668}
[2025-10-24T03:58:53.434Z] [INFO] Received SIGINT, shutting down...
[2025-10-24T03:58:53.435Z] [INFO] [เชียงใหม่] Disconnecting WebSocket...
[2025-10-24T03:58:53.437Z] [INFO] Received SIGTERM, shutting down...
[2025-10-24T03:58:53.453Z] [INFO] [เชียงใหม่] WebSocket connection closed
[2025-10-24T03:58:53.453Z] [INFO] [เชียงใหม่] Attempting to reconnect (1/10)...
