[2025-10-22T04:28:48.991Z] [INFO] === Starting Chiang Mai WebSocket Client ===
[2025-10-22T04:28:48.991Z] [INFO] [เชียงใหม่] Initializing database connection...
[2025-10-22T04:28:48.996Z] [INFO] [เชียงใหม่] Database station initialized: cmh1htzuq0000663wkea8qjx6
[2025-10-22T04:28:49.034Z] [INFO] [เชียงใหม่] เชื่อมต่อกับ WebSocket สำเร็จ
[2025-10-22T04:28:49.034Z] [INFO] [เชียงใหม่] ส่งข้อมูลชุด ID 0 (Sending data ID 0)
[2025-10-22T04:28:50.038Z] [DEBUG] [เชียงใหม่] Data sent: ID 0
[2025-10-22T04:28:57.832Z] [INFO] [เชียงใหม่] USID received: a116685a-90e9-4877-afc8-0707458cd1a3
[2025-10-22T04:28:57.833Z] [INFO] [เชียงใหม่] ส่งข้อมูลชุด ID 1 (Sending data ID 1)
[2025-10-22T04:28:58.835Z] [DEBUG] [เชียงใหม่] Data sent: ID 1
[2025-10-22T04:28:58.862Z] [INFO] [เชียงใหม่] ID 1 result: true
[2025-10-22T04:28:58.863Z] [INFO] [เชียงใหม่] ส่งข้อมูลชุด ID 2 (Sending data ID 2)
[2025-10-22T04:28:59.865Z] [DEBUG] [เชียงใหม่] Data sent: ID 2
[2025-10-22T04:28:59.890Z] [INFO] [เชียงใหม่] ID 2 result: true
[2025-10-22T04:28:59.891Z] [INFO] [เชียงใหม่] ส่งข้อมูลชุด ID 3 (Sending data ID 3)
[2025-10-22T04:29:00.893Z] [DEBUG] [เชียงใหม่] Data sent: ID 3
[2025-10-22T04:29:01.211Z] [INFO] [เชียงใหม่] ID 3 cached: true
[2025-10-22T04:29:01.212Z] [INFO] [เชียงใหม่] ส่งข้อมูลชุด ID 4 (Sending data ID 4)
[2025-10-22T04:29:02.213Z] [DEBUG] [เชียงใหม่] Data sent: ID 4
[2025-10-22T04:29:02.239Z] [INFO] [เชียงใหม่] ID 4 cached: true
[2025-10-22T04:29:02.240Z] [INFO] [เชียงใหม่] ส่งข้อมูลชุด ID 5 (Sending data ID 5)
[2025-10-22T04:29:03.242Z] [DEBUG] [เชียงใหม่] Data sent: ID 5
[2025-10-22T04:29:03.451Z] [INFO] [เชียงใหม่] ID 5 cached: true
[2025-10-22T04:29:03.452Z] [INFO] [เชียงใหม่] ส่งข้อมูลชุด ID 6 (Sending data ID 6)
[2025-10-22T04:29:04.454Z] [DEBUG] [เชียงใหม่] Data sent: ID 6
[2025-10-22T04:29:04.527Z] [INFO] [เชียงใหม่] ID 6 cached: true
[2025-10-22T04:29:04.528Z] [INFO] [เชียงใหม่] ส่งข้อมูลชุด ID 7 (Sending data ID 7)
[2025-10-22T04:29:05.530Z] [DEBUG] [เชียงใหม่] Data sent: ID 7
[2025-10-22T04:29:05.557Z] [INFO] [เชียงใหม่] ID 7 result: true
[2025-10-22T04:29:05.558Z] [INFO] [เชียงใหม่] Listening for notifications...
[2025-10-22T04:29:05.559Z] [INFO] Session established successfully
[2025-10-22T04:29:05.883Z] [DATA] [เชียงใหม่] Meter data updated: {"8684":14342.800000000001,"8685":0,"8686":null,"8687":6025,"8688":null,"8689":null,"18069":1334896.5,"18070":3498.3,"73909":null,"73910":559381.8,"75428":null,"75429":null}
[2025-10-22T04:29:08.702Z] [DATA] [เชียงใหม่] Meter data updated: {"8684":14328.1,"8685":0,"8686":null,"8687":6025,"8688":null,"8689":null,"18069":1334896.5,"18070":3498.3,"73909":null,"73910":559381.8,"75428":null,"75429":null}
[2025-10-22T04:29:14.757Z] [DATA] [เชียงใหม่] Meter data updated: {"8684":14328.1,"8685":0,"8686":null,"8687":6059.1,"8688":null,"8689":null,"18069":1334896.5,"18070":3498.3,"73909":null,"73910":559381.8,"75428":null,"75429":null}
[2025-10-22T04:29:23.769Z] [DATA] [เชียงใหม่] Meter data updated: {"8684":14363.400000000001,"8685":0,"8686":null,"8687":6062.700000000001,"8688":null,"8689":null,"18069":1334896.6,"18070":3498.3,"73909":null,"73910":559381.9,"75428":null,"75429":null}
[2025-10-22T04:29:26.842Z] [DATA] [เชียงใหม่] Meter data updated: {"8684":14307.7,"8685":0,"8686":null,"8687":6062.700000000001,"8688":null,"8689":null,"18069":1334896.6,"18070":3498.3,"73909":null,"73910":559381.9,"75428":null,"75429":null}
[2025-10-22T04:29:29.811Z] [DATA] [เชียงใหม่] Meter data updated: {"8684":14328.6,"8685":0,"8686":null,"8687":6057.5,"8688":null,"8689":null,"18069":1334896.6,"18070":3498.3,"73909":null,"73910":559381.9,"75428":null,"75429":null}
[2025-10-22T04:29:32.798Z] [DATA] [เชียงใหม่] Meter data updated: {"8684":14328.6,"8685":0,"8686":null,"8687":6065.700000000001,"8688":null,"8689":null,"18069":1334896.6,"18070":3498.3,"73909":null,"73910":559381.9,"75428":null,"75429":null}
[2025-10-22T04:29:35.955Z] [DATA] [เชียงใหม่] Meter data updated: {"8684":14301.1,"8685":0,"8686":null,"8687":6033.5,"8688":null,"8689":null,"18069":1334896.6,"18070":3498.3,"73909":null,"73910":559381.9,"75428":null,"75429":null}
[2025-10-22T04:29:38.925Z] [DATA] [เชียงใหม่] Meter data updated: {"8684":14323.7,"8685":0,"8686":null,"8687":6033.5,"8688":null,"8689":null,"18069":1334896.6,"18070":3498.3,"73909":null,"73910":559381.9,"75428":null,"75429":null}
[2025-10-22T04:29:41.992Z] [DATA] [เชียงใหม่] Meter data updated: {"8684":14323.7,"8685":0,"8686":null,"8687":6060.5,"8688":null,"8689":null,"18069":1334896.6,"18070":3498.3,"73909":null,"73910":559381.9,"75428":null,"75429":null}
[2025-10-22T04:29:45.038Z] [DATA] [เชียงใหม่] Meter data updated: {"8684":14330.2,"8685":0,"8686":null,"8687":6047.900000000001,"8688":null,"8689":null,"18069":1334896.7000000002,"18070":3498.3,"73909":null,"73910":559381.9,"75428":null,"75429":null}
[2025-10-22T04:29:47.918Z] [DATA] [เชียงใหม่] Meter data updated: {"8684":14319.300000000001,"8685":0,"8686":null,"8687":6047.900000000001,"8688":null,"8689":null,"18069":1334896.7000000002,"18070":3498.3,"73909":null,"73910":559381.9,"75428":null,"75429":null}
[2025-10-22T04:29:50.926Z] [DATA] [เชียงใหม่] Meter data updated: {"8684":14319.300000000001,"8685":0,"8686":null,"8687":6031.400000000001,"8688":null,"8689":null,"18069":1334896.7000000002,"18070":3498.3,"73909":null,"73910":559381.9,"75428":null,"75429":null}
[2025-10-22T04:29:53.943Z] [DATA] [เชียงใหม่] Meter data updated: {"8684":14314.300000000001,"8685":0,"8686":null,"8687":6045.3,"8688":null,"8689":null,"18069":1334896.7000000002,"18070":3498.3,"73909":null,"73910":559381.9,"75428":null,"75429":null}
[2025-10-22T04:29:56.952Z] [DATA] [เชียงใหม่] Meter data updated: {"8684":14306.7,"8685":0,"8686":null,"8687":6045.3,"8688":null,"8689":null,"18069":1334896.7000000002,"18070":3498.3,"73909":null,"73910":559381.9,"75428":null,"75429":null}
[2025-10-22T04:30:02.982Z] [DATA] [เชียงใหม่] Meter data updated: {"8684":14306.7,"8685":0,"8686":null,"8687":6020.6,"8688":null,"8689":null,"18069":1334896.7000000002,"18070":3498.3,"73909":null,"73910":559381.9,"75428":null,"75429":null}
[2025-10-22T04:30:12.028Z] [DATA] [เชียงใหม่] Meter data updated: {"8684":14307.2,"8685":0,"8686":null,"8687":6029,"8688":null,"8689":null,"18069":1334896.8,"18070":3498.3,"73909":null,"73910":559381.9,"75428":null,"75429":null}
