[2025-10-24T07:32:14.389Z] [INFO] === Starting Chiang Mai WebSocket Client ===
[2025-10-24T07:32:14.390Z] [INFO] [เชียงใหม่] Initializing database connection...
[2025-10-24T07:32:14.395Z] [INFO] [เชียงใหม่] Database station initialized: cmh1htzuq0000663wkea8qjx6
[2025-10-24T07:32:14.437Z] [INFO] [เชียงใหม่] เชื่อมต่อกับ WebSocket สำเร็จ
[2025-10-24T07:32:14.437Z] [INFO] [เชียงใหม่] Loaded 6 station-specific monitored objects: [8684, 8686, 8687, 18069, 73909, 73910]
[2025-10-24T07:32:14.438Z] [INFO] [เชียงใหม่] Initialized meter data for 6 objects
[2025-10-24T07:32:14.438Z] [INFO] [เชียงใหม่] ส่งข้อมูลชุด ID 0 (Sending data ID 0)
[2025-10-24T07:32:15.441Z] [DEBUG] [เชียงใหม่] Data sent: ID 0
[2025-10-24T07:32:32.185Z] [INFO] [เชียงใหม่] USID received: ac7fd3df-4a15-4d7f-9019-be4b0bf04d00
[2025-10-24T07:32:32.185Z] [INFO] [เชียงใหม่] ส่งข้อมูลชุด ID 1 (Sending data ID 1)
[2025-10-24T07:32:33.187Z] [DEBUG] [เชียงใหม่] Data sent: ID 1
[2025-10-24T07:32:33.219Z] [INFO] [เชียงใหม่] ID 1 result: true
[2025-10-24T07:32:33.220Z] [INFO] [เชียงใหม่] ส่งข้อมูลชุด ID 2 (Sending data ID 2)
[2025-10-24T07:32:34.221Z] [DEBUG] [เชียงใหม่] Data sent: ID 2
[2025-10-24T07:32:34.251Z] [INFO] [เชียงใหม่] ID 2 result: true
[2025-10-24T07:32:34.252Z] [INFO] [เชียงใหม่] ส่งข้อมูลชุด ID 3 (Sending data ID 3)
[2025-10-24T07:32:35.254Z] [DEBUG] [เชียงใหม่] Data sent: ID 3
[2025-10-24T07:32:35.757Z] [INFO] [เชียงใหม่] ID 3 cached: true
[2025-10-24T07:32:35.757Z] [INFO] [เชียงใหม่] ส่งข้อมูลชุด ID 4 (Sending data ID 4)
[2025-10-24T07:32:36.759Z] [DEBUG] [เชียงใหม่] Data sent: ID 4
[2025-10-24T07:32:36.801Z] [INFO] [เชียงใหม่] ID 4 cached: true
[2025-10-24T07:32:36.802Z] [INFO] [เชียงใหม่] ส่งข้อมูลชุด ID 5 (Sending data ID 5)
[2025-10-24T07:32:37.804Z] [DEBUG] [เชียงใหม่] Data sent: ID 5
[2025-10-24T07:32:37.973Z] [INFO] [เชียงใหม่] ID 5 cached: true
[2025-10-24T07:32:37.973Z] [INFO] [เชียงใหม่] ส่งข้อมูลชุด ID 6 (Sending data ID 6)
[2025-10-24T07:32:38.975Z] [DEBUG] [เชียงใหม่] Data sent: ID 6
[2025-10-24T07:32:39.293Z] [INFO] [เชียงใหม่] ID 6 cached: true
[2025-10-24T07:32:39.294Z] [INFO] [เชียงใหม่] ส่งข้อมูลชุด ID 7 (Sending data ID 7)
[2025-10-24T07:32:40.295Z] [DEBUG] [เชียงใหม่] Data sent: ID 7
[2025-10-24T07:32:40.324Z] [INFO] [เชียงใหม่] ID 7 result: true
[2025-10-24T07:32:40.325Z] [INFO] [เชียงใหม่] Listening for notifications...
[2025-10-24T07:32:40.326Z] [INFO] Session established successfully
[2025-10-24T07:32:40.522Z] [DATA] [เชียงใหม่] Meter data updated: {"8684":14329.400000000001,"8686":7902.6,"8687":6019.3,"18069":1335627.9000000001,"73909":612193.7000000001,"73910":559689.5}
[2025-10-24T07:32:46.425Z] [DATA] [เชียงใหม่] Meter data updated: {"8684":14329.400000000001,"8686":7901.700000000001,"8687":6019.3,"18069":1335627.9000000001,"73909":612193.7000000001,"73910":559689.5}
[2025-10-24T07:32:49.459Z] [DATA] [เชียงใหม่] Meter data updated: {"8684":14329.400000000001,"8686":7901.700000000001,"8687":6047.1,"18069":1335627.9000000001,"73909":612193.7000000001,"73910":559689.5}
[2025-10-24T07:32:55.491Z] [DATA] [เชียงใหม่] Meter data updated: {"8684":14331.900000000001,"8686":7889.200000000001,"8687":6047.1,"18069":1335628,"73909":612193.7000000001,"73910":559689.5}
[2025-10-24T07:32:58.523Z] [DATA] [เชียงใหม่] Meter data updated: {"8684":14325.1,"8686":7889.200000000001,"8687":6031.3,"18069":1335628,"73909":612193.7000000001,"73910":559689.5}
[2025-10-24T07:33:07.574Z] [DATA] [เชียงใหม่] Meter data updated: {"8684":14325.1,"8686":7901.5,"8687":6033.1,"18069":1335628,"73909":612193.8,"73910":559689.5}
[2025-10-24T07:33:16.610Z] [DATA] [เชียงใหม่] Meter data updated: {"8684":14320.900000000001,"8686":7901.5,"8687":6033.1,"18069":1335628,"73909":612193.8,"73910":559689.5}
[2025-10-24T07:33:22.923Z] [DATA] [เชียงใหม่] Meter data updated: {"8684":14320.900000000001,"8686":7889.6,"8687":6048.6,"18069":1335628,"73909":612193.8,"73910":559689.6}
[2025-10-24T07:33:28.687Z] [DATA] [เชียงใหม่] Meter data updated: {"8684":14336.300000000001,"8686":7889.6,"8687":6048.6,"18069":1335628,"73909":612193.8,"73910":559689.6}
[2025-10-24T07:33:31.702Z] [DATA] [เชียงใหม่] Meter data updated: {"8684":14336.300000000001,"8686":7897.200000000001,"8687":6013.5,"18069":1335628.1,"73909":612193.8,"73910":559689.6}
[2025-10-24T07:33:34.740Z] [DATA] [เชียงใหม่] Meter data updated: {"8684":14310.900000000001,"8686":7895.700000000001,"8687":6014,"18069":1335628.1,"73909":612193.8,"73910":559689.6}
[2025-10-24T07:33:34.746Z] [INFO] [เชียงใหม่] Data saved to database
[2025-10-24T07:33:37.750Z] [DATA] [เชียงใหม่] Meter data updated: {"8684":14325.1,"8686":7895.700000000001,"8687":6014,"18069":1335628.1,"73909":612193.8,"73910":559689.6}
[2025-10-24T07:33:40.789Z] [DATA] [เชียงใหม่] Meter data updated: {"8684":14325.1,"8686":7900.1,"8687":6006.8,"18069":1335628.1,"73909":612193.8,"73910":559689.6}
[2025-10-24T07:33:43.772Z] [DATA] [เชียงใหม่] Meter data updated: {"8684":14313.900000000001,"8686":7923.1,"8687":6027.200000000001,"18069":1335628.1,"73909":612193.8,"73910":559689.6}
[2025-10-24T07:33:46.782Z] [DATA] [เชียงใหม่] Meter data updated: {"8684":14346.7,"8686":7923.1,"8687":6027.200000000001,"18069":1335628.2000000002,"73909":612193.8,"73910":559689.6}
[2025-10-24T07:33:49.802Z] [DATA] [เชียงใหม่] Meter data updated: {"8684":14346.7,"8686":7917.8,"8687":6034.400000000001,"18069":1335628.2000000002,"73909":612193.9,"73910":559689.6}
[2025-10-24T07:33:52.812Z] [DATA] [เชียงใหม่] Meter data updated: {"8684":14326.5,"8686":7903.8,"8687":6039.6,"18069":1335628.2000000002,"73909":612193.9,"73910":559689.6}
[2025-10-24T07:33:55.827Z] [DATA] [เชียงใหม่] Meter data updated: {"8684":14295.400000000001,"8686":7907.400000000001,"8687":6039.6,"18069":1335628.2000000002,"73909":612193.9,"73910":559689.6}
[2025-10-24T07:33:58.843Z] [DATA] [เชียงใหม่] Meter data updated: {"8684":14295.400000000001,"8686":7907.400000000001,"8687":6029.5,"18069":1335628.2000000002,"73909":612193.9,"73910":559689.6}
[2025-10-24T07:34:01.885Z] [DATA] [เชียงใหม่] Meter data updated: {"8684":14316.800000000001,"8686":7931.1,"8687":6011,"18069":1335628.2000000002,"73909":612193.9,"73910":559689.6}
[2025-10-24T07:34:10.922Z] [DATA] [เชียงใหม่] Meter data updated: {"8684":14317.2,"8686":7931.1,"8687":6011,"18069":1335628.2000000002,"73909":612193.9,"73910":559689.6}
[2025-10-24T07:34:13.959Z] [DATA] [เชียงใหม่] Meter data updated: {"8684":14317.2,"8686":7909.3,"8687":6050.3,"18069":1335628.3,"73909":612193.9,"73910":559689.6}
[2025-10-24T07:34:16.968Z] [DATA] [เชียงใหม่] Meter data updated: {"8684":14346.300000000001,"8686":7909.700000000001,"8687":6054.200000000001,"18069":1335628.3,"73909":612193.9,"73910":559689.6}
[2025-10-24T07:34:20.002Z] [DATA] [เชียงใหม่] Meter data updated: {"8684":14331.900000000001,"8686":7909.700000000001,"8687":6054.200000000001,"18069":1335628.3,"73909":612193.9,"73910":559689.6}
[2025-10-24T07:34:23.135Z] [DATA] [เชียงใหม่] Meter data updated: {"8684":14331.900000000001,"8686":7909.6,"8687":6041.700000000001,"18069":1335628.3,"73909":612193.9,"73910":559689.7000000001}
[2025-10-24T07:34:26.034Z] [DATA] [เชียงใหม่] Meter data updated: {"8684":14326.5,"8686":7911,"8687":6046.5,"18069":1335628.3,"73909":612193.9,"73910":559689.7000000001}
[2025-10-24T07:34:29.076Z] [DATA] [เชียงใหม่] Meter data updated: {"8684":14306,"8686":7921.1,"8687":6046.5,"18069":1335628.3,"73909":612193.9,"73910":559689.7000000001}
[2025-10-24T07:34:32.063Z] [DATA] [เชียงใหม่] Meter data updated: {"8684":14328.1,"8686":7921.1,"8687":6017.1,"18069":1335628.3,"73909":612193.9,"73910":559689.7000000001}
[2025-10-24T07:34:35.098Z] [DATA] [เชียงใหม่] Meter data updated: {"8684":14328.1,"8686":7912.5,"8687":6008.900000000001,"18069":1335628.3,"73909":612194,"73910":559689.7000000001}
[2025-10-24T07:34:38.124Z] [DATA] [เชียงใหม่] Meter data updated: {"8684":14307.1,"8686":7895.5,"8687":6011.1,"18069":1335628.4000000001,"73909":612194,"73910":559689.7000000001}
[2025-10-24T07:34:41.138Z] [DATA] [เชียงใหม่] Meter data updated: {"8684":14325.900000000001,"8686":7895.5,"8687":6011.1,"18069":1335628.4000000001,"73909":612194,"73910":559689.7000000001}
[2025-10-24T07:34:44.177Z] [DATA] [เชียงใหม่] Meter data updated: {"8684":14325.900000000001,"8686":7895.700000000001,"8687":6010.1,"18069":1335628.4000000001,"73909":612194,"73910":559689.7000000001}
[2025-10-24T07:34:47.200Z] [DATA] [เชียงใหม่] Meter data updated: {"8684":14354.1,"8686":7902.5,"8687":6016.3,"18069":1335628.4000000001,"73909":612194,"73910":559689.7000000001}
[2025-10-24T07:34:50.273Z] [DATA] [เชียงใหม่] Meter data updated: {"8684":14328.6,"8686":7902.5,"8687":6016.3,"18069":1335628.4000000001,"73909":612194,"73910":559689.7000000001}
[2025-10-24T07:34:53.250Z] [DATA] [เชียงใหม่] Meter data updated: {"8684":14328.6,"8686":7889,"8687":6038,"18069":1335628.4000000001,"73909":612194,"73910":559689.7000000001}
[2025-10-24T07:34:56.313Z] [DATA] [เชียงใหม่] Meter data updated: {"8684":14304.7,"8686":7902.3,"8687":6038,"18069":1335628.4000000001,"73909":612194,"73910":559689.7000000001}
[2025-10-24T07:35:02.356Z] [DATA] [เชียงใหม่] Meter data updated: {"8684":14304.7,"8686":7902.3,"8687":6036.6,"18069":1335628.4000000001,"73909":612194,"73910":559689.7000000001}
[2025-10-24T07:35:11.365Z] [DATA] [เชียงใหม่] Meter data updated: {"8684":14320.300000000001,"8686":7916.700000000001,"8687":6013.6,"18069":1335628.5,"73909":612194,"73910":559689.7000000001}
[2025-10-24T07:35:14.382Z] [DATA] [เชียงใหม่] Meter data updated: {"8684":14297,"8686":7905.200000000001,"8687":6013.6,"18069":1335628.5,"73909":612194,"73910":559689.7000000001}
[2025-10-24T07:35:17.408Z] [DATA] [เชียงใหม่] Meter data updated: {"8684":14313.6,"8686":7905.200000000001,"8687":6015.5,"18069":1335628.5,"73909":612194,"73910":559689.7000000001}
[2025-10-24T07:35:20.479Z] [DATA] [เชียงใหม่] Meter data updated: {"8684":14313.6,"8686":7902.6,"8687":6017.900000000001,"18069":1335628.5,"73909":612194.1,"73910":559689.7000000001}
[2025-10-24T07:35:23.551Z] [DATA] [เชียงใหม่] Meter data updated: {"8684":14290.6,"8686":7910.8,"8687":6018.900000000001,"18069":1335628.5,"73909":612194.1,"73910":559689.7000000001}
[2025-10-24T07:35:26.480Z] [DATA] [เชียงใหม่] Meter data updated: {"8684":14313.300000000001,"8686":7910.8,"8687":6018.900000000001,"18069":1335628.6,"73909":612194.1,"73910":559689.8}
[2025-10-24T07:35:29.490Z] [DATA] [เชียงใหม่] Meter data updated: {"8684":14313.300000000001,"8686":7911.900000000001,"8687":6032.5,"18069":1335628.6,"73909":612194.1,"73910":559689.8}
[2025-10-24T07:35:32.562Z] [DATA] [เชียงใหม่] Meter data updated: {"8684":14352.7,"8686":7905.1,"8687":6006.3,"18069":1335628.6,"73909":612194.1,"73910":559689.8}
[2025-10-24T07:35:35.514Z] [DATA] [เชียงใหม่] Meter data updated: {"8684":14302.1,"8686":7893.1,"8687":6006.3,"18069":1335628.6,"73909":612194.1,"73910":559689.8}
[2025-10-24T07:35:38.604Z] [DATA] [เชียงใหม่] Meter data updated: {"8684":14286.800000000001,"8686":7893.1,"8687":6027.400000000001,"18069":1335628.6,"73909":612194.1,"73910":559689.8}
[2025-10-24T07:35:38.610Z] [INFO] [เชียงใหม่] Data saved to database
[2025-10-24T07:35:41.535Z] [DATA] [เชียงใหม่] Meter data updated: {"8684":14286.800000000001,"8686":7914.1,"8687":6027.400000000001,"18069":1335628.6,"73909":612194.1,"73910":559689.8}
[2025-10-24T07:35:47.615Z] [DATA] [เชียงใหม่] Meter data updated: {"8684":14286.800000000001,"8686":7914.1,"8687":6006.3,"18069":1335628.6,"73909":612194.1,"73910":559689.8}
[2025-10-24T07:35:53.627Z] [DATA] [เชียงใหม่] Meter data updated: {"8684":14295.7,"8686":7914.1,"8687":6006.3,"18069":1335628.6,"73909":612194.1,"73910":559689.8}
[2025-10-24T07:35:56.638Z] [DATA] [เชียงใหม่] Meter data updated: {"8684":14295.7,"8686":7902.3,"8687":5995.1,"18069":1335628.7000000002,"73909":612194.1,"73910":559689.8}
[2025-10-24T07:35:59.627Z] [DATA] [เชียงใหม่] Meter data updated: {"8684":14345.2,"8686":7906.400000000001,"8687":5984.3,"18069":1335628.7000000002,"73909":612194.1,"73910":559689.8}
[2025-10-24T07:36:02.666Z] [DATA] [เชียงใหม่] Meter data updated: {"8684":14319.1,"8686":7906.400000000001,"8687":5984.3,"18069":1335628.7000000002,"73909":612194.1,"73910":559689.8}
[2025-10-24T07:36:05.678Z] [DATA] [เชียงใหม่] Meter data updated: {"8684":14319.1,"8686":7928.900000000001,"8687":6009.900000000001,"18069":1335628.7000000002,"73909":612194.1,"73910":559689.8}
[2025-10-24T07:36:08.690Z] [DATA] [เชียงใหม่] Meter data updated: {"8684":14294.300000000001,"8686":7893.700000000001,"8687":6013.700000000001,"18069":1335628.7000000002,"73909":612194.2000000001,"73910":559689.8}
[2025-10-24T07:36:11.714Z] [DATA] [เชียงใหม่] Meter data updated: {"8684":14281.900000000001,"8686":7913.5,"8687":6013.700000000001,"18069":1335628.7000000002,"73909":612194.2000000001,"73910":559689.8}
[2025-10-24T07:36:14.735Z] [DATA] [เชียงใหม่] Meter data updated: {"8684":14281.900000000001,"8686":7913.5,"8687":6046.700000000001,"18069":1335628.7000000002,"73909":612194.2000000001,"73910":559689.8}
[2025-10-24T07:36:17.764Z] [DATA] [เชียงใหม่] Meter data updated: {"8684":14308.6,"8686":7919.200000000001,"8687":6002.8,"18069":1335628.8,"73909":612194.2000000001,"73910":559689.8}
[2025-10-24T07:36:20.806Z] [DATA] [เชียงใหม่] Meter data updated: {"8684":14321.300000000001,"8686":7903.1,"8687":6002.8,"18069":1335628.8,"73909":612194.2000000001,"73910":559689.8}
[2025-10-24T07:36:23.797Z] [DATA] [เชียงใหม่] Meter data updated: {"8684":14317.7,"8686":7903.1,"8687":6007.200000000001,"18069":1335628.8,"73909":612194.2000000001,"73910":559689.9}
[2025-10-24T07:36:26.811Z] [DATA] [เชียงใหม่] Meter data updated: {"8684":14317.7,"8686":7900.8,"8687":6024.900000000001,"18069":1335628.8,"73909":612194.2000000001,"73910":559689.9}
[2025-10-24T07:36:29.821Z] [DATA] [เชียงใหม่] Meter data updated: {"8684":14307.900000000001,"8686":7908.200000000001,"8687":6010.200000000001,"18069":1335628.8,"73909":612194.2000000001,"73910":559689.9}
[2025-10-24T07:36:29.825Z] [INFO] [เชียงใหม่] Data saved to database
[2025-10-24T07:36:32.837Z] [DATA] [เชียงใหม่] Meter data updated: {"8684":14318.300000000001,"8686":7908.200000000001,"8687":6010.200000000001,"18069":1335628.8,"73909":612194.2000000001,"73910":559689.9}
[2025-10-24T07:36:35.864Z] [DATA] [เชียงใหม่] Meter data updated: {"8684":14318.300000000001,"8686":7918.900000000001,"8687":6034.200000000001,"18069":1335628.8,"73909":612194.2000000001,"73910":559689.9}
[2025-10-24T07:36:38.873Z] [DATA] [เชียงใหม่] Meter data updated: {"8684":14344.5,"8686":7909.900000000001,"8687":6008.8,"18069":1335628.8,"73909":612194.2000000001,"73910":559689.9}
[2025-10-24T07:36:41.864Z] [DATA] [เชียงใหม่] Meter data updated: {"8684":14317.5,"8686":7909.900000000001,"8687":6008.8,"18069":1335628.9000000001,"73909":612194.2000000001,"73910":559689.9}
[2025-10-24T07:36:47.914Z] [DATA] [เชียงใหม่] Meter data updated: {"8684":14317.5,"8686":7911.200000000001,"8687":6008.8,"18069":1335628.9000000001,"73909":612194.2000000001,"73910":559689.9}
[2025-10-24T07:36:53.971Z] [DATA] [เชียงใหม่] Meter data updated: {"8684":14317.5,"8686":7911.200000000001,"8687":6009.700000000001,"18069":1335628.9000000001,"73909":612194.2000000001,"73910":559689.9}
[2025-10-24T07:37:03.081Z] [DATA] [เชียงใหม่] Meter data updated: {"8684":14312.1,"8686":7917.200000000001,"8687":6020.5,"18069":1335628.9000000001,"73909":612194.3,"73910":559689.9}
[2025-10-24T07:37:06.067Z] [DATA] [เชียงใหม่] Meter data updated: {"8684":14272.5,"8686":7906.5,"8687":6020.5,"18069":1335629,"73909":612194.3,"73910":559689.9}
[2025-10-24T07:37:09.177Z] [DATA] [เชียงใหม่] Meter data updated: {"8684":14320.5,"8686":7906.5,"8687":6019.200000000001,"18069":1335629,"73909":612194.3,"73910":559689.9}
[2025-10-24T07:37:12.100Z] [DATA] [เชียงใหม่] Meter data updated: {"8684":14320.5,"8686":7887.200000000001,"8687":6009,"18069":1335629,"73909":612194.3,"73910":559689.9}
[2025-10-24T07:37:15.096Z] [DATA] [เชียงใหม่] Meter data updated: {"8684":14280.900000000001,"8686":7905.900000000001,"8687":6007.700000000001,"18069":1335629,"73909":612194.3,"73910":559689.9}
[2025-10-24T07:37:18.147Z] [DATA] [เชียงใหม่] Meter data updated: {"8684":14269.900000000001,"8686":7905.900000000001,"8687":6007.700000000001,"18069":1335629,"73909":612194.3,"73910":559689.9}
[2025-10-24T07:37:21.237Z] [DATA] [เชียงใหม่] Meter data updated: {"8684":14269.900000000001,"8686":7910,"8687":5998.6,"18069":1335629,"73909":612194.3,"73910":559689.9}
[2025-10-24T07:37:24.280Z] [DATA] [เชียงใหม่] Meter data updated: {"8684":14307.300000000001,"8686":7910,"8687":5998.6,"18069":1335629,"73909":612194.3,"73910":559689.9}
[2025-10-24T07:37:30.217Z] [DATA] [เชียงใหม่] Meter data updated: {"8684":14307.300000000001,"8686":7900,"8687":6036.6,"18069":1335629,"73909":612194.3,"73910":559690}
[2025-10-24T07:37:39.249Z] [DATA] [เชียงใหม่] Meter data updated: {"8684":14302.2,"8686":7887.200000000001,"8687":6010.200000000001,"18069":1335629.1,"73909":612194.4,"73910":559690}
[2025-10-24T07:37:42.302Z] [DATA] [เชียงใหม่] Meter data updated: {"8684":14295.2,"8686":7887.200000000001,"8687":6010.200000000001,"18069":1335629.1,"73909":612194.4,"73910":559690}
[2025-10-24T07:37:48.622Z] [DATA] [เชียงใหม่] Meter data updated: {"8684":14295.2,"8686":7901.200000000001,"8687":6010.200000000001,"18069":1335629.1,"73909":612194.4,"73910":559690}
[2025-10-24T07:37:51.358Z] [DATA] [เชียงใหม่] Meter data updated: {"8684":14295.2,"8686":7901.200000000001,"8687":6013.200000000001,"18069":1335629.1,"73909":612194.4,"73910":559690}
[2025-10-24T07:37:57.457Z] [DATA] [เชียงใหม่] Meter data updated: {"8684":14272,"8686":7924.8,"8687":6013.200000000001,"18069":1335629.2000000002,"73909":612194.4,"73910":559690}
[2025-10-24T07:38:00.423Z] [DATA] [เชียงใหม่] Meter data updated: {"8684":14300,"8686":7924.8,"8687":6021.200000000001,"18069":1335629.2000000002,"73909":612194.4,"73910":559690}
[2025-10-24T07:38:03.690Z] [DATA] [เชียงใหม่] Meter data updated: {"8684":14300,"8686":7901.400000000001,"8687":6016.8,"18069":1335629.2000000002,"73909":612194.4,"73910":559690}
[2025-10-24T07:38:06.445Z] [DATA] [เชียงใหม่] Meter data updated: {"8684":14305.5,"8686":7901,"8687":6047.5,"18069":1335629.2000000002,"73909":612194.4,"73910":559690}
[2025-10-24T07:38:09.543Z] [DATA] [เชียงใหม่] Meter data updated: {"8684":14300.400000000001,"8686":7901,"8687":6047.5,"18069":1335629.2000000002,"73909":612194.4,"73910":559690}
[2025-10-24T07:38:15.582Z] [DATA] [เชียงใหม่] Meter data updated: {"8684":14300.400000000001,"8686":7905.200000000001,"8687":6047.5,"18069":1335629.2000000002,"73909":612194.4,"73910":559690}
[2025-10-24T07:38:18.534Z] [DATA] [เชียงใหม่] Meter data updated: {"8684":14300.400000000001,"8686":7905.200000000001,"8687":6029.3,"18069":1335629.2000000002,"73909":612194.4,"73910":559690}
[2025-10-24T07:38:24.582Z] [DATA] [เชียงใหม่] Meter data updated: {"8684":14323.900000000001,"8686":7905.200000000001,"8687":6029.3,"18069":1335629.3,"73909":612194.4,"73910":559690}
[2025-10-24T07:38:24.585Z] [INFO] [เชียงใหม่] Data saved to database
[2025-10-24T07:38:27.647Z] [DATA] [เชียงใหม่] Meter data updated: {"8684":14323.900000000001,"8686":7908.6,"8687":6029,"18069":1335629.3,"73909":612194.5,"73910":559690.1}
[2025-10-24T07:38:30.619Z] [DATA] [เชียงใหม่] Meter data updated: {"8684":14311.400000000001,"8686":7888.6,"8687":6035.200000000001,"18069":1335629.3,"73909":612194.5,"73910":559690.1}
[2025-10-24T07:38:33.706Z] [DATA] [เชียงใหม่] Meter data updated: {"8684":14338.2,"8686":7904.700000000001,"8687":6035.200000000001,"18069":1335629.3,"73909":612194.5,"73910":559690.1}
[2025-10-24T07:38:36.657Z] [DATA] [เชียงใหม่] Meter data updated: {"8684":14327.300000000001,"8686":7904.700000000001,"8687":6026.200000000001,"18069":1335629.3,"73909":612194.5,"73910":559690.1}
[2025-10-24T07:38:39.748Z] [DATA] [เชียงใหม่] Meter data updated: {"8684":14327.300000000001,"8686":7913.5,"8687":6038.1,"18069":1335629.3,"73909":612194.5,"73910":559690.1}
[2025-10-24T07:38:42.686Z] [DATA] [เชียงใหม่] Meter data updated: {"8684":14334.6,"8686":7906.1,"8687":6028.6,"18069":1335629.3,"73909":612194.5,"73910":559690.1}
[2025-10-24T07:38:45.790Z] [DATA] [เชียงใหม่] Meter data updated: {"8684":14346.900000000001,"8686":7906.1,"8687":6028.6,"18069":1335629.4000000001,"73909":612194.5,"73910":559690.1}
[2025-10-24T07:38:54.760Z] [DATA] [เชียงใหม่] Meter data updated: {"8684":14346.900000000001,"8686":7907.8,"8687":6036.1,"18069":1335629.4000000001,"73909":612194.5,"73910":559690.1}
[2025-10-24T07:39:00.805Z] [DATA] [เชียงใหม่] Meter data updated: {"8684":14336.300000000001,"8686":7907.8,"8687":6036.1,"18069":1335629.4000000001,"73909":612194.5,"73910":559690.1}
[2025-10-24T07:39:03.811Z] [DATA] [เชียงใหม่] Meter data updated: {"8684":14336.300000000001,"8686":7917.200000000001,"8687":6059.3,"18069":1335629.4000000001,"73909":612194.5,"73910":559690.1}
[2025-10-24T07:39:06.886Z] [DATA] [เชียงใหม่] Meter data updated: {"8684":14308.400000000001,"8686":7892.1,"8687":6040.900000000001,"18069":1335629.4000000001,"73909":612194.6,"73910":559690.1}
[2025-10-24T07:39:09.851Z] [DATA] [เชียงใหม่] Meter data updated: {"8684":14316.5,"8686":7892.1,"8687":6040.900000000001,"18069":1335629.4000000001,"73909":612194.6,"73910":559690.1}
[2025-10-24T07:39:15.900Z] [DATA] [เชียงใหม่] Meter data updated: {"8684":14316.5,"8686":7904.700000000001,"8687":6042.400000000001,"18069":1335629.4000000001,"73909":612194.6,"73910":559690.1}
[2025-10-24T07:39:24.964Z] [DATA] [เชียงใหม่] Meter data updated: {"8684":14320,"8686":7904.700000000001,"8687":6042.400000000001,"18069":1335629.5,"73909":612194.6,"73910":559690.1}
[2025-10-24T07:39:31.009Z] [DATA] [เชียงใหม่] Meter data updated: {"8684":14320,"8686":7914.400000000001,"8687":6006,"18069":1335629.5,"73909":612194.6,"73910":559690.2000000001}
[2025-10-24T07:39:40.086Z] [DATA] [เชียงใหม่] Meter data updated: {"8684":14353.7,"8686":7914.400000000001,"8687":6006,"18069":1335629.6,"73909":612194.6,"73910":559690.2000000001}
[2025-10-24T07:39:46.112Z] [DATA] [เชียงใหม่] Meter data updated: {"8684":14353.7,"8686":7904.1,"8687":6008.1,"18069":1335629.6,"73909":612194.6,"73910":559690.2000000001}
[2025-10-24T07:39:55.139Z] [DATA] [เชียงใหม่] Meter data updated: {"8684":14303.7,"8686":7900.200000000001,"8687":6014.3,"18069":1335629.6,"73909":612194.7000000001,"73910":559690.2000000001}
[2025-10-24T07:39:55.141Z] [INFO] [เชียงใหม่] Data saved to database
[2025-10-24T07:39:58.169Z] [DATA] [เชียงใหม่] Meter data updated: {"8684":14353.1,"8686":7900.200000000001,"8687":6014.3,"18069":1335629.6,"73909":612194.7000000001,"73910":559690.2000000001}
[2025-10-24T07:40:01.186Z] [DATA] [เชียงใหม่] Meter data updated: {"8684":14353.1,"8686":7907.8,"8687":6041.700000000001,"18069":1335629.6,"73909":612194.7000000001,"73910":559690.2000000001}
[2025-10-24T07:40:04.206Z] [DATA] [เชียงใหม่] Meter data updated: {"8684":14293.6,"8686":7895.5,"8687":6012,"18069":1335629.7000000002,"73909":612194.7000000001,"73910":559690.2000000001}
[2025-10-24T07:40:07.214Z] [DATA] [เชียงใหม่] Meter data updated: {"8684":14306.7,"8686":7906.3,"8687":6012,"18069":1335629.7000000002,"73909":612194.7000000001,"73910":559690.2000000001}
[2025-10-24T07:40:10.271Z] [DATA] [เชียงใหม่] Meter data updated: {"8684":14306.7,"8686":7906.3,"8687":6015.200000000001,"18069":1335629.7000000002,"73909":612194.7000000001,"73910":559690.2000000001}
[2025-10-24T07:40:13.262Z] [DATA] [เชียงใหม่] Meter data updated: {"8684":14310.2,"8686":7909.400000000001,"8687":6032.5,"18069":1335629.7000000002,"73909":612194.7000000001,"73910":559690.2000000001}
[2025-10-24T07:40:16.292Z] [DATA] [เชียงใหม่] Meter data updated: {"8684":14286.7,"8686":7902.5,"8687":6032.5,"18069":1335629.7000000002,"73909":612194.7000000001,"73910":559690.2000000001}
[2025-10-24T07:40:19.322Z] [DATA] [เชียงใหม่] Meter data updated: {"8684":14286,"8686":7902.5,"8687":6032.5,"18069":1335629.7000000002,"73909":612194.7000000001,"73910":559690.2000000001}
[2025-10-24T07:40:22.352Z] [DATA] [เชียงใหม่] Meter data updated: {"8684":14286,"8686":7916.3,"8687":6006.1,"18069":1335629.7000000002,"73909":612194.7000000001,"73910":559690.3}
[2025-10-24T07:40:25.354Z] [DATA] [เชียงใหม่] Meter data updated: {"8684":14350.5,"8686":7912,"8687":6037.900000000001,"18069":1335629.7000000002,"73909":612194.7000000001,"73910":559690.3}
[2025-10-24T07:40:28.374Z] [DATA] [เชียงใหม่] Meter data updated: {"8684":14304.400000000001,"8686":7912,"8687":6037.900000000001,"18069":1335629.8,"73909":612194.7000000001,"73910":559690.3}
[2025-10-24T07:40:31.400Z] [DATA] [เชียงใหม่] Meter data updated: {"8684":14304.400000000001,"8686":7911.400000000001,"8687":5999.8,"18069":1335629.8,"73909":612194.7000000001,"73910":559690.3}
[2025-10-24T07:40:34.613Z] [DATA] [เชียงใหม่] Meter data updated: {"8684":14299.5,"8686":7900.400000000001,"8687":6018.900000000001,"18069":1335629.8,"73909":612194.7000000001,"73910":559690.3}
[2025-10-24T07:40:37.427Z] [DATA] [เชียงใหม่] Meter data updated: {"8684":14322.2,"8686":7909.6,"8687":6018.900000000001,"18069":1335629.8,"73909":612194.7000000001,"73910":559690.3}
[2025-10-24T07:40:40.445Z] [DATA] [เชียงใหม่] Meter data updated: {"8684":14359.5,"8686":7909.6,"8687":6019.6,"18069":1335629.8,"73909":612194.8,"73910":559690.3}
[2025-10-24T07:40:43.460Z] [DATA] [เชียงใหม่] Meter data updated: {"8684":14359.5,"8686":7925.900000000001,"8687":6013.3,"18069":1335629.8,"73909":612194.8,"73910":559690.3}
[2025-10-24T07:40:46.491Z] [DATA] [เชียงใหม่] Meter data updated: {"8684":14319.1,"8686":7913.8,"8687":6029.700000000001,"18069":1335629.8,"73909":612194.8,"73910":559690.3}
[2025-10-24T07:40:49.548Z] [DATA] [เชียงใหม่] Meter data updated: {"8684":14306.300000000001,"8686":7913.8,"8687":6029.700000000001,"18069":1335629.8,"73909":612194.8,"73910":559690.3}
[2025-10-24T07:40:52.517Z] [DATA] [เชียงใหม่] Meter data updated: {"8684":14306.300000000001,"8686":7920.8,"8687":6013.6,"18069":1335629.8,"73909":612194.8,"73910":559690.3}
[2025-10-24T07:40:55.765Z] [DATA] [เชียงใหม่] Meter data updated: {"8684":14305.800000000001,"8686":7903.200000000001,"8687":6005.3,"18069":1335629.9000000001,"73909":612194.8,"73910":559690.3}
[2025-10-24T07:40:58.604Z] [DATA] [เชียงใหม่] Meter data updated: {"8684":14288.5,"8686":7902.8,"8687":6005.3,"18069":1335629.9000000001,"73909":612194.8,"73910":559690.3}
[2025-10-24T07:41:01.607Z] [DATA] [เชียงใหม่] Meter data updated: {"8684":14318.300000000001,"8686":7902.8,"8687":6019.200000000001,"18069":1335629.9000000001,"73909":612194.8,"73910":559690.3}
[2025-10-24T07:41:04.606Z] [DATA] [เชียงใหม่] Meter data updated: {"8684":14318.300000000001,"8686":7904,"8687":6031.1,"18069":1335629.9000000001,"73909":612194.8,"73910":559690.3}
[2025-10-24T07:41:07.622Z] [DATA] [เชียงใหม่] Meter data updated: {"8684":14325.2,"8686":7904,"8687":6031.1,"18069":1335629.9000000001,"73909":612194.8,"73910":559690.3}
[2025-10-24T07:41:13.680Z] [DATA] [เชียงใหม่] Meter data updated: {"8684":14325.2,"8686":7909,"8687":6026.3,"18069":1335629.9000000001,"73909":612194.8,"73910":559690.3}
[2025-10-24T07:41:22.741Z] [DATA] [เชียงใหม่] Meter data updated: {"8684":14288.7,"8686":7909.400000000001,"8687":6016.8,"18069":1335630,"73909":612194.8,"73910":559690.3}
[2025-10-24T07:41:25.746Z] [DATA] [เชียงใหม่] Meter data updated: {"8684":14289.7,"8686":7909.400000000001,"8687":6016.8,"18069":1335630,"73909":612194.8,"73910":559690.4}
[2025-10-24T07:41:28.762Z] [DATA] [เชียงใหม่] Meter data updated: {"8684":14289.7,"8686":7906.6,"8687":6020.400000000001,"18069":1335630,"73909":612194.9,"73910":559690.4}
[2025-10-24T07:41:31.767Z] [DATA] [เชียงใหม่] Meter data updated: {"8684":14301.300000000001,"8686":7914,"8687":6036.1,"18069":1335630,"73909":612194.9,"73910":559690.4}
[2025-10-24T07:41:34.808Z] [DATA] [เชียงใหม่] Meter data updated: {"8684":14303.1,"8686":7918.900000000001,"8687":6036.1,"18069":1335630,"73909":612194.9,"73910":559690.4}
[2025-10-24T07:41:43.863Z] [DATA] [เชียงใหม่] Meter data updated: {"8684":14303.1,"8686":7918.900000000001,"8687":6022,"18069":1335630,"73909":612194.9,"73910":559690.4}
[2025-10-24T07:41:49.863Z] [DATA] [เชียงใหม่] Meter data updated: {"8684":14308.900000000001,"8686":7908.200000000001,"8687":6022,"18069":1335630.1,"73909":612194.9,"73910":559690.4}
[2025-10-24T07:41:52.878Z] [DATA] [เชียงใหม่] Meter data updated: {"8684":14308.900000000001,"8686":7908.200000000001,"8687":6038.900000000001,"18069":1335630.1,"73909":612194.9,"73910":559690.4}
[2025-10-24T07:41:55.900Z] [DATA] [เชียงใหม่] Meter data updated: {"8684":14311.7,"8686":7937.200000000001,"8687":6037,"18069":1335630.1,"73909":612194.9,"73910":559690.4}
[2025-10-24T07:41:58.918Z] [DATA] [เชียงใหม่] Meter data updated: {"8684":14287.400000000001,"8686":7941.5,"8687":6013.8,"18069":1335630.1,"73909":612194.9,"73910":559690.4}
[2025-10-24T07:42:01.926Z] [DATA] [เชียงใหม่] Meter data updated: {"8684":14316,"8686":7941.5,"8687":6013.8,"18069":1335630.1,"73909":612194.9,"73910":559690.4}
[2025-10-24T07:42:04.942Z] [DATA] [เชียงใหม่] Meter data updated: {"8684":14316,"8686":7915.400000000001,"8687":6047.200000000001,"18069":1335630.1,"73909":612194.9,"73910":559690.4}
[2025-10-24T07:42:07.964Z] [DATA] [เชียงใหม่] Meter data updated: {"8684":14320.7,"8686":7915.400000000001,"8687":6047.200000000001,"18069":1335630.2000000002,"73909":612194.9,"73910":559690.4}
[2025-10-24T07:42:14.070Z] [DATA] [เชียงใหม่] Meter data updated: {"8684":14320.7,"8686":7915.5,"8687":6022.400000000001,"18069":1335630.2000000002,"73909":612195,"73910":559690.4}
[2025-10-24T07:42:23.081Z] [DATA] [เชียงใหม่] Meter data updated: {"8684":14283.7,"8686":7916.8,"8687":6022.400000000001,"18069":1335630.2000000002,"73909":612195,"73910":559690.4}
[2025-10-24T07:42:29.083Z] [DATA] [เชียงใหม่] Meter data updated: {"8684":14283.7,"8686":7916.8,"8687":6006.3,"18069":1335630.2000000002,"73909":612195,"73910":559690.5}
[2025-10-24T07:42:29.087Z] [INFO] [เชียงใหม่] Data saved to database
[2025-10-24T07:42:38.236Z] [DATA] [เชียงใหม่] Meter data updated: {"8684":14267.1,"8686":7921.1,"8687":6021.700000000001,"18069":1335630.3,"73909":612195,"73910":559690.5}
[2025-10-24T07:42:41.181Z] [DATA] [เชียงใหม่] Meter data updated: {"8684":14305.5,"8686":7920.200000000001,"8687":6021.700000000001,"18069":1335630.3,"73909":612195,"73910":559690.5}
[2025-10-24T07:42:41.186Z] [INFO] [เชียงใหม่] Data saved to database
[2025-10-24T07:42:44.171Z] [DATA] [เชียงใหม่] Meter data updated: {"8684":14295.300000000001,"8686":7920.200000000001,"8687":6059.6,"18069":1335630.3,"73909":612195,"73910":559690.5}
[2025-10-24T07:42:47.185Z] [DATA] [เชียงใหม่] Meter data updated: {"8684":14295.300000000001,"8686":7910.3,"8687":6010.400000000001,"18069":1335630.3,"73909":612195,"73910":559690.5}
[2025-10-24T07:42:50.228Z] [DATA] [เชียงใหม่] Meter data updated: {"8684":14321.7,"8686":7910.3,"8687":6010.400000000001,"18069":1335630.3,"73909":612195,"73910":559690.5}
[2025-10-24T07:42:56.250Z] [DATA] [เชียงใหม่] Meter data updated: {"8684":14321.7,"8686":7919.8,"8687":6033.3,"18069":1335630.3,"73909":612195.1,"73910":559690.5}
[2025-10-24T07:43:05.314Z] [DATA] [เชียงใหม่] Meter data updated: {"8684":14288.300000000001,"8686":7912.1,"8687":6026.1,"18069":1335630.4000000001,"73909":612195.1,"73910":559690.5}
[2025-10-24T07:43:08.300Z] [DATA] [เชียงใหม่] Meter data updated: {"8684":14305.7,"8686":7912.1,"8687":6026.1,"18069":1335630.4000000001,"73909":612195.1,"73910":559690.5}
[2025-10-24T07:43:11.333Z] [DATA] [เชียงใหม่] Meter data updated: {"8684":14305.7,"8686":7923.700000000001,"8687":6032.1,"18069":1335630.4000000001,"73909":612195.1,"73910":559690.5}
[2025-10-24T07:43:14.485Z] [DATA] [เชียงใหม่] Meter data updated: {"8684":14281.400000000001,"8686":7916.6,"8687":6020.5,"18069":1335630.4000000001,"73909":612195.1,"73910":559690.5}
[2025-10-24T07:43:17.384Z] [DATA] [เชียงใหม่] Meter data updated: {"8684":14294.300000000001,"8686":7911.700000000001,"8687":6020.5,"18069":1335630.4000000001,"73909":612195.1,"73910":559690.5}
[2025-10-24T07:43:20.417Z] [DATA] [เชียงใหม่] Meter data updated: {"8684":14298.1,"8686":7911.700000000001,"8687":6011.200000000001,"18069":1335630.4000000001,"73909":612195.1,"73910":559690.5}
[2025-10-24T07:43:20.423Z] [INFO] [เชียงใหม่] Data saved to database
[2025-10-24T07:43:23.437Z] [DATA] [เชียงใหม่] Meter data updated: {"8684":14298.1,"8686":7897.3,"8687":6031.8,"18069":1335630.4000000001,"73909":612195.1,"73910":559690.6}
[2025-10-24T07:43:26.426Z] [DATA] [เชียงใหม่] Meter data updated: {"8684":14253.300000000001,"8686":7912.700000000001,"8687":6040,"18069":1335630.5,"73909":612195.1,"73910":559690.6}
[2025-10-24T07:43:29.440Z] [DATA] [เชียงใหม่] Meter data updated: {"8684":14339.300000000001,"8686":7912.700000000001,"8687":6040,"18069":1335630.5,"73909":612195.1,"73910":559690.6}
[2025-10-24T07:43:32.477Z] [DATA] [เชียงใหม่] Meter data updated: {"8684":14339.300000000001,"8686":7904.900000000001,"8687":6058.8,"18069":1335630.5,"73909":612195.1,"73910":559690.6}
[2025-10-24T07:43:35.510Z] [DATA] [เชียงใหม่] Meter data updated: {"8684":14304.900000000001,"8686":7904.900000000001,"8687":6058.8,"18069":1335630.5,"73909":612195.1,"73910":559690.6}
[2025-10-24T07:43:41.519Z] [DATA] [เชียงใหม่] Meter data updated: {"8684":14304.900000000001,"8686":7910.200000000001,"8687":6049.700000000001,"18069":1335630.5,"73909":612195.2000000001,"73910":559690.6}
[2025-10-24T07:43:50.559Z] [DATA] [เชียงใหม่] Meter data updated: {"8684":14288.800000000001,"8686":7904.900000000001,"8687":6007,"18069":1335630.6,"73909":612195.2000000001,"73910":559690.6}
[2025-10-24T07:43:53.579Z] [DATA] [เชียงใหม่] Meter data updated: {"8684":14284,"8686":7912.5,"8687":6007,"18069":1335630.6,"73909":612195.2000000001,"73910":559690.6}
[2025-10-24T07:43:56.595Z] [DATA] [เชียงใหม่] Meter data updated: {"8684":14284,"8686":7912.5,"8687":6032.1,"18069":1335630.6,"73909":612195.2000000001,"73910":559690.6}
[2025-10-24T07:43:59.601Z] [DATA] [เชียงใหม่] Meter data updated: {"8684":14253.800000000001,"8686":7912.5,"8687":6032.1,"18069":1335630.6,"73909":612195.2000000001,"73910":559690.6}
[2025-10-24T07:44:05.645Z] [DATA] [เชียงใหม่] Meter data updated: {"8684":14253.800000000001,"8686":7900.5,"8687":6018,"18069":1335630.6,"73909":612195.2000000001,"73910":559690.6}
[2025-10-24T07:44:11.686Z] [DATA] [เชียงใหม่] Meter data updated: {"8684":14275.800000000001,"8686":7900.5,"8687":6018,"18069":1335630.6,"73909":612195.2000000001,"73910":559690.6}
[2025-10-24T07:44:14.700Z] [DATA] [เชียงใหม่] Meter data updated: {"8684":14275.800000000001,"8686":7905,"8687":6037.700000000001,"18069":1335630.6,"73909":612195.2000000001,"73910":559690.6}
[2025-10-24T07:44:15.999Z] [INFO] Received SIGINT, shutting down...
[2025-10-24T07:44:16.000Z] [INFO] [เชียงใหม่] Disconnecting WebSocket...
[2025-10-24T07:44:16.002Z] [INFO] Received SIGTERM, shutting down...
[2025-10-24T07:44:16.021Z] [INFO] [เชียงใหม่] WebSocket connection closed
[2025-10-24T07:44:16.021Z] [INFO] [เชียงใหม่] Attempting to reconnect (1/10)...
