[2025-10-24T04:04:07.303Z] [INFO] === Starting Chiang Mai WebSocket Client ===
[2025-10-24T04:04:07.304Z] [INFO] [เชียงใหม่] Initializing database connection...
[2025-10-24T04:04:07.309Z] [INFO] [เชียงใหม่] Database station initialized: cmh1htzuq0000663wkea8qjx6
[2025-10-24T04:04:07.409Z] [INFO] [เชียงใหม่] เชื่อมต่อกับ WebSocket สำเร็จ
[2025-10-24T04:04:07.410Z] [INFO] [เชียงใหม่] Loaded 6 station-specific monitored objects: [8684, 8686, 8687, 18069, 73909, 73910]
[2025-10-24T04:04:07.410Z] [INFO] [เชียงใหม่] Initialized meter data for 6 objects
[2025-10-24T04:04:07.410Z] [INFO] [เชียงใหม่] ส่งข้อมูลชุด ID 0 (Sending data ID 0)
[2025-10-24T04:04:08.413Z] [DEBUG] [เชียงใหม่] Data sent: ID 0
[2025-10-24T04:04:25.314Z] [INFO] [เชียงใหม่] USID received: db55f681-c582-47d4-8077-d6a4c32ed0de
[2025-10-24T04:04:25.315Z] [INFO] [เชียงใหม่] ส่งข้อมูลชุด ID 1 (Sending data ID 1)
[2025-10-24T04:04:26.317Z] [DEBUG] [เชียงใหม่] Data sent: ID 1
[2025-10-24T04:04:26.346Z] [INFO] [เชียงใหม่] ID 1 result: true
[2025-10-24T04:04:26.347Z] [INFO] [เชียงใหม่] ส่งข้อมูลชุด ID 2 (Sending data ID 2)
[2025-10-24T04:04:27.349Z] [DEBUG] [เชียงใหม่] Data sent: ID 2
[2025-10-24T04:04:27.381Z] [INFO] [เชียงใหม่] ID 2 result: true
[2025-10-24T04:04:27.381Z] [INFO] [เชียงใหม่] ส่งข้อมูลชุด ID 3 (Sending data ID 3)
[2025-10-24T04:04:28.384Z] [DEBUG] [เชียงใหม่] Data sent: ID 3
[2025-10-24T04:04:28.582Z] [INFO] [เชียงใหม่] ID 3 cached: true
[2025-10-24T04:04:28.583Z] [INFO] [เชียงใหม่] ส่งข้อมูลชุด ID 4 (Sending data ID 4)
[2025-10-24T04:04:29.584Z] [DEBUG] [เชียงใหม่] Data sent: ID 4
[2025-10-24T04:04:29.611Z] [INFO] [เชียงใหม่] ID 4 cached: true
[2025-10-24T04:04:29.611Z] [INFO] [เชียงใหม่] ส่งข้อมูลชุด ID 5 (Sending data ID 5)
[2025-10-24T04:04:30.613Z] [DEBUG] [เชียงใหม่] Data sent: ID 5
[2025-10-24T04:04:30.781Z] [INFO] [เชียงใหม่] ID 5 cached: true
[2025-10-24T04:04:30.781Z] [INFO] [เชียงใหม่] ส่งข้อมูลชุด ID 6 (Sending data ID 6)
[2025-10-24T04:04:31.783Z] [DEBUG] [เชียงใหม่] Data sent: ID 6
[2025-10-24T04:04:31.842Z] [INFO] [เชียงใหม่] ID 6 cached: true
[2025-10-24T04:04:31.843Z] [INFO] [เชียงใหม่] ส่งข้อมูลชุด ID 7 (Sending data ID 7)
[2025-10-24T04:04:32.845Z] [DEBUG] [เชียงใหม่] Data sent: ID 7
[2025-10-24T04:04:32.877Z] [INFO] [เชียงใหม่] ID 7 result: true
[2025-10-24T04:04:32.878Z] [INFO] [เชียงใหม่] Listening for notifications...
[2025-10-24T04:04:32.878Z] [INFO] Session established successfully
[2025-10-24T04:04:33.123Z] [DATA] [เชียงใหม่] Meter data updated: {"8684":14237.800000000001,"8686":7891.5,"8687":6007.400000000001,"18069":1335578.3,"73909":612166.3,"73910":559668.6}
[2025-10-24T04:04:36.036Z] [DATA] [เชียงใหม่] Meter data updated: {"8684":14229.900000000001,"8686":7891.5,"8687":6007.400000000001,"18069":1335578.3,"73909":612166.3,"73910":559668.6}
[2025-10-24T04:04:42.027Z] [DATA] [เชียงใหม่] Meter data updated: {"8684":14229.900000000001,"8686":7909.400000000001,"8687":6038.1,"18069":1335578.3,"73909":612166.3,"73910":559668.6}
[2025-10-24T04:04:51.059Z] [DATA] [เชียงใหม่] Meter data updated: {"8684":14229.5,"8686":7878,"8687":6036.700000000001,"18069":1335578.4000000001,"73909":612166.3,"73910":559668.6}
[2025-10-24T04:04:54.079Z] [DATA] [เชียงใหม่] Meter data updated: {"8684":14218.5,"8686":7881.3,"8687":6036.700000000001,"18069":1335578.4000000001,"73909":612166.3,"73910":559668.6}
[2025-10-24T04:04:57.182Z] [DATA] [เชียงใหม่] Meter data updated: {"8684":14207.5,"8686":7881.3,"8687":6031.400000000001,"18069":1335578.4000000001,"73909":612166.4,"73910":559668.6}
[2025-10-24T04:05:00.106Z] [DATA] [เชียงใหม่] Meter data updated: {"8684":14207.5,"8686":7885.400000000001,"8687":6028.1,"18069":1335578.4000000001,"73909":612166.4,"73910":559668.6}
[2025-10-24T04:05:03.119Z] [DATA] [เชียงใหม่] Meter data updated: {"8684":14228.5,"8686":7885.400000000001,"8687":6028.1,"18069":1335578.4000000001,"73909":612166.4,"73910":559668.6}
[2025-10-24T04:05:09.372Z] [DATA] [เชียงใหม่] Meter data updated: {"8684":14228.5,"8686":7876.900000000001,"8687":6007.900000000001,"18069":1335578.4000000001,"73909":612166.4,"73910":559668.6}
[2025-10-24T04:05:18.205Z] [DATA] [เชียงใหม่] Meter data updated: {"8684":14195.400000000001,"8686":7910.5,"8687":6035.200000000001,"18069":1335578.5,"73909":612166.4,"73910":559668.6}
[2025-10-24T04:05:21.199Z] [DATA] [เชียงใหม่] Meter data updated: {"8684":14239.1,"8686":7910.5,"8687":6035.200000000001,"18069":1335578.5,"73909":612166.4,"73910":559668.7000000001}
[2025-10-24T04:05:24.234Z] [DATA] [เชียงใหม่] Meter data updated: {"8684":14239.1,"8686":7886.400000000001,"8687":6003.200000000001,"18069":1335578.5,"73909":612166.4,"73910":559668.7000000001}
[2025-10-24T04:05:27.263Z] [DATA] [เชียงใหม่] Meter data updated: {"8684":14285,"8686":7887.8,"8687":6025,"18069":1335578.5,"73909":612166.4,"73910":559668.7000000001}
[2025-10-24T04:05:30.280Z] [DATA] [เชียงใหม่] Meter data updated: {"8684":14212.5,"8686":7879.8,"8687":6025,"18069":1335578.5,"73909":612166.4,"73910":559668.7000000001}
[2025-10-24T04:05:33.292Z] [DATA] [เชียงใหม่] Meter data updated: {"8684":14212.5,"8686":7879.8,"8687":6056.5,"18069":1335578.5,"73909":612166.4,"73910":559668.7000000001}
[2025-10-24T04:05:36.520Z] [DATA] [เชียงใหม่] Meter data updated: {"8684":14266.7,"8686":7884.200000000001,"8687":6056.5,"18069":1335578.6,"73909":612166.4,"73910":559668.7000000001}
[2025-10-24T04:05:42.359Z] [DATA] [เชียงใหม่] Meter data updated: {"8684":14266.7,"8686":7884.200000000001,"8687":6025.5,"18069":1335578.6,"73909":612166.4,"73910":559668.7000000001}
[2025-10-24T04:05:51.373Z] [DATA] [เชียงใหม่] Meter data updated: {"8684":14230.1,"8686":7887.700000000001,"8687":6045.900000000001,"18069":1335578.6,"73909":612166.5,"73910":559668.7000000001}
[2025-10-24T04:05:54.356Z] [DATA] [เชียงใหม่] Meter data updated: {"8684":14251.6,"8686":7887.700000000001,"8687":6045.900000000001,"18069":1335578.6,"73909":612166.5,"73910":559668.7000000001}
[2025-10-24T04:06:00.382Z] [DATA] [เชียงใหม่] Meter data updated: {"8684":14251.6,"8686":7891.5,"8687":6034.3,"18069":1335578.6,"73909":612166.5,"73910":559668.7000000001}
[2025-10-24T04:06:09.427Z] [DATA] [เชียงใหม่] Meter data updated: {"8684":14238.800000000001,"8686":7896.200000000001,"8687":6034.3,"18069":1335578.7000000002,"73909":612166.5,"73910":559668.7000000001}
[2025-10-24T04:06:12.462Z] [DATA] [เชียงใหม่] Meter data updated: {"8684":14252.300000000001,"8686":7896.200000000001,"8687":6008.5,"18069":1335578.7000000002,"73909":612166.5,"73910":559668.7000000001}
[2025-10-24T04:06:15.499Z] [DATA] [เชียงใหม่] Meter data updated: {"8684":14252.300000000001,"8686":7883,"8687":6029.6,"18069":1335578.7000000002,"73909":612166.5,"73910":559668.8}
[2025-10-24T04:06:18.511Z] [DATA] [เชียงใหม่] Meter data updated: {"8684":14231.900000000001,"8686":7885.700000000001,"8687":6002.8,"18069":1335578.7000000002,"73909":612166.5,"73910":559668.8}
[2025-10-24T04:06:21.534Z] [DATA] [เชียงใหม่] Meter data updated: {"8684":14241.400000000001,"8686":7885.700000000001,"8687":6002.8,"18069":1335578.8,"73909":612166.5,"73910":559668.8}
[2025-10-24T04:06:24.540Z] [DATA] [เชียงใหม่] Meter data updated: {"8684":14241.400000000001,"8686":7901.8,"8687":6012,"18069":1335578.8,"73909":612166.5,"73910":559668.8}
[2025-10-24T04:06:27.575Z] [DATA] [เชียงใหม่] Meter data updated: {"8684":14250.1,"8686":7893.400000000001,"8687":6033,"18069":1335578.8,"73909":612166.6,"73910":559668.8}
[2025-10-24T04:06:30.605Z] [DATA] [เชียงใหม่] Meter data updated: {"8684":14239.2,"8686":7893.400000000001,"8687":6033,"18069":1335578.8,"73909":612166.6,"73910":559668.8}
[2025-10-24T04:06:33.600Z] [DATA] [เชียงใหม่] Meter data updated: {"8684":14239.2,"8686":7876.5,"8687":6025.1,"18069":1335578.8,"73909":612166.6,"73910":559668.8}
[2025-10-24T04:06:36.633Z] [DATA] [เชียงใหม่] Meter data updated: {"8684":14292.2,"8686":7889.3,"8687":6014,"18069":1335578.8,"73909":612166.6,"73910":559668.8}
[2025-10-24T04:06:39.645Z] [DATA] [เชียงใหม่] Meter data updated: {"8684":14271.2,"8686":7889.3,"8687":6014,"18069":1335578.8,"73909":612166.6,"73910":559668.8}
[2025-10-24T04:06:45.680Z] [DATA] [เชียงใหม่] Meter data updated: {"8684":14271.2,"8686":7886,"8687":6014,"18069":1335578.8,"73909":612166.6,"73910":559668.8}
[2025-10-24T04:06:45.685Z] [INFO] [เชียงใหม่] Data saved to database
[2025-10-24T04:06:48.688Z] [DATA] [เชียงใหม่] Meter data updated: {"8684":14271.2,"8686":7886,"8687":6043.1,"18069":1335578.8,"73909":612166.6,"73910":559668.8}
[2025-10-24T04:06:54.735Z] [DATA] [เชียงใหม่] Meter data updated: {"8684":14270.300000000001,"8686":7879.6,"8687":6043.1,"18069":1335578.9000000001,"73909":612166.6,"73910":559668.8}
[2025-10-24T04:06:57.741Z] [DATA] [เชียงใหม่] Meter data updated: {"8684":14242.5,"8686":7879.6,"8687":6047.6,"18069":1335578.9000000001,"73909":612166.6,"73910":559668.8}
[2025-10-24T04:06:57.746Z] [INFO] [เชียงใหม่] Data saved to database
[2025-10-24T04:07:00.759Z] [DATA] [เชียงใหม่] Meter data updated: {"8684":14242.5,"8686":7888.8,"8687":6041,"18069":1335578.9000000001,"73909":612166.6,"73910":559668.8}
[2025-10-24T04:07:03.800Z] [DATA] [เชียงใหม่] Meter data updated: {"8684":14253,"8686":7906.200000000001,"8687":6049.700000000001,"18069":1335578.9000000001,"73909":612166.6,"73910":559668.8}
[2025-10-24T04:07:06.794Z] [DATA] [เชียงใหม่] Meter data updated: {"8684":14294.2,"8686":7906.200000000001,"8687":6049.700000000001,"18069":1335578.9000000001,"73909":612166.6,"73910":559668.8}
[2025-10-24T04:07:09.832Z] [DATA] [เชียงใหม่] Meter data updated: {"8684":14294.2,"8686":7907.1,"8687":6025.8,"18069":1335578.9000000001,"73909":612166.6,"73910":559668.8}
[2025-10-24T04:07:12.863Z] [DATA] [เชียงใหม่] Meter data updated: {"8684":14264,"8686":7883.400000000001,"8687":6036.8,"18069":1335578.9000000001,"73909":612166.7000000001,"73910":559668.9}
[2025-10-24T04:07:16.112Z] [DATA] [เชียงใหม่] Meter data updated: {"8684":14285.1,"8686":7883.400000000001,"8687":6036.8,"18069":1335579,"73909":612166.7000000001,"73910":559668.9}
[2025-10-24T04:07:18.891Z] [DATA] [เชียงใหม่] Meter data updated: {"8684":14285.1,"8686":7881.200000000001,"8687":6014.6,"18069":1335579,"73909":612166.7000000001,"73910":559668.9}
[2025-10-24T04:07:21.934Z] [DATA] [เชียงใหม่] Meter data updated: {"8684":14261.800000000001,"8686":7888.6,"8687":6016.200000000001,"18069":1335579,"73909":612166.7000000001,"73910":559668.9}
[2025-10-24T04:07:24.946Z] [DATA] [เชียงใหม่] Meter data updated: {"8684":14274.7,"8686":7901.6,"8687":6016.200000000001,"18069":1335579,"73909":612166.7000000001,"73910":559668.9}
[2025-10-24T04:07:31.036Z] [DATA] [เชียงใหม่] Meter data updated: {"8684":14274.7,"8686":7901.6,"8687":6005.6,"18069":1335579,"73909":612166.7000000001,"73910":559668.9}
[2025-10-24T04:07:40.067Z] [DATA] [เชียงใหม่] Meter data updated: {"8684":14292.6,"8686":7900.6,"8687":6005.6,"18069":1335579.1,"73909":612166.7000000001,"73910":559668.9}
[2025-10-24T04:07:43.168Z] [DATA] [เชียงใหม่] Meter data updated: {"8684":14293.2,"8686":7900.6,"8687":6030.400000000001,"18069":1335579.1,"73909":612166.7000000001,"73910":559668.9}
[2025-10-24T04:07:52.172Z] [DATA] [เชียงใหม่] Meter data updated: {"8684":14293.2,"8686":7893.200000000001,"8687":6020.700000000001,"18069":1335579.1,"73909":612166.7000000001,"73910":559668.9}
[2025-10-24T04:07:58.191Z] [DATA] [เชียงใหม่] Meter data updated: {"8684":14310.7,"8686":7893.200000000001,"8687":6020.700000000001,"18069":1335579.1,"73909":612166.7000000001,"73910":559668.9}
[2025-10-24T04:08:01.232Z] [DATA] [เชียงใหม่] Meter data updated: {"8684":14310.7,"8686":7879.3,"8687":6025.5,"18069":1335579.1,"73909":612166.8,"73910":559668.9}
[2025-10-24T04:08:04.247Z] [DATA] [เชียงใหม่] Meter data updated: {"8684":14297.6,"8686":7879.3,"8687":6025.5,"18069":1335579.2000000002,"73909":612166.8,"73910":559668.9}
[2025-10-24T04:08:10.269Z] [DATA] [เชียงใหม่] Meter data updated: {"8684":14297.6,"8686":7884,"8687":6033.200000000001,"18069":1335579.2000000002,"73909":612166.8,"73910":559668.9}
[2025-10-24T04:08:19.329Z] [DATA] [เชียงใหม่] Meter data updated: {"8684":14249.7,"8686":7896.700000000001,"8687":6017.900000000001,"18069":1335579.2000000002,"73909":612166.8,"73910":559669}
[2025-10-24T04:08:22.347Z] [DATA] [เชียงใหม่] Meter data updated: {"8684":14302.400000000001,"8686":7892.900000000001,"8687":6048.5,"18069":1335579.2000000002,"73909":612166.8,"73910":559669}
[2025-10-24T04:08:25.382Z] [DATA] [เชียงใหม่] Meter data updated: {"8684":14288.900000000001,"8686":7892.900000000001,"8687":6048.5,"18069":1335579.2000000002,"73909":612166.8,"73910":559669}
[2025-10-24T04:08:28.429Z] [DATA] [เชียงใหม่] Meter data updated: {"8684":14288.900000000001,"8686":7887.900000000001,"8687":6033.700000000001,"18069":1335579.2000000002,"73909":612166.8,"73910":559669}
[2025-10-24T04:08:31.417Z] [DATA] [เชียงใหม่] Meter data updated: {"8684":14302.6,"8686":7911.700000000001,"8687":6034.700000000001,"18069":1335579.3,"73909":612166.8,"73910":559669}
[2025-10-24T04:08:34.447Z] [DATA] [เชียงใหม่] Meter data updated: {"8684":14266.5,"8686":7911.700000000001,"8687":6034.700000000001,"18069":1335579.3,"73909":612166.8,"73910":559669}
[2025-10-24T04:08:37.460Z] [DATA] [เชียงใหม่] Meter data updated: {"8684":14266.5,"8686":7884,"8687":6011,"18069":1335579.3,"73909":612166.8,"73910":559669}
[2025-10-24T04:08:40.491Z] [DATA] [เชียงใหม่] Meter data updated: {"8684":14274.6,"8686":7886.5,"8687":6018.1,"18069":1335579.3,"73909":612166.8,"73910":559669}
[2025-10-24T04:08:43.507Z] [DATA] [เชียงใหม่] Meter data updated: {"8684":14292.7,"8686":7883.200000000001,"8687":6018.1,"18069":1335579.3,"73909":612166.8,"73910":559669}
[2025-10-24T04:08:43.509Z] [INFO] [เชียงใหม่] Data saved to database
[2025-10-24T04:08:46.522Z] [DATA] [เชียงใหม่] Meter data updated: {"8684":14269.7,"8686":7883.200000000001,"8687":6003.8,"18069":1335579.3,"73909":612166.9,"73910":559669}
[2025-10-24T04:08:49.562Z] [DATA] [เชียงใหม่] Meter data updated: {"8684":14269.7,"8686":7900.5,"8687":6003.8,"18069":1335579.3,"73909":612166.9,"73910":559669}
[2025-10-24T04:08:55.571Z] [DATA] [เชียงใหม่] Meter data updated: {"8684":14269.7,"8686":7900.5,"8687":6023.8,"18069":1335579.3,"73909":612166.9,"73910":559669}
[2025-10-24T04:09:01.599Z] [DATA] [เชียงใหม่] Meter data updated: {"8684":14271.6,"8686":7900.5,"8687":6023.8,"18069":1335579.3,"73909":612166.9,"73910":559669}
[2025-10-24T04:09:04.635Z] [DATA] [เชียงใหม่] Meter data updated: {"8684":14271.6,"8686":7887.1,"8687":6023.8,"18069":1335579.4000000001,"73909":612166.9,"73910":559669}
[2025-10-24T04:09:10.686Z] [DATA] [เชียงใหม่] Meter data updated: {"8684":14271.6,"8686":7887.1,"8687":6022.6,"18069":1335579.4000000001,"73909":612166.9,"73910":559669}
[2025-10-24T04:09:16.715Z] [DATA] [เชียงใหม่] Meter data updated: {"8684":14279.7,"8686":7887.1,"8687":6022.6,"18069":1335579.4000000001,"73909":612166.9,"73910":559669}
[2025-10-24T04:09:19.757Z] [DATA] [เชียงใหม่] Meter data updated: {"8684":14279.7,"8686":7880.700000000001,"8687":6049.200000000001,"18069":1335579.4000000001,"73909":612166.9,"73910":559669.1}
[2025-10-24T04:09:22.766Z] [DATA] [เชียงใหม่] Meter data updated: {"8684":14292.2,"8686":7887,"8687":6042.5,"18069":1335579.5,"73909":612166.9,"73910":559669.1}
[2025-10-24T04:09:25.774Z] [DATA] [เชียงใหม่] Meter data updated: {"8684":14321.2,"8686":7887,"8687":6042.5,"18069":1335579.5,"73909":612166.9,"73910":559669.1}
[2025-10-24T04:09:28.790Z] [DATA] [เชียงใหม่] Meter data updated: {"8684":14321.2,"8686":7899.6,"8687":6025.400000000001,"18069":1335579.5,"73909":612166.9,"73910":559669.1}
[2025-10-24T04:09:31.805Z] [DATA] [เชียงใหม่] Meter data updated: {"8684":14283.7,"8686":7899.6,"8687":6025.400000000001,"18069":1335579.5,"73909":612166.9,"73910":559669.1}
[2025-10-24T04:09:37.833Z] [DATA] [เชียงใหม่] Meter data updated: {"8684":14283.7,"8686":7902.700000000001,"8687":6021.6,"18069":1335579.5,"73909":612167,"73910":559669.1}
[2025-10-24T04:09:37.840Z] [INFO] [เชียงใหม่] Data saved to database
[2025-10-24T04:09:46.870Z] [DATA] [เชียงใหม่] Meter data updated: {"8684":14277.2,"8686":7878.400000000001,"8687":6002,"18069":1335579.6,"73909":612167,"73910":559669.1}
[2025-10-24T04:09:49.886Z] [DATA] [เชียงใหม่] Meter data updated: {"8684":14250.400000000001,"8686":7883.200000000001,"8687":6002,"18069":1335579.6,"73909":612167,"73910":559669.1}
[2025-10-24T04:09:52.884Z] [DATA] [เชียงใหม่] Meter data updated: {"8684":14280.400000000001,"8686":7883.200000000001,"8687":6021.1,"18069":1335579.6,"73909":612167,"73910":559669.1}
[2025-10-24T04:09:55.981Z] [DATA] [เชียงใหม่] Meter data updated: {"8684":14280.400000000001,"8686":7897.1,"8687":6029.8,"18069":1335579.6,"73909":612167,"73910":559669.1}
[2025-10-24T04:09:58.953Z] [DATA] [เชียงใหม่] Meter data updated: {"8684":14304.2,"8686":7871.400000000001,"8687":6018.3,"18069":1335579.6,"73909":612167,"73910":559669.1}
[2025-10-24T04:10:01.972Z] [DATA] [เชียงใหม่] Meter data updated: {"8684":14292.2,"8686":7871.400000000001,"8687":6018.3,"18069":1335579.6,"73909":612167,"73910":559669.1}
[2025-10-24T04:10:05.011Z] [DATA] [เชียงใหม่] Meter data updated: {"8684":14292.2,"8686":7890.6,"8687":6047.5,"18069":1335579.6,"73909":612167,"73910":559669.1}
[2025-10-24T04:10:08.028Z] [DATA] [เชียงใหม่] Meter data updated: {"8684":14279.1,"8686":7891.900000000001,"8687":6012.8,"18069":1335579.6,"73909":612167,"73910":559669.1}
[2025-10-24T04:10:11.033Z] [DATA] [เชียงใหม่] Meter data updated: {"8684":14265.7,"8686":7889,"8687":6012.8,"18069":1335579.7000000002,"73909":612167,"73910":559669.1}
[2025-10-24T04:10:14.066Z] [DATA] [เชียงใหม่] Meter data updated: {"8684":14265.7,"8686":7889,"8687":6043.6,"18069":1335579.7000000002,"73909":612167,"73910":559669.2000000001}
[2025-10-24T04:10:17.069Z] [DATA] [เชียงใหม่] Meter data updated: {"8684":14333.5,"8686":7883.6,"8687":6022.200000000001,"18069":1335579.7000000002,"73909":612167.1,"73910":559669.2000000001}
[2025-10-24T04:10:20.063Z] [DATA] [เชียงใหม่] Meter data updated: {"8684":14288.400000000001,"8686":7891.8,"8687":6025.8,"18069":1335579.7000000002,"73909":612167.1,"73910":559669.2000000001}
[2025-10-24T04:10:23.103Z] [DATA] [เชียงใหม่] Meter data updated: {"8684":14325.2,"8686":7891.8,"8687":6025.8,"18069":1335579.7000000002,"73909":612167.1,"73910":559669.2000000001}
[2025-10-24T04:10:26.114Z] [DATA] [เชียงใหม่] Meter data updated: {"8684":14325.2,"8686":7881.8,"8687":6051.8,"18069":1335579.7000000002,"73909":612167.1,"73910":559669.2000000001}
[2025-10-24T04:10:29.127Z] [DATA] [เชียงใหม่] Meter data updated: {"8684":14306.400000000001,"8686":7884.8,"8687":6032.6,"18069":1335579.7000000002,"73909":612167.1,"73910":559669.2000000001}
[2025-10-24T04:10:32.144Z] [DATA] [เชียงใหม่] Meter data updated: {"8684":14300.7,"8686":7884.8,"8687":6032.6,"18069":1335579.7000000002,"73909":612167.1,"73910":559669.2000000001}
[2025-10-24T04:10:35.138Z] [DATA] [เชียงใหม่] Meter data updated: {"8684":14300.7,"8686":7892.3,"8687":6056.5,"18069":1335579.7000000002,"73909":612167.1,"73910":559669.2000000001}
[2025-10-24T04:10:38.150Z] [DATA] [เชียงใหม่] Meter data updated: {"8684":14325.7,"8686":7876.5,"8687":6033.200000000001,"18069":1335579.8,"73909":612167.1,"73910":559669.2000000001}
[2025-10-24T04:10:41.186Z] [DATA] [เชียงใหม่] Meter data updated: {"8684":14288,"8686":7887.1,"8687":6033.200000000001,"18069":1335579.8,"73909":612167.1,"73910":559669.2000000001}
[2025-10-24T04:10:44.208Z] [DATA] [เชียงใหม่] Meter data updated: {"8684":14287.5,"8686":7887.1,"8687":6045.900000000001,"18069":1335579.8,"73909":612167.1,"73910":559669.2000000001}
[2025-10-24T04:10:47.217Z] [DATA] [เชียงใหม่] Meter data updated: {"8684":14287.5,"8686":7888,"8687":6059.1,"18069":1335579.8,"73909":612167.1,"73910":559669.2000000001}
[2025-10-24T04:10:50.230Z] [DATA] [เชียงใหม่] Meter data updated: {"8684":14309.6,"8686":7904.1,"8687":6018,"18069":1335579.8,"73909":612167.1,"73910":559669.2000000001}
[2025-10-24T04:10:53.230Z] [DATA] [เชียงใหม่] Meter data updated: {"8684":14289.7,"8686":7904.1,"8687":6018,"18069":1335579.8,"73909":612167.1,"73910":559669.2000000001}
[2025-10-24T04:10:56.243Z] [DATA] [เชียงใหม่] Meter data updated: {"8684":14289.7,"8686":7897.700000000001,"8687":6032.400000000001,"18069":1335579.8,"73909":612167.1,"73910":559669.2000000001}
[2025-10-24T04:10:59.259Z] [DATA] [เชียงใหม่] Meter data updated: {"8684":14295.300000000001,"8686":7895.8,"8687":6032.900000000001,"18069":1335579.8,"73909":612167.2000000001,"73910":559669.2000000001}
[2025-10-24T04:11:02.298Z] [DATA] [เชียงใหม่] Meter data updated: {"8684":14266.800000000001,"8686":7895.8,"8687":6032.900000000001,"18069":1335579.9000000001,"73909":612167.2000000001,"73910":559669.2000000001}
[2025-10-24T04:11:05.310Z] [DATA] [เชียงใหม่] Meter data updated: {"8684":14266.800000000001,"8686":7889.5,"8687":6041.900000000001,"18069":1335579.9000000001,"73909":612167.2000000001,"73910":559669.2000000001}
[2025-10-24T04:11:08.322Z] [DATA] [เชียงใหม่] Meter data updated: {"8684":14315.5,"8686":7894.400000000001,"8687":6029,"18069":1335579.9000000001,"73909":612167.2000000001,"73910":559669.2000000001}
[2025-10-24T04:11:11.358Z] [DATA] [เชียงใหม่] Meter data updated: {"8684":14323.5,"8686":7884.700000000001,"8687":6029,"18069":1335579.9000000001,"73909":612167.2000000001,"73910":559669.2000000001}
[2025-10-24T04:11:14.404Z] [DATA] [เชียงใหม่] Meter data updated: {"8684":14273.2,"8686":7884.700000000001,"8687":6026.6,"18069":1335579.9000000001,"73909":612167.2000000001,"73910":559669.3}
[2025-10-24T04:11:17.389Z] [DATA] [เชียงใหม่] Meter data updated: {"8684":14273.2,"8686":7886.3,"8687":6013.5,"18069":1335579.9000000001,"73909":612167.2000000001,"73910":559669.3}
[2025-10-24T04:11:20.426Z] [DATA] [เชียงใหม่] Meter data updated: {"8684":14290.1,"8686":7905.6,"8687":6025.1,"18069":1335579.9000000001,"73909":612167.2000000001,"73910":559669.3}
[2025-10-24T04:11:23.462Z] [DATA] [เชียงใหม่] Meter data updated: {"8684":14250.7,"8686":7905.6,"8687":6025.1,"18069":1335580,"73909":612167.2000000001,"73910":559669.3}
[2025-10-24T04:11:26.505Z] [DATA] [เชียงใหม่] Meter data updated: {"8684":14250.7,"8686":7890.6,"8687":6026.5,"18069":1335580,"73909":612167.2000000001,"73910":559669.3}
[2025-10-24T04:11:29.509Z] [DATA] [เชียงใหม่] Meter data updated: {"8684":14287.900000000001,"8686":7894.3,"8687":6019,"18069":1335580,"73909":612167.2000000001,"73910":559669.3}
[2025-10-24T04:11:32.523Z] [DATA] [เชียงใหม่] Meter data updated: {"8684":14270.2,"8686":7894.3,"8687":6019,"18069":1335580,"73909":612167.2000000001,"73910":559669.3}
[2025-10-24T04:11:38.561Z] [DATA] [เชียงใหม่] Meter data updated: {"8684":14270.2,"8686":7894.6,"8687":6029.900000000001,"18069":1335580,"73909":612167.2000000001,"73910":559669.3}
[2025-10-24T04:11:47.614Z] [DATA] [เชียงใหม่] Meter data updated: {"8684":14298.1,"8686":7904,"8687":6022.200000000001,"18069":1335580,"73909":612167.3,"73910":559669.3}
[2025-10-24T04:11:50.647Z] [DATA] [เชียงใหม่] Meter data updated: {"8684":14286.2,"8686":7904,"8687":6022.200000000001,"18069":1335580,"73909":612167.3,"73910":559669.3}
[2025-10-24T04:11:53.693Z] [DATA] [เชียงใหม่] Meter data updated: {"8684":14286.2,"8686":7894.8,"8687":6029.700000000001,"18069":1335580.1,"73909":612167.3,"73910":559669.3}
[2025-10-24T04:11:56.691Z] [DATA] [เชียงใหม่] Meter data updated: {"8684":14293.400000000001,"8686":7881.5,"8687":6015,"18069":1335580.1,"73909":612167.3,"73910":559669.3}
[2025-10-24T04:11:59.784Z] [DATA] [เชียงใหม่] Meter data updated: {"8684":14284.1,"8686":7881.5,"8687":6015,"18069":1335580.1,"73909":612167.3,"73910":559669.3}
[2025-10-24T04:12:02.735Z] [DATA] [เชียงใหม่] Meter data updated: {"8684":14284.1,"8686":7893.3,"8687":6037.3,"18069":1335580.1,"73909":612167.3,"73910":559669.3}
[2025-10-24T04:12:04.965Z] [INFO] Received SIGINT, shutting down...
[2025-10-24T04:12:04.966Z] [INFO] [เชียงใหม่] Disconnecting WebSocket...
[2025-10-24T04:12:04.968Z] [INFO] Received SIGTERM, shutting down...
[2025-10-24T04:12:04.984Z] [INFO] [เชียงใหม่] WebSocket connection closed
[2025-10-24T04:12:04.985Z] [INFO] [เชียงใหม่] Attempting to reconnect (1/10)...
