[2025-10-24T09:36:09.197Z] [INFO] === Starting Chiang Mai WebSocket Client ===
[2025-10-24T09:36:09.197Z] [INFO] [เชียงใหม่] Initializing database connection...
[2025-10-24T09:36:09.202Z] [INFO] [เชียงใหม่] Database station initialized: cmh1htzuq0000663wkea8qjx6
[2025-10-24T09:36:09.238Z] [INFO] [เชียงใหม่] เชื่อมต่อกับ WebSocket สำเร็จ
[2025-10-24T09:36:09.239Z] [INFO] [เชียงใหม่] Loaded 6 station-specific monitored objects: [8684, 8686, 8687, 18069, 73909, 73910]
[2025-10-24T09:36:09.239Z] [INFO] [เชียงใหม่] Initialized meter data for 6 objects
[2025-10-24T09:36:09.239Z] [INFO] [เชียงใหม่] ส่งข้อมูลชุด ID 0 (Sending data ID 0)
[2025-10-24T09:36:10.242Z] [DEBUG] [เชียงใหม่] Data sent: ID 0
[2025-10-24T09:36:26.649Z] [INFO] [เชียงใหม่] USID received: d2819915-5ae7-42f2-a0a2-522ef8d02474
[2025-10-24T09:36:26.651Z] [INFO] [เชียงใหม่] ส่งข้อมูลชุด ID 1 (Sending data ID 1)
[2025-10-24T09:36:27.652Z] [DEBUG] [เชียงใหม่] Data sent: ID 1
[2025-10-24T09:36:27.677Z] [INFO] [เชียงใหม่] ID 1 result: true
[2025-10-24T09:36:27.678Z] [INFO] [เชียงใหม่] ส่งข้อมูลชุด ID 2 (Sending data ID 2)
[2025-10-24T09:36:28.679Z] [DEBUG] [เชียงใหม่] Data sent: ID 2
[2025-10-24T09:36:28.701Z] [INFO] [เชียงใหม่] ID 2 result: true
[2025-10-24T09:36:28.702Z] [INFO] [เชียงใหม่] ส่งข้อมูลชุด ID 3 (Sending data ID 3)
[2025-10-24T09:36:29.704Z] [DEBUG] [เชียงใหม่] Data sent: ID 3
[2025-10-24T09:36:30.050Z] [INFO] [เชียงใหม่] ID 3 cached: true
[2025-10-24T09:36:30.051Z] [INFO] [เชียงใหม่] ส่งข้อมูลชุด ID 4 (Sending data ID 4)
[2025-10-24T09:36:31.053Z] [DEBUG] [เชียงใหม่] Data sent: ID 4
[2025-10-24T09:36:31.102Z] [INFO] [เชียงใหม่] ID 4 cached: true
[2025-10-24T09:36:31.102Z] [INFO] [เชียงใหม่] ส่งข้อมูลชุด ID 5 (Sending data ID 5)
[2025-10-24T09:36:32.104Z] [DEBUG] [เชียงใหม่] Data sent: ID 5
[2025-10-24T09:36:32.241Z] [INFO] [เชียงใหม่] ID 5 cached: true
[2025-10-24T09:36:32.242Z] [INFO] [เชียงใหม่] ส่งข้อมูลชุด ID 6 (Sending data ID 6)
[2025-10-24T09:36:33.244Z] [DEBUG] [เชียงใหม่] Data sent: ID 6
[2025-10-24T09:36:33.289Z] [INFO] [เชียงใหม่] ID 6 cached: true
[2025-10-24T09:36:33.289Z] [INFO] [เชียงใหม่] ส่งข้อมูลชุด ID 7 (Sending data ID 7)
[2025-10-24T09:36:34.291Z] [DEBUG] [เชียงใหม่] Data sent: ID 7
[2025-10-24T09:36:34.322Z] [INFO] [เชียงใหม่] ID 7 result: true
[2025-10-24T09:36:34.323Z] [INFO] [เชียงใหม่] Listening for notifications...
[2025-10-24T09:36:34.324Z] [INFO] Session established successfully
[2025-10-24T09:36:34.510Z] [DATA] [เชียงใหม่] Meter data updated: {"8684":14304.2,"8686":7895.900000000001,"8687":6029.1,"18069":1335657.4000000001,"73909":612210,"73910":559701.9}
[2025-10-24T09:36:37.415Z] [DATA] [เชียงใหม่] Meter data updated: {"8684":14335.800000000001,"8686":7903,"8687":6027.1,"18069":1335657.5,"73909":612210,"73910":559701.9}
[2025-10-24T09:36:40.426Z] [DATA] [เชียงใหม่] Meter data updated: {"8684":14321.300000000001,"8686":7903,"8687":6027.1,"18069":1335657.5,"73909":612210,"73910":559701.9}
[2025-10-24T09:36:43.456Z] [DATA] [เชียงใหม่] Meter data updated: {"8684":14321.300000000001,"8686":7903.3,"8687":6048.400000000001,"18069":1335657.5,"73909":612210,"73910":559701.9}
[2025-10-24T09:36:46.474Z] [DATA] [เชียงใหม่] Meter data updated: {"8684":14324.2,"8686":7914,"8687":6052.400000000001,"18069":1335657.5,"73909":612210.1,"73910":559701.9}
[2025-10-24T09:36:49.484Z] [DATA] [เชียงใหม่] Meter data updated: {"8684":14309.7,"8686":7914,"8687":6052.400000000001,"18069":1335657.5,"73909":612210.1,"73910":559701.9}
[2025-10-24T09:36:55.555Z] [DATA] [เชียงใหม่] Meter data updated: {"8684":14309.7,"8686":7895.900000000001,"8687":6024.5,"18069":1335657.5,"73909":612210.1,"73910":559702}
[2025-10-24T09:37:04.646Z] [DATA] [เชียงใหม่] Meter data updated: {"8684":14282.900000000001,"8686":7906,"8687":6052.700000000001,"18069":1335657.6,"73909":612210.1,"73910":559702}
[2025-10-24T09:37:07.657Z] [DATA] [เชียงใหม่] Meter data updated: {"8684":14306.400000000001,"8686":7906,"8687":6052.700000000001,"18069":1335657.6,"73909":612210.1,"73910":559702}
[2025-10-24T09:37:10.670Z] [DATA] [เชียงใหม่] Meter data updated: {"8684":14306.400000000001,"8686":7910.700000000001,"8687":6018,"18069":1335657.6,"73909":612210.1,"73910":559702}
[2025-10-24T09:37:13.681Z] [DATA] [เชียงใหม่] Meter data updated: {"8684":14341.300000000001,"8686":7912.400000000001,"8687":6025.3,"18069":1335657.6,"73909":612210.1,"73910":559702}
[2025-10-24T09:37:16.694Z] [DATA] [เชียงใหม่] Meter data updated: {"8684":14334.300000000001,"8686":7905.700000000001,"8687":6025.3,"18069":1335657.6,"73909":612210.1,"73910":559702}
[2025-10-24T09:37:19.712Z] [DATA] [เชียงใหม่] Meter data updated: {"8684":14334.300000000001,"8686":7905.700000000001,"8687":6032.5,"18069":1335657.6,"73909":612210.1,"73910":559702}
[2025-10-24T09:37:22.746Z] [DATA] [เชียงใหม่] Meter data updated: {"8684":14312.400000000001,"8686":7917.700000000001,"8687":6021,"18069":1335657.6,"73909":612210.1,"73910":559702}
[2025-10-24T09:37:25.760Z] [DATA] [เชียงใหม่] Meter data updated: {"8684":14298.400000000001,"8686":7924.8,"8687":6010.900000000001,"18069":1335657.7000000002,"73909":612210.1,"73910":559702}
[2025-10-24T09:37:28.784Z] [DATA] [เชียงใหม่] Meter data updated: {"8684":14325.900000000001,"8686":7924.8,"8687":6010.900000000001,"18069":1335657.7000000002,"73909":612210.1,"73910":559702}
[2025-10-24T09:37:31.789Z] [DATA] [เชียงใหม่] Meter data updated: {"8684":14325.900000000001,"8686":7913.700000000001,"8687":6010,"18069":1335657.7000000002,"73909":612210.2000000001,"73910":559702}
[2025-10-24T09:37:34.797Z] [DATA] [เชียงใหม่] Meter data updated: {"8684":14320.900000000001,"8686":7899.1,"8687":6042.1,"18069":1335657.7000000002,"73909":612210.2000000001,"73910":559702}
[2025-10-24T09:37:37.829Z] [DATA] [เชียงใหม่] Meter data updated: {"8684":14323.5,"8686":7899.1,"8687":6042.1,"18069":1335657.7000000002,"73909":612210.2000000001,"73910":559702}
[2025-10-24T09:37:40.850Z] [DATA] [เชียงใหม่] Meter data updated: {"8684":14323.5,"8686":7907.1,"8687":6023.1,"18069":1335657.7000000002,"73909":612210.2000000001,"73910":559702}
[2025-10-24T09:37:43.880Z] [DATA] [เชียงใหม่] Meter data updated: {"8684":14304,"8686":7904.200000000001,"8687":6033.1,"18069":1335657.7000000002,"73909":612210.2000000001,"73910":559702}
[2025-10-24T09:37:46.878Z] [DATA] [เชียงใหม่] Meter data updated: {"8684":14283.6,"8686":7907.700000000001,"8687":6033.1,"18069":1335657.7000000002,"73909":612210.2000000001,"73910":559702}
[2025-10-24T09:37:49.888Z] [DATA] [เชียงใหม่] Meter data updated: {"8684":14275.1,"8686":7907.700000000001,"8687":6031.900000000001,"18069":1335657.7000000002,"73909":612210.2000000001,"73910":559702}
[2025-10-24T09:37:52.906Z] [DATA] [เชียงใหม่] Meter data updated: {"8684":14275.1,"8686":7914.6,"8687":6016.8,"18069":1335657.8,"73909":612210.2000000001,"73910":559702.1}
[2025-10-24T09:37:55.922Z] [DATA] [เชียงใหม่] Meter data updated: {"8684":14314.5,"8686":7907.900000000001,"8687":6023,"18069":1335657.8,"73909":612210.2000000001,"73910":559702.1}
[2025-10-24T09:37:58.945Z] [DATA] [เชียงใหม่] Meter data updated: {"8684":14297.1,"8686":7907.900000000001,"8687":6023,"18069":1335657.8,"73909":612210.2000000001,"73910":559702.1}
[2025-10-24T09:38:01.956Z] [DATA] [เชียงใหม่] Meter data updated: {"8684":14297.1,"8686":7909.3,"8687":6053,"18069":1335657.8,"73909":612210.2000000001,"73910":559702.1}
[2025-10-24T09:38:04.985Z] [DATA] [เชียงใหม่] Meter data updated: {"8684":14302.6,"8686":7899.6,"8687":5990.6,"18069":1335657.8,"73909":612210.2000000001,"73910":559702.1}
[2025-10-24T09:38:07.981Z] [DATA] [เชียงใหม่] Meter data updated: {"8684":14304.400000000001,"8686":7899.6,"8687":5990.6,"18069":1335657.8,"73909":612210.2000000001,"73910":559702.1}
[2025-10-24T09:38:11.027Z] [DATA] [เชียงใหม่] Meter data updated: {"8684":14304.400000000001,"8686":7904.8,"8687":6036.3,"18069":1335657.8,"73909":612210.2000000001,"73910":559702.1}
[2025-10-24T09:38:14.005Z] [DATA] [เชียงใหม่] Meter data updated: {"8684":14275.7,"8686":7899.700000000001,"8687":6029.8,"18069":1335657.8,"73909":612210.3,"73910":559702.1}
[2025-10-24T09:38:17.018Z] [DATA] [เชียงใหม่] Meter data updated: {"8684":14293.1,"8686":7914.700000000001,"8687":6035.200000000001,"18069":1335657.9000000001,"73909":612210.3,"73910":559702.1}
[2025-10-24T09:38:20.070Z] [DATA] [เชียงใหม่] Meter data updated: {"8684":14336.1,"8686":7914.700000000001,"8687":6035.200000000001,"18069":1335657.9000000001,"73909":612210.3,"73910":559702.1}
[2025-10-24T09:38:23.082Z] [DATA] [เชียงใหม่] Meter data updated: {"8684":14336.1,"8686":7909.8,"8687":6035.200000000001,"18069":1335657.9000000001,"73909":612210.3,"73910":559702.1}
[2025-10-24T09:38:29.089Z] [DATA] [เชียงใหม่] Meter data updated: {"8684":14336.1,"8686":7909.8,"8687":6015.700000000001,"18069":1335657.9000000001,"73909":612210.3,"73910":559702.1}
[2025-10-24T09:38:35.134Z] [DATA] [เชียงใหม่] Meter data updated: {"8684":14276.7,"8686":7909.8,"8687":6015.700000000001,"18069":1335657.9000000001,"73909":612210.3,"73910":559702.1}
[2025-10-24T09:38:38.180Z] [DATA] [เชียงใหม่] Meter data updated: {"8684":14276.7,"8686":7906.5,"8687":6046.200000000001,"18069":1335657.9000000001,"73909":612210.3,"73910":559702.1}
[2025-10-24T09:38:41.193Z] [DATA] [เชียงใหม่] Meter data updated: {"8684":14258.2,"8686":7896.3,"8687":6037,"18069":1335657.9000000001,"73909":612210.3,"73910":559702.1}
[2025-10-24T09:38:44.214Z] [DATA] [เชียงใหม่] Meter data updated: {"8684":14289.1,"8686":7899.200000000001,"8687":6037,"18069":1335658,"73909":612210.3,"73910":559702.1}
[2025-10-24T09:38:47.214Z] [DATA] [เชียงใหม่] Meter data updated: {"8684":14234.800000000001,"8686":7899.200000000001,"8687":6038.5,"18069":1335658,"73909":612210.3,"73910":559702.1}
[2025-10-24T09:38:50.248Z] [DATA] [เชียงใหม่] Meter data updated: {"8684":14234.800000000001,"8686":7917.1,"8687":6051.900000000001,"18069":1335658,"73909":612210.3,"73910":559702.1}
[2025-10-24T09:38:53.265Z] [DATA] [เชียงใหม่] Meter data updated: {"8684":14257.6,"8686":7910.6,"8687":6043,"18069":1335658,"73909":612210.3,"73910":559702.1}
[2025-10-24T09:38:56.280Z] [DATA] [เชียงใหม่] Meter data updated: {"8684":14264.1,"8686":7910.6,"8687":6043,"18069":1335658,"73909":612210.3,"73910":559702.2000000001}
[2025-10-24T09:38:59.297Z] [DATA] [เชียงใหม่] Meter data updated: {"8684":14264.1,"8686":7900.8,"8687":6031.200000000001,"18069":1335658,"73909":612210.3,"73910":559702.2000000001}
[2025-10-24T09:39:02.315Z] [DATA] [เชียงใหม่] Meter data updated: {"8684":14294.300000000001,"8686":7910.700000000001,"8687":6051.200000000001,"18069":1335658,"73909":612210.4,"73910":559702.2000000001}
[2025-10-24T09:39:05.362Z] [DATA] [เชียงใหม่] Meter data updated: {"8684":14272.6,"8686":7910.700000000001,"8687":6051.200000000001,"18069":1335658,"73909":612210.4,"73910":559702.2000000001}
[2025-10-24T09:39:11.378Z] [DATA] [เชียงใหม่] Meter data updated: {"8684":14272.6,"8686":7913.1,"8687":6051.200000000001,"18069":1335658,"73909":612210.4,"73910":559702.2000000001}
[2025-10-24T09:39:14.405Z] [DATA] [เชียงใหม่] Meter data updated: {"8684":14272.6,"8686":7913.1,"8687":6018.1,"18069":1335658,"73909":612210.4,"73910":559702.2000000001}
[2025-10-24T09:39:20.450Z] [DATA] [เชียงใหม่] Meter data updated: {"8684":14265.7,"8686":7902,"8687":6018.1,"18069":1335658.1,"73909":612210.4,"73910":559702.2000000001}
[2025-10-24T09:39:20.456Z] [INFO] [เชียงใหม่] Data saved to database
[2025-10-24T09:39:23.465Z] [DATA] [เชียงใหม่] Meter data updated: {"8684":14265.7,"8686":7902,"8687":6028.6,"18069":1335658.1,"73909":612210.4,"73910":559702.2000000001}
[2025-10-24T09:39:26.482Z] [DATA] [เชียงใหม่] Meter data updated: {"8684":14293.7,"8686":7902.200000000001,"8687":6017.6,"18069":1335658.1,"73909":612210.4,"73910":559702.2000000001}
[2025-10-24T09:39:29.717Z] [DATA] [เชียงใหม่] Meter data updated: {"8684":14292.900000000001,"8686":7890.8,"8687":6017.6,"18069":1335658.1,"73909":612210.4,"73910":559702.2000000001}
[2025-10-24T09:39:32.530Z] [DATA] [เชียงใหม่] Meter data updated: {"8684":14288.5,"8686":7890.8,"8687":6008.200000000001,"18069":1335658.1,"73909":612210.4,"73910":559702.2000000001}
[2025-10-24T09:39:35.550Z] [DATA] [เชียงใหม่] Meter data updated: {"8684":14288.5,"8686":7889.8,"8687":6000.6,"18069":1335658.2000000002,"73909":612210.4,"73910":559702.2000000001}
[2025-10-24T09:39:38.559Z] [DATA] [เชียงใหม่] Meter data updated: {"8684":14295.2,"8686":7905,"8687":6018,"18069":1335658.2000000002,"73909":612210.4,"73910":559702.2000000001}
[2025-10-24T09:39:41.582Z] [DATA] [เชียงใหม่] Meter data updated: {"8684":14296.400000000001,"8686":7905,"8687":6018,"18069":1335658.2000000002,"73909":612210.4,"73910":559702.2000000001}
[2025-10-24T09:39:47.621Z] [DATA] [เชียงใหม่] Meter data updated: {"8684":14296.400000000001,"8686":7893.400000000001,"8687":6056.3,"18069":1335658.2000000002,"73909":612210.5,"73910":559702.2000000001}
[2025-10-24T09:39:56.672Z] [DATA] [เชียงใหม่] Meter data updated: {"8684":14254.5,"8686":7895.3,"8687":6056.3,"18069":1335658.3,"73909":612210.5,"73910":559702.2000000001}
[2025-10-24T09:39:59.703Z] [DATA] [เชียงใหม่] Meter data updated: {"8684":14262.6,"8686":7895.3,"8687":6022.8,"18069":1335658.3,"73909":612210.5,"73910":559702.3}
[2025-10-24T09:40:02.711Z] [DATA] [เชียงใหม่] Meter data updated: {"8684":14262.6,"8686":7900.900000000001,"8687":6035,"18069":1335658.3,"73909":612210.5,"73910":559702.3}
[2025-10-24T09:40:05.741Z] [DATA] [เชียงใหม่] Meter data updated: {"8684":14290.7,"8686":7906.200000000001,"8687":6024.400000000001,"18069":1335658.3,"73909":612210.5,"73910":559702.3}
[2025-10-24T09:40:08.780Z] [DATA] [เชียงใหม่] Meter data updated: {"8684":14267,"8686":7906.200000000001,"8687":6024.400000000001,"18069":1335658.3,"73909":612210.5,"73910":559702.3}
[2025-10-24T09:40:11.793Z] [DATA] [เชียงใหม่] Meter data updated: {"8684":14267,"8686":7891.5,"8687":6028.700000000001,"18069":1335658.3,"73909":612210.5,"73910":559702.3}
[2025-10-24T09:40:14.802Z] [DATA] [เชียงใหม่] Meter data updated: {"8684":14278.900000000001,"8686":7913.200000000001,"8687":6006.700000000001,"18069":1335658.3,"73909":612210.5,"73910":559702.3}
[2025-10-24T09:40:17.818Z] [DATA] [เชียงใหม่] Meter data updated: {"8684":14261.300000000001,"8686":7902.1,"8687":6006.700000000001,"18069":1335658.3,"73909":612210.5,"73910":559702.3}
[2025-10-24T09:40:20.831Z] [DATA] [เชียงใหม่] Meter data updated: {"8684":14261.300000000001,"8686":7902.1,"8687":6022.6,"18069":1335658.3,"73909":612210.5,"73910":559702.3}
[2025-10-24T09:40:23.862Z] [DATA] [เชียงใหม่] Meter data updated: {"8684":14273.5,"8686":7894.6,"8687":6029.3,"18069":1335658.4000000001,"73909":612210.5,"73910":559702.3}
[2025-10-24T09:40:26.878Z] [DATA] [เชียงใหม่] Meter data updated: {"8684":14258.5,"8686":7913.3,"8687":6030.8,"18069":1335658.4000000001,"73909":612210.5,"73910":559702.3}
[2025-10-24T09:40:29.875Z] [DATA] [เชียงใหม่] Meter data updated: {"8684":14290.6,"8686":7913.3,"8687":6030.8,"18069":1335658.4000000001,"73909":612210.5,"73910":559702.3}
[2025-10-24T09:40:32.887Z] [DATA] [เชียงใหม่] Meter data updated: {"8684":14290.6,"8686":7907.6,"8687":6046.400000000001,"18069":1335658.4000000001,"73909":612210.6,"73910":559702.3}
[2025-10-24T09:40:35.920Z] [DATA] [เชียงใหม่] Meter data updated: {"8684":14276.2,"8686":7919.400000000001,"8687":6029.5,"18069":1335658.4000000001,"73909":612210.6,"73910":559702.3}
[2025-10-24T09:40:38.953Z] [DATA] [เชียงใหม่] Meter data updated: {"8684":14235.7,"8686":7919.400000000001,"8687":6029.5,"18069":1335658.4000000001,"73909":612210.6,"73910":559702.3}
[2025-10-24T09:40:41.968Z] [DATA] [เชียงใหม่] Meter data updated: {"8684":14235.7,"8686":7902.6,"8687":6000.5,"18069":1335658.4000000001,"73909":612210.6,"73910":559702.3}
[2025-10-24T09:40:44.979Z] [DATA] [เชียงใหม่] Meter data updated: {"8684":14301.900000000001,"8686":7905.1,"8687":6012.3,"18069":1335658.4000000001,"73909":612210.6,"73910":559702.3}
[2025-10-24T09:40:48.003Z] [DATA] [เชียงใหม่] Meter data updated: {"8684":14261.800000000001,"8686":7894.900000000001,"8687":6012.3,"18069":1335658.5,"73909":612210.6,"73910":559702.3}
[2025-10-24T09:40:51.012Z] [DATA] [เชียงใหม่] Meter data updated: {"8684":14267.900000000001,"8686":7894.900000000001,"8687":6020.8,"18069":1335658.5,"73909":612210.6,"73910":559702.3}
[2025-10-24T09:40:54.027Z] [DATA] [เชียงใหม่] Meter data updated: {"8684":14267.900000000001,"8686":7907.1,"8687":6028.400000000001,"18069":1335658.5,"73909":612210.6,"73910":559702.4}
[2025-10-24T09:40:57.042Z] [DATA] [เชียงใหม่] Meter data updated: {"8684":14280.2,"8686":7902.900000000001,"8687":6028.400000000001,"18069":1335658.5,"73909":612210.6,"73910":559702.4}
[2025-10-24T09:41:03.090Z] [DATA] [เชียงใหม่] Meter data updated: {"8684":14280.2,"8686":7902.900000000001,"8687":6026.400000000001,"18069":1335658.5,"73909":612210.6,"73910":559702.4}
[2025-10-24T09:41:12.144Z] [DATA] [เชียงใหม่] Meter data updated: {"8684":14290.6,"8686":7900.5,"8687":6027.900000000001,"18069":1335658.5,"73909":612210.6,"73910":559702.4}
[2025-10-24T09:41:15.175Z] [DATA] [เชียงใหม่] Meter data updated: {"8684":14418.300000000001,"8686":7900.5,"8687":6027.900000000001,"18069":1335658.6,"73909":612210.6,"73910":559702.4}
[2025-10-24T09:41:18.188Z] [DATA] [เชียงใหม่] Meter data updated: {"8684":14418.300000000001,"8686":7914.900000000001,"8687":6021.400000000001,"18069":1335658.6,"73909":612210.7000000001,"73910":559702.4}
[2025-10-24T09:41:21.207Z] [DATA] [เชียงใหม่] Meter data updated: {"8684":14359.400000000001,"8686":7908.3,"8687":6026.3,"18069":1335658.6,"73909":612210.7000000001,"73910":559702.4}
[2025-10-24T09:41:24.214Z] [DATA] [เชียงใหม่] Meter data updated: {"8684":14387.300000000001,"8686":7903.700000000001,"8687":6026.3,"18069":1335658.6,"73909":612210.7000000001,"73910":559702.4}
[2025-10-24T09:41:27.245Z] [DATA] [เชียงใหม่] Meter data updated: {"8684":14387.300000000001,"8686":7903.700000000001,"8687":6013.900000000001,"18069":1335658.6,"73909":612210.7000000001,"73910":559702.4}
[2025-10-24T09:41:30.262Z] [DATA] [เชียงใหม่] Meter data updated: {"8684":14365.400000000001,"8686":7910.200000000001,"8687":6030.5,"18069":1335658.6,"73909":612210.7000000001,"73910":559702.4}
[2025-10-24T09:41:33.290Z] [DATA] [เชียงใหม่] Meter data updated: {"8684":14357.800000000001,"8686":7910.200000000001,"8687":6030.5,"18069":1335658.6,"73909":612210.7000000001,"73910":559702.4}
[2025-10-24T09:41:39.314Z] [DATA] [เชียงใหม่] Meter data updated: {"8684":14357.800000000001,"8686":7896.8,"8687":6018.1,"18069":1335658.6,"73909":612210.7000000001,"73910":559702.4}
[2025-10-24T09:41:48.369Z] [DATA] [เชียงใหม่] Meter data updated: {"8684":14382.7,"8686":7889.5,"8687":6029.1,"18069":1335658.7000000002,"73909":612210.7000000001,"73910":559702.4}
[2025-10-24T09:41:51.391Z] [DATA] [เชียงใหม่] Meter data updated: {"8684":14363.400000000001,"8686":7889.5,"8687":6029.1,"18069":1335658.7000000002,"73909":612210.7000000001,"73910":559702.4}
[2025-10-24T09:41:54.424Z] [DATA] [เชียงใหม่] Meter data updated: {"8684":14363.400000000001,"8686":7897.5,"8687":6027.6,"18069":1335658.7000000002,"73909":612210.7000000001,"73910":559702.5}
[2025-10-24T09:41:57.433Z] [DATA] [เชียงใหม่] Meter data updated: {"8684":14324.7,"8686":7897.5,"8687":6017.1,"18069":1335658.7000000002,"73909":612210.7000000001,"73910":559702.5}
[2025-10-24T09:42:00.456Z] [DATA] [เชียงใหม่] Meter data updated: {"8684":14366.7,"8686":7897.6,"8687":6017.1,"18069":1335658.7000000002,"73909":612210.7000000001,"73910":559702.5}
[2025-10-24T09:42:03.462Z] [DATA] [เชียงใหม่] Meter data updated: {"8684":14357.5,"8686":7897.6,"8687":6028.900000000001,"18069":1335658.7000000002,"73909":612210.8,"73910":559702.5}
[2025-10-24T09:42:03.466Z] [INFO] [เชียงใหม่] Data saved to database
[2025-10-24T09:42:06.482Z] [DATA] [เชียงใหม่] Meter data updated: {"8684":14357.5,"8686":7897.6,"8687":6028.900000000001,"18069":1335658.8,"73909":612210.8,"73910":559702.5}
[2025-10-24T09:42:12.498Z] [DATA] [เชียงใหม่] Meter data updated: {"8684":14357.5,"8686":7895.200000000001,"8687":6010.200000000001,"18069":1335658.8,"73909":612210.8,"73910":559702.5}
[2025-10-24T09:42:18.532Z] [DATA] [เชียงใหม่] Meter data updated: {"8684":14315.5,"8686":7895.200000000001,"8687":6010.200000000001,"18069":1335658.8,"73909":612210.8,"73910":559702.5}
[2025-10-24T09:42:27.568Z] [DATA] [เชียงใหม่] Meter data updated: {"8684":14315.5,"8686":7895,"8687":6027.900000000001,"18069":1335658.8,"73909":612210.8,"73910":559702.5}
[2025-10-24T09:42:33.609Z] [DATA] [เชียงใหม่] Meter data updated: {"8684":14342.1,"8686":7895,"8687":6027.900000000001,"18069":1335658.9000000001,"73909":612210.8,"73910":559702.5}
[2025-10-24T09:42:36.625Z] [DATA] [เชียงใหม่] Meter data updated: {"8684":14342.1,"8686":7902.700000000001,"8687":6032.8,"18069":1335658.9000000001,"73909":612210.8,"73910":559702.5}
[2025-10-24T09:42:39.627Z] [DATA] [เชียงใหม่] Meter data updated: {"8684":14333.300000000001,"8686":7891.3,"8687":6026.6,"18069":1335658.9000000001,"73909":612210.8,"73910":559702.5}
[2025-10-24T09:42:42.663Z] [DATA] [เชียงใหม่] Meter data updated: {"8684":14387.1,"8686":7891.3,"8687":6026.6,"18069":1335658.9000000001,"73909":612210.8,"73910":559702.5}
[2025-10-24T09:42:45.695Z] [DATA] [เชียงใหม่] Meter data updated: {"8684":14387.1,"8686":7898,"8687":6032.3,"18069":1335658.9000000001,"73909":612210.8,"73910":559702.5}
[2025-10-24T09:42:45.696Z] [INFO] [เชียงใหม่] Data saved to database
[2025-10-24T09:42:48.691Z] [DATA] [เชียงใหม่] Meter data updated: {"8684":14342.400000000001,"8686":7899.700000000001,"8687":6053.3,"18069":1335658.9000000001,"73909":612210.9,"73910":559702.5}
[2025-10-24T09:42:51.731Z] [DATA] [เชียงใหม่] Meter data updated: {"8684":14356.300000000001,"8686":7906.3,"8687":6053.3,"18069":1335658.9000000001,"73909":612210.9,"73910":559702.5}
[2025-10-24T09:42:54.935Z] [DATA] [เชียงใหม่] Meter data updated: {"8684":14338.900000000001,"8686":7906.3,"8687":6002.200000000001,"18069":1335658.9000000001,"73909":612210.9,"73910":559702.6}
[2025-10-24T09:42:55.421Z] [INFO] Received SIGINT, shutting down...
[2025-10-24T09:42:55.422Z] [INFO] [เชียงใหม่] Disconnecting WebSocket...
[2025-10-24T09:42:55.423Z] [INFO] Received SIGTERM, shutting down...
[2025-10-24T09:42:55.439Z] [INFO] [เชียงใหม่] WebSocket connection closed
[2025-10-24T09:42:55.439Z] [INFO] [เชียงใหม่] Attempting to reconnect (1/10)...
