[2025-10-24T08:10:19.090Z] [INFO] === Starting Chiang Mai WebSocket Client ===
[2025-10-24T08:10:19.091Z] [INFO] [เชียงใหม่] Initializing database connection...
[2025-10-24T08:10:19.096Z] [INFO] [เชียงใหม่] Database station initialized: cmh1htzuq0000663wkea8qjx6
[2025-10-24T08:10:19.139Z] [INFO] [เชียงใหม่] เชื่อมต่อกับ WebSocket สำเร็จ
[2025-10-24T08:10:19.140Z] [INFO] [เชียงใหม่] Loaded 6 station-specific monitored objects: [8684, 8686, 8687, 18069, 73909, 73910]
[2025-10-24T08:10:19.140Z] [INFO] [เชียงใหม่] Initialized meter data for 6 objects
[2025-10-24T08:10:19.140Z] [INFO] [เชียงใหม่] ส่งข้อมูลชุด ID 0 (Sending data ID 0)
[2025-10-24T08:10:20.143Z] [DEBUG] [เชียงใหม่] Data sent: ID 0
[2025-10-24T08:10:36.917Z] [INFO] [เชียงใหม่] USID received: d34622dc-4723-40ff-bda0-df6784ea58bc
[2025-10-24T08:10:36.919Z] [INFO] [เชียงใหม่] ส่งข้อมูลชุด ID 1 (Sending data ID 1)
[2025-10-24T08:10:37.921Z] [DEBUG] [เชียงใหม่] Data sent: ID 1
[2025-10-24T08:10:37.952Z] [INFO] [เชียงใหม่] ID 1 result: true
[2025-10-24T08:10:37.953Z] [INFO] [เชียงใหม่] ส่งข้อมูลชุด ID 2 (Sending data ID 2)
[2025-10-24T08:10:38.955Z] [DEBUG] [เชียงใหม่] Data sent: ID 2
[2025-10-24T08:10:38.984Z] [INFO] [เชียงใหม่] ID 2 result: true
[2025-10-24T08:10:38.985Z] [INFO] [เชียงใหม่] ส่งข้อมูลชุด ID 3 (Sending data ID 3)
[2025-10-24T08:10:39.986Z] [DEBUG] [เชียงใหม่] Data sent: ID 3
[2025-10-24T08:10:40.186Z] [INFO] [เชียงใหม่] ID 3 cached: true
[2025-10-24T08:10:40.187Z] [INFO] [เชียงใหม่] ส่งข้อมูลชุด ID 4 (Sending data ID 4)
[2025-10-24T08:10:41.189Z] [DEBUG] [เชียงใหม่] Data sent: ID 4
[2025-10-24T08:10:41.229Z] [INFO] [เชียงใหม่] ID 4 cached: true
[2025-10-24T08:10:41.229Z] [INFO] [เชียงใหม่] ส่งข้อมูลชุด ID 5 (Sending data ID 5)
[2025-10-24T08:10:42.231Z] [DEBUG] [เชียงใหม่] Data sent: ID 5
[2025-10-24T08:10:42.594Z] [INFO] [เชียงใหม่] ID 5 cached: true
[2025-10-24T08:10:42.595Z] [INFO] [เชียงใหม่] ส่งข้อมูลชุด ID 6 (Sending data ID 6)
[2025-10-24T08:10:43.596Z] [DEBUG] [เชียงใหม่] Data sent: ID 6
[2025-10-24T08:10:43.693Z] [INFO] [เชียงใหม่] ID 6 cached: true
[2025-10-24T08:10:43.694Z] [INFO] [เชียงใหม่] ส่งข้อมูลชุด ID 7 (Sending data ID 7)
[2025-10-24T08:10:44.697Z] [DEBUG] [เชียงใหม่] Data sent: ID 7
[2025-10-24T08:10:44.726Z] [INFO] [เชียงใหม่] ID 7 result: true
[2025-10-24T08:10:44.727Z] [INFO] [เชียงใหม่] Listening for notifications...
[2025-10-24T08:10:44.728Z] [INFO] Session established successfully
[2025-10-24T08:10:44.966Z] [DATA] [เชียงใหม่] Meter data updated: {"8684":14278.300000000001,"8686":7913.1,"8687":6010.3,"18069":1335637,"73909":612198.7000000001,"73910":559693.3}
[2025-10-24T08:10:47.823Z] [DATA] [เชียงใหม่] Meter data updated: {"8684":14314.7,"8686":7909.6,"8687":6016.8,"18069":1335637,"73909":612198.7000000001,"73910":559693.3}
[2025-10-24T08:10:50.825Z] [DATA] [เชียงใหม่] Meter data updated: {"8684":14288.2,"8686":7909.6,"8687":6016.8,"18069":1335637,"73909":612198.7000000001,"73910":559693.3}
[2025-10-24T08:10:53.845Z] [DATA] [เชียงใหม่] Meter data updated: {"8684":14288.2,"8686":7902.700000000001,"8687":6025,"18069":1335637,"73909":612198.7000000001,"73910":559693.3}
[2025-10-24T08:10:56.859Z] [DATA] [เชียงใหม่] Meter data updated: {"8684":14322.6,"8686":7902.700000000001,"8687":6025,"18069":1335637,"73909":612198.7000000001,"73910":559693.3}
[2025-10-24T08:11:02.909Z] [DATA] [เชียงใหม่] Meter data updated: {"8684":14322.6,"8686":7925.3,"8687":6019.200000000001,"18069":1335637,"73909":612198.8,"73910":559693.3}
[2025-10-24T08:11:11.993Z] [DATA] [เชียงใหม่] Meter data updated: {"8684":14323.900000000001,"8686":7906.5,"8687":6039.5,"18069":1335637.1,"73909":612198.8,"73910":559693.4}
[2025-10-24T08:11:15.001Z] [DATA] [เชียงใหม่] Meter data updated: {"8684":14294.7,"8686":7906.5,"8687":6039.5,"18069":1335637.1,"73909":612198.8,"73910":559693.4}
[2025-10-24T08:11:18.040Z] [DATA] [เชียงใหม่] Meter data updated: {"8684":14294.7,"8686":7894.400000000001,"8687":6036,"18069":1335637.1,"73909":612198.8,"73910":559693.4}
[2025-10-24T08:11:21.047Z] [DATA] [เชียงใหม่] Meter data updated: {"8684":14317.1,"8686":7962,"8687":6024.3,"18069":1335637.1,"73909":612198.8,"73910":559693.4}
[2025-10-24T08:11:24.051Z] [DATA] [เชียงใหม่] Meter data updated: {"8684":14273.2,"8686":7913.6,"8687":6024.3,"18069":1335637.1,"73909":612198.8,"73910":559693.4}
[2025-10-24T08:11:27.061Z] [DATA] [เชียงใหม่] Meter data updated: {"8684":14315.7,"8686":7913.6,"8687":6019.3,"18069":1335637.1,"73909":612198.8,"73910":559693.4}
[2025-10-24T08:11:30.089Z] [DATA] [เชียงใหม่] Meter data updated: {"8684":14315.7,"8686":7917.6,"8687":6004.8,"18069":1335637.2000000002,"73909":612198.8,"73910":559693.4}
[2025-10-24T08:11:33.104Z] [DATA] [เชียงใหม่] Meter data updated: {"8684":14297.2,"8686":7905.400000000001,"8687":6048.8,"18069":1335637.2000000002,"73909":612198.8,"73910":559693.4}
[2025-10-24T08:11:36.128Z] [DATA] [เชียงใหม่] Meter data updated: {"8684":14270.300000000001,"8686":7905.400000000001,"8687":6048.8,"18069":1335637.2000000002,"73909":612198.8,"73910":559693.4}
[2025-10-24T08:11:39.133Z] [DATA] [เชียงใหม่] Meter data updated: {"8684":14270.300000000001,"8686":7902.5,"8687":6012.6,"18069":1335637.2000000002,"73909":612198.8,"73910":559693.4}
[2025-10-24T08:11:42.144Z] [DATA] [เชียงใหม่] Meter data updated: {"8684":14277.2,"8686":7903.200000000001,"8687":6019.6,"18069":1335637.2000000002,"73909":612198.8,"73910":559693.4}
[2025-10-24T08:11:45.180Z] [DATA] [เชียงใหม่] Meter data updated: {"8684":14286.5,"8686":7895.5,"8687":6019.6,"18069":1335637.2000000002,"73909":612198.8,"73910":559693.4}
[2025-10-24T08:11:48.200Z] [DATA] [เชียงใหม่] Meter data updated: {"8684":14287.6,"8686":7895.5,"8687":6015.900000000001,"18069":1335637.2000000002,"73909":612198.9,"73910":559693.4}
[2025-10-24T08:11:57.274Z] [DATA] [เชียงใหม่] Meter data updated: {"8684":14287.6,"8686":7896.6,"8687":6023.3,"18069":1335637.2000000002,"73909":612198.9,"73910":559693.4}
[2025-10-24T08:12:03.306Z] [DATA] [เชียงใหม่] Meter data updated: {"8684":14291.800000000001,"8686":7896.6,"8687":6023.3,"18069":1335637.3,"73909":612198.9,"73910":559693.4}
[2025-10-24T08:12:06.341Z] [DATA] [เชียงใหม่] Meter data updated: {"8684":14291.800000000001,"8686":7897.8,"8687":6023,"18069":1335637.3,"73909":612198.9,"73910":559693.4}
[2025-10-24T08:12:09.343Z] [DATA] [เชียงใหม่] Meter data updated: {"8684":14298.2,"8686":7915.400000000001,"8687":6021.5,"18069":1335637.3,"73909":612198.9,"73910":559693.4}
[2025-10-24T08:12:12.356Z] [DATA] [เชียงใหม่] Meter data updated: {"8684":14319.400000000001,"8686":7929.700000000001,"8687":6021.5,"18069":1335637.3,"73909":612198.9,"73910":559693.4}
[2025-10-24T08:12:15.388Z] [DATA] [เชียงใหม่] Meter data updated: {"8684":14287.5,"8686":7929.700000000001,"8687":6029.700000000001,"18069":1335637.3,"73909":612198.9,"73910":559693.5}
[2025-10-24T08:12:18.402Z] [DATA] [เชียงใหม่] Meter data updated: {"8684":14287.5,"8686":7909.3,"8687":6026.6,"18069":1335637.3,"73909":612198.9,"73910":559693.5}
[2025-10-24T08:12:21.437Z] [DATA] [เชียงใหม่] Meter data updated: {"8684":14297,"8686":7909.3,"8687":6026.6,"18069":1335637.4000000001,"73909":612198.9,"73910":559693.5}
[2025-10-24T08:12:27.458Z] [DATA] [เชียงใหม่] Meter data updated: {"8684":14297,"8686":7893,"8687":6003.6,"18069":1335637.4000000001,"73909":612198.9,"73910":559693.5}
[2025-10-24T08:12:36.514Z] [DATA] [เชียงใหม่] Meter data updated: {"8684":14306.6,"8686":7908,"8687":6059.1,"18069":1335637.4000000001,"73909":612199,"73910":559693.5}
[2025-10-24T08:12:39.541Z] [DATA] [เชียงใหม่] Meter data updated: {"8684":14336,"8686":7908,"8687":6059.1,"18069":1335637.4000000001,"73909":612199,"73910":559693.5}
[2025-10-24T08:12:39.546Z] [INFO] [เชียงใหม่] Data saved to database
[2025-10-24T08:12:42.534Z] [DATA] [เชียงใหม่] Meter data updated: {"8684":14336,"8686":7900.8,"8687":6055,"18069":1335637.4000000001,"73909":612199,"73910":559693.5}
[2025-10-24T08:12:45.573Z] [DATA] [เชียงใหม่] Meter data updated: {"8684":14292.800000000001,"8686":7903.3,"8687":6019.1,"18069":1335637.5,"73909":612199,"73910":559693.5}
[2025-10-24T08:12:48.584Z] [DATA] [เชียงใหม่] Meter data updated: {"8684":14309.7,"8686":7903.3,"8687":6019.1,"18069":1335637.5,"73909":612199,"73910":559693.5}
[2025-10-24T08:12:51.596Z] [DATA] [เชียงใหม่] Meter data updated: {"8684":14309.7,"8686":7916.5,"8687":6024.900000000001,"18069":1335637.5,"73909":612199,"73910":559693.5}
[2025-10-24T08:12:54.640Z] [DATA] [เชียงใหม่] Meter data updated: {"8684":14308.7,"8686":7909.6,"8687":6015,"18069":1335637.5,"73909":612199,"73910":559693.5}
[2025-10-24T08:12:57.628Z] [DATA] [เชียงใหม่] Meter data updated: {"8684":14289.800000000001,"8686":7907.8,"8687":6015,"18069":1335637.5,"73909":612199,"73910":559693.5}
[2025-10-24T08:13:00.638Z] [DATA] [เชียงใหม่] Meter data updated: {"8684":14303.2,"8686":7907.8,"8687":6045.900000000001,"18069":1335637.5,"73909":612199,"73910":559693.5}
[2025-10-24T08:13:03.655Z] [DATA] [เชียงใหม่] Meter data updated: {"8684":14303.2,"8686":7913,"8687":6012.3,"18069":1335637.5,"73909":612199,"73910":559693.5}
[2025-10-24T08:13:06.668Z] [DATA] [เชียงใหม่] Meter data updated: {"8684":14311.400000000001,"8686":7909.900000000001,"8687":6035.8,"18069":1335637.5,"73909":612199,"73910":559693.5}
[2025-10-24T08:13:09.694Z] [DATA] [เชียงใหม่] Meter data updated: {"8684":14325.2,"8686":7909.900000000001,"8687":6035.8,"18069":1335637.6,"73909":612199,"73910":559693.5}
[2025-10-24T08:13:12.689Z] [DATA] [เชียงใหม่] Meter data updated: {"8684":14325.2,"8686":7908.6,"8687":6035.8,"18069":1335637.6,"73909":612199,"73910":559693.5}
[2025-10-24T08:13:18.737Z] [DATA] [เชียงใหม่] Meter data updated: {"8684":14325.2,"8686":7908.6,"8687":6012.200000000001,"18069":1335637.6,"73909":612199,"73910":559693.6}
[2025-10-24T08:13:24.766Z] [DATA] [เชียงใหม่] Meter data updated: {"8684":14323.1,"8686":7907.3,"8687":6012.200000000001,"18069":1335637.6,"73909":612199,"73910":559693.6}
[2025-10-24T08:13:27.781Z] [DATA] [เชียงใหม่] Meter data updated: {"8684":14313.2,"8686":7907.3,"8687":6027.1,"18069":1335637.6,"73909":612199.1,"73910":559693.6}
[2025-10-24T08:13:36.846Z] [DATA] [เชียงใหม่] Meter data updated: {"8684":14313.2,"8686":7893.5,"8687":6040.200000000001,"18069":1335637.6,"73909":612199.1,"73910":559693.6}
[2025-10-24T08:13:36.851Z] [INFO] [เชียงใหม่] Data saved to database
[2025-10-24T08:13:42.912Z] [DATA] [เชียงใหม่] Meter data updated: {"8684":14309.400000000001,"8686":7893.5,"8687":6040.200000000001,"18069":1335637.6,"73909":612199.1,"73910":559693.6}
[2025-10-24T08:13:45.905Z] [DATA] [เชียงใหม่] Meter data updated: {"8684":14309.400000000001,"8686":7904.400000000001,"8687":6014.900000000001,"18069":1335637.7000000002,"73909":612199.1,"73910":559693.6}
[2025-10-24T08:13:48.935Z] [DATA] [เชียงใหม่] Meter data updated: {"8684":14343.2,"8686":7904.400000000001,"8687":6014.900000000001,"18069":1335637.7000000002,"73909":612199.1,"73910":559693.6}
[2025-10-24T08:13:54.990Z] [DATA] [เชียงใหม่] Meter data updated: {"8684":14343.2,"8686":7904.3,"8687":6036.900000000001,"18069":1335637.7000000002,"73909":612199.1,"73910":559693.6}
[2025-10-24T08:14:04.028Z] [DATA] [เชียงใหม่] Meter data updated: {"8684":14333.1,"8686":7907.8,"8687":6048.900000000001,"18069":1335637.8,"73909":612199.2000000001,"73910":559693.6}
[2025-10-24T08:14:07.040Z] [DATA] [เชียงใหม่] Meter data updated: {"8684":14312.2,"8686":7907.8,"8687":6048.900000000001,"18069":1335637.8,"73909":612199.2000000001,"73910":559693.6}
[2025-10-24T08:14:10.054Z] [DATA] [เชียงใหม่] Meter data updated: {"8684":14312.2,"8686":7907.900000000001,"8687":6021.5,"18069":1335637.8,"73909":612199.2000000001,"73910":559693.6}
[2025-10-24T08:14:13.075Z] [DATA] [เชียงใหม่] Meter data updated: {"8684":14290.5,"8686":7921.5,"8687":6029.400000000001,"18069":1335637.8,"73909":612199.2000000001,"73910":559693.7000000001}
[2025-10-24T08:14:16.097Z] [DATA] [เชียงใหม่] Meter data updated: {"8684":14319.2,"8686":7921.5,"8687":6029.400000000001,"18069":1335637.8,"73909":612199.2000000001,"73910":559693.7000000001}
[2025-10-24T08:14:16.098Z] [INFO] [เชียงใหม่] Data saved to database
[2025-10-24T08:14:22.107Z] [DATA] [เชียงใหม่] Meter data updated: {"8684":14319.2,"8686":7908.900000000001,"8687":6029.400000000001,"18069":1335637.8,"73909":612199.2000000001,"73910":559693.7000000001}
[2025-10-24T08:14:25.124Z] [DATA] [เชียงใหม่] Meter data updated: {"8684":14319.2,"8686":7908.900000000001,"8687":6010.1,"18069":1335637.8,"73909":612199.2000000001,"73910":559693.7000000001}
[2025-10-24T08:14:31.204Z] [DATA] [เชียงใหม่] Meter data updated: {"8684":14297.900000000001,"8686":7892.6,"8687":6010.1,"18069":1335637.9000000001,"73909":612199.2000000001,"73910":559693.7000000001}
[2025-10-24T08:14:34.161Z] [DATA] [เชียงใหม่] Meter data updated: {"8684":14297.900000000001,"8686":7892.6,"8687":6026.700000000001,"18069":1335637.9000000001,"73909":612199.2000000001,"73910":559693.7000000001}
[2025-10-24T08:14:37.182Z] [DATA] [เชียงใหม่] Meter data updated: {"8684":14301.800000000001,"8686":7924.6,"8687":6028.200000000001,"18069":1335637.9000000001,"73909":612199.2000000001,"73910":559693.7000000001}
[2025-10-24T08:14:40.214Z] [DATA] [เชียงใหม่] Meter data updated: {"8684":14322.5,"8686":7897.3,"8687":6028.200000000001,"18069":1335637.9000000001,"73909":612199.2000000001,"73910":559693.7000000001}
[2025-10-24T08:14:43.287Z] [DATA] [เชียงใหม่] Meter data updated: {"8684":14309.6,"8686":7897.3,"8687":6022.400000000001,"18069":1335637.9000000001,"73909":612199.2000000001,"73910":559693.7000000001}
[2025-10-24T08:14:46.256Z] [DATA] [เชียงใหม่] Meter data updated: {"8684":14309.6,"8686":7906.900000000001,"8687":6047.400000000001,"18069":1335637.9000000001,"73909":612199.2000000001,"73910":559693.7000000001}
[2025-10-24T08:14:49.283Z] [DATA] [เชียงใหม่] Meter data updated: {"8684":14322.900000000001,"8686":7911.6,"8687":6033,"18069":1335637.9000000001,"73909":612199.3,"73910":559693.7000000001}
[2025-10-24T08:14:52.292Z] [DATA] [เชียงใหม่] Meter data updated: {"8684":14344.300000000001,"8686":7911.6,"8687":6033,"18069":1335638,"73909":612199.3,"73910":559693.7000000001}
[2025-10-24T08:15:01.381Z] [DATA] [เชียงใหม่] Meter data updated: {"8684":14344.300000000001,"8686":7913.6,"8687":6019.6,"18069":1335638,"73909":612199.3,"73910":559693.7000000001}
[2025-10-24T08:15:07.453Z] [DATA] [เชียงใหม่] Meter data updated: {"8684":14365.800000000001,"8686":7913.6,"8687":6019.6,"18069":1335638,"73909":612199.3,"73910":559693.7000000001}
[2025-10-24T08:15:13.455Z] [DATA] [เชียงใหม่] Meter data updated: {"8684":14365.800000000001,"8686":7907.3,"8687":6019.6,"18069":1335638,"73909":612199.3,"73910":559693.7000000001}
[2025-10-24T08:15:13.460Z] [INFO] [เชียงใหม่] Data saved to database
[2025-10-24T08:15:16.567Z] [DATA] [เชียงใหม่] Meter data updated: {"8684":14365.800000000001,"8686":7907.3,"8687":6038.400000000001,"18069":1335638,"73909":612199.3,"73910":559693.8}
[2025-10-24T08:15:22.507Z] [DATA] [เชียงใหม่] Meter data updated: {"8684":14300.2,"8686":7907.3,"8687":6038.400000000001,"18069":1335638.1,"73909":612199.3,"73910":559693.8}
[2025-10-24T08:15:25.579Z] [DATA] [เชียงใหม่] Meter data updated: {"8684":14300.2,"8686":7918.200000000001,"8687":6040.900000000001,"18069":1335638.1,"73909":612199.3,"73910":559693.8}
[2025-10-24T08:15:28.558Z] [DATA] [เชียงใหม่] Meter data updated: {"8684":14294.300000000001,"8686":7909.6,"8687":6032.400000000001,"18069":1335638.1,"73909":612199.3,"73910":559693.8}
[2025-10-24T08:15:31.619Z] [DATA] [เชียงใหม่] Meter data updated: {"8684":14320.5,"8686":7920.700000000001,"8687":6032.400000000001,"18069":1335638.1,"73909":612199.3,"73910":559693.8}
[2025-10-24T08:15:34.608Z] [DATA] [เชียงใหม่] Meter data updated: {"8684":14348.400000000001,"8686":7920.700000000001,"8687":6034.400000000001,"18069":1335638.1,"73909":612199.4,"73910":559693.8}
[2025-10-24T08:15:37.638Z] [DATA] [เชียงใหม่] Meter data updated: {"8684":14348.400000000001,"8686":7920.400000000001,"8687":6034.8,"18069":1335638.1,"73909":612199.4,"73910":559693.8}
[2025-10-24T08:15:40.647Z] [DATA] [เชียงใหม่] Meter data updated: {"8684":14334.7,"8686":7920,"8687":6034.8,"18069":1335638.2000000002,"73909":612199.4,"73910":559693.8}
[2025-10-24T08:15:46.678Z] [DATA] [เชียงใหม่] Meter data updated: {"8684":14334.7,"8686":7920,"8687":6032.900000000001,"18069":1335638.2000000002,"73909":612199.4,"73910":559693.8}
[2025-10-24T08:15:55.761Z] [DATA] [เชียงใหม่] Meter data updated: {"8684":14332.1,"8686":7924.900000000001,"8687":6009.8,"18069":1335638.2000000002,"73909":612199.4,"73910":559693.8}
[2025-10-24T08:15:58.777Z] [DATA] [เชียงใหม่] Meter data updated: {"8684":14305.1,"8686":7924.900000000001,"8687":6009.8,"18069":1335638.2000000002,"73909":612199.4,"73910":559693.8}
[2025-10-24T08:16:01.785Z] [DATA] [เชียงใหม่] Meter data updated: {"8684":14305.1,"8686":7923.1,"8687":6031.6,"18069":1335638.2000000002,"73909":612199.4,"73910":559693.8}
[2025-10-24T08:16:04.803Z] [DATA] [เชียงใหม่] Meter data updated: {"8684":14311.300000000001,"8686":7909.200000000001,"8687":6000.400000000001,"18069":1335638.2000000002,"73909":612199.4,"73910":559693.8}
[2025-10-24T08:16:07.816Z] [DATA] [เชียงใหม่] Meter data updated: {"8684":14309.5,"8686":7909.900000000001,"8687":6004.8,"18069":1335638.3,"73909":612199.4,"73910":559693.8}
[2025-10-24T08:16:10.840Z] [DATA] [เชียงใหม่] Meter data updated: {"8684":14313.300000000001,"8686":7909.900000000001,"8687":6004.8,"18069":1335638.3,"73909":612199.4,"73910":559693.8}
[2025-10-24T08:16:13.912Z] [DATA] [เชียงใหม่] Meter data updated: {"8684":14313.300000000001,"8686":7918.1,"8687":6034,"18069":1335638.3,"73909":612199.4,"73910":559693.9}
[2025-10-24T08:16:16.882Z] [DATA] [เชียงใหม่] Meter data updated: {"8684":14307.400000000001,"8686":7895.400000000001,"8687":6016.200000000001,"18069":1335638.3,"73909":612199.4,"73910":559693.9}
[2025-10-24T08:16:19.896Z] [DATA] [เชียงใหม่] Meter data updated: {"8684":14342.2,"8686":7895.400000000001,"8687":6016.200000000001,"18069":1335638.3,"73909":612199.4,"73910":559693.9}
[2025-10-24T08:16:22.922Z] [DATA] [เชียงใหม่] Meter data updated: {"8684":14342.2,"8686":7908.400000000001,"8687":6040.3,"18069":1335638.3,"73909":612199.5,"73910":559693.9}
[2025-10-24T08:16:25.907Z] [DATA] [เชียงใหม่] Meter data updated: {"8684":14317.300000000001,"8686":7922.5,"8687":6040.3,"18069":1335638.3,"73909":612199.5,"73910":559693.9}
[2025-10-24T08:16:31.975Z] [DATA] [เชียงใหม่] Meter data updated: {"8684":14317.300000000001,"8686":7922.5,"8687":6031.5,"18069":1335638.3,"73909":612199.5,"73910":559693.9}
[2025-10-24T08:16:31.980Z] [INFO] [เชียงใหม่] Data saved to database
[2025-10-24T08:16:38.003Z] [DATA] [เชียงใหม่] Meter data updated: {"8684":14316,"8686":7922.5,"8687":6031.5,"18069":1335638.4000000001,"73909":612199.5,"73910":559693.9}
[2025-10-24T08:16:41.046Z] [DATA] [เชียงใหม่] Meter data updated: {"8684":14316,"8686":7912.900000000001,"8687":6029.900000000001,"18069":1335638.4000000001,"73909":612199.5,"73910":559693.9}
[2025-10-24T08:16:44.121Z] [DATA] [เชียงใหม่] Meter data updated: {"8684":14365.6,"8686":7907,"8687":6007.400000000001,"18069":1335638.4000000001,"73909":612199.5,"73910":559693.9}
[2025-10-24T08:16:44.126Z] [INFO] [เชียงใหม่] Data saved to database
[2025-10-24T08:16:47.043Z] [DATA] [เชียงใหม่] Meter data updated: {"8684":14326.800000000001,"8686":7921.700000000001,"8687":6007.400000000001,"18069":1335638.4000000001,"73909":612199.5,"73910":559693.9}
[2025-10-24T08:16:50.060Z] [DATA] [เชียงใหม่] Meter data updated: {"8684":14326.800000000001,"8686":7921.700000000001,"8687":6036.400000000001,"18069":1335638.4000000001,"73909":612199.5,"73910":559693.9}
[2025-10-24T08:16:53.085Z] [DATA] [เชียงใหม่] Meter data updated: {"8684":14293.900000000001,"8686":7912.6,"8687":6039.700000000001,"18069":1335638.4000000001,"73909":612199.5,"73910":559693.9}
[2025-10-24T08:16:56.137Z] [DATA] [เชียงใหม่] Meter data updated: {"8684":14288.300000000001,"8686":7893.8,"8687":6039.700000000001,"18069":1335638.5,"73909":612199.5,"73910":559693.9}
[2025-10-24T08:16:59.168Z] [DATA] [เชียงใหม่] Meter data updated: {"8684":14305.2,"8686":7893.8,"8687":6034.6,"18069":1335638.5,"73909":612199.5,"73910":559693.9}
[2025-10-24T08:17:02.153Z] [DATA] [เชียงใหม่] Meter data updated: {"8684":14305.2,"8686":7923.8,"8687":6040.200000000001,"18069":1335638.5,"73909":612199.5,"73910":559693.9}
[2025-10-24T08:17:05.176Z] [DATA] [เชียงใหม่] Meter data updated: {"8684":14275.2,"8686":7914.5,"8687":6030.400000000001,"18069":1335638.5,"73909":612199.6,"73910":559693.9}
[2025-10-24T08:17:08.186Z] [DATA] [เชียงใหม่] Meter data updated: {"8684":14301.7,"8686":7914.5,"8687":6030.400000000001,"18069":1335638.5,"73909":612199.6,"73910":559693.9}
[2025-10-24T08:17:08.191Z] [INFO] [เชียงใหม่] Data saved to database
[2025-10-24T08:17:11.216Z] [DATA] [เชียงใหม่] Meter data updated: {"8684":14301.7,"8686":7913.6,"8687":6042.1,"18069":1335638.5,"73909":612199.6,"73910":559693.9}
[2025-10-24T08:17:14.233Z] [DATA] [เชียงใหม่] Meter data updated: {"8684":14288.300000000001,"8686":7913.6,"8687":6042.1,"18069":1335638.5,"73909":612199.6,"73910":559693.9}
[2025-10-24T08:17:20.261Z] [DATA] [เชียงใหม่] Meter data updated: {"8684":14288.300000000001,"8686":7901,"8687":6055.900000000001,"18069":1335638.5,"73909":612199.6,"73910":559694}
[2025-10-24T08:17:29.307Z] [DATA] [เชียงใหม่] Meter data updated: {"8684":14295,"8686":7898.1,"8687":6027.900000000001,"18069":1335638.6,"73909":612199.6,"73910":559694}
[2025-10-24T08:17:32.321Z] [DATA] [เชียงใหม่] Meter data updated: {"8684":14301.900000000001,"8686":7908.900000000001,"8687":6027.900000000001,"18069":1335638.6,"73909":612199.6,"73910":559694}
[2025-10-24T08:17:35.366Z] [DATA] [เชียงใหม่] Meter data updated: {"8684":14337.300000000001,"8686":7908.900000000001,"8687":6026.400000000001,"18069":1335638.6,"73909":612199.6,"73910":559694}
[2025-10-24T08:17:38.400Z] [DATA] [เชียงใหม่] Meter data updated: {"8684":14337.300000000001,"8686":7901.8,"8687":6052.5,"18069":1335638.6,"73909":612199.6,"73910":559694}
[2025-10-24T08:17:41.405Z] [DATA] [เชียงใหม่] Meter data updated: {"8684":14338.300000000001,"8686":7912.700000000001,"8687":6040.3,"18069":1335638.6,"73909":612199.6,"73910":559694}
[2025-10-24T08:17:44.403Z] [DATA] [เชียงใหม่] Meter data updated: {"8684":14301.800000000001,"8686":7912.700000000001,"8687":6040.3,"18069":1335638.7000000002,"73909":612199.6,"73910":559694}
[2025-10-24T08:17:47.446Z] [DATA] [เชียงใหม่] Meter data updated: {"8684":14301.800000000001,"8686":7919.700000000001,"8687":6017.900000000001,"18069":1335638.7000000002,"73909":612199.6,"73910":559694}
[2025-10-24T08:17:50.469Z] [DATA] [เชียงใหม่] Meter data updated: {"8684":14316.6,"8686":7912.200000000001,"8687":6010.3,"18069":1335638.7000000002,"73909":612199.7000000001,"73910":559694}
[2025-10-24T08:17:53.486Z] [DATA] [เชียงใหม่] Meter data updated: {"8684":14306.2,"8686":7907.200000000001,"8687":6010.3,"18069":1335638.7000000002,"73909":612199.7000000001,"73910":559694}
[2025-10-24T08:17:56.501Z] [DATA] [เชียงใหม่] Meter data updated: {"8684":14306.2,"8686":7907.200000000001,"8687":6018.3,"18069":1335638.7000000002,"73909":612199.7000000001,"73910":559694}
[2025-10-24T08:17:59.512Z] [DATA] [เชียงใหม่] Meter data updated: {"8684":14308.300000000001,"8686":7909.700000000001,"8687":6022.6,"18069":1335638.7000000002,"73909":612199.7000000001,"73910":559694}
[2025-10-24T08:18:02.558Z] [DATA] [เชียงใหม่] Meter data updated: {"8684":14336.2,"8686":7915.700000000001,"8687":6022.6,"18069":1335638.7000000002,"73909":612199.7000000001,"73910":559694}
[2025-10-24T08:18:05.545Z] [DATA] [เชียงใหม่] Meter data updated: {"8684":14306.800000000001,"8686":7915.700000000001,"8687":6047,"18069":1335638.7000000002,"73909":612199.7000000001,"73910":559694}
[2025-10-24T08:18:08.599Z] [DATA] [เชียงใหม่] Meter data updated: {"8684":14306.800000000001,"8686":7912,"8687":6053.6,"18069":1335638.7000000002,"73909":612199.7000000001,"73910":559694}
[2025-10-24T08:18:11.592Z] [DATA] [เชียงใหม่] Meter data updated: {"8684":14314.7,"8686":7919.8,"8687":6006.3,"18069":1335638.8,"73909":612199.7000000001,"73910":559694}
[2025-10-24T08:18:14.630Z] [DATA] [เชียงใหม่] Meter data updated: {"8684":14310.400000000001,"8686":7919.8,"8687":6006.3,"18069":1335638.8,"73909":612199.7000000001,"73910":559694.1}
[2025-10-24T08:18:15.504Z] [INFO] Received SIGINT, shutting down...
[2025-10-24T08:18:15.505Z] [INFO] [เชียงใหม่] Disconnecting WebSocket...
[2025-10-24T08:18:15.507Z] [INFO] Received SIGTERM, shutting down...
[2025-10-24T08:18:15.524Z] [INFO] [เชียงใหม่] WebSocket connection closed
[2025-10-24T08:18:15.524Z] [INFO] [เชียงใหม่] Attempting to reconnect (1/10)...
