[2025-10-22T04:46:04.838Z] [INFO] === Starting Chiang Mai WebSocket Client ===
[2025-10-22T04:46:04.839Z] [INFO] [เชียงใหม่] Initializing database connection...
[2025-10-22T04:46:04.844Z] [INFO] [เชียงใหม่] Database station initialized: cmh1htzuq0000663wkea8qjx6
[2025-10-22T04:46:04.879Z] [INFO] [เชียงใหม่] เชื่อมต่อกับ WebSocket สำเร็จ
[2025-10-22T04:46:04.879Z] [INFO] [เชียงใหม่] ส่งข้อมูลชุด ID 0 (Sending data ID 0)
[2025-10-22T04:46:05.882Z] [DEBUG] [เชียงใหม่] Data sent: ID 0
[2025-10-22T04:46:21.333Z] [INFO] [เชียงใหม่] USID received: b819fcf8-0807-4236-b6ce-c3f5d584c9fa
[2025-10-22T04:46:21.334Z] [INFO] [เชียงใหม่] ส่งข้อมูลชุด ID 1 (Sending data ID 1)
[2025-10-22T04:46:22.336Z] [DEBUG] [เชียงใหม่] Data sent: ID 1
[2025-10-22T04:46:22.369Z] [INFO] [เชียงใหม่] ID 1 result: true
[2025-10-22T04:46:22.369Z] [INFO] [เชียงใหม่] ส่งข้อมูลชุด ID 2 (Sending data ID 2)
[2025-10-22T04:46:23.372Z] [DEBUG] [เชียงใหม่] Data sent: ID 2
[2025-10-22T04:46:23.403Z] [INFO] [เชียงใหม่] ID 2 result: true
[2025-10-22T04:46:23.404Z] [INFO] [เชียงใหม่] ส่งข้อมูลชุด ID 3 (Sending data ID 3)
[2025-10-22T04:46:24.405Z] [DEBUG] [เชียงใหม่] Data sent: ID 3
[2025-10-22T04:46:24.551Z] [INFO] [เชียงใหม่] ID 3 cached: true
[2025-10-22T04:46:24.552Z] [INFO] [เชียงใหม่] ส่งข้อมูลชุด ID 4 (Sending data ID 4)
[2025-10-22T04:46:25.553Z] [DEBUG] [เชียงใหม่] Data sent: ID 4
[2025-10-22T04:46:25.580Z] [INFO] [เชียงใหม่] ID 4 cached: true
[2025-10-22T04:46:25.580Z] [INFO] [เชียงใหม่] ส่งข้อมูลชุด ID 5 (Sending data ID 5)
[2025-10-22T04:46:26.582Z] [DEBUG] [เชียงใหม่] Data sent: ID 5
[2025-10-22T04:46:26.757Z] [INFO] [เชียงใหม่] ID 5 cached: true
[2025-10-22T04:46:26.758Z] [INFO] [เชียงใหม่] ส่งข้อมูลชุด ID 6 (Sending data ID 6)
[2025-10-22T04:46:27.760Z] [DEBUG] [เชียงใหม่] Data sent: ID 6
[2025-10-22T04:46:27.831Z] [INFO] [เชียงใหม่] ID 6 cached: true
[2025-10-22T04:46:27.831Z] [INFO] [เชียงใหม่] ส่งข้อมูลชุด ID 7 (Sending data ID 7)
[2025-10-22T04:46:28.833Z] [DEBUG] [เชียงใหม่] Data sent: ID 7
[2025-10-22T04:46:28.861Z] [INFO] [เชียงใหม่] ID 7 result: true
[2025-10-22T04:46:28.862Z] [INFO] [เชียงใหม่] Listening for notifications...
[2025-10-22T04:46:28.863Z] [INFO] Session established successfully
[2025-10-22T04:46:29.053Z] [DATA] [เชียงใหม่] Meter data updated: {"8684":14349.400000000001,"8685":0,"8686":null,"8687":6029,"8688":null,"8689":null,"18069":1334900.7000000002,"18070":3498.3,"73909":null,"73910":559383.6,"75428":null,"75429":null}
[2025-10-22T04:46:31.914Z] [DATA] [เชียงใหม่] Meter data updated: {"8684":14345.400000000001,"8685":0,"8686":null,"8687":6033.700000000001,"8688":null,"8689":null,"18069":1334900.7000000002,"18070":3498.3,"73909":null,"73910":559383.6,"75428":null,"75429":null}
[2025-10-22T04:46:34.948Z] [DATA] [เชียงใหม่] Meter data updated: {"8684":14321,"8685":0,"8686":null,"8687":6033.700000000001,"8688":null,"8689":null,"18069":1334900.7000000002,"18070":3498.3,"73909":null,"73910":559383.6,"75428":null,"75429":null}
[2025-10-22T04:46:37.964Z] [DATA] [เชียงใหม่] Meter data updated: {"8684":14302.1,"8685":0,"8686":null,"8687":6037.900000000001,"8688":null,"8689":null,"18069":1334900.7000000002,"18070":3498.3,"73909":null,"73910":559383.6,"75428":null,"75429":null}
[2025-10-22T04:46:40.997Z] [DATA] [เชียงใหม่] Meter data updated: {"8684":14302.1,"8685":0,"8686":null,"8687":6027.8,"8688":null,"8689":null,"18069":1334900.7000000002,"18070":3498.3,"73909":null,"73910":559383.6,"75428":null,"75429":null}
[2025-10-22T04:46:43.989Z] [DATA] [เชียงใหม่] Meter data updated: {"8684":14324.5,"8685":0,"8686":null,"8687":6027.8,"8688":null,"8689":null,"18069":1334900.7000000002,"18070":3498.3,"73909":null,"73910":559383.6,"75428":null,"75429":null}
[2025-10-22T04:46:50.036Z] [DATA] [เชียงใหม่] Meter data updated: {"8684":14324.5,"8685":0,"8686":null,"8687":6035.3,"8688":null,"8689":null,"18069":1334900.7000000002,"18070":3498.3,"73909":null,"73910":559383.6,"75428":null,"75429":null}
[2025-10-22T04:46:59.076Z] [DATA] [เชียงใหม่] Meter data updated: {"8684":14326.6,"8685":0,"8686":null,"8687":6034.400000000001,"8688":null,"8689":null,"18069":1334900.8,"18070":3498.3,"73909":null,"73910":559383.6,"75428":null,"75429":null}
[2025-10-22T04:47:02.104Z] [DATA] [เชียงใหม่] Meter data updated: {"8684":14354.400000000001,"8685":0,"8686":null,"8687":6034.400000000001,"8688":null,"8689":null,"18069":1334900.8,"18070":3498.3,"73909":null,"73910":559383.6,"75428":null,"75429":null}
[2025-10-22T04:47:05.119Z] [DATA] [เชียงใหม่] Meter data updated: {"8684":14354.400000000001,"8685":0,"8686":null,"8687":6051.5,"8688":null,"8689":null,"18069":1334900.8,"18070":3498.3,"73909":null,"73910":559383.6,"75428":null,"75429":null}
[2025-10-22T04:47:08.135Z] [DATA] [เชียงใหม่] Meter data updated: {"8684":14322.800000000001,"8685":0,"8686":null,"8687":6061.200000000001,"8688":null,"8689":null,"18069":1334900.8,"18070":3498.3,"73909":null,"73910":559383.7000000001,"75428":null,"75429":null}
[2025-10-22T04:47:11.146Z] [DATA] [เชียงใหม่] Meter data updated: {"8684":14323.800000000001,"8685":0,"8686":null,"8687":6061.200000000001,"8688":null,"8689":null,"18069":1334900.9000000001,"18070":3498.3,"73909":null,"73910":559383.7000000001,"75428":null,"75429":null}
[2025-10-22T04:47:14.179Z] [DATA] [เชียงใหม่] Meter data updated: {"8684":14323.800000000001,"8685":0,"8686":null,"8687":6053.5,"8688":null,"8689":null,"18069":1334900.9000000001,"18070":3498.3,"73909":null,"73910":559383.7000000001,"75428":null,"75429":null}
[2025-10-22T04:47:17.212Z] [DATA] [เชียงใหม่] Meter data updated: {"8684":14312.800000000001,"8685":0,"8686":null,"8687":6063.900000000001,"8688":null,"8689":null,"18069":1334900.9000000001,"18070":3498.3,"73909":null,"73910":559383.7000000001,"75428":null,"75429":null}
[2025-10-22T04:47:20.223Z] [DATA] [เชียงใหม่] Meter data updated: {"8684":14321.800000000001,"8685":0,"8686":null,"8687":6063.900000000001,"8688":null,"8689":null,"18069":1334900.9000000001,"18070":3498.3,"73909":null,"73910":559383.7000000001,"75428":null,"75429":null}
[2025-10-22T04:47:26.273Z] [DATA] [เชียงใหม่] Meter data updated: {"8684":14321.800000000001,"8685":0,"8686":null,"8687":6039.1,"8688":null,"8689":null,"18069":1334900.9000000001,"18070":3498.3,"73909":null,"73910":559383.7000000001,"75428":null,"75429":null}
[2025-10-22T04:47:35.588Z] [DATA] [เชียงใหม่] Meter data updated: {"8684":14300.300000000001,"8685":0,"8686":null,"8687":6047.900000000001,"8688":null,"8689":null,"18069":1334900.9000000001,"18070":3498.3,"73909":null,"73910":559383.7000000001,"75428":null,"75429":null}
[2025-10-22T04:47:38.339Z] [DATA] [เชียงใหม่] Meter data updated: {"8684":14299.7,"8685":0,"8686":null,"8687":6047.900000000001,"8688":null,"8689":null,"18069":1334901,"18070":3498.3,"73909":null,"73910":559383.7000000001,"75428":null,"75429":null}
[2025-10-22T04:47:38.342Z] [INFO] [เชียงใหม่] Data saved to database
[2025-10-22T04:47:47.378Z] [DATA] [เชียงใหม่] Meter data updated: {"8684":14299.7,"8685":0,"8686":null,"8687":6034.5,"8688":null,"8689":null,"18069":1334901,"18070":3498.3,"73909":null,"73910":559383.7000000001,"75428":null,"75429":null}
[2025-10-22T04:47:53.417Z] [DATA] [เชียงใหม่] Meter data updated: {"8684":14316.400000000001,"8685":0,"8686":null,"8687":6034.5,"8688":null,"8689":null,"18069":1334901,"18070":3498.3,"73909":null,"73910":559383.7000000001,"75428":null,"75429":null}
[2025-10-22T04:47:56.449Z] [DATA] [เชียงใหม่] Meter data updated: {"8684":14297.5,"8685":0,"8686":null,"8687":6051.5,"8688":null,"8689":null,"18069":1334901,"18070":3498.3,"73909":null,"73910":559383.7000000001,"75428":null,"75429":null}
[2025-10-22T04:47:59.446Z] [DATA] [เชียงใหม่] Meter data updated: {"8684":14297.5,"8685":0,"8686":null,"8687":6029.8,"8688":null,"8689":null,"18069":1334901,"18070":3498.3,"73909":null,"73910":559383.7000000001,"75428":null,"75429":null}
[2025-10-22T04:48:02.470Z] [DATA] [เชียงใหม่] Meter data updated: {"8684":14297.1,"8685":0,"8686":null,"8687":6054,"8688":null,"8689":null,"18069":1334901.1,"18070":3498.3,"73909":null,"73910":559383.7000000001,"75428":null,"75429":null}
[2025-10-22T04:48:05.504Z] [DATA] [เชียงใหม่] Meter data updated: {"8684":14271.6,"8685":0,"8686":null,"8687":6054,"8688":null,"8689":null,"18069":1334901.1,"18070":3498.3,"73909":null,"73910":559383.7000000001,"75428":null,"75429":null}
[2025-10-22T04:48:08.504Z] [DATA] [เชียงใหม่] Meter data updated: {"8684":14271.6,"8685":0,"8686":null,"8687":6031.1,"8688":null,"8689":null,"18069":1334901.1,"18070":3498.3,"73909":null,"73910":559383.8,"75428":null,"75429":null}
[2025-10-22T04:48:11.515Z] [DATA] [เชียงใหม่] Meter data updated: {"8684":14329.300000000001,"8685":0,"8686":null,"8687":6077.1,"8688":null,"8689":null,"18069":1334901.1,"18070":3498.3,"73909":null,"73910":559383.8,"75428":null,"75429":null}
[2025-10-22T04:48:14.544Z] [DATA] [เชียงใหม่] Meter data updated: {"8684":14276.5,"8685":0,"8686":null,"8687":6077.1,"8688":null,"8689":null,"18069":1334901.1,"18070":3498.3,"73909":null,"73910":559383.8,"75428":null,"75429":null}
[2025-10-22T04:48:17.578Z] [DATA] [เชียงใหม่] Meter data updated: {"8684":14276.5,"8685":0,"8686":null,"8687":6036.900000000001,"8688":null,"8689":null,"18069":1334901.1,"18070":3498.3,"73909":null,"73910":559383.8,"75428":null,"75429":null}
[2025-10-22T04:48:20.592Z] [DATA] [เชียงใหม่] Meter data updated: {"8684":14300.1,"8685":0,"8686":null,"8687":6051.6,"8688":null,"8689":null,"18069":1334901.1,"18070":3498.3,"73909":null,"73910":559383.8,"75428":null,"75429":null}
[2025-10-22T04:48:23.621Z] [DATA] [เชียงใหม่] Meter data updated: {"8684":14322.800000000001,"8685":0,"8686":null,"8687":6051.6,"8688":null,"8689":null,"18069":1334901.1,"18070":3498.3,"73909":null,"73910":559383.8,"75428":null,"75429":null}
[2025-10-22T04:48:26.736Z] [DATA] [เชียงใหม่] Meter data updated: {"8684":14271.400000000001,"8685":0,"8686":null,"8687":6053.400000000001,"8688":null,"8689":null,"18069":1334901.1,"18070":3498.3,"73909":null,"73910":559383.8,"75428":null,"75429":null}
[2025-10-22T04:48:29.672Z] [DATA] [เชียงใหม่] Meter data updated: {"8684":14271.400000000001,"8685":0,"8686":null,"8687":6029.400000000001,"8688":null,"8689":null,"18069":1334901.2000000002,"18070":3498.3,"73909":null,"73910":559383.8,"75428":null,"75429":null}
[2025-10-22T04:48:32.704Z] [DATA] [เชียงใหม่] Meter data updated: {"8684":14288.800000000001,"8685":0,"8686":null,"8687":6029.400000000001,"8688":null,"8689":null,"18069":1334901.2000000002,"18070":3498.3,"73909":null,"73910":559383.8,"75428":null,"75429":null}
[2025-10-22T04:48:44.775Z] [DATA] [เชียงใหม่] Meter data updated: {"8684":14288.800000000001,"8685":0,"8686":null,"8687":6031.200000000001,"8688":null,"8689":null,"18069":1334901.2000000002,"18070":3498.3,"73909":null,"73910":559383.8,"75428":null,"75429":null}
[2025-10-22T04:48:53.810Z] [DATA] [เชียงใหม่] Meter data updated: {"8684":14296,"8685":0,"8686":null,"8687":6046.400000000001,"8688":null,"8689":null,"18069":1334901.3,"18070":3498.3,"73909":null,"73910":559383.8,"75428":null,"75429":null}
[2025-10-22T04:48:56.837Z] [DATA] [เชียงใหม่] Meter data updated: {"8684":14277.1,"8685":0,"8686":null,"8687":6046.400000000001,"8688":null,"8689":null,"18069":1334901.3,"18070":3498.3,"73909":null,"73910":559383.8,"75428":null,"75429":null}
[2025-10-22T04:48:59.830Z] [DATA] [เชียงใหม่] Meter data updated: {"8684":14305,"8685":0,"8686":null,"8687":6065,"8688":null,"8689":null,"18069":1334901.3,"18070":3498.3,"73909":null,"73910":559383.8,"75428":null,"75429":null}
[2025-10-22T04:49:02.860Z] [DATA] [เชียงใหม่] Meter data updated: {"8684":14305,"8685":0,"8686":null,"8687":6064.400000000001,"8688":null,"8689":null,"18069":1334901.3,"18070":3498.3,"73909":null,"73910":559383.8,"75428":null,"75429":null}
[2025-10-22T04:49:05.854Z] [DATA] [เชียงใหม่] Meter data updated: {"8684":14274.2,"8685":0,"8686":null,"8687":6064.400000000001,"8688":null,"8689":null,"18069":1334901.3,"18070":3498.3,"73909":null,"73910":559383.8,"75428":null,"75429":null}
[2025-10-22T04:49:11.891Z] [DATA] [เชียงใหม่] Meter data updated: {"8684":14274.2,"8685":0,"8686":null,"8687":6036.8,"8688":null,"8689":null,"18069":1334901.3,"18070":3498.3,"73909":null,"73910":559383.9,"75428":null,"75429":null}
[2025-10-22T04:49:20.966Z] [DATA] [เชียงใหม่] Meter data updated: {"8684":14268.5,"8685":0,"8686":null,"8687":6048.700000000001,"8688":null,"8689":null,"18069":1334901.4000000001,"18070":3498.3,"73909":null,"73910":559383.9,"75428":null,"75429":null}
[2025-10-22T04:49:23.957Z] [DATA] [เชียงใหม่] Meter data updated: {"8684":14280,"8685":0,"8686":null,"8687":6048.700000000001,"8688":null,"8689":null,"18069":1334901.4000000001,"18070":3498.3,"73909":null,"73910":559383.9,"75428":null,"75429":null}
[2025-10-22T04:49:26.966Z] [DATA] [เชียงใหม่] Meter data updated: {"8684":14280,"8685":0,"8686":null,"8687":6069,"8688":null,"8689":null,"18069":1334901.4000000001,"18070":3498.3,"73909":null,"73910":559383.9,"75428":null,"75429":null}
[2025-10-22T04:49:29.991Z] [DATA] [เชียงใหม่] Meter data updated: {"8684":14281.400000000001,"8685":0,"8686":null,"8687":6070.900000000001,"8688":null,"8689":null,"18069":1334901.4000000001,"18070":3498.3,"73909":null,"73910":559383.9,"75428":null,"75429":null}
[2025-10-22T04:49:33.025Z] [DATA] [เชียงใหม่] Meter data updated: {"8684":14311.300000000001,"8685":0,"8686":null,"8687":6070.900000000001,"8688":null,"8689":null,"18069":1334901.4000000001,"18070":3498.3,"73909":null,"73910":559383.9,"75428":null,"75429":null}
[2025-10-22T04:49:39.078Z] [DATA] [เชียงใหม่] Meter data updated: {"8684":14311.300000000001,"8685":0,"8686":null,"8687":6069.200000000001,"8688":null,"8689":null,"18069":1334901.4000000001,"18070":3498.3,"73909":null,"73910":559383.9,"75428":null,"75429":null}
[2025-10-22T04:49:48.169Z] [DATA] [เชียงใหม่] Meter data updated: {"8684":14343.800000000001,"8685":0,"8686":null,"8687":6069.200000000001,"8688":null,"8689":null,"18069":1334901.5,"18070":3498.3,"73909":null,"73910":559383.9,"75428":null,"75429":null}
[2025-10-22T04:49:51.200Z] [DATA] [เชียงใหม่] Meter data updated: {"8684":14300.900000000001,"8685":0,"8686":null,"8687":6020.6,"8688":null,"8689":null,"18069":1334901.5,"18070":3498.3,"73909":null,"73910":559383.9,"75428":null,"75429":null}
[2025-10-22T04:49:54.224Z] [DATA] [เชียงใหม่] Meter data updated: {"8684":14300.900000000001,"8685":0,"8686":null,"8687":6035.8,"8688":null,"8689":null,"18069":1334901.5,"18070":3498.3,"73909":null,"73910":559383.9,"75428":null,"75429":null}
[2025-10-22T04:49:57.232Z] [DATA] [เชียงใหม่] Meter data updated: {"8684":14302.1,"8685":0,"8686":null,"8687":6012.200000000001,"8688":null,"8689":null,"18069":1334901.5,"18070":3498.3,"73909":null,"73910":559383.9,"75428":null,"75429":null}
[2025-10-22T04:50:00.246Z] [DATA] [เชียงใหม่] Meter data updated: {"8684":14322.800000000001,"8685":0,"8686":null,"8687":6012.200000000001,"8688":null,"8689":null,"18069":1334901.5,"18070":3498.3,"73909":null,"73910":559383.9,"75428":null,"75429":null}
[2025-10-22T04:50:09.311Z] [DATA] [เชียงใหม่] Meter data updated: {"8684":14322.800000000001,"8685":0,"8686":null,"8687":6059.700000000001,"8688":null,"8689":null,"18069":1334901.5,"18070":3498.3,"73909":null,"73910":559384,"75428":null,"75429":null}
[2025-10-22T04:50:15.346Z] [DATA] [เชียงใหม่] Meter data updated: {"8684":14347.400000000001,"8685":0,"8686":null,"8687":6059.700000000001,"8688":null,"8689":null,"18069":1334901.6,"18070":3498.3,"73909":null,"73910":559384,"75428":null,"75429":null}
[2025-10-22T04:50:24.424Z] [DATA] [เชียงใหม่] Meter data updated: {"8684":14347.400000000001,"8685":0,"8686":null,"8687":6033.5,"8688":null,"8689":null,"18069":1334901.6,"18070":3498.3,"73909":null,"73910":559384,"75428":null,"75429":null}
[2025-10-22T04:50:30.461Z] [DATA] [เชียงใหม่] Meter data updated: {"8684":14332.1,"8685":0,"8686":null,"8687":6033.5,"8688":null,"8689":null,"18069":1334901.6,"18070":3498.3,"73909":null,"73910":559384,"75428":null,"75429":null}
[2025-10-22T04:50:33.477Z] [DATA] [เชียงใหม่] Meter data updated: {"8684":14332.1,"8685":0,"8686":null,"8687":6019,"8688":null,"8689":null,"18069":1334901.6,"18070":3498.3,"73909":null,"73910":559384,"75428":null,"75429":null}
[2025-10-22T04:50:36.512Z] [DATA] [เชียงใหม่] Meter data updated: {"8684":14328.2,"8685":0,"8686":null,"8687":6053.900000000001,"8688":null,"8689":null,"18069":1334901.7000000002,"18070":3498.3,"73909":null,"73910":559384,"75428":null,"75429":null}
[2025-10-22T04:50:39.514Z] [DATA] [เชียงใหม่] Meter data updated: {"8684":14296.6,"8685":0,"8686":null,"8687":6053.900000000001,"8688":null,"8689":null,"18069":1334901.7000000002,"18070":3498.3,"73909":null,"73910":559384,"75428":null,"75429":null}
[2025-10-22T04:50:42.552Z] [DATA] [เชียงใหม่] Meter data updated: {"8684":14304.400000000001,"8685":0,"8686":null,"8687":6056.6,"8688":null,"8689":null,"18069":1334901.7000000002,"18070":3498.3,"73909":null,"73910":559384,"75428":null,"75429":null}
[2025-10-22T04:50:45.614Z] [DATA] [เชียงใหม่] Meter data updated: {"8684":14304.400000000001,"8685":0,"8686":null,"8687":6078.200000000001,"8688":null,"8689":null,"18069":1334901.7000000002,"18070":3498.3,"73909":null,"73910":559384,"75428":null,"75429":null}
[2025-10-22T04:50:48.574Z] [DATA] [เชียงใหม่] Meter data updated: {"8684":14260.1,"8685":0,"8686":null,"8687":6071.700000000001,"8688":null,"8689":null,"18069":1334901.7000000002,"18070":3498.3,"73909":null,"73910":559384,"75428":null,"75429":null}
[2025-10-22T04:50:51.609Z] [DATA] [เชียงใหม่] Meter data updated: {"8684":14300.2,"8685":0,"8686":null,"8687":6071.700000000001,"8688":null,"8689":null,"18069":1334901.7000000002,"18070":3498.3,"73909":null,"73910":559384,"75428":null,"75429":null}
[2025-10-22T04:50:54.626Z] [DATA] [เชียงใหม่] Meter data updated: {"8684":14300.2,"8685":0,"8686":null,"8687":6020.8,"8688":null,"8689":null,"18069":1334901.7000000002,"18070":3498.3,"73909":null,"73910":559384,"75428":null,"75429":null}
[2025-10-22T04:50:57.645Z] [DATA] [เชียงใหม่] Meter data updated: {"8684":14293.300000000001,"8685":0,"8686":null,"8687":6061.200000000001,"8688":null,"8689":null,"18069":1334901.7000000002,"18070":3498.3,"73909":null,"73910":559384,"75428":null,"75429":null}
[2025-10-22T04:51:00.667Z] [DATA] [เชียงใหม่] Meter data updated: {"8684":14311.300000000001,"8685":0,"8686":null,"8687":6061.200000000001,"8688":null,"8689":null,"18069":1334901.8,"18070":3498.3,"73909":null,"73910":559384,"75428":null,"75429":null}
[2025-10-22T04:51:03.708Z] [DATA] [เชียงใหม่] Meter data updated: {"8684":14311.300000000001,"8685":0,"8686":null,"8687":6063.700000000001,"8688":null,"8689":null,"18069":1334901.8,"18070":3498.3,"73909":null,"73910":559384,"75428":null,"75429":null}
[2025-10-22T04:51:06.729Z] [DATA] [เชียงใหม่] Meter data updated: {"8684":14312.900000000001,"8685":0,"8686":null,"8687":6054.400000000001,"8688":null,"8689":null,"18069":1334901.8,"18070":3498.3,"73909":null,"73910":559384.1,"75428":null,"75429":null}
[2025-10-22T04:51:09.736Z] [DATA] [เชียงใหม่] Meter data updated: {"8684":14281.800000000001,"8685":0,"8686":null,"8687":6054.400000000001,"8688":null,"8689":null,"18069":1334901.8,"18070":3498.3,"73909":null,"73910":559384.1,"75428":null,"75429":null}
[2025-10-22T04:51:12.826Z] [DATA] [เชียงใหม่] Meter data updated: {"8684":14333.6,"8685":0,"8686":null,"8687":6065.5,"8688":null,"8689":null,"18069":1334901.8,"18070":3498.3,"73909":null,"73910":559384.1,"75428":null,"75429":null}
[2025-10-22T04:51:15.798Z] [DATA] [เชียงใหม่] Meter data updated: {"8684":14333.6,"8685":0,"8686":null,"8687":6047.900000000001,"8688":null,"8689":null,"18069":1334901.8,"18070":3498.3,"73909":null,"73910":559384.1,"75428":null,"75429":null}
[2025-10-22T04:51:18.825Z] [DATA] [เชียงใหม่] Meter data updated: {"8684":14294.400000000001,"8685":0,"8686":null,"8687":6047.6,"8688":null,"8689":null,"18069":1334901.8,"18070":3498.3,"73909":null,"73910":559384.1,"75428":null,"75429":null}
[2025-10-22T04:51:21.831Z] [DATA] [เชียงใหม่] Meter data updated: {"8684":14338,"8685":0,"8686":null,"8687":6047.6,"8688":null,"8689":null,"18069":1334901.9000000001,"18070":3498.3,"73909":null,"73910":559384.1,"75428":null,"75429":null}
[2025-10-22T04:51:24.842Z] [DATA] [เชียงใหม่] Meter data updated: {"8684":14338,"8685":0,"8686":null,"8687":6037.400000000001,"8688":null,"8689":null,"18069":1334901.9000000001,"18070":3498.3,"73909":null,"73910":559384.1,"75428":null,"75429":null}
[2025-10-22T04:51:27.916Z] [DATA] [เชียงใหม่] Meter data updated: {"8684":14315.2,"8685":0,"8686":null,"8687":6027.400000000001,"8688":null,"8689":null,"18069":1334901.9000000001,"18070":3498.3,"73909":null,"73910":559384.1,"75428":null,"75429":null}
[2025-10-22T04:51:30.871Z] [DATA] [เชียงใหม่] Meter data updated: {"8684":14335.300000000001,"8685":0,"8686":null,"8687":6027.400000000001,"8688":null,"8689":null,"18069":1334901.9000000001,"18070":3498.3,"73909":null,"73910":559384.1,"75428":null,"75429":null}
[2025-10-22T04:51:33.911Z] [DATA] [เชียงใหม่] Meter data updated: {"8684":14335.300000000001,"8685":0,"8686":null,"8687":6011.200000000001,"8688":null,"8689":null,"18069":1334901.9000000001,"18070":3498.3,"73909":null,"73910":559384.1,"75428":null,"75429":null}
[2025-10-22T04:51:36.926Z] [DATA] [เชียงใหม่] Meter data updated: {"8684":14326.7,"8685":0,"8686":null,"8687":6021.900000000001,"8688":null,"8689":null,"18069":1334901.9000000001,"18070":3498.3,"73909":null,"73910":559384.1,"75428":null,"75429":null}
[2025-10-22T04:51:40.158Z] [DATA] [เชียงใหม่] Meter data updated: {"8684":14299.400000000001,"8685":0,"8686":null,"8687":6021.900000000001,"8688":null,"8689":null,"18069":1334901.9000000001,"18070":3498.3,"73909":null,"73910":559384.1,"75428":null,"75429":null}
[2025-10-22T04:51:42.970Z] [DATA] [เชียงใหม่] Meter data updated: {"8684":14366.5,"8685":0,"8686":null,"8687":6031.8,"8688":null,"8689":null,"18069":1334901.9000000001,"18070":3498.3,"73909":null,"73910":559384.1,"75428":null,"75429":null}
[2025-10-22T04:51:45.987Z] [DATA] [เชียงใหม่] Meter data updated: {"8684":14366.5,"8685":0,"8686":null,"8687":6020.8,"8688":null,"8689":null,"18069":1334901.9000000001,"18070":3498.3,"73909":null,"73910":559384.1,"75428":null,"75429":null}
[2025-10-22T04:51:49.012Z] [DATA] [เชียงใหม่] Meter data updated: {"8684":14327.1,"8685":0,"8686":null,"8687":6033,"8688":null,"8689":null,"18069":1334902,"18070":3498.3,"73909":null,"73910":559384.1,"75428":null,"75429":null}
[2025-10-22T04:51:52.048Z] [DATA] [เชียงใหม่] Meter data updated: {"8684":14338.7,"8685":0,"8686":null,"8687":6033,"8688":null,"8689":null,"18069":1334902,"18070":3498.3,"73909":null,"73910":559384.1,"75428":null,"75429":null}
[2025-10-22T04:51:55.063Z] [DATA] [เชียงใหม่] Meter data updated: {"8684":14338.7,"8685":0,"8686":null,"8687":6031.8,"8688":null,"8689":null,"18069":1334902,"18070":3498.3,"73909":null,"73910":559384.1,"75428":null,"75429":null}
[2025-10-22T04:51:58.098Z] [DATA] [เชียงใหม่] Meter data updated: {"8684":14354.300000000001,"8685":0,"8686":null,"8687":6033.400000000001,"8688":null,"8689":null,"18069":1334902,"18070":3498.3,"73909":null,"73910":559384.1,"75428":null,"75429":null}
[2025-10-22T04:52:01.114Z] [DATA] [เชียงใหม่] Meter data updated: {"8684":14371.6,"8685":0,"8686":null,"8687":6033.400000000001,"8688":null,"8689":null,"18069":1334902,"18070":3498.3,"73909":null,"73910":559384.1,"75428":null,"75429":null}
[2025-10-22T04:52:04.161Z] [DATA] [เชียงใหม่] Meter data updated: {"8684":14347.6,"8685":0,"8686":null,"8687":6029.6,"8688":null,"8689":null,"18069":1334902,"18070":3498.3,"73909":null,"73910":559384.1,"75428":null,"75429":null}
[2025-10-22T04:52:07.154Z] [DATA] [เชียงใหม่] Meter data updated: {"8684":14347.6,"8685":0,"8686":null,"8687":6060.6,"8688":null,"8689":null,"18069":1334902,"18070":3498.3,"73909":null,"73910":559384.2000000001,"75428":null,"75429":null}
[2025-10-22T04:52:10.297Z] [DATA] [เชียงใหม่] Meter data updated: {"8684":14372.5,"8685":0,"8686":null,"8687":6060.6,"8688":null,"8689":null,"18069":1334902,"18070":3498.3,"73909":null,"73910":559384.2000000001,"75428":null,"75429":null}
[2025-10-22T04:52:13.196Z] [DATA] [เชียงใหม่] Meter data updated: {"8684":14348.6,"8685":0,"8686":null,"8687":6046.5,"8688":null,"8689":null,"18069":1334902,"18070":3498.3,"73909":null,"73910":559384.2000000001,"75428":null,"75429":null}
[2025-10-22T04:52:16.243Z] [DATA] [เชียงใหม่] Meter data updated: {"8684":14348.6,"8685":0,"8686":null,"8687":6065.6,"8688":null,"8689":null,"18069":1334902.1,"18070":3498.3,"73909":null,"73910":559384.2000000001,"75428":null,"75429":null}
[2025-10-22T04:52:19.239Z] [DATA] [เชียงใหม่] Meter data updated: {"8684":14330.300000000001,"8685":0,"8686":null,"8687":6065.6,"8688":null,"8689":null,"18069":1334902.1,"18070":3498.3,"73909":null,"73910":559384.2000000001,"75428":null,"75429":null}
[2025-10-22T04:52:31.320Z] [DATA] [เชียงใหม่] Meter data updated: {"8684":14330.300000000001,"8685":0,"8686":null,"8687":6055.900000000001,"8688":null,"8689":null,"18069":1334902.1,"18070":3498.3,"73909":null,"73910":559384.2000000001,"75428":null,"75429":null}
[2025-10-22T04:52:40.381Z] [DATA] [เชียงใหม่] Meter data updated: {"8684":14362.400000000001,"8685":0,"8686":null,"8687":6055.900000000001,"8688":null,"8689":null,"18069":1334902.2000000002,"18070":3498.3,"73909":null,"73910":559384.2000000001,"75428":null,"75429":null}
[2025-10-22T04:52:52.478Z] [DATA] [เชียงใหม่] Meter data updated: {"8684":14362.400000000001,"8685":0,"8686":null,"8687":6041.900000000001,"8688":null,"8689":null,"18069":1334902.2000000002,"18070":3498.3,"73909":null,"73910":559384.2000000001,"75428":null,"75429":null}
[2025-10-22T04:52:58.553Z] [DATA] [เชียงใหม่] Meter data updated: {"8684":14352.900000000001,"8685":0,"8686":null,"8687":6041.900000000001,"8688":null,"8689":null,"18069":1334902.2000000002,"18070":3498.3,"73909":null,"73910":559384.2000000001,"75428":null,"75429":null}
[2025-10-22T04:53:01.582Z] [DATA] [เชียงใหม่] Meter data updated: {"8684":14352.900000000001,"8685":0,"8686":null,"8687":6057.700000000001,"8688":null,"8689":null,"18069":1334902.2000000002,"18070":3498.3,"73909":null,"73910":559384.2000000001,"75428":null,"75429":null}
[2025-10-22T04:53:04.605Z] [DATA] [เชียงใหม่] Meter data updated: {"8684":14337.2,"8685":0,"8686":null,"8687":6075.3,"8688":null,"8689":null,"18069":1334902.3,"18070":3498.3,"73909":null,"73910":559384.3,"75428":null,"75429":null}
[2025-10-22T04:53:07.616Z] [DATA] [เชียงใหม่] Meter data updated: {"8684":14329.800000000001,"8685":0,"8686":null,"8687":6075.3,"8688":null,"8689":null,"18069":1334902.3,"18070":3498.3,"73909":null,"73910":559384.3,"75428":null,"75429":null}
[2025-10-22T04:53:10.657Z] [DATA] [เชียงใหม่] Meter data updated: {"8684":14329.800000000001,"8685":0,"8686":null,"8687":6055.3,"8688":null,"8689":null,"18069":1334902.3,"18070":3498.3,"73909":null,"73910":559384.3,"75428":null,"75429":null}
[2025-10-22T04:53:13.899Z] [DATA] [เชียงใหม่] Meter data updated: {"8684":14314.7,"8685":0,"8686":null,"8687":6051.400000000001,"8688":null,"8689":null,"18069":1334902.3,"18070":3498.3,"73909":null,"73910":559384.3,"75428":null,"75429":null}
[2025-10-22T04:53:16.691Z] [DATA] [เชียงใหม่] Meter data updated: {"8684":14301.6,"8685":0,"8686":null,"8687":6051.400000000001,"8688":null,"8689":null,"18069":1334902.3,"18070":3498.3,"73909":null,"73910":559384.3,"75428":null,"75429":null}
[2025-10-22T04:53:22.713Z] [DATA] [เชียงใหม่] Meter data updated: {"8684":14301.6,"8685":0,"8686":null,"8687":6043.400000000001,"8688":null,"8689":null,"18069":1334902.3,"18070":3498.3,"73909":null,"73910":559384.3,"75428":null,"75429":null}
[2025-10-22T04:53:31.773Z] [DATA] [เชียงใหม่] Meter data updated: {"8684":14354.5,"8685":0,"8686":null,"8687":6043.400000000001,"8688":null,"8689":null,"18069":1334902.4000000001,"18070":3498.3,"73909":null,"73910":559384.3,"75428":null,"75429":null}
[2025-10-22T04:53:31.775Z] [INFO] [เชียงใหม่] Data saved to database
[2025-10-22T04:53:34.826Z] [DATA] [เชียงใหม่] Meter data updated: {"8684":14301.6,"8685":0,"8686":null,"8687":6034.900000000001,"8688":null,"8689":null,"18069":1334902.4000000001,"18070":3498.3,"73909":null,"73910":559384.3,"75428":null,"75429":null}
[2025-10-22T04:53:37.828Z] [DATA] [เชียงใหม่] Meter data updated: {"8684":14301.6,"8685":0,"8686":null,"8687":6055.200000000001,"8688":null,"8689":null,"18069":1334902.4000000001,"18070":3498.3,"73909":null,"73910":559384.3,"75428":null,"75429":null}
[2025-10-22T04:53:40.842Z] [DATA] [เชียงใหม่] Meter data updated: {"8684":14347,"8685":0,"8686":null,"8687":6029.200000000001,"8688":null,"8689":null,"18069":1334902.4000000001,"18070":3498.3,"73909":null,"73910":559384.3,"75428":null,"75429":null}
[2025-10-22T04:53:43.858Z] [DATA] [เชียงใหม่] Meter data updated: {"8684":14342.7,"8685":0,"8686":null,"8687":6029.200000000001,"8688":null,"8689":null,"18069":1334902.4000000001,"18070":3498.3,"73909":null,"73910":559384.3,"75428":null,"75429":null}
[2025-10-22T04:53:47.065Z] [DATA] [เชียงใหม่] Meter data updated: {"8684":14342.7,"8685":0,"8686":null,"8687":6074.400000000001,"8688":null,"8689":null,"18069":1334902.4000000001,"18070":3498.3,"73909":null,"73910":559384.3,"75428":null,"75429":null}
[2025-10-22T04:53:49.879Z] [DATA] [เชียงใหม่] Meter data updated: {"8684":14315.900000000001,"8685":0,"8686":null,"8687":6065.700000000001,"8688":null,"8689":null,"18069":1334902.4000000001,"18070":3498.3,"73909":null,"73910":559384.3,"75428":null,"75429":null}
[2025-10-22T04:53:52.890Z] [DATA] [เชียงใหม่] Meter data updated: {"8684":14316.400000000001,"8685":0,"8686":null,"8687":6065.700000000001,"8688":null,"8689":null,"18069":1334902.4000000001,"18070":3498.3,"73909":null,"73910":559384.3,"75428":null,"75429":null}
[2025-10-22T04:53:55.904Z] [DATA] [เชียงใหม่] Meter data updated: {"8684":14316.400000000001,"8685":0,"8686":null,"8687":6065.6,"8688":null,"8689":null,"18069":1334902.4000000001,"18070":3498.3,"73909":null,"73910":559384.3,"75428":null,"75429":null}
[2025-10-22T04:53:58.929Z] [DATA] [เชียงใหม่] Meter data updated: {"8684":14327.6,"8685":0,"8686":null,"8687":6065.3,"8688":null,"8689":null,"18069":1334902.5,"18070":3498.3,"73909":null,"73910":559384.3,"75428":null,"75429":null}
[2025-10-22T04:54:01.955Z] [DATA] [เชียงใหม่] Meter data updated: {"8684":14296.7,"8685":0,"8686":null,"8687":6065.3,"8688":null,"8689":null,"18069":1334902.5,"18070":3498.3,"73909":null,"73910":559384.3,"75428":null,"75429":null}
[2025-10-22T04:54:04.969Z] [DATA] [เชียงใหม่] Meter data updated: {"8684":14337.300000000001,"8685":0,"8686":null,"8687":6062.400000000001,"8688":null,"8689":null,"18069":1334902.5,"18070":3498.3,"73909":null,"73910":559384.3,"75428":null,"75429":null}
[2025-10-22T04:54:08.011Z] [DATA] [เชียงใหม่] Meter data updated: {"8684":14337.300000000001,"8685":0,"8686":null,"8687":6078.3,"8688":null,"8689":null,"18069":1334902.5,"18070":3498.3,"73909":null,"73910":559384.4,"75428":null,"75429":null}
[2025-10-22T04:54:11.014Z] [DATA] [เชียงใหม่] Meter data updated: {"8684":14278.6,"8685":0,"8686":null,"8687":6088.5,"8688":null,"8689":null,"18069":1334902.5,"18070":3498.3,"73909":null,"73910":559384.4,"75428":null,"75429":null}
[2025-10-22T04:54:14.019Z] [DATA] [เชียงใหม่] Meter data updated: {"8684":14335.900000000001,"8685":0,"8686":null,"8687":6088.5,"8688":null,"8689":null,"18069":1334902.5,"18070":3498.3,"73909":null,"73910":559384.4,"75428":null,"75429":null}
[2025-10-22T04:54:17.027Z] [DATA] [เชียงใหม่] Meter data updated: {"8684":14335.900000000001,"8685":0,"8686":null,"8687":6078.200000000001,"8688":null,"8689":null,"18069":1334902.5,"18070":3498.3,"73909":null,"73910":559384.4,"75428":null,"75429":null}
[2025-10-22T04:54:20.036Z] [DATA] [เชียงใหม่] Meter data updated: {"8684":14306.1,"8685":0,"8686":null,"8687":6065.6,"8688":null,"8689":null,"18069":1334902.6,"18070":3498.3,"73909":null,"73910":559384.4,"75428":null,"75429":null}
[2025-10-22T04:54:20.039Z] [INFO] [เชียงใหม่] Data saved to database
[2025-10-22T04:54:23.068Z] [DATA] [เชียงใหม่] Meter data updated: {"8684":14296.5,"8685":0,"8686":null,"8687":6065.6,"8688":null,"8689":null,"18069":1334902.6,"18070":3498.3,"73909":null,"73910":559384.4,"75428":null,"75429":null}
[2025-10-22T04:54:26.090Z] [DATA] [เชียงใหม่] Meter data updated: {"8684":14296.5,"8685":0,"8686":null,"8687":6083.1,"8688":null,"8689":null,"18069":1334902.6,"18070":3498.3,"73909":null,"73910":559384.4,"75428":null,"75429":null}
[2025-10-22T04:54:29.126Z] [DATA] [เชียงใหม่] Meter data updated: {"8684":14351.900000000001,"8685":0,"8686":null,"8687":6055.5,"8688":null,"8689":null,"18069":1334902.6,"18070":3498.3,"73909":null,"73910":559384.4,"75428":null,"75429":null}
[2025-10-22T04:54:32.160Z] [DATA] [เชียงใหม่] Meter data updated: {"8684":14310.2,"8685":0,"8686":null,"8687":6055.5,"8688":null,"8689":null,"18069":1334902.6,"18070":3498.3,"73909":null,"73910":559384.4,"75428":null,"75429":null}
[2025-10-22T04:54:35.176Z] [DATA] [เชียงใหม่] Meter data updated: {"8684":14330.6,"8685":0,"8686":null,"8687":6062.3,"8688":null,"8689":null,"18069":1334902.6,"18070":3498.3,"73909":null,"73910":559384.4,"75428":null,"75429":null}
[2025-10-22T04:54:38.173Z] [DATA] [เชียงใหม่] Meter data updated: {"8684":14330.6,"8685":0,"8686":null,"8687":6042.200000000001,"8688":null,"8689":null,"18069":1334902.6,"18070":3498.3,"73909":null,"73910":559384.4,"75428":null,"75429":null}
[2025-10-22T04:54:41.214Z] [DATA] [เชียงใหม่] Meter data updated: {"8684":14307.400000000001,"8685":0,"8686":null,"8687":6031.6,"8688":null,"8689":null,"18069":1334902.6,"18070":3498.3,"73909":null,"73910":559384.4,"75428":null,"75429":null}
[2025-10-22T04:54:44.257Z] [DATA] [เชียงใหม่] Meter data updated: {"8684":14297.900000000001,"8685":0,"8686":null,"8687":6031.6,"8688":null,"8689":null,"18069":1334902.7000000002,"18070":3498.3,"73909":null,"73910":559384.4,"75428":null,"75429":null}
[2025-10-22T04:54:47.269Z] [DATA] [เชียงใหม่] Meter data updated: {"8684":14297.900000000001,"8685":0,"8686":null,"8687":6027.3,"8688":null,"8689":null,"18069":1334902.7000000002,"18070":3498.3,"73909":null,"73910":559384.4,"75428":null,"75429":null}
[2025-10-22T04:54:50.276Z] [DATA] [เชียงใหม่] Meter data updated: {"8684":14296.300000000001,"8685":0,"8686":null,"8687":6029,"8688":null,"8689":null,"18069":1334902.7000000002,"18070":3498.3,"73909":null,"73910":559384.4,"75428":null,"75429":null}
[2025-10-22T04:54:53.311Z] [DATA] [เชียงใหม่] Meter data updated: {"8684":14331,"8685":0,"8686":null,"8687":6029,"8688":null,"8689":null,"18069":1334902.7000000002,"18070":3498.3,"73909":null,"73910":559384.4,"75428":null,"75429":null}
[2025-10-22T04:54:56.551Z] [DATA] [เชียงใหม่] Meter data updated: {"8684":14304.300000000001,"8685":0,"8686":null,"8687":6036.400000000001,"8688":null,"8689":null,"18069":1334902.7000000002,"18070":3498.3,"73909":null,"73910":559384.4,"75428":null,"75429":null}
[2025-10-22T04:54:59.329Z] [DATA] [เชียงใหม่] Meter data updated: {"8684":14304.300000000001,"8685":0,"8686":null,"8687":6043.3,"8688":null,"8689":null,"18069":1334902.7000000002,"18070":3498.3,"73909":null,"73910":559384.4,"75428":null,"75429":null}
[2025-10-22T04:55:02.362Z] [DATA] [เชียงใหม่] Meter data updated: {"8684":14331.800000000001,"8685":0,"8686":null,"8687":6043.3,"8688":null,"8689":null,"18069":1334902.7000000002,"18070":3498.3,"73909":null,"73910":559384.4,"75428":null,"75429":null}
[2025-10-22T04:55:05.400Z] [DATA] [เชียงใหม่] Meter data updated: {"8684":14310.1,"8685":0,"8686":null,"8687":6035.8,"8688":null,"8689":null,"18069":1334902.7000000002,"18070":3498.3,"73909":null,"73910":559384.5,"75428":null,"75429":null}
[2025-10-22T04:55:08.417Z] [DATA] [เชียงใหม่] Meter data updated: {"8684":14310.1,"8685":0,"8686":null,"8687":6043.6,"8688":null,"8689":null,"18069":1334902.7000000002,"18070":3498.3,"73909":null,"73910":559384.5,"75428":null,"75429":null}
[2025-10-22T04:55:11.480Z] [DATA] [เชียงใหม่] Meter data updated: {"8684":14303.6,"8685":0,"8686":null,"8687":6036.200000000001,"8688":null,"8689":null,"18069":1334902.8,"18070":3498.3,"73909":null,"73910":559384.5,"75428":null,"75429":null}
[2025-10-22T04:55:14.503Z] [DATA] [เชียงใหม่] Meter data updated: {"8684":14293.300000000001,"8685":0,"8686":null,"8687":6036.200000000001,"8688":null,"8689":null,"18069":1334902.8,"18070":3498.3,"73909":null,"73910":559384.5,"75428":null,"75429":null}
[2025-10-22T04:55:17.719Z] [DATA] [เชียงใหม่] Meter data updated: {"8684":14293.300000000001,"8685":0,"8686":null,"8687":6029.6,"8688":null,"8689":null,"18069":1334902.8,"18070":3498.3,"73909":null,"73910":559384.5,"75428":null,"75429":null}
[2025-10-22T04:55:20.553Z] [DATA] [เชียงใหม่] Meter data updated: {"8684":14278,"8685":0,"8686":null,"8687":6028.8,"8688":null,"8689":null,"18069":1334902.8,"18070":3498.3,"73909":null,"73910":559384.5,"75428":null,"75429":null}
[2025-10-22T04:55:23.571Z] [DATA] [เชียงใหม่] Meter data updated: {"8684":14285.900000000001,"8685":0,"8686":null,"8687":6028.8,"8688":null,"8689":null,"18069":1334902.8,"18070":3498.3,"73909":null,"73910":559384.5,"75428":null,"75429":null}
[2025-10-22T04:55:35.613Z] [DATA] [เชียงใหม่] Meter data updated: {"8684":14285.900000000001,"8685":0,"8686":null,"8687":6043.200000000001,"8688":null,"8689":null,"18069":1334902.8,"18070":3498.3,"73909":null,"73910":559384.5,"75428":null,"75429":null}
[2025-10-22T04:55:44.703Z] [DATA] [เชียงใหม่] Meter data updated: {"8684":14300.900000000001,"8685":0,"8686":null,"8687":6022.700000000001,"8688":null,"8689":null,"18069":1334902.9000000001,"18070":3498.3,"73909":null,"73910":559384.5,"75428":null,"75429":null}
[2025-10-22T04:55:47.704Z] [DATA] [เชียงใหม่] Meter data updated: {"8684":14315.1,"8685":0,"8686":null,"8687":6022.700000000001,"8688":null,"8689":null,"18069":1334902.9000000001,"18070":3498.3,"73909":null,"73910":559384.5,"75428":null,"75429":null}
[2025-10-22T04:55:50.722Z] [DATA] [เชียงใหม่] Meter data updated: {"8684":14315.1,"8685":0,"8686":null,"8687":6027.900000000001,"8688":null,"8689":null,"18069":1334902.9000000001,"18070":3498.3,"73909":null,"73910":559384.5,"75428":null,"75429":null}
[2025-10-22T04:55:53.738Z] [DATA] [เชียงใหม่] Meter data updated: {"8684":14327.400000000001,"8685":0,"8686":null,"8687":6052.5,"8688":null,"8689":null,"18069":1334902.9000000001,"18070":3498.3,"73909":null,"73910":559384.5,"75428":null,"75429":null}
[2025-10-22T04:55:56.763Z] [DATA] [เชียงใหม่] Meter data updated: {"8684":14320.5,"8685":0,"8686":null,"8687":6052.5,"8688":null,"8689":null,"18069":1334902.9000000001,"18070":3498.3,"73909":null,"73910":559384.5,"75428":null,"75429":null}
[2025-10-22T04:55:59.754Z] [DATA] [เชียงใหม่] Meter data updated: {"8684":14314.400000000001,"8685":0,"8686":null,"8687":6028.3,"8688":null,"8689":null,"18069":1334902.9000000001,"18070":3498.3,"73909":null,"73910":559384.5,"75428":null,"75429":null}
[2025-10-22T04:56:02.761Z] [DATA] [เชียงใหม่] Meter data updated: {"8684":14314.400000000001,"8685":0,"8686":null,"8687":6032.700000000001,"8688":null,"8689":null,"18069":1334903,"18070":3498.3,"73909":null,"73910":559384.5,"75428":null,"75429":null}
[2025-10-22T04:56:05.773Z] [DATA] [เชียงใหม่] Meter data updated: {"8684":14338.800000000001,"8685":0,"8686":null,"8687":6035.5,"8688":null,"8689":null,"18069":1334903,"18070":3498.3,"73909":null,"73910":559384.5,"75428":null,"75429":null}
[2025-10-22T04:56:08.805Z] [DATA] [เชียงใหม่] Meter data updated: {"8684":14288.900000000001,"8685":0,"8686":null,"8687":6035.5,"8688":null,"8689":null,"18069":1334903,"18070":3498.3,"73909":null,"73910":559384.6,"75428":null,"75429":null}
[2025-10-22T04:56:11.813Z] [DATA] [เชียงใหม่] Meter data updated: {"8684":14288.900000000001,"8685":0,"8686":null,"8687":6048.5,"8688":null,"8689":null,"18069":1334903,"18070":3498.3,"73909":null,"73910":559384.6,"75428":null,"75429":null}
[2025-10-22T04:56:14.819Z] [DATA] [เชียงใหม่] Meter data updated: {"8684":14329.900000000001,"8685":0,"8686":null,"8687":6025.5,"8688":null,"8689":null,"18069":1334903,"18070":3498.3,"73909":null,"73910":559384.6,"75428":null,"75429":null}
[2025-10-22T04:56:17.838Z] [DATA] [เชียงใหม่] Meter data updated: {"8684":14335.5,"8685":0,"8686":null,"8687":6025.5,"8688":null,"8689":null,"18069":1334903,"18070":3498.3,"73909":null,"73910":559384.6,"75428":null,"75429":null}
[2025-10-22T04:56:20.858Z] [DATA] [เชียงใหม่] Meter data updated: {"8684":14335.5,"8685":0,"8686":null,"8687":6031.8,"8688":null,"8689":null,"18069":1334903,"18070":3498.3,"73909":null,"73910":559384.6,"75428":null,"75429":null}
[2025-10-22T04:56:24.013Z] [DATA] [เชียงใหม่] Meter data updated: {"8684":14304.5,"8685":0,"8686":null,"8687":6031.200000000001,"8688":null,"8689":null,"18069":1334903,"18070":3498.3,"73909":null,"73910":559384.6,"75428":null,"75429":null}
[2025-10-22T04:56:26.964Z] [DATA] [เชียงใหม่] Meter data updated: {"8684":14299.300000000001,"8685":0,"8686":null,"8687":6031.200000000001,"8688":null,"8689":null,"18069":1334903.1,"18070":3498.3,"73909":null,"73910":559384.6,"75428":null,"75429":null}
[2025-10-22T04:56:30.003Z] [DATA] [เชียงใหม่] Meter data updated: {"8684":14299.300000000001,"8685":0,"8686":null,"8687":6035.8,"8688":null,"8689":null,"18069":1334903.1,"18070":3498.3,"73909":null,"73910":559384.6,"75428":null,"75429":null}
[2025-10-22T04:56:30.961Z] [INFO] Received SIGINT, shutting down...
[2025-10-22T04:56:30.961Z] [INFO] [เชียงใหม่] Disconnecting WebSocket...
[2025-10-22T04:56:30.962Z] [INFO] Received SIGTERM, shutting down...
[2025-10-22T04:56:30.981Z] [INFO] [เชียงใหม่] WebSocket connection closed
[2025-10-22T04:56:30.981Z] [INFO] [เชียงใหม่] Attempting to reconnect (1/10)...
