[2025-10-24T03:22:12.711Z] [INFO] === Starting Chiang Mai WebSocket Client ===
[2025-10-24T03:22:12.711Z] [INFO] [เชียงใหม่] Initializing database connection...
[2025-10-24T03:22:12.716Z] [INFO] [เชียงใหม่] Database station initialized: cmh1htzuq0000663wkea8qjx6
[2025-10-24T03:22:12.755Z] [INFO] [เชียงใหม่] เชื่อมต่อกับ WebSocket สำเร็จ
[2025-10-24T03:22:12.756Z] [INFO] [เชียงใหม่] Loaded 6 station-specific monitored objects: [8684, 8686, 8687, 18069, 73909, 73910]
[2025-10-24T03:22:12.756Z] [INFO] [เชียงใหม่] Initialized meter data for 6 objects
[2025-10-24T03:22:12.756Z] [INFO] [เชียงใหม่] ส่งข้อมูลชุด ID 0 (Sending data ID 0)
[2025-10-24T03:22:13.758Z] [DEBUG] [เชียงใหม่] Data sent: ID 0
[2025-10-24T03:22:31.228Z] [INFO] [เชียงใหม่] USID received: abe6f6fd-8801-4920-9bba-eb1a5d5bdefd
[2025-10-24T03:22:31.230Z] [INFO] [เชียงใหม่] ส่งข้อมูลชุด ID 1 (Sending data ID 1)
[2025-10-24T03:22:32.231Z] [DEBUG] [เชียงใหม่] Data sent: ID 1
[2025-10-24T03:22:32.261Z] [INFO] [เชียงใหม่] ID 1 result: true
[2025-10-24T03:22:32.262Z] [INFO] [เชียงใหม่] ส่งข้อมูลชุด ID 2 (Sending data ID 2)
[2025-10-24T03:22:33.263Z] [DEBUG] [เชียงใหม่] Data sent: ID 2
[2025-10-24T03:22:33.290Z] [INFO] [เชียงใหม่] ID 2 result: true
[2025-10-24T03:22:33.291Z] [INFO] [เชียงใหม่] ส่งข้อมูลชุด ID 3 (Sending data ID 3)
[2025-10-24T03:22:34.293Z] [DEBUG] [เชียงใหม่] Data sent: ID 3
[2025-10-24T03:22:34.434Z] [INFO] [เชียงใหม่] ID 3 cached: true
[2025-10-24T03:22:34.435Z] [INFO] [เชียงใหม่] ส่งข้อมูลชุด ID 4 (Sending data ID 4)
[2025-10-24T03:22:35.437Z] [DEBUG] [เชียงใหม่] Data sent: ID 4
[2025-10-24T03:22:35.461Z] [INFO] [เชียงใหม่] ID 4 cached: true
[2025-10-24T03:22:35.462Z] [INFO] [เชียงใหม่] ส่งข้อมูลชุด ID 5 (Sending data ID 5)
[2025-10-24T03:22:36.464Z] [DEBUG] [เชียงใหม่] Data sent: ID 5
[2025-10-24T03:22:36.639Z] [INFO] [เชียงใหม่] ID 5 cached: true
[2025-10-24T03:22:36.639Z] [INFO] [เชียงใหม่] ส่งข้อมูลชุด ID 6 (Sending data ID 6)
[2025-10-24T03:22:37.642Z] [DEBUG] [เชียงใหม่] Data sent: ID 6
[2025-10-24T03:22:37.749Z] [INFO] [เชียงใหม่] ID 6 cached: true
[2025-10-24T03:22:37.750Z] [INFO] [เชียงใหม่] ส่งข้อมูลชุด ID 7 (Sending data ID 7)
[2025-10-24T03:22:38.751Z] [DEBUG] [เชียงใหม่] Data sent: ID 7
[2025-10-24T03:22:38.778Z] [INFO] [เชียงใหม่] ID 7 result: true
[2025-10-24T03:22:38.779Z] [INFO] [เชียงใหม่] Listening for notifications...
[2025-10-24T03:22:38.779Z] [INFO] Session established successfully
[2025-10-24T03:22:38.963Z] [DATA] [เชียงใหม่] Meter data updated: {"8684":14405.7,"8686":7896.1,"8687":6011,"18069":1335568.3,"73909":612160.8,"73910":559664.4}
[2025-10-24T03:22:41.880Z] [DATA] [เชียงใหม่] Meter data updated: {"8684":14383.800000000001,"8686":7896.1,"8687":6011,"18069":1335568.4000000001,"73909":612160.8,"73910":559664.4}
[2025-10-24T03:22:44.864Z] [DATA] [เชียงใหม่] Meter data updated: {"8684":14383.800000000001,"8686":7891.1,"8687":6007.1,"18069":1335568.4000000001,"73909":612160.8,"73910":559664.4}
[2025-10-24T03:22:47.911Z] [DATA] [เชียงใหม่] Meter data updated: {"8684":14403.900000000001,"8686":7894.5,"8687":6043.700000000001,"18069":1335568.4000000001,"73909":612160.8,"73910":559664.4}
[2025-10-24T03:22:50.926Z] [DATA] [เชียงใหม่] Meter data updated: {"8684":14409.6,"8686":7894.5,"8687":6043.700000000001,"18069":1335568.4000000001,"73909":612160.8,"73910":559664.4}
[2025-10-24T03:22:56.953Z] [DATA] [เชียงใหม่] Meter data updated: {"8684":14409.6,"8686":7901.6,"8687":6043.700000000001,"18069":1335568.4000000001,"73909":612160.8,"73910":559664.4}
[2025-10-24T03:23:00.005Z] [DATA] [เชียงใหม่] Meter data updated: {"8684":14409.6,"8686":7901.6,"8687":6004.400000000001,"18069":1335568.4000000001,"73909":612160.8,"73910":559664.4}
[2025-10-24T03:23:06.049Z] [DATA] [เชียงใหม่] Meter data updated: {"8684":14373.400000000001,"8686":7899.8,"8687":6004.400000000001,"18069":1335568.4000000001,"73909":612160.8,"73910":559664.4}
[2025-10-24T03:23:09.055Z] [DATA] [เชียงใหม่] Meter data updated: {"8684":14353.900000000001,"8686":7899.8,"8687":6028.200000000001,"18069":1335568.4000000001,"73909":612160.9,"73910":559664.4}
[2025-10-24T03:23:12.076Z] [DATA] [เชียงใหม่] Meter data updated: {"8684":14353.900000000001,"8686":7903.700000000001,"8687":6009.5,"18069":1335568.5,"73909":612160.9,"73910":559664.4}
[2025-10-24T03:23:15.099Z] [DATA] [เชียงใหม่] Meter data updated: {"8684":14388.800000000001,"8686":7903.700000000001,"8687":6009.5,"18069":1335568.5,"73909":612160.9,"73910":559664.4}
[2025-10-24T03:23:21.174Z] [DATA] [เชียงใหม่] Meter data updated: {"8684":14388.800000000001,"8686":7896.8,"8687":6020.3,"18069":1335568.5,"73909":612160.9,"73910":559664.4}
[2025-10-24T03:23:30.212Z] [DATA] [เชียงใหม่] Meter data updated: {"8684":14411,"8686":7898.3,"8687":6020.3,"18069":1335568.5,"73909":612160.9,"73910":559664.4}
[2025-10-24T03:23:33.234Z] [DATA] [เชียงใหม่] Meter data updated: {"8684":14412.300000000001,"8686":7898.3,"8687":6013.6,"18069":1335568.5,"73909":612160.9,"73910":559664.5}
[2025-10-24T03:23:33.239Z] [INFO] [เชียงใหม่] Data saved to database
[2025-10-24T03:23:36.255Z] [DATA] [เชียงใหม่] Meter data updated: {"8684":14412.300000000001,"8686":7908.8,"8687":6049.200000000001,"18069":1335568.6,"73909":612160.9,"73910":559664.5}
[2025-10-24T03:23:39.260Z] [DATA] [เชียงใหม่] Meter data updated: {"8684":14390.900000000001,"8686":7898.3,"8687":6011.400000000001,"18069":1335568.6,"73909":612160.9,"73910":559664.5}
[2025-10-24T03:23:42.300Z] [DATA] [เชียงใหม่] Meter data updated: {"8684":14386.1,"8686":7898.3,"8687":6011.400000000001,"18069":1335568.6,"73909":612160.9,"73910":559664.5}
[2025-10-24T03:23:45.310Z] [DATA] [เชียงใหม่] Meter data updated: {"8684":14386.1,"8686":7895.200000000001,"8687":6024.1,"18069":1335568.6,"73909":612160.9,"73910":559664.5}
[2025-10-24T03:23:48.343Z] [DATA] [เชียงใหม่] Meter data updated: {"8684":14402.300000000001,"8686":7899.8,"8687":6015.200000000001,"18069":1335568.6,"73909":612160.9,"73910":559664.5}
[2025-10-24T03:23:51.360Z] [DATA] [เชียงใหม่] Meter data updated: {"8684":14357.1,"8686":7901.8,"8687":6015.200000000001,"18069":1335568.6,"73909":612160.9,"73910":559664.5}
[2025-10-24T03:23:54.377Z] [DATA] [เชียงใหม่] Meter data updated: {"8684":14357.1,"8686":7901.8,"8687":6033.200000000001,"18069":1335568.6,"73909":612161,"73910":559664.5}
[2025-10-24T03:23:57.396Z] [DATA] [เชียงใหม่] Meter data updated: {"8684":14354.7,"8686":7893.200000000001,"8687":6009.5,"18069":1335568.6,"73909":612161,"73910":559664.5}
[2025-10-24T03:24:00.437Z] [DATA] [เชียงใหม่] Meter data updated: {"8684":14385.7,"8686":7899.700000000001,"8687":6009.5,"18069":1335568.7000000002,"73909":612161,"73910":559664.5}
[2025-10-24T03:24:03.430Z] [DATA] [เชียงใหม่] Meter data updated: {"8684":14352.400000000001,"8686":7899.700000000001,"8687":6030.3,"18069":1335568.7000000002,"73909":612161,"73910":559664.5}
[2025-10-24T03:24:06.465Z] [DATA] [เชียงใหม่] Meter data updated: {"8684":14352.400000000001,"8686":7905.3,"8687":6029.3,"18069":1335568.7000000002,"73909":612161,"73910":559664.5}
[2025-10-24T03:24:09.472Z] [DATA] [เชียงใหม่] Meter data updated: {"8684":14369.900000000001,"8686":7921,"8687":6035.6,"18069":1335568.7000000002,"73909":612161,"73910":559664.5}
[2025-10-24T03:24:12.508Z] [DATA] [เชียงใหม่] Meter data updated: {"8684":14415,"8686":7921,"8687":6035.6,"18069":1335568.7000000002,"73909":612161,"73910":559664.5}
[2025-10-24T03:24:15.577Z] [DATA] [เชียงใหม่] Meter data updated: {"8684":14415,"8686":7917.700000000001,"8687":6036.900000000001,"18069":1335568.7000000002,"73909":612161,"73910":559664.5}
[2025-10-24T03:24:18.561Z] [DATA] [เชียงใหม่] Meter data updated: {"8684":14375.800000000001,"8686":7884.200000000001,"8687":6013,"18069":1335568.7000000002,"73909":612161,"73910":559664.5}
[2025-10-24T03:24:21.618Z] [DATA] [เชียงใหม่] Meter data updated: {"8684":14372.7,"8686":7891.6,"8687":6013,"18069":1335568.8,"73909":612161,"73910":559664.5}
[2025-10-24T03:24:24.590Z] [DATA] [เชียงใหม่] Meter data updated: {"8684":14372.7,"8686":7891.6,"8687":6006,"18069":1335568.8,"73909":612161,"73910":559664.5}
[2025-10-24T03:24:27.660Z] [DATA] [เชียงใหม่] Meter data updated: {"8684":14368.7,"8686":7894.700000000001,"8687":6015.700000000001,"18069":1335568.8,"73909":612161,"73910":559664.6}
[2025-10-24T03:24:30.619Z] [DATA] [เชียงใหม่] Meter data updated: {"8684":14414.1,"8686":7893.8,"8687":6015.700000000001,"18069":1335568.8,"73909":612161,"73910":559664.6}
[2025-10-24T03:24:33.670Z] [DATA] [เชียงใหม่] Meter data updated: {"8684":14394.2,"8686":7893.8,"8687":6016.400000000001,"18069":1335568.8,"73909":612161,"73910":559664.6}
[2025-10-24T03:24:36.671Z] [DATA] [เชียงใหม่] Meter data updated: {"8684":14394.2,"8686":7898.5,"8687":6024.6,"18069":1335568.8,"73909":612161,"73910":559664.6}
[2025-10-24T03:24:39.682Z] [DATA] [เชียงใหม่] Meter data updated: {"8684":14401.6,"8686":7911.1,"8687":6024.6,"18069":1335568.8,"73909":612161.1,"73910":559664.6}
[2025-10-24T03:24:45.785Z] [DATA] [เชียงใหม่] Meter data updated: {"8684":14401.6,"8686":7911.1,"8687":6038.400000000001,"18069":1335568.8,"73909":612161.1,"73910":559664.6}
[2025-10-24T03:24:54.818Z] [DATA] [เชียงใหม่] Meter data updated: {"8684":14354.900000000001,"8686":7904.200000000001,"8687":6040.6,"18069":1335568.9000000001,"73909":612161.1,"73910":559664.6}
[2025-10-24T03:24:57.829Z] [DATA] [เชียงใหม่] Meter data updated: {"8684":14377.1,"8686":7904.200000000001,"8687":6040.6,"18069":1335568.9000000001,"73909":612161.1,"73910":559664.6}
[2025-10-24T03:25:03.892Z] [DATA] [เชียงใหม่] Meter data updated: {"8684":14377.1,"8686":7898.5,"8687":6040.6,"18069":1335568.9000000001,"73909":612161.1,"73910":559664.6}
[2025-10-24T03:25:06.983Z] [DATA] [เชียงใหม่] Meter data updated: {"8684":14377.1,"8686":7898.5,"8687":6011.5,"18069":1335568.9000000001,"73909":612161.1,"73910":559664.6}
[2025-10-24T03:25:12.938Z] [DATA] [เชียงใหม่] Meter data updated: {"8684":14392.2,"8686":7898.5,"8687":6011.5,"18069":1335569,"73909":612161.1,"73910":559664.6}
[2025-10-24T03:25:18.988Z] [DATA] [เชียงใหม่] Meter data updated: {"8684":14392.2,"8686":7892,"8687":6011.5,"18069":1335569,"73909":612161.1,"73910":559664.6}
[2025-10-24T03:25:25.021Z] [DATA] [เชียงใหม่] Meter data updated: {"8684":14392.2,"8686":7892,"8687":6012.3,"18069":1335569,"73909":612161.1,"73910":559664.6}
[2025-10-24T03:25:28.052Z] [DATA] [เชียงใหม่] Meter data updated: {"8684":14392.2,"8686":7892,"8687":6012.3,"18069":1335569,"73909":612161.1,"73910":559664.7000000001}
[2025-10-24T03:25:34.084Z] [DATA] [เชียงใหม่] Meter data updated: {"8684":14275.6,"8686":7878.1,"8687":6012.3,"18069":1335569,"73909":612161.1,"73910":559664.7000000001}
[2025-10-24T03:25:34.591Z] [INFO] Received SIGINT, shutting down...
[2025-10-24T03:25:34.592Z] [INFO] [เชียงใหม่] Disconnecting WebSocket...
[2025-10-24T03:25:34.592Z] [INFO] Received SIGTERM, shutting down...
[2025-10-24T03:25:34.611Z] [INFO] [เชียงใหม่] WebSocket connection closed
[2025-10-24T03:25:34.611Z] [INFO] [เชียงใหม่] Attempting to reconnect (1/10)...
