[2025-10-24T06:49:53.472Z] [INFO] === Starting Chiang Mai WebSocket Client ===
[2025-10-24T06:49:53.472Z] [INFO] [เชียงใหม่] Initializing database connection...
[2025-10-24T06:49:53.478Z] [INFO] [เชียงใหม่] Database station initialized: cmh1htzuq0000663wkea8qjx6
[2025-10-24T06:49:53.515Z] [INFO] [เชียงใหม่] เชื่อมต่อกับ WebSocket สำเร็จ
[2025-10-24T06:49:53.516Z] [INFO] [เชียงใหม่] Loaded 6 station-specific monitored objects: [8684, 8686, 8687, 18069, 73909, 73910]
[2025-10-24T06:49:53.516Z] [INFO] [เชียงใหม่] Initialized meter data for 6 objects
[2025-10-24T06:49:53.516Z] [INFO] [เชียงใหม่] ส่งข้อมูลชุด ID 0 (Sending data ID 0)
[2025-10-24T06:49:54.519Z] [DEBUG] [เชียงใหม่] Data sent: ID 0
[2025-10-24T06:50:10.893Z] [INFO] [เชียงใหม่] USID received: c0a02582-a317-47c3-927e-1229441dc4b3
[2025-10-24T06:50:10.894Z] [INFO] [เชียงใหม่] ส่งข้อมูลชุด ID 1 (Sending data ID 1)
[2025-10-24T06:50:11.895Z] [DEBUG] [เชียงใหม่] Data sent: ID 1
[2025-10-24T06:50:11.925Z] [INFO] [เชียงใหม่] ID 1 result: true
[2025-10-24T06:50:11.926Z] [INFO] [เชียงใหม่] ส่งข้อมูลชุด ID 2 (Sending data ID 2)
[2025-10-24T06:50:12.927Z] [DEBUG] [เชียงใหม่] Data sent: ID 2
[2025-10-24T06:50:12.953Z] [INFO] [เชียงใหม่] ID 2 result: true
[2025-10-24T06:50:12.953Z] [INFO] [เชียงใหม่] ส่งข้อมูลชุด ID 3 (Sending data ID 3)
[2025-10-24T06:50:13.955Z] [DEBUG] [เชียงใหม่] Data sent: ID 3
[2025-10-24T06:50:15.416Z] [INFO] [เชียงใหม่] ID 3 cached: true
[2025-10-24T06:50:15.417Z] [INFO] [เชียงใหม่] ส่งข้อมูลชุด ID 4 (Sending data ID 4)
[2025-10-24T06:50:16.418Z] [DEBUG] [เชียงใหม่] Data sent: ID 4
[2025-10-24T06:50:16.444Z] [INFO] [เชียงใหม่] ID 4 cached: true
[2025-10-24T06:50:16.445Z] [INFO] [เชียงใหม่] ส่งข้อมูลชุด ID 5 (Sending data ID 5)
[2025-10-24T06:50:17.447Z] [DEBUG] [เชียงใหม่] Data sent: ID 5
[2025-10-24T06:50:17.704Z] [INFO] [เชียงใหม่] ID 5 cached: true
[2025-10-24T06:50:17.704Z] [INFO] [เชียงใหม่] ส่งข้อมูลชุด ID 6 (Sending data ID 6)
[2025-10-24T06:50:18.707Z] [DEBUG] [เชียงใหม่] Data sent: ID 6
[2025-10-24T06:50:18.779Z] [INFO] [เชียงใหม่] ID 6 cached: true
[2025-10-24T06:50:18.780Z] [INFO] [เชียงใหม่] ส่งข้อมูลชุด ID 7 (Sending data ID 7)
[2025-10-24T06:50:19.782Z] [DEBUG] [เชียงใหม่] Data sent: ID 7
[2025-10-24T06:50:19.810Z] [INFO] [เชียงใหม่] ID 7 result: true
[2025-10-24T06:50:19.811Z] [INFO] [เชียงใหม่] Listening for notifications...
[2025-10-24T06:50:19.812Z] [INFO] Session established successfully
[2025-10-24T06:50:20.011Z] [DATA] [เชียงใหม่] Meter data updated: {"8684":14291.5,"8686":7911.400000000001,"8687":6026.6,"18069":1335617.7000000002,"73909":612188.1,"73910":559685.2000000001}
[2025-10-24T06:50:22.865Z] [DATA] [เชียงใหม่] Meter data updated: {"8684":14291.5,"8686":7911.400000000001,"8687":6035.8,"18069":1335617.7000000002,"73909":612188.1,"73910":559685.2000000001}
[2025-10-24T06:50:28.913Z] [DATA] [เชียงใหม่] Meter data updated: {"8684":14276.6,"8686":7904.900000000001,"8687":6035.8,"18069":1335617.8,"73909":612188.1,"73910":559685.2000000001}
[2025-10-24T06:50:32.009Z] [DATA] [เชียงใหม่] Meter data updated: {"8684":14276.6,"8686":7904.900000000001,"8687":6015.400000000001,"18069":1335617.8,"73909":612188.1,"73910":559685.2000000001}
[2025-10-24T06:50:34.959Z] [DATA] [เชียงใหม่] Meter data updated: {"8684":14292.2,"8686":7889.3,"8687":6043.3,"18069":1335617.8,"73909":612188.2000000001,"73910":559685.3}
[2025-10-24T06:50:37.994Z] [DATA] [เชียงใหม่] Meter data updated: {"8684":14299.900000000001,"8686":7903.200000000001,"8687":6047.200000000001,"18069":1335617.9000000001,"73909":612188.2000000001,"73910":559685.3}
[2025-10-24T06:50:40.991Z] [DATA] [เชียงใหม่] Meter data updated: {"8684":14276,"8686":7903.200000000001,"8687":6047.200000000001,"18069":1335617.9000000001,"73909":612188.2000000001,"73910":559685.3}
[2025-10-24T06:50:50.029Z] [DATA] [เชียงใหม่] Meter data updated: {"8684":14276,"8686":7900.6,"8687":6023.6,"18069":1335617.9000000001,"73909":612188.2000000001,"73910":559685.3}
[2025-10-24T06:50:56.273Z] [DATA] [เชียงใหม่] Meter data updated: {"8684":14295.6,"8686":7900.6,"8687":6023.6,"18069":1335617.9000000001,"73909":612188.2000000001,"73910":559685.3}
[2025-10-24T06:50:58.325Z] [INFO] Received SIGINT, shutting down...
[2025-10-24T06:50:58.326Z] [INFO] [เชียงใหม่] Disconnecting WebSocket...
[2025-10-24T06:50:58.327Z] [INFO] Received SIGTERM, shutting down...
[2025-10-24T06:50:58.343Z] [INFO] [เชียงใหม่] WebSocket connection closed
[2025-10-24T06:50:58.343Z] [INFO] [เชียงใหม่] Attempting to reconnect (1/10)...
