[2025-10-24T07:03:18.040Z] [INFO] === Starting Chiang Mai WebSocket Client ===
[2025-10-24T07:03:18.041Z] [INFO] [เชียงใหม่] Initializing database connection...
[2025-10-24T07:03:18.046Z] [INFO] [เชียงใหม่] Database station initialized: cmh1htzuq0000663wkea8qjx6
[2025-10-24T07:03:18.081Z] [INFO] [เชียงใหม่] เชื่อมต่อกับ WebSocket สำเร็จ
[2025-10-24T07:03:18.082Z] [INFO] [เชียงใหม่] Loaded 6 station-specific monitored objects: [8684, 8686, 8687, 18069, 73909, 73910]
[2025-10-24T07:03:18.082Z] [INFO] [เชียงใหม่] Initialized meter data for 6 objects
[2025-10-24T07:03:18.082Z] [INFO] [เชียงใหม่] ส่งข้อมูลชุด ID 0 (Sending data ID 0)
[2025-10-24T07:03:19.085Z] [DEBUG] [เชียงใหม่] Data sent: ID 0
[2025-10-24T07:03:35.965Z] [INFO] [เชียงใหม่] USID received: 2138d23d-e557-46a5-a311-598672d5e131
[2025-10-24T07:03:35.967Z] [INFO] [เชียงใหม่] ส่งข้อมูลชุด ID 1 (Sending data ID 1)
[2025-10-24T07:03:36.969Z] [DEBUG] [เชียงใหม่] Data sent: ID 1
[2025-10-24T07:03:36.996Z] [INFO] [เชียงใหม่] ID 1 result: true
[2025-10-24T07:03:36.997Z] [INFO] [เชียงใหม่] ส่งข้อมูลชุด ID 2 (Sending data ID 2)
[2025-10-24T07:03:37.998Z] [DEBUG] [เชียงใหม่] Data sent: ID 2
[2025-10-24T07:03:38.025Z] [INFO] [เชียงใหม่] ID 2 result: true
[2025-10-24T07:03:38.026Z] [INFO] [เชียงใหม่] ส่งข้อมูลชุด ID 3 (Sending data ID 3)
[2025-10-24T07:03:39.027Z] [DEBUG] [เชียงใหม่] Data sent: ID 3
[2025-10-24T07:03:39.163Z] [INFO] [เชียงใหม่] ID 3 cached: true
[2025-10-24T07:03:39.163Z] [INFO] [เชียงใหม่] ส่งข้อมูลชุด ID 4 (Sending data ID 4)
[2025-10-24T07:03:40.165Z] [DEBUG] [เชียงใหม่] Data sent: ID 4
[2025-10-24T07:03:40.190Z] [INFO] [เชียงใหม่] ID 4 cached: true
[2025-10-24T07:03:40.190Z] [INFO] [เชียงใหม่] ส่งข้อมูลชุด ID 5 (Sending data ID 5)
[2025-10-24T07:03:41.191Z] [DEBUG] [เชียงใหม่] Data sent: ID 5
[2025-10-24T07:03:41.347Z] [INFO] [เชียงใหม่] ID 5 cached: true
[2025-10-24T07:03:41.348Z] [INFO] [เชียงใหม่] ส่งข้อมูลชุด ID 6 (Sending data ID 6)
[2025-10-24T07:03:42.350Z] [DEBUG] [เชียงใหม่] Data sent: ID 6
[2025-10-24T07:03:42.412Z] [INFO] [เชียงใหม่] ID 6 cached: true
[2025-10-24T07:03:42.413Z] [INFO] [เชียงใหม่] ส่งข้อมูลชุด ID 7 (Sending data ID 7)
[2025-10-24T07:03:43.415Z] [DEBUG] [เชียงใหม่] Data sent: ID 7
[2025-10-24T07:03:43.456Z] [INFO] [เชียงใหม่] ID 7 result: true
[2025-10-24T07:03:43.457Z] [INFO] [เชียงใหม่] Listening for notifications...
[2025-10-24T07:03:43.457Z] [INFO] Session established successfully
[2025-10-24T07:03:43.667Z] [DATA] [เชียงใหม่] Meter data updated: {"8684":14409.6,"8686":7898.8,"8687":6028.8,"18069":1335621,"73909":612189.9,"73910":559686.6}
[2025-10-24T07:03:46.510Z] [DATA] [เชียงใหม่] Meter data updated: {"8684":14409.6,"8686":7899.3,"8687":6035.200000000001,"18069":1335621,"73909":612189.9,"73910":559686.6}
[2025-10-24T07:03:49.546Z] [DATA] [เชียงใหม่] Meter data updated: {"8684":14400.800000000001,"8686":7902.8,"8687":6026.3,"18069":1335621,"73909":612189.9,"73910":559686.6}
[2025-10-24T07:03:52.581Z] [DATA] [เชียงใหม่] Meter data updated: {"8684":14397,"8686":7902.8,"8687":6026.3,"18069":1335621,"73909":612189.9,"73910":559686.6}
[2025-10-24T07:03:55.596Z] [DATA] [เชียงใหม่] Meter data updated: {"8684":14397,"8686":7903.3,"8687":6026,"18069":1335621,"73909":612189.9,"73910":559686.6}
[2025-10-24T07:03:58.611Z] [DATA] [เชียงใหม่] Meter data updated: {"8684":14406.900000000001,"8686":7903.3,"8687":6026,"18069":1335621,"73909":612189.9,"73910":559686.6}
[2025-10-24T07:04:04.689Z] [DATA] [เชียงใหม่] Meter data updated: {"8684":14406.900000000001,"8686":7903.900000000001,"8687":6033.8,"18069":1335621,"73909":612189.9,"73910":559686.6}
[2025-10-24T07:04:13.717Z] [DATA] [เชียงใหม่] Meter data updated: {"8684":14378.6,"8686":7909.400000000001,"8687":6045.1,"18069":1335621.1,"73909":612190,"73910":559686.6}
[2025-10-24T07:04:16.745Z] [DATA] [เชียงใหม่] Meter data updated: {"8684":14395.5,"8686":7896.8,"8687":6045.1,"18069":1335621.1,"73909":612190,"73910":559686.6}
[2025-10-24T07:04:19.760Z] [DATA] [เชียงใหม่] Meter data updated: {"8684":14395.5,"8686":7896.8,"8687":6031.400000000001,"18069":1335621.1,"73909":612190,"73910":559686.6}
[2025-10-24T07:04:22.764Z] [DATA] [เชียงใหม่] Meter data updated: {"8684":14371.5,"8686":7906.3,"8687":6046.700000000001,"18069":1335621.1,"73909":612190,"73910":559686.6}
[2025-10-24T07:04:25.793Z] [DATA] [เชียงใหม่] Meter data updated: {"8684":14423.900000000001,"8686":7905.400000000001,"8687":6046.700000000001,"18069":1335621.2000000002,"73909":612190,"73910":559686.6}
[2025-10-24T07:04:28.825Z] [DATA] [เชียงใหม่] Meter data updated: {"8684":14402.1,"8686":7905.400000000001,"8687":6028.400000000001,"18069":1335621.2000000002,"73909":612190,"73910":559686.6}
[2025-10-24T07:04:31.841Z] [DATA] [เชียงใหม่] Meter data updated: {"8684":14402.1,"8686":7902.1,"8687":6021,"18069":1335621.2000000002,"73909":612190,"73910":559686.7000000001}
[2025-10-24T07:04:34.873Z] [DATA] [เชียงใหม่] Meter data updated: {"8684":14390.7,"8686":7895.1,"8687":6030.400000000001,"18069":1335621.2000000002,"73909":612190,"73910":559686.7000000001}
[2025-10-24T07:04:37.900Z] [DATA] [เชียงใหม่] Meter data updated: {"8684":14385.7,"8686":7895.1,"8687":6030.400000000001,"18069":1335621.2000000002,"73909":612190,"73910":559686.7000000001}
[2025-10-24T07:04:40.911Z] [DATA] [เชียงใหม่] Meter data updated: {"8684":14385.7,"8686":7886.6,"8687":6016.5,"18069":1335621.2000000002,"73909":612190,"73910":559686.7000000001}
[2025-10-24T07:04:43.946Z] [DATA] [เชียงใหม่] Meter data updated: {"8684":14407.6,"8686":7886.3,"8687":6026.6,"18069":1335621.2000000002,"73909":612190,"73910":559686.7000000001}
[2025-10-24T07:04:47.197Z] [DATA] [เชียงใหม่] Meter data updated: {"8684":14369.7,"8686":7904.5,"8687":6026.6,"18069":1335621.2000000002,"73909":612190,"73910":559686.7000000001}
[2025-10-24T07:04:50.002Z] [DATA] [เชียงใหม่] Meter data updated: {"8684":14442.900000000001,"8686":7904.5,"8687":6043.3,"18069":1335621.2000000002,"73909":612190,"73910":559686.7000000001}
[2025-10-24T07:04:53.024Z] [DATA] [เชียงใหม่] Meter data updated: {"8684":14442.900000000001,"8686":7894.200000000001,"8687":6047.1,"18069":1335621.3,"73909":612190,"73910":559686.7000000001}
[2025-10-24T07:04:56.056Z] [DATA] [เชียงใหม่] Meter data updated: {"8684":14395.5,"8686":7898.400000000001,"8687":6037.1,"18069":1335621.3,"73909":612190,"73910":559686.7000000001}
[2025-10-24T07:04:59.089Z] [DATA] [เชียงใหม่] Meter data updated: {"8684":14389.900000000001,"8686":7898.400000000001,"8687":6037.1,"18069":1335621.3,"73909":612190,"73910":559686.7000000001}
[2025-10-24T07:05:02.093Z] [DATA] [เชียงใหม่] Meter data updated: {"8684":14389.900000000001,"8686":7918.1,"8687":6053.700000000001,"18069":1335621.3,"73909":612190.1,"73910":559686.7000000001}
[2025-10-24T07:05:05.107Z] [DATA] [เชียงใหม่] Meter data updated: {"8684":14395.400000000001,"8686":7908.8,"8687":6036.900000000001,"18069":1335621.3,"73909":612190.1,"73910":559686.7000000001}
[2025-10-24T07:05:08.116Z] [DATA] [เชียงใหม่] Meter data updated: {"8684":14408.6,"8686":7888,"8687":6036.900000000001,"18069":1335621.3,"73909":612190.1,"73910":559686.7000000001}
[2025-10-24T07:05:11.154Z] [DATA] [เชียงใหม่] Meter data updated: {"8684":14388.400000000001,"8686":7888,"8687":6032.5,"18069":1335621.3,"73909":612190.1,"73910":559686.7000000001}
[2025-10-24T07:05:14.177Z] [DATA] [เชียงใหม่] Meter data updated: {"8684":14388.400000000001,"8686":7886.400000000001,"8687":6033.1,"18069":1335621.3,"73909":612190.1,"73910":559686.7000000001}
[2025-10-24T07:05:17.436Z] [DATA] [เชียงใหม่] Meter data updated: {"8684":14292.900000000001,"8686":7889.400000000001,"8687":6016.900000000001,"18069":1335621.4000000001,"73909":612190.1,"73910":559686.7000000001}
[2025-10-24T07:05:20.196Z] [DATA] [เชียงใหม่] Meter data updated: {"8684":14319.2,"8686":7889.400000000001,"8687":6016.900000000001,"18069":1335621.4000000001,"73909":612190.1,"73910":559686.7000000001}
[2025-10-24T07:05:23.227Z] [DATA] [เชียงใหม่] Meter data updated: {"8684":14319.2,"8686":7896.400000000001,"8687":6016.900000000001,"18069":1335621.4000000001,"73909":612190.1,"73910":559686.7000000001}
[2025-10-24T07:05:29.253Z] [DATA] [เชียงใหม่] Meter data updated: {"8684":14319.2,"8686":7896.400000000001,"8687":6004.3,"18069":1335621.4000000001,"73909":612190.1,"73910":559686.7000000001}
[2025-10-24T07:05:35.285Z] [DATA] [เชียงใหม่] Meter data updated: {"8684":14298.900000000001,"8686":7896.400000000001,"8687":6004.3,"18069":1335621.4000000001,"73909":612190.1,"73910":559686.7000000001}
[2025-10-24T07:05:38.312Z] [DATA] [เชียงใหม่] Meter data updated: {"8684":14298.900000000001,"8686":7914.900000000001,"8687":6016.400000000001,"18069":1335621.4000000001,"73909":612190.1,"73910":559686.8}
[2025-10-24T07:05:41.308Z] [DATA] [เชียงใหม่] Meter data updated: {"8684":14311.400000000001,"8686":7886.400000000001,"8687":6032.200000000001,"18069":1335621.5,"73909":612190.1,"73910":559686.8}
[2025-10-24T07:05:44.323Z] [DATA] [เชียงใหม่] Meter data updated: {"8684":14321.900000000001,"8686":7886.400000000001,"8687":6032.200000000001,"18069":1335621.5,"73909":612190.1,"73910":559686.8}
[2025-10-24T07:05:47.363Z] [DATA] [เชียงใหม่] Meter data updated: {"8684":14321.900000000001,"8686":7898.900000000001,"8687":6031.3,"18069":1335621.5,"73909":612190.2000000001,"73910":559686.8}
[2025-10-24T07:05:50.383Z] [DATA] [เชียงใหม่] Meter data updated: {"8684":14285.400000000001,"8686":7905.3,"8687":6025.6,"18069":1335621.5,"73909":612190.2000000001,"73910":559686.8}
[2025-10-24T07:05:53.421Z] [DATA] [เชียงใหม่] Meter data updated: {"8684":14325.2,"8686":7893.1,"8687":6025.6,"18069":1335621.5,"73909":612190.2000000001,"73910":559686.8}
[2025-10-24T07:05:56.677Z] [DATA] [เชียงใหม่] Meter data updated: {"8684":14293.900000000001,"8686":7893.1,"8687":6001.400000000001,"18069":1335621.5,"73909":612190.2000000001,"73910":559686.8}
[2025-10-24T07:05:59.469Z] [DATA] [เชียงใหม่] Meter data updated: {"8684":14293.900000000001,"8686":7914.8,"8687":5998.8,"18069":1335621.5,"73909":612190.2000000001,"73910":559686.8}
[2025-10-24T07:06:02.569Z] [DATA] [เชียงใหม่] Meter data updated: {"8684":14286,"8686":7905.5,"8687":6013,"18069":1335621.5,"73909":612190.2000000001,"73910":559686.8}
[2025-10-24T07:06:05.518Z] [DATA] [เชียงใหม่] Meter data updated: {"8684":14287.300000000001,"8686":7905.5,"8687":6013,"18069":1335621.6,"73909":612190.2000000001,"73910":559686.8}
[2025-10-24T07:06:08.520Z] [DATA] [เชียงใหม่] Meter data updated: {"8684":14287.300000000001,"8686":7902.400000000001,"8687":6050.900000000001,"18069":1335621.6,"73909":612190.2000000001,"73910":559686.8}
[2025-10-24T07:06:11.565Z] [DATA] [เชียงใหม่] Meter data updated: {"8684":14264.2,"8686":7907.8,"8687":6050.900000000001,"18069":1335621.6,"73909":612190.2000000001,"73910":559686.8}
[2025-10-24T07:06:17.586Z] [DATA] [เชียงใหม่] Meter data updated: {"8684":14264.2,"8686":7907.8,"8687":6024.200000000001,"18069":1335621.6,"73909":612190.2000000001,"73910":559686.8}
[2025-10-24T07:06:19.399Z] [INFO] Received SIGINT, shutting down...
[2025-10-24T07:06:19.399Z] [INFO] [เชียงใหม่] Disconnecting WebSocket...
[2025-10-24T07:06:19.401Z] [INFO] Received SIGTERM, shutting down...
[2025-10-24T07:06:19.421Z] [INFO] [เชียงใหม่] WebSocket connection closed
[2025-10-24T07:06:19.421Z] [INFO] [เชียงใหม่] Attempting to reconnect (1/10)...
